[0929/194926:WARNING:ipc_channel_win.cc(264)] Unable to create pipe "\\.\pipe\chrome.shake_xp2p" in client mode. Error :2
[0929/194926:WARNING:ipc_channel_win.cc(264)] Unable to create pipe "\\.\pipe\chrome.shake_xp2p" in client mode. Error :2
[0929/194927:WARNING:ipc_channel_win.cc(264)] Unable to create pipe "\\.\pipe\chrome.shake_xp2p" in client mode. Error :2
[0929/194928:WARNING:ipc_channel_win.cc(264)] Unable to create pipe "\\.\pipe\chrome.shake_xp2p" in client mode. Error :2
[0929/194929:WARNING:ipc_channel_win.cc(264)] Unable to create pipe "\\.\pipe\chrome.shake_xp2p" in client mode. Error :2
[0929/194930:WARNING:ipc_channel_win.cc(264)] Unable to create pipe "\\.\pipe\chrome.shake_xp2p" in client mode. Error :2
[0929/194931:WARNING:ipc_channel_win.cc(264)] Unable to create pipe "\\.\pipe\chrome.shake_xp2p" in client mode. Error :2
[0929/214446:WARNING:ipc_channel_win.cc(264)] Unable to create pipe "\\.\pipe\chrome.1388145974channel" in client mode. Error :2
[0929/214446:WARNING:ipc_channel_win.cc(264)] Unable to create pipe "\\.\pipe\chrome.1388146068channel" in client mode. Error :2
[0929/214446:WARNING:ipc_channel_win.cc(264)] Unable to create pipe "\\.\pipe\chrome.1388145999channel" in client mode. Error :2
[1004/202248:WARNING:ipc_channel_win.cc(264)] Unable to create pipe "\\.\pipe\chrome.shake_xp2p" in client mode. Error :2
[1004/202248:WARNING:ipc_channel_win.cc(264)] Unable to create pipe "\\.\pipe\chrome.shake_xp2p" in client mode. Error :2
[1004/202249:WARNING:ipc_channel_win.cc(264)] Unable to create pipe "\\.\pipe\chrome.shake_xp2p" in client mode. Error :2
[1004/202250:WARNING:ipc_channel_win.cc(264)] Unable to create pipe "\\.\pipe\chrome.shake_xp2p" in client mode. Error :2
[1004/202251:WARNING:ipc_channel_win.cc(264)] Unable to create pipe "\\.\pipe\chrome.shake_xp2p" in client mode. Error :2
[1004/202359:WARNING:ipc_channel_win.cc(264)] Unable to create pipe "\\.\pipe\chrome.1415601283channel" in client mode. Error :2
[1004/202359:WARNING:ipc_channel_win.cc(264)] Unable to create pipe "\\.\pipe\chrome.1415601299channel" in client mode. Error :2
[1011/203020:WARNING:ipc_channel_win.cc(264)] Unable to create pipe "\\.\pipe\chrome.shake_xp2p" in client mode. Error :2
[1011/203021:WARNING:ipc_channel_win.cc(264)] Unable to create pipe "\\.\pipe\chrome.shake_xp2p" in client mode. Error :2
[1011/203022:WARNING:ipc_channel_win.cc(264)] Unable to create pipe "\\.\pipe\chrome.shake_xp2p" in client mode. Error :2
[1011/203022:WARNING:ipc_channel_win.cc(264)] Unable to create pipe "\\.\pipe\chrome.shake_xp2p" in client mode. Error :2
[1011/203023:WARNING:ipc_channel_win.cc(264)] Unable to create pipe "\\.\pipe\chrome.shake_xp2p" in client mode. Error :2
[1012/223344:WARNING:ipc_channel_win.cc(264)] Unable to create pipe "\\.\pipe\chrome.shake_xp2p" in client mode. Error :2
[1012/223345:WARNING:ipc_channel_win.cc(264)] Unable to create pipe "\\.\pipe\chrome.shake_xp2p" in client mode. Error :2
[1012/223345:WARNING:ipc_channel_win.cc(264)] Unable to create pipe "\\.\pipe\chrome.shake_xp2p" in client mode. Error :2
[1012/223346:WARNING:ipc_channel_win.cc(264)] Unable to create pipe "\\.\pipe\chrome.shake_xp2p" in client mode. Error :2
[1012/223347:WARNING:ipc_channel_win.cc(264)] Unable to create pipe "\\.\pipe\chrome.shake_xp2p" in client mode. Error :2
[1013/190824:WARNING:ipc_channel_win.cc(264)] Unable to create pipe "\\.\pipe\chrome.1404127817channel" in client mode. Error :2
[1017/131907:ERROR:client_util.cc(169)] Failed to load Chrome DLL from C:\Program Files\Google\Chrome\Application\29.0.1547.62\chrome.dll
[1017/131907:ERROR:client_util.cc(229)] Could not find exported function RelaunchChromeBrowserWithNewCommandLineIfNeeded
[1019/231409:WARNING:ipc_channel_win.cc(264)] Unable to create pipe "\\.\pipe\chrome.shake_xp2p" in client mode. Error :2
[1019/231409:WARNING:ipc_channel_win.cc(264)] Unable to create pipe "\\.\pipe\chrome.shake_xp2p" in client mode. Error :2
[1019/231410:WARNING:ipc_channel_win.cc(264)] Unable to create pipe "\\.\pipe\chrome.shake_xp2p" in client mode. Error :2
[1019/231410:WARNING:ipc_channel_win.cc(264)] Unable to create pipe "\\.\pipe\chrome.shake_xp2p" in client mode. Error :2
[1021/210341:WARNING:ipc_channel_win.cc(264)] Unable to create pipe "\\.\pipe\chrome.shake_xp2p" in client mode. Error :2
[1021/210342:WARNING:ipc_channel_win.cc(264)] Unable to create pipe "\\.\pipe\chrome.shake_xp2p" in client mode. Error :2
[1021/210342:WARNING:ipc_channel_win.cc(264)] Unable to create pipe "\\.\pipe\chrome.shake_xp2p" in client mode. Error :2
[1021/210343:WARNING:ipc_channel_win.cc(264)] Unable to create pipe "\\.\pipe\chrome.shake_xp2p" in client mode. Error :2
[1021/210344:WARNING:ipc_channel_win.cc(264)] Unable to create pipe "\\.\pipe\chrome.shake_xp2p" in client mode. Error :2
[1021/210344:WARNING:ipc_channel_win.cc(264)] Unable to create pipe "\\.\pipe\chrome.shake_xp2p" in client mode. Error :2
[1021/210345:WARNING:ipc_channel_win.cc(264)] Unable to create pipe "\\.\pipe\chrome.shake_xp2p" in client mode. Error :2
[1021/210345:WARNING:ipc_channel_win.cc(264)] Unable to create pipe "\\.\pipe\chrome.shake_xp2p" in client mode. Error :2
[1024/125000:WARNING:ipc_channel_win.cc(264)] Unable to create pipe "\\.\pipe\chrome.shake_xp2p" in client mode. Error :2
[1024/125001:WARNING:ipc_channel_win.cc(264)] Unable to create pipe "\\.\pipe\chrome.shake_xp2p" in client mode. Error :2
[1024/125001:WARNING:ipc_channel_win.cc(264)] Unable to create pipe "\\.\pipe\chrome.shake_xp2p" in client mode. Error :2
[1024/125002:WARNING:ipc_channel_win.cc(264)] Unable to create pipe "\\.\pipe\chrome.shake_xp2p" in client mode. Error :2
[1024/125003:WARNING:ipc_channel_win.cc(264)] Unable to create pipe "\\.\pipe\chrome.shake_xp2p" in client mode. Error :2
[1024/125004:WARNING:ipc_channel_win.cc(264)] Unable to create pipe "\\.\pipe\chrome.shake_xp2p" in client mode. Error :2
[1024/125005:WARNING:ipc_channel_win.cc(264)] Unable to create pipe "\\.\pipe\chrome.shake_xp2p" in client mode. Error :2
[1024/125006:WARNING:ipc_channel_win.cc(264)] Unable to create pipe "\\.\pipe\chrome.shake_xp2p" in client mode. Error :2
[1101/201611:WARNING:ipc_channel_win.cc(264)] Unable to create pipe "\\.\pipe\chrome.shake_xp2p" in client mode. Error :2
[1101/201611:WARNING:ipc_channel_win.cc(264)] Unable to create pipe "\\.\pipe\chrome.shake_xp2p" in client mode. Error :2
[1101/201612:WARNING:ipc_channel_win.cc(264)] Unable to create pipe "\\.\pipe\chrome.shake_xp2p" in client mode. Error :2
[1101/201612:WARNING:ipc_channel_win.cc(264)] Unable to create pipe "\\.\pipe\chrome.shake_xp2p" in client mode. Error :2
[1101/201613:WARNING:ipc_channel_win.cc(264)] Unable to create pipe "\\.\pipe\chrome.shake_xp2p" in client mode. Error :2
[1101/201614:WARNING:ipc_channel_win.cc(264)] Unable to create pipe "\\.\pipe\chrome.shake_xp2p" in client mode. Error :2
[1101/201615:WARNING:ipc_channel_win.cc(264)] Unable to create pipe "\\.\pipe\chrome.shake_xp2p" in client mode. Error :2
[1101/201616:WARNING:ipc_channel_win.cc(264)] Unable to create pipe "\\.\pipe\chrome.shake_xp2p" in client mode. Error :2
[1101/201617:WARNING:ipc_channel_win.cc(264)] Unable to create pipe "\\.\pipe\chrome.shake_xp2p" in client mode. Error :2
[1101/201619:WARNING:ipc_channel_win.cc(264)] Unable to create pipe "\\.\pipe\chrome.shake_xp2p" in client mode. Error :2
[1101/201620:WARNING:ipc_channel_win.cc(264)] Unable to create pipe "\\.\pipe\chrome.shake_xp2p" in client mode. Error :2
[1109/194016:WARNING:ipc_channel_win.cc(264)] Unable to create pipe "\\.\pipe\chrome.shake_xp2p" in client mode. Error :2
[1109/194017:WARNING:ipc_channel_win.cc(264)] Unable to create pipe "\\.\pipe\chrome.shake_xp2p" in client mode. Error :2
[1109/194017:WARNING:ipc_channel_win.cc(264)] Unable to create pipe "\\.\pipe\chrome.shake_xp2p" in client mode. Error :2
[1109/194018:WARNING:ipc_channel_win.cc(264)] Unable to create pipe "\\.\pipe\chrome.shake_xp2p" in client mode. Error :2
[1109/194019:WARNING:ipc_channel_win.cc(264)] Unable to create pipe "\\.\pipe\chrome.shake_xp2p" in client mode. Error :2
[1109/194020:WARNING:ipc_channel_win.cc(264)] Unable to create pipe "\\.\pipe\chrome.shake_xp2p" in client mode. Error :2
[1111/222103:WARNING:ipc_channel_win.cc(264)] Unable to create pipe "\\.\pipe\chrome.shake_xp2p" in client mode. Error :2
[1111/222103:WARNING:ipc_channel_win.cc(264)] Unable to create pipe "\\.\pipe\chrome.shake_xp2p" in client mode. Error :2
[1111/222103:WARNING:ipc_channel_win.cc(264)] Unable to create pipe "\\.\pipe\chrome.shake_xp2p" in client mode. Error :2
[1111/222104:WARNING:ipc_channel_win.cc(264)] Unable to create pipe "\\.\pipe\chrome.shake_xp2p" in client mode. Error :2
[1111/222105:WARNING:ipc_channel_win.cc(264)] Unable to create pipe "\\.\pipe\chrome.shake_xp2p" in client mode. Error :2
[1111/222106:WARNING:ipc_channel_win.cc(264)] Unable to create pipe "\\.\pipe\chrome.shake_xp2p" in client mode. Error :2
[1117/225127:WARNING:ipc_channel_win.cc(264)] Unable to create pipe "\\.\pipe\chrome.shake_xp2p" in client mode. Error :2
[1117/225128:WARNING:ipc_channel_win.cc(264)] Unable to create pipe "\\.\pipe\chrome.shake_xp2p" in client mode. Error :2
[1117/225128:WARNING:ipc_channel_win.cc(264)] Unable to create pipe "\\.\pipe\chrome.shake_xp2p" in client mode. Error :2
[1117/225129:WARNING:ipc_channel_win.cc(264)] Unable to create pipe "\\.\pipe\chrome.shake_xp2p" in client mode. Error :2
[1117/225130:WARNING:ipc_channel_win.cc(264)] Unable to create pipe "\\.\pipe\chrome.shake_xp2p" in client mode. Error :2
[1117/225131:WARNING:ipc_channel_win.cc(264)] Unable to create pipe "\\.\pipe\chrome.shake_xp2p" in client mode. Error :2
[1122/123230:WARNING:ipc_channel_win.cc(264)] Unable to create pipe "\\.\pipe\chrome.shake_xp2p" in client mode. Error :2
[1122/123230:WARNING:ipc_channel_win.cc(264)] Unable to create pipe "\\.\pipe\chrome.shake_xp2p" in client mode. Error :2
[1122/123231:WARNING:ipc_channel_win.cc(264)] Unable to create pipe "\\.\pipe\chrome.shake_xp2p" in client mode. Error :2
[1122/123231:WARNING:ipc_channel_win.cc(264)] Unable to create pipe "\\.\pipe\chrome.shake_xp2p" in client mode. Error :2
[1122/123232:WARNING:ipc_channel_win.cc(264)] Unable to create pipe "\\.\pipe\chrome.shake_xp2p" in client mode. Error :2
[1122/123233:WARNING:ipc_channel_win.cc(264)] Unable to create pipe "\\.\pipe\chrome.shake_xp2p" in client mode. Error :2
[1122/123234:WARNING:ipc_channel_win.cc(264)] Unable to create pipe "\\.\pipe\chrome.shake_xp2p" in client mode. Error :2
[1122/123235:WARNING:ipc_channel_win.cc(264)] Unable to create pipe "\\.\pipe\chrome.shake_xp2p" in client mode. Error :2
[1122/123236:WARNING:ipc_channel_win.cc(264)] Unable to create pipe "\\.\pipe\chrome.shake_xp2p" in client mode. Error :2
[1122/123238:WARNING:ipc_channel_win.cc(264)] Unable to create pipe "\\.\pipe\chrome.shake_xp2p" in client mode. Error :2
[1122/123238:WARNING:ipc_channel_win.cc(264)] Unable to create pipe "\\.\pipe\chrome.shake_xp2p" in client mode. Error :2
[1122/123238:WARNING:ipc_channel_win.cc(264)] Unable to create pipe "\\.\pipe\chrome.shake_xp2p" in client mode. Error :2
[1201/173252:WARNING:ipc_channel_win.cc(264)] Unable to create pipe "\\.\pipe\chrome.shake_xp2p" in client mode. Error :2
[1201/173252:WARNING:ipc_channel_win.cc(264)] Unable to create pipe "\\.\pipe\chrome.shake_xp2p" in client mode. Error :2
[1201/173253:WARNING:ipc_channel_win.cc(264)] Unable to create pipe "\\.\pipe\chrome.shake_xp2p" in client mode. Error :2
[1201/173253:WARNING:ipc_channel_win.cc(264)] Unable to create pipe "\\.\pipe\chrome.shake_xp2p" in client mode. Error :2
[1201/173254:WARNING:ipc_channel_win.cc(264)] Unable to create pipe "\\.\pipe\chrome.shake_xp2p" in client mode. Error :2
[1201/173255:WARNING:ipc_channel_win.cc(264)] Unable to create pipe "\\.\pipe\chrome.shake_xp2p" in client mode. Error :2
[1201/173255:WARNING:ipc_channel_win.cc(264)] Unable to create pipe "\\.\pipe\chrome.shake_xp2p" in client mode. Error :2
[1201/173255:WARNING:ipc_channel_win.cc(264)] Unable to create pipe "\\.\pipe\chrome.shake_xp2p" in client mode. Error :2
[1201/173256:WARNING:ipc_channel_win.cc(264)] Unable to create pipe "\\.\pipe\chrome.shake_xp2p" in client mode. Error :2
[1206/192620:WARNING:ipc_channel_win.cc(264)] Unable to create pipe "\\.\pipe\chrome.shake_xp2p" in client mode. Error :2
[1206/192620:WARNING:ipc_channel_win.cc(264)] Unable to create pipe "\\.\pipe\chrome.shake_xp2p" in client mode. Error :2
[1206/192621:WARNING:ipc_channel_win.cc(264)] Unable to create pipe "\\.\pipe\chrome.shake_xp2p" in client mode. Error :2
[1206/192621:WARNING:ipc_channel_win.cc(264)] Unable to create pipe "\\.\pipe\chrome.shake_xp2p" in client mode. Error :2
[1206/192622:WARNING:ipc_channel_win.cc(264)] Unable to create pipe "\\.\pipe\chrome.shake_xp2p" in client mode. Error :2
[1217/125026:ERROR:client_util.cc(307)] Could not find exported function RelaunchChromeBrowserWithNewCommandLineIfNeeded
[1217/175802:ERROR:client_util.cc(307)] Could not find exported function RelaunchChromeBrowserWithNewCommandLineIfNeeded
[1217/221526:ERROR:client_util.cc(307)] Could not find exported function RelaunchChromeBrowserWithNewCommandLineIfNeeded
[1217/223416:ERROR:client_util.cc(307)] Could not find exported function RelaunchChromeBrowserWithNewCommandLineIfNeeded
[1217/232737:ERROR:client_util.cc(307)] Could not find exported function RelaunchChromeBrowserWithNewCommandLineIfNeeded
[1217/232939:ERROR:client_util.cc(307)] Could not find exported function RelaunchChromeBrowserWithNewCommandLineIfNeeded
[1218/000216:ERROR:client_util.cc(307)] Could not find exported function RelaunchChromeBrowserWithNewCommandLineIfNeeded
[1218/101844:ERROR:client_util.cc(307)] Could not find exported function RelaunchChromeBrowserWithNewCommandLineIfNeeded
[1218/103938:ERROR:client_util.cc(307)] Could not find exported function RelaunchChromeBrowserWithNewCommandLineIfNeeded
[1218/155533:ERROR:client_util.cc(307)] Could not find exported function RelaunchChromeBrowserWithNewCommandLineIfNeeded
[1218/161328:ERROR:client_util.cc(307)] Could not find exported function RelaunchChromeBrowserWithNewCommandLineIfNeeded
[1218/172520:ERROR:client_util.cc(307)] Could not find exported function RelaunchChromeBrowserWithNewCommandLineIfNeeded
[1218/174127:ERROR:client_util.cc(307)] Could not find exported function RelaunchChromeBrowserWithNewCommandLineIfNeeded
[1218/180440:ERROR:client_util.cc(307)] Could not find exported function RelaunchChromeBrowserWithNewCommandLineIfNeeded
[1218/225222:ERROR:client_util.cc(307)] Could not find exported function RelaunchChromeBrowserWithNewCommandLineIfNeeded
[1218/230240:ERROR:client_util.cc(307)] Could not find exported function RelaunchChromeBrowserWithNewCommandLineIfNeeded
[1218/235655:ERROR:client_util.cc(307)] Could not find exported function RelaunchChromeBrowserWithNewCommandLineIfNeeded
[1219/103526:ERROR:client_util.cc(307)] Could not find exported function RelaunchChromeBrowserWithNewCommandLineIfNeeded
[1219/104313:ERROR:client_util.cc(307)] Could not find exported function RelaunchChromeBrowserWithNewCommandLineIfNeeded
[1221/002541:ERROR:client_util.cc(307)] Could not find exported function RelaunchChromeBrowserWithNewCommandLineIfNeeded
[1221/003413:ERROR:client_util.cc(307)] Could not find exported function RelaunchChromeBrowserWithNewCommandLineIfNeeded
[1221/205822:ERROR:client_util.cc(307)] Could not find exported function RelaunchChromeBrowserWithNewCommandLineIfNeeded
[1221/212413:ERROR:client_util.cc(307)] Could not find exported function RelaunchChromeBrowserWithNewCommandLineIfNeeded
[1221/223217:ERROR:client_util.cc(307)] Could not find exported function RelaunchChromeBrowserWithNewCommandLineIfNeeded
[1221/230916:ERROR:client_util.cc(307)] Could not find exported function RelaunchChromeBrowserWithNewCommandLineIfNeeded
[1222/220436:ERROR:client_util.cc(307)] Could not find exported function RelaunchChromeBrowserWithNewCommandLineIfNeeded
[1227/170702:ERROR:client_util.cc(307)] Could not find exported function RelaunchChromeBrowserWithNewCommandLineIfNeeded
[1227/215821:ERROR:client_util.cc(307)] Could not find exported function RelaunchChromeBrowserWithNewCommandLineIfNeeded
[1227/215946:ERROR:client_util.cc(307)] Could not find exported function RelaunchChromeBrowserWithNewCommandLineIfNeeded
[1228/004517:ERROR:client_util.cc(307)] Could not find exported function RelaunchChromeBrowserWithNewCommandLineIfNeeded
[1228/153607:ERROR:client_util.cc(307)] Could not find exported function RelaunchChromeBrowserWithNewCommandLineIfNeeded
[1228/225117:ERROR:client_util.cc(307)] Could not find exported function RelaunchChromeBrowserWithNewCommandLineIfNeeded
[1229/141857:ERROR:client_util.cc(307)] Could not find exported function RelaunchChromeBrowserWithNewCommandLineIfNeeded
[1229/144534:ERROR:client_util.cc(307)] Could not find exported function RelaunchChromeBrowserWithNewCommandLineIfNeeded
[1229/154143:ERROR:client_util.cc(307)] Could not find exported function RelaunchChromeBrowserWithNewCommandLineIfNeeded
[1229/220312:ERROR:client_util.cc(307)] Could not find exported function RelaunchChromeBrowserWithNewCommandLineIfNeeded
[1230/165912:ERROR:client_util.cc(307)] Could not find exported function RelaunchChromeBrowserWithNewCommandLineIfNeeded
[1230/210202:ERROR:client_util.cc(307)] Could not find exported function RelaunchChromeBrowserWithNewCommandLineIfNeeded
[1230/230127:ERROR:client_util.cc(307)] Could not find exported function RelaunchChromeBrowserWithNewCommandLineIfNeeded
[1231/104756:ERROR:client_util.cc(307)] Could not find exported function RelaunchChromeBrowserWithNewCommandLineIfNeeded
[1231/104926:ERROR:client_util.cc(307)] Could not find exported function RelaunchChromeBrowserWithNewCommandLineIfNeeded
[1231/112132:ERROR:client_util.cc(307)] Could not find exported function RelaunchChromeBrowserWithNewCommandLineIfNeeded
[1231/115333:ERROR:client_util.cc(307)] Could not find exported function RelaunchChromeBrowserWithNewCommandLineIfNeeded
[1231/142456:ERROR:client_util.cc(307)] Could not find exported function RelaunchChromeBrowserWithNewCommandLineIfNeeded
[1231/164744:ERROR:client_util.cc(307)] Could not find exported function RelaunchChromeBrowserWithNewCommandLineIfNeeded
[1231/183420:ERROR:client_util.cc(307)] Could not find exported function RelaunchChromeBrowserWithNewCommandLineIfNeeded
[1231/183424:ERROR:client_util.cc(307)] Could not find exported function RelaunchChromeBrowserWithNewCommandLineIfNeeded
[1231/183430:ERROR:client_util.cc(307)] Could not find exported function RelaunchChromeBrowserWithNewCommandLineIfNeeded
[1231/184059:ERROR:client_util.cc(307)] Could not find exported function RelaunchChromeBrowserWithNewCommandLineIfNeeded
[1231/184241:ERROR:client_util.cc(307)] Could not find exported function RelaunchChromeBrowserWithNewCommandLineIfNeeded
[1231/184241:ERROR:client_util.cc(307)] Could not find exported function RelaunchChromeBrowserWithNewCommandLineIfNeeded
[1231/184837:ERROR:client_util.cc(307)] Could not find exported function RelaunchChromeBrowserWithNewCommandLineIfNeeded
[1231/185051:ERROR:client_util.cc(307)] Could not find exported function RelaunchChromeBrowserWithNewCommandLineIfNeeded
[1231/201733:ERROR:client_util.cc(307)] Could not find exported function RelaunchChromeBrowserWithNewCommandLineIfNeeded
[1231/202627:ERROR:client_util.cc(307)] Could not find exported function RelaunchChromeBrowserWithNewCommandLineIfNeeded
[1231/205404:ERROR:client_util.cc(307)] Could not find exported function RelaunchChromeBrowserWithNewCommandLineIfNeeded
[1231/224559:ERROR:client_util.cc(307)] Could not find exported function RelaunchChromeBrowserWithNewCommandLineIfNeeded
[0101/145616:ERROR:client_util.cc(307)] Could not find exported function RelaunchChromeBrowserWithNewCommandLineIfNeeded
[0101/173835:ERROR:client_util.cc(307)] Could not find exported function RelaunchChromeBrowserWithNewCommandLineIfNeeded
[0101/174909:ERROR:client_util.cc(307)] Could not find exported function RelaunchChromeBrowserWithNewCommandLineIfNeeded
[0101/174910:ERROR:client_util.cc(307)] Could not find exported function RelaunchChromeBrowserWithNewCommandLineIfNeeded
[0101/200718:ERROR:client_util.cc(307)] Could not find exported function RelaunchChromeBrowserWithNewCommandLineIfNeeded
[0101/210954:ERROR:client_util.cc(307)] Could not find exported function RelaunchChromeBrowserWithNewCommandLineIfNeeded
[0101/212218:ERROR:client_util.cc(307)] Could not find exported function RelaunchChromeBrowserWithNewCommandLineIfNeeded
[0101/213030:ERROR:client_util.cc(307)] Could not find exported function RelaunchChromeBrowserWithNewCommandLineIfNeeded
[0101/213659:ERROR:client_util.cc(307)] Could not find exported function RelaunchChromeBrowserWithNewCommandLineIfNeeded
[0101/220024:ERROR:client_util.cc(307)] Could not find exported function RelaunchChromeBrowserWithNewCommandLineIfNeeded
[0101/224331:ERROR:client_util.cc(307)] Could not find exported function RelaunchChromeBrowserWithNewCommandLineIfNeeded
[0102/000258:ERROR:client_util.cc(307)] Could not find exported function RelaunchChromeBrowserWithNewCommandLineIfNeeded
[0102/111128:ERROR:client_util.cc(307)] Could not find exported function RelaunchChromeBrowserWithNewCommandLineIfNeeded
[0102/145755:ERROR:client_util.cc(307)] Could not find exported function RelaunchChromeBrowserWithNewCommandLineIfNeeded
[0102/191626:ERROR:client_util.cc(307)] Could not find exported function RelaunchChromeBrowserWithNewCommandLineIfNeeded
[0102/230827:ERROR:client_util.cc(307)] Could not find exported function RelaunchChromeBrowserWithNewCommandLineIfNeeded
[0102/230829:ERROR:client_util.cc(307)] Could not find exported function RelaunchChromeBrowserWithNewCommandLineIfNeeded
[0103/122805:ERROR:client_util.cc(307)] Could not find exported function RelaunchChromeBrowserWithNewCommandLineIfNeeded
[0103/122924:ERROR:client_util.cc(307)] Could not find exported function RelaunchChromeBrowserWithNewCommandLineIfNeeded
[0103/150317:ERROR:client_util.cc(307)] Could not find exported function RelaunchChromeBrowserWithNewCommandLineIfNeeded
[0103/152353:ERROR:client_util.cc(307)] Could not find exported function RelaunchChromeBrowserWithNewCommandLineIfNeeded
[0103/184559:ERROR:client_util.cc(307)] Could not find exported function RelaunchChromeBrowserWithNewCommandLineIfNeeded
[0103/195139:ERROR:client_util.cc(307)] Could not find exported function RelaunchChromeBrowserWithNewCommandLineIfNeeded
[0103/203947:ERROR:client_util.cc(307)] Could not find exported function RelaunchChromeBrowserWithNewCommandLineIfNeeded
[0103/210446:ERROR:client_util.cc(307)] Could not find exported function RelaunchChromeBrowserWithNewCommandLineIfNeeded
[0103/210447:ERROR:client_util.cc(307)] Could not find exported function RelaunchChromeBrowserWithNewCommandLineIfNeeded
[0103/212303:ERROR:client_util.cc(307)] Could not find exported function RelaunchChromeBrowserWithNewCommandLineIfNeeded
[0103/212954:ERROR:client_util.cc(307)] Could not find exported function RelaunchChromeBrowserWithNewCommandLineIfNeeded
[0103/212954:ERROR:client_util.cc(307)] Could not find exported function RelaunchChromeBrowserWithNewCommandLineIfNeeded
[0103/212954:ERROR:client_util.cc(307)] Could not find exported function RelaunchChromeBrowserWithNewCommandLineIfNeeded
[0104/102045:ERROR:client_util.cc(307)] Could not find exported function RelaunchChromeBrowserWithNewCommandLineIfNeeded
[0104/102045:ERROR:client_util.cc(307)] Could not find exported function RelaunchChromeBrowserWithNewCommandLineIfNeeded
[0104/102045:ERROR:client_util.cc(307)] Could not find exported function RelaunchChromeBrowserWithNewCommandLineIfNeeded
[0104/102045:ERROR:client_util.cc(307)] Could not find exported function RelaunchChromeBrowserWithNewCommandLineIfNeeded
[0104/105143:ERROR:client_util.cc(307)] Could not find exported function RelaunchChromeBrowserWithNewCommandLineIfNeeded
[0104/152706:ERROR:client_util.cc(307)] Could not find exported function RelaunchChromeBrowserWithNewCommandLineIfNeeded
[0104/161936:ERROR:client_util.cc(307)] Could not find exported function RelaunchChromeBrowserWithNewCommandLineIfNeeded
[0104/212002:ERROR:client_util.cc(307)] Could not find exported function RelaunchChromeBrowserWithNewCommandLineIfNeeded
[0104/220206:ERROR:client_util.cc(307)] Could not find exported function RelaunchChromeBrowserWithNewCommandLineIfNeeded
[0104/222954:ERROR:client_util.cc(307)] Could not find exported function RelaunchChromeBrowserWithNewCommandLineIfNeeded
[0104/224517:ERROR:client_util.cc(307)] Could not find exported function RelaunchChromeBrowserWithNewCommandLineIfNeeded
[0105/135257:ERROR:client_util.cc(307)] Could not find exported function RelaunchChromeBrowserWithNewCommandLineIfNeeded
[0105/172721:ERROR:client_util.cc(307)] Could not find exported function RelaunchChromeBrowserWithNewCommandLineIfNeeded
[0105/214024:ERROR:client_util.cc(307)] Could not find exported function RelaunchChromeBrowserWithNewCommandLineIfNeeded
[0106/090831:ERROR:client_util.cc(307)] Could not find exported function RelaunchChromeBrowserWithNewCommandLineIfNeeded
[0106/102346:ERROR:client_util.cc(307)] Could not find exported function RelaunchChromeBrowserWithNewCommandLineIfNeeded
[0106/105627:ERROR:client_util.cc(307)] Could not find exported function RelaunchChromeBrowserWithNewCommandLineIfNeeded
[0106/105627:ERROR:client_util.cc(307)] Could not find exported function RelaunchChromeBrowserWithNewCommandLineIfNeeded
[0106/111846:ERROR:client_util.cc(307)] Could not find exported function RelaunchChromeBrowserWithNewCommandLineIfNeeded
[0106/124900:ERROR:client_util.cc(307)] Could not find exported function RelaunchChromeBrowserWithNewCommandLineIfNeeded
[0106/141251:ERROR:client_util.cc(307)] Could not find exported function RelaunchChromeBrowserWithNewCommandLineIfNeeded
[0106/175357:ERROR:client_util.cc(307)] Could not find exported function RelaunchChromeBrowserWithNewCommandLineIfNeeded
[0106/205243:ERROR:client_util.cc(307)] Could not find exported function RelaunchChromeBrowserWithNewCommandLineIfNeeded
[0107/001915:ERROR:client_util.cc(307)] Could not find exported function RelaunchChromeBrowserWithNewCommandLineIfNeeded
[0107/001915:ERROR:client_util.cc(307)] Could not find exported function RelaunchChromeBrowserWithNewCommandLineIfNeeded
[0107/131717:ERROR:client_util.cc(307)] Could not find exported function RelaunchChromeBrowserWithNewCommandLineIfNeeded
[0107/205050:ERROR:client_util.cc(307)] Could not find exported function RelaunchChromeBrowserWithNewCommandLineIfNeeded
[0108/084848:ERROR:client_util.cc(307)] Could not find exported function RelaunchChromeBrowserWithNewCommandLineIfNeeded
[0108/091407:ERROR:client_util.cc(307)] Could not find exported function RelaunchChromeBrowserWithNewCommandLineIfNeeded
[0108/091449:ERROR:client_util.cc(307)] Could not find exported function RelaunchChromeBrowserWithNewCommandLineIfNeeded
[0108/091557:ERROR:client_util.cc(307)] Could not find exported function RelaunchChromeBrowserWithNewCommandLineIfNeeded
[0108/091557:ERROR:client_util.cc(307)] Could not find exported function RelaunchChromeBrowserWithNewCommandLineIfNeeded
[0108/092028:ERROR:client_util.cc(307)] Could not find exported function RelaunchChromeBrowserWithNewCommandLineIfNeeded
[0108/095116:ERROR:client_util.cc(307)] Could not find exported function RelaunchChromeBrowserWithNewCommandLineIfNeeded
[0108/095210:ERROR:client_util.cc(307)] Could not find exported function RelaunchChromeBrowserWithNewCommandLineIfNeeded
[0108/095210:ERROR:client_util.cc(307)] Could not find exported function RelaunchChromeBrowserWithNewCommandLineIfNeeded
[0108/095210:ERROR:client_util.cc(307)] Could not find exported function RelaunchChromeBrowserWithNewCommandLineIfNeeded
[0108/095244:ERROR:client_util.cc(307)] Could not find exported function RelaunchChromeBrowserWithNewCommandLineIfNeeded
[0108/100015:ERROR:client_util.cc(307)] Could not find exported function RelaunchChromeBrowserWithNewCommandLineIfNeeded
[0108/100017:ERROR:client_util.cc(307)] Could not find exported function RelaunchChromeBrowserWithNewCommandLineIfNeeded
[0108/100220:ERROR:client_util.cc(307)] Could not find exported function RelaunchChromeBrowserWithNewCommandLineIfNeeded
[0108/100504:ERROR:client_util.cc(307)] Could not find exported function RelaunchChromeBrowserWithNewCommandLineIfNeeded
[0108/104415:ERROR:client_util.cc(307)] Could not find exported function RelaunchChromeBrowserWithNewCommandLineIfNeeded
[0108/104548:ERROR:client_util.cc(307)] Could not find exported function RelaunchChromeBrowserWithNewCommandLineIfNeeded
[0108/110902:ERROR:client_util.cc(307)] Could not find exported function RelaunchChromeBrowserWithNewCommandLineIfNeeded
[0108/121340:ERROR:client_util.cc(307)] Could not find exported function RelaunchChromeBrowserWithNewCommandLineIfNeeded
[0108/124405:ERROR:client_util.cc(307)] Could not find exported function RelaunchChromeBrowserWithNewCommandLineIfNeeded
[0108/132206:ERROR:client_util.cc(307)] Could not find exported function RelaunchChromeBrowserWithNewCommandLineIfNeeded
[0108/141946:ERROR:client_util.cc(307)] Could not find exported function RelaunchChromeBrowserWithNewCommandLineIfNeeded
[0108/144808:ERROR:client_util.cc(307)] Could not find exported function RelaunchChromeBrowserWithNewCommandLineIfNeeded
[0108/145058:ERROR:client_util.cc(307)] Could not find exported function RelaunchChromeBrowserWithNewCommandLineIfNeeded
[0108/160402:ERROR:client_util.cc(307)] Could not find exported function RelaunchChromeBrowserWithNewCommandLineIfNeeded
[0108/162743:ERROR:client_util.cc(307)] Could not find exported function RelaunchChromeBrowserWithNewCommandLineIfNeeded
[0108/203223:ERROR:client_util.cc(307)] Could not find exported function RelaunchChromeBrowserWithNewCommandLineIfNeeded
[0108/204158:ERROR:client_util.cc(307)] Could not find exported function RelaunchChromeBrowserWithNewCommandLineIfNeeded
[0108/204642:ERROR:client_util.cc(307)] Could not find exported function RelaunchChromeBrowserWithNewCommandLineIfNeeded
[0108/205743:ERROR:client_util.cc(307)] Could not find exported function RelaunchChromeBrowserWithNewCommandLineIfNeeded
[0108/222729:ERROR:client_util.cc(307)] Could not find exported function RelaunchChromeBrowserWithNewCommandLineIfNeeded
[0109/101401:ERROR:client_util.cc(307)] Could not find exported function RelaunchChromeBrowserWithNewCommandLineIfNeeded
[0109/190512:ERROR:client_util.cc(307)] Could not find exported function RelaunchChromeBrowserWithNewCommandLineIfNeeded
[0109/190512:ERROR:client_util.cc(307)] Could not find exported function RelaunchChromeBrowserWithNewCommandLineIfNeeded
[0109/190713:ERROR:client_util.cc(307)] Could not find exported function RelaunchChromeBrowserWithNewCommandLineIfNeeded
[0109/212948:ERROR:client_util.cc(307)] Could not find exported function RelaunchChromeBrowserWithNewCommandLineIfNeeded
[0109/230416:ERROR:client_util.cc(307)] Could not find exported function RelaunchChromeBrowserWithNewCommandLineIfNeeded
[0110/155313:ERROR:client_util.cc(307)] Could not find exported function RelaunchChromeBrowserWithNewCommandLineIfNeeded
[0110/163246:ERROR:client_util.cc(307)] Could not find exported function RelaunchChromeBrowserWithNewCommandLineIfNeeded
[0110/163252:ERROR:client_util.cc(307)] Could not find exported function RelaunchChromeBrowserWithNewCommandLineIfNeeded
[0110/165841:ERROR:client_util.cc(307)] Could not find exported function RelaunchChromeBrowserWithNewCommandLineIfNeeded
[0110/173226:ERROR:client_util.cc(307)] Could not find exported function RelaunchChromeBrowserWithNewCommandLineIfNeeded
[0110/174024:ERROR:client_util.cc(307)] Could not find exported function RelaunchChromeBrowserWithNewCommandLineIfNeeded
[0110/174045:ERROR:client_util.cc(307)] Could not find exported function RelaunchChromeBrowserWithNewCommandLineIfNeeded
[0110/174220:ERROR:client_util.cc(307)] Could not find exported function RelaunchChromeBrowserWithNewCommandLineIfNeeded
[0110/180825:ERROR:client_util.cc(307)] Could not find exported function RelaunchChromeBrowserWithNewCommandLineIfNeeded
[0110/180825:ERROR:client_util.cc(307)] Could not find exported function RelaunchChromeBrowserWithNewCommandLineIfNeeded
[0110/181710:ERROR:client_util.cc(307)] Could not find exported function RelaunchChromeBrowserWithNewCommandLineIfNeeded
[0110/181722:ERROR:client_util.cc(307)] Could not find exported function RelaunchChromeBrowserWithNewCommandLineIfNeeded
[0110/181722:ERROR:client_util.cc(307)] Could not find exported function RelaunchChromeBrowserWithNewCommandLineIfNeeded
[0110/181735:ERROR:client_util.cc(307)] Could not find exported function RelaunchChromeBrowserWithNewCommandLineIfNeeded
[0110/181737:ERROR:client_util.cc(307)] Could not find exported function RelaunchChromeBrowserWithNewCommandLineIfNeeded
[0110/181737:ERROR:client_util.cc(307)] Could not find exported function RelaunchChromeBrowserWithNewCommandLineIfNeeded
[0110/190618:ERROR:client_util.cc(307)] Could not find exported function RelaunchChromeBrowserWithNewCommandLineIfNeeded
[0110/192920:ERROR:client_util.cc(307)] Could not find exported function RelaunchChromeBrowserWithNewCommandLineIfNeeded
[0110/201357:ERROR:client_util.cc(307)] Could not find exported function RelaunchChromeBrowserWithNewCommandLineIfNeeded
[0110/201908:ERROR:client_util.cc(307)] Could not find exported function RelaunchChromeBrowserWithNewCommandLineIfNeeded
[0110/212804:ERROR:client_util.cc(307)] Could not find exported function RelaunchChromeBrowserWithNewCommandLineIfNeeded
[0110/223114:ERROR:client_util.cc(307)] Could not find exported function RelaunchChromeBrowserWithNewCommandLineIfNeeded
[0110/223117:ERROR:client_util.cc(307)] Could not find exported function RelaunchChromeBrowserWithNewCommandLineIfNeeded
[0110/223117:ERROR:client_util.cc(307)] Could not find exported function RelaunchChromeBrowserWithNewCommandLineIfNeeded
[0110/225528:ERROR:client_util.cc(307)] Could not find exported function RelaunchChromeBrowserWithNewCommandLineIfNeeded
[0110/225900:ERROR:client_util.cc(307)] Could not find exported function RelaunchChromeBrowserWithNewCommandLineIfNeeded
[0111/000155:ERROR:client_util.cc(307)] Could not find exported function RelaunchChromeBrowserWithNewCommandLineIfNeeded
[0111/113548:ERROR:client_util.cc(307)] Could not find exported function RelaunchChromeBrowserWithNewCommandLineIfNeeded
[0111/121139:ERROR:client_util.cc(307)] Could not find exported function RelaunchChromeBrowserWithNewCommandLineIfNeeded
[0111/223100:ERROR:client_util.cc(307)] Could not find exported function RelaunchChromeBrowserWithNewCommandLineIfNeeded
[0112/234912:ERROR:client_util.cc(307)] Could not find exported function RelaunchChromeBrowserWithNewCommandLineIfNeeded
[0113/004942:ERROR:client_util.cc(307)] Could not find exported function RelaunchChromeBrowserWithNewCommandLineIfNeeded
[0113/191830:ERROR:client_util.cc(307)] Could not find exported function RelaunchChromeBrowserWithNewCommandLineIfNeeded
[0113/225708:ERROR:client_util.cc(307)] Could not find exported function RelaunchChromeBrowserWithNewCommandLineIfNeeded
[0114/174501:ERROR:client_util.cc(307)] Could not find exported function RelaunchChromeBrowserWithNewCommandLineIfNeeded
[0114/174501:ERROR:client_util.cc(307)] Could not find exported function RelaunchChromeBrowserWithNewCommandLineIfNeeded
[0114/194749:ERROR:client_util.cc(307)] Could not find exported function RelaunchChromeBrowserWithNewCommandLineIfNeeded
[0114/232411:ERROR:client_util.cc(307)] Could not find exported function RelaunchChromeBrowserWithNewCommandLineIfNeeded
[0115/001821:ERROR:client_util.cc(307)] Could not find exported function RelaunchChromeBrowserWithNewCommandLineIfNeeded
[0115/141803:ERROR:client_util.cc(307)] Could not find exported function RelaunchChromeBrowserWithNewCommandLineIfNeeded
[0115/143523:ERROR:client_util.cc(307)] Could not find exported function RelaunchChromeBrowserWithNewCommandLineIfNeeded
[0115/191412:ERROR:client_util.cc(307)] Could not find exported function RelaunchChromeBrowserWithNewCommandLineIfNeeded
[0115/193409:ERROR:client_util.cc(307)] Could not find exported function RelaunchChromeBrowserWithNewCommandLineIfNeeded
[0115/203444:ERROR:client_util.cc(307)] Could not find exported function RelaunchChromeBrowserWithNewCommandLineIfNeeded
[0115/212732:ERROR:client_util.cc(307)] Could not find exported function RelaunchChromeBrowserWithNewCommandLineIfNeeded
[0115/212732:ERROR:client_util.cc(307)] Could not find exported function RelaunchChromeBrowserWithNewCommandLineIfNeeded
[0115/230557:ERROR:client_util.cc(307)] Could not find exported function RelaunchChromeBrowserWithNewCommandLineIfNeeded
[0116/135356:ERROR:client_util.cc(307)] Could not find exported function RelaunchChromeBrowserWithNewCommandLineIfNeeded
[0116/174648:ERROR:client_util.cc(307)] Could not find exported function RelaunchChromeBrowserWithNewCommandLineIfNeeded
[0116/192146:ERROR:client_util.cc(307)] Could not find exported function RelaunchChromeBrowserWithNewCommandLineIfNeeded
[0116/200120:ERROR:client_util.cc(307)] Could not find exported function RelaunchChromeBrowserWithNewCommandLineIfNeeded
[0117/114812:ERROR:client_util.cc(307)] Could not find exported function RelaunchChromeBrowserWithNewCommandLineIfNeeded
[0117/133447:ERROR:client_util.cc(307)] Could not find exported function RelaunchChromeBrowserWithNewCommandLineIfNeeded
[0117/135212:ERROR:client_util.cc(307)] Could not find exported function RelaunchChromeBrowserWithNewCommandLineIfNeeded
[0117/140937:ERROR:client_util.cc(307)] Could not find exported function RelaunchChromeBrowserWithNewCommandLineIfNeeded
[0117/141057:ERROR:client_util.cc(307)] Could not find exported function RelaunchChromeBrowserWithNewCommandLineIfNeeded
[0117/143801:ERROR:client_util.cc(307)] Could not find exported function RelaunchChromeBrowserWithNewCommandLineIfNeeded
[0117/143803:ERROR:client_util.cc(307)] Could not find exported function RelaunchChromeBrowserWithNewCommandLineIfNeeded
[0117/143803:ERROR:client_util.cc(307)] Could not find exported function RelaunchChromeBrowserWithNewCommandLineIfNeeded
[0117/170322:ERROR:client_util.cc(307)] Could not find exported function RelaunchChromeBrowserWithNewCommandLineIfNeeded
[0117/170324:ERROR:client_util.cc(307)] Could not find exported function RelaunchChromeBrowserWithNewCommandLineIfNeeded
[0117/170324:ERROR:client_util.cc(307)] Could not find exported function RelaunchChromeBrowserWithNewCommandLineIfNeeded
[0117/190039:ERROR:client_util.cc(307)] Could not find exported function RelaunchChromeBrowserWithNewCommandLineIfNeeded
[0117/190120:ERROR:client_util.cc(307)] Could not find exported function RelaunchChromeBrowserWithNewCommandLineIfNeeded
[0117/193735:ERROR:client_util.cc(307)] Could not find exported function RelaunchChromeBrowserWithNewCommandLineIfNeeded
[0117/203652:ERROR:client_util.cc(307)] Could not find exported function RelaunchChromeBrowserWithNewCommandLineIfNeeded
[0117/220727:ERROR:client_util.cc(307)] Could not find exported function RelaunchChromeBrowserWithNewCommandLineIfNeeded
[0117/223422:ERROR:client_util.cc(307)] Could not find exported function RelaunchChromeBrowserWithNewCommandLineIfNeeded
[0117/224717:ERROR:client_util.cc(307)] Could not find exported function RelaunchChromeBrowserWithNewCommandLineIfNeeded
[0118/164218:ERROR:client_util.cc(307)] Could not find exported function RelaunchChromeBrowserWithNewCommandLineIfNeeded
[0118/183444:ERROR:client_util.cc(307)] Could not find exported function RelaunchChromeBrowserWithNewCommandLineIfNeeded
[0118/202612:ERROR:client_util.cc(307)] Could not find exported function RelaunchChromeBrowserWithNewCommandLineIfNeeded
[0118/212536:ERROR:client_util.cc(307)] Could not find exported function RelaunchChromeBrowserWithNewCommandLineIfNeeded
[0119/102114:ERROR:client_util.cc(307)] Could not find exported function RelaunchChromeBrowserWithNewCommandLineIfNeeded
[0119/102114:ERROR:client_util.cc(307)] Could not find exported function RelaunchChromeBrowserWithNewCommandLineIfNeeded
[0119/102453:ERROR:client_util.cc(307)] Could not find exported function RelaunchChromeBrowserWithNewCommandLineIfNeeded
[0119/113414:ERROR:client_util.cc(307)] Could not find exported function RelaunchChromeBrowserWithNewCommandLineIfNeeded
[0119/203148:ERROR:client_util.cc(307)] Could not find exported function RelaunchChromeBrowserWithNewCommandLineIfNeeded
[0119/211729:ERROR:client_util.cc(307)] Could not find exported function RelaunchChromeBrowserWithNewCommandLineIfNeeded
[0119/224120:ERROR:client_util.cc(307)] Could not find exported function RelaunchChromeBrowserWithNewCommandLineIfNeeded
[0120/001349:ERROR:client_util.cc(307)] Could not find exported function RelaunchChromeBrowserWithNewCommandLineIfNeeded
[0120/003030:ERROR:client_util.cc(307)] Could not find exported function RelaunchChromeBrowserWithNewCommandLineIfNeeded
[0120/125241:ERROR:client_util.cc(307)] Could not find exported function RelaunchChromeBrowserWithNewCommandLineIfNeeded
[0120/222431:ERROR:client_util.cc(307)] Could not find exported function RelaunchChromeBrowserWithNewCommandLineIfNeeded
[0120/222806:ERROR:client_util.cc(307)] Could not find exported function RelaunchChromeBrowserWithNewCommandLineIfNeeded
[0121/155549:ERROR:client_util.cc(307)] Could not find exported function RelaunchChromeBrowserWithNewCommandLineIfNeeded
[0121/155841:ERROR:client_util.cc(307)] Could not find exported function RelaunchChromeBrowserWithNewCommandLineIfNeeded
[0121/185219:ERROR:client_util.cc(307)] Could not find exported function RelaunchChromeBrowserWithNewCommandLineIfNeeded
[0122/132802:ERROR:client_util.cc(307)] Could not find exported function RelaunchChromeBrowserWithNewCommandLineIfNeeded
[0122/133109:ERROR:client_util.cc(307)] Could not find exported function RelaunchChromeBrowserWithNewCommandLineIfNeeded
[0122/152857:ERROR:client_util.cc(307)] Could not find exported function RelaunchChromeBrowserWithNewCommandLineIfNeeded
[0122/220910:ERROR:client_util.cc(307)] Could not find exported function RelaunchChromeBrowserWithNewCommandLineIfNeeded
[0122/235331:ERROR:client_util.cc(307)] Could not find exported function RelaunchChromeBrowserWithNewCommandLineIfNeeded
[0122/235729:ERROR:client_util.cc(307)] Could not find exported function RelaunchChromeBrowserWithNewCommandLineIfNeeded
[0123/000027:ERROR:client_util.cc(307)] Could not find exported function RelaunchChromeBrowserWithNewCommandLineIfNeeded
[0123/000058:ERROR:client_util.cc(307)] Could not find exported function RelaunchChromeBrowserWithNewCommandLineIfNeeded
[0123/134706:ERROR:client_util.cc(307)] Could not find exported function RelaunchChromeBrowserWithNewCommandLineIfNeeded
[0123/134722:ERROR:client_util.cc(307)] Could not find exported function RelaunchChromeBrowserWithNewCommandLineIfNeeded
[0123/144556:ERROR:client_util.cc(307)] Could not find exported function RelaunchChromeBrowserWithNewCommandLineIfNeeded
[0123/145503:ERROR:client_util.cc(307)] Could not find exported function RelaunchChromeBrowserWithNewCommandLineIfNeeded
[0123/214001:ERROR:client_util.cc(307)] Could not find exported function RelaunchChromeBrowserWithNewCommandLineIfNeeded
[0123/221911:ERROR:client_util.cc(307)] Could not find exported function RelaunchChromeBrowserWithNewCommandLineIfNeeded
[0123/230627:ERROR:client_util.cc(307)] Could not find exported function RelaunchChromeBrowserWithNewCommandLineIfNeeded
[0124/083135:ERROR:client_util.cc(307)] Could not find exported function RelaunchChromeBrowserWithNewCommandLineIfNeeded
[0124/124852:ERROR:client_util.cc(307)] Could not find exported function RelaunchChromeBrowserWithNewCommandLineIfNeeded
[0124/164658:ERROR:client_util.cc(307)] Could not find exported function RelaunchChromeBrowserWithNewCommandLineIfNeeded
[0124/170847:ERROR:client_util.cc(307)] Could not find exported function RelaunchChromeBrowserWithNewCommandLineIfNeeded
[0124/171304:ERROR:client_util.cc(307)] Could not find exported function RelaunchChromeBrowserWithNewCommandLineIfNeeded
[0124/171543:ERROR:client_util.cc(307)] Could not find exported function RelaunchChromeBrowserWithNewCommandLineIfNeeded
[0124/204839:ERROR:client_util.cc(307)] Could not find exported function RelaunchChromeBrowserWithNewCommandLineIfNeeded
[0125/192207:ERROR:client_util.cc(307)] Could not find exported function RelaunchChromeBrowserWithNewCommandLineIfNeeded
[0127/154358:ERROR:client_util.cc(307)] Could not find exported function RelaunchChromeBrowserWithNewCommandLineIfNeeded
[0127/224907:ERROR:client_util.cc(307)] Could not find exported function RelaunchChromeBrowserWithNewCommandLineIfNeeded
[0129/135042:ERROR:client_util.cc(307)] Could not find exported function RelaunchChromeBrowserWithNewCommandLineIfNeeded
[0129/141617:ERROR:client_util.cc(307)] Could not find exported function RelaunchChromeBrowserWithNewCommandLineIfNeeded
[0129/141646:ERROR:client_util.cc(307)] Could not find exported function RelaunchChromeBrowserWithNewCommandLineIfNeeded
[0130/142230:ERROR:client_util.cc(307)] Could not find exported function RelaunchChromeBrowserWithNewCommandLineIfNeeded
[0130/150804:ERROR:client_util.cc(307)] Could not find exported function RelaunchChromeBrowserWithNewCommandLineIfNeeded
[0130/165727:ERROR:client_util.cc(307)] Could not find exported function RelaunchChromeBrowserWithNewCommandLineIfNeeded
[0130/172415:ERROR:client_util.cc(307)] Could not find exported function RelaunchChromeBrowserWithNewCommandLineIfNeeded
[0131/234336:ERROR:client_util.cc(307)] Could not find exported function RelaunchChromeBrowserWithNewCommandLineIfNeeded
[0131/235645:ERROR:client_util.cc(307)] Could not find exported function RelaunchChromeBrowserWithNewCommandLineIfNeeded
[0201/003301:ERROR:client_util.cc(307)] Could not find exported function RelaunchChromeBrowserWithNewCommandLineIfNeeded
[0201/125509:ERROR:client_util.cc(307)] Could not find exported function RelaunchChromeBrowserWithNewCommandLineIfNeeded
[0201/125509:ERROR:client_util.cc(307)] Could not find exported function RelaunchChromeBrowserWithNewCommandLineIfNeeded
[0201/125530:ERROR:client_util.cc(307)] Could not find exported function RelaunchChromeBrowserWithNewCommandLineIfNeeded
[0202/021512:ERROR:client_util.cc(307)] Could not find exported function RelaunchChromeBrowserWithNewCommandLineIfNeeded
[0202/235455:ERROR:client_util.cc(307)] Could not find exported function RelaunchChromeBrowserWithNewCommandLineIfNeeded
[0203/135411:ERROR:client_util.cc(307)] Could not find exported function RelaunchChromeBrowserWithNewCommandLineIfNeeded
[0203/141758:ERROR:client_util.cc(307)] Could not find exported function RelaunchChromeBrowserWithNewCommandLineIfNeeded
[0203/160720:ERROR:client_util.cc(307)] Could not find exported function RelaunchChromeBrowserWithNewCommandLineIfNeeded
[0203/204157:ERROR:client_util.cc(307)] Could not find exported function RelaunchChromeBrowserWithNewCommandLineIfNeeded
[0204/224551:ERROR:client_util.cc(307)] Could not find exported function RelaunchChromeBrowserWithNewCommandLineIfNeeded
[0204/224602:ERROR:client_util.cc(307)] Could not find exported function RelaunchChromeBrowserWithNewCommandLineIfNeeded
[0205/174943:ERROR:client_util.cc(307)] Could not find exported function RelaunchChromeBrowserWithNewCommandLineIfNeeded
[0205/234404:ERROR:client_util.cc(307)] Could not find exported function RelaunchChromeBrowserWithNewCommandLineIfNeeded
[0206/161751:ERROR:client_util.cc(307)] Could not find exported function RelaunchChromeBrowserWithNewCommandLineIfNeeded
[0206/162005:ERROR:client_util.cc(307)] Could not find exported function RelaunchChromeBrowserWithNewCommandLineIfNeeded
[0206/174120:ERROR:client_util.cc(307)] Could not find exported function RelaunchChromeBrowserWithNewCommandLineIfNeeded
[0206/174545:ERROR:client_util.cc(307)] Could not find exported function RelaunchChromeBrowserWithNewCommandLineIfNeeded
[0206/174545:ERROR:client_util.cc(307)] Could not find exported function RelaunchChromeBrowserWithNewCommandLineIfNeeded
[0206/175542:ERROR:client_util.cc(307)] Could not find exported function RelaunchChromeBrowserWithNewCommandLineIfNeeded
[0206/175642:ERROR:client_util.cc(307)] Could not find exported function RelaunchChromeBrowserWithNewCommandLineIfNeeded
[0206/180706:ERROR:client_util.cc(307)] Could not find exported function RelaunchChromeBrowserWithNewCommandLineIfNeeded
[0206/181325:ERROR:client_util.cc(307)] Could not find exported function RelaunchChromeBrowserWithNewCommandLineIfNeeded
[0206/210828:ERROR:client_util.cc(307)] Could not find exported function RelaunchChromeBrowserWithNewCommandLineIfNeeded
[0207/003238:ERROR:client_util.cc(307)] Could not find exported function RelaunchChromeBrowserWithNewCommandLineIfNeeded
[0207/125454:ERROR:client_util.cc(307)] Could not find exported function RelaunchChromeBrowserWithNewCommandLineIfNeeded
[0207/131220:ERROR:client_util.cc(307)] Could not find exported function RelaunchChromeBrowserWithNewCommandLineIfNeeded
[0207/131503:ERROR:client_util.cc(307)] Could not find exported function RelaunchChromeBrowserWithNewCommandLineIfNeeded
[0207/135446:ERROR:client_util.cc(307)] Could not find exported function RelaunchChromeBrowserWithNewCommandLineIfNeeded
[0207/171419:ERROR:client_util.cc(307)] Could not find exported function RelaunchChromeBrowserWithNewCommandLineIfNeeded
[0208/140735:ERROR:client_util.cc(307)] Could not find exported function RelaunchChromeBrowserWithNewCommandLineIfNeeded
[0208/141617:ERROR:client_util.cc(307)] Could not find exported function RelaunchChromeBrowserWithNewCommandLineIfNeeded
[0208/225603:ERROR:client_util.cc(307)] Could not find exported function RelaunchChromeBrowserWithNewCommandLineIfNeeded
[0209/192657:ERROR:client_util.cc(307)] Could not find exported function RelaunchChromeBrowserWithNewCommandLineIfNeeded
[0209/194740:ERROR:client_util.cc(307)] Could not find exported function RelaunchChromeBrowserWithNewCommandLineIfNeeded
[0209/223106:ERROR:client_util.cc(307)] Could not find exported function RelaunchChromeBrowserWithNewCommandLineIfNeeded
[0209/224349:ERROR:client_util.cc(307)] Could not find exported function RelaunchChromeBrowserWithNewCommandLineIfNeeded
[0210/135610:ERROR:client_util.cc(307)] Could not find exported function RelaunchChromeBrowserWithNewCommandLineIfNeeded
[0210/140151:ERROR:client_util.cc(307)] Could not find exported function RelaunchChromeBrowserWithNewCommandLineIfNeeded
[0210/142124:ERROR:client_util.cc(307)] Could not find exported function RelaunchChromeBrowserWithNewCommandLineIfNeeded
[0210/142124:ERROR:client_util.cc(307)] Could not find exported function RelaunchChromeBrowserWithNewCommandLineIfNeeded
[0210/142125:ERROR:client_util.cc(307)] Could not find exported function RelaunchChromeBrowserWithNewCommandLineIfNeeded
[0210/143210:ERROR:client_util.cc(307)] Could not find exported function RelaunchChromeBrowserWithNewCommandLineIfNeeded
[0210/143210:ERROR:client_util.cc(307)] Could not find exported function RelaunchChromeBrowserWithNewCommandLineIfNeeded
[0210/143210:ERROR:client_util.cc(307)] Could not find exported function RelaunchChromeBrowserWithNewCommandLineIfNeeded
[0210/145208:ERROR:client_util.cc(307)] Could not find exported function RelaunchChromeBrowserWithNewCommandLineIfNeeded
[0210/145551:ERROR:client_util.cc(307)] Could not find exported function RelaunchChromeBrowserWithNewCommandLineIfNeeded
[0211/155507:ERROR:client_util.cc(307)] Could not find exported function RelaunchChromeBrowserWithNewCommandLineIfNeeded
[0211/155621:ERROR:client_util.cc(307)] Could not find exported function RelaunchChromeBrowserWithNewCommandLineIfNeeded
[0211/155622:ERROR:client_util.cc(307)] Could not find exported function RelaunchChromeBrowserWithNewCommandLineIfNeeded
[0211/161335:ERROR:client_util.cc(307)] Could not find exported function RelaunchChromeBrowserWithNewCommandLineIfNeeded
[0211/162515:ERROR:client_util.cc(307)] Could not find exported function RelaunchChromeBrowserWithNewCommandLineIfNeeded
[0211/174255:ERROR:client_util.cc(307)] Could not find exported function RelaunchChromeBrowserWithNewCommandLineIfNeeded
[0211/174255:ERROR:client_util.cc(307)] Could not find exported function RelaunchChromeBrowserWithNewCommandLineIfNeeded
[0211/174412:ERROR:client_util.cc(307)] Could not find exported function RelaunchChromeBrowserWithNewCommandLineIfNeeded
[0211/213308:ERROR:client_util.cc(307)] Could not find exported function RelaunchChromeBrowserWithNewCommandLineIfNeeded
[0212/132433:ERROR:client_util.cc(307)] Could not find exported function RelaunchChromeBrowserWithNewCommandLineIfNeeded
[0212/132433:ERROR:client_util.cc(307)] Could not find exported function RelaunchChromeBrowserWithNewCommandLineIfNeeded
[0212/191406:ERROR:client_util.cc(307)] Could not find exported function RelaunchChromeBrowserWithNewCommandLineIfNeeded
[0212/205748:ERROR:client_util.cc(307)] Could not find exported function RelaunchChromeBrowserWithNewCommandLineIfNeeded
[0212/232211:ERROR:client_util.cc(307)] Could not find exported function RelaunchChromeBrowserWithNewCommandLineIfNeeded
[0213/123524:ERROR:client_util.cc(307)] Could not find exported function RelaunchChromeBrowserWithNewCommandLineIfNeeded
[0213/123545:ERROR:client_util.cc(307)] Could not find exported function RelaunchChromeBrowserWithNewCommandLineIfNeeded
[0213/135756:ERROR:client_util.cc(307)] Could not find exported function RelaunchChromeBrowserWithNewCommandLineIfNeeded
[0213/192933:ERROR:client_util.cc(307)] Could not find exported function RelaunchChromeBrowserWithNewCommandLineIfNeeded
[0213/193354:ERROR:client_util.cc(307)] Could not find exported function RelaunchChromeBrowserWithNewCommandLineIfNeeded
[0214/122400:ERROR:client_util.cc(307)] Could not find exported function RelaunchChromeBrowserWithNewCommandLineIfNeeded
[0214/122404:ERROR:client_util.cc(307)] Could not find exported function RelaunchChromeBrowserWithNewCommandLineIfNeeded
[0214/122404:ERROR:client_util.cc(307)] Could not find exported function RelaunchChromeBrowserWithNewCommandLineIfNeeded
[0214/125809:ERROR:client_util.cc(307)] Could not find exported function RelaunchChromeBrowserWithNewCommandLineIfNeeded
[0214/125815:ERROR:client_util.cc(307)] Could not find exported function RelaunchChromeBrowserWithNewCommandLineIfNeeded
[0214/125815:ERROR:client_util.cc(307)] Could not find exported function RelaunchChromeBrowserWithNewCommandLineIfNeeded
[0214/130238:ERROR:client_util.cc(307)] Could not find exported function RelaunchChromeBrowserWithNewCommandLineIfNeeded
[0214/130239:ERROR:client_util.cc(307)] Could not find exported function RelaunchChromeBrowserWithNewCommandLineIfNeeded
[0214/192900:ERROR:client_util.cc(307)] Could not find exported function RelaunchChromeBrowserWithNewCommandLineIfNeeded
[0214/192936:ERROR:client_util.cc(307)] Could not find exported function RelaunchChromeBrowserWithNewCommandLineIfNeeded
[0215/113252:ERROR:client_util.cc(307)] Could not find exported function RelaunchChromeBrowserWithNewCommandLineIfNeeded
[0215/170603:ERROR:client_util.cc(307)] Could not find exported function RelaunchChromeBrowserWithNewCommandLineIfNeeded
[0215/171030:ERROR:client_util.cc(307)] Could not find exported function RelaunchChromeBrowserWithNewCommandLineIfNeeded
[0215/221030:ERROR:client_util.cc(307)] Could not find exported function RelaunchChromeBrowserWithNewCommandLineIfNeeded
[0215/221030:ERROR:client_util.cc(307)] Could not find exported function RelaunchChromeBrowserWithNewCommandLineIfNeeded
[0215/221030:ERROR:client_util.cc(307)] Could not find exported function RelaunchChromeBrowserWithNewCommandLineIfNeeded
[0218/215513:ERROR:client_util.cc(307)] Could not find exported function RelaunchChromeBrowserWithNewCommandLineIfNeeded
[0218/221051:ERROR:client_util.cc(307)] Could not find exported function RelaunchChromeBrowserWithNewCommandLineIfNeeded
[0219/140938:ERROR:client_util.cc(307)] Could not find exported function RelaunchChromeBrowserWithNewCommandLineIfNeeded
[0219/141207:ERROR:client_util.cc(307)] Could not find exported function RelaunchChromeBrowserWithNewCommandLineIfNeeded
[0219/204209:ERROR:client_util.cc(307)] Could not find exported function RelaunchChromeBrowserWithNewCommandLineIfNeeded
[0219/204636:ERROR:client_util.cc(307)] Could not find exported function RelaunchChromeBrowserWithNewCommandLineIfNeeded
[0219/233301:ERROR:client_util.cc(307)] Could not find exported function RelaunchChromeBrowserWithNewCommandLineIfNeeded
[0220/130516:ERROR:client_util.cc(307)] Could not find exported function RelaunchChromeBrowserWithNewCommandLineIfNeeded
[0221/134553:ERROR:client_util.cc(307)] Could not find exported function RelaunchChromeBrowserWithNewCommandLineIfNeeded
[0222/000859:ERROR:client_util.cc(307)] Could not find exported function RelaunchChromeBrowserWithNewCommandLineIfNeeded
[0222/151051:ERROR:client_util.cc(307)] Could not find exported function RelaunchChromeBrowserWithNewCommandLineIfNeeded
[0222/151944:ERROR:client_util.cc(307)] Could not find exported function RelaunchChromeBrowserWithNewCommandLineIfNeeded
[0222/152436:ERROR:client_util.cc(307)] Could not find exported function RelaunchChromeBrowserWithNewCommandLineIfNeeded
[0222/152436:ERROR:client_util.cc(307)] Could not find exported function RelaunchChromeBrowserWithNewCommandLineIfNeeded
[0222/152506:ERROR:client_util.cc(307)] Could not find exported function RelaunchChromeBrowserWithNewCommandLineIfNeeded
[0222/164454:ERROR:client_util.cc(307)] Could not find exported function RelaunchChromeBrowserWithNewCommandLineIfNeeded
[0222/165459:ERROR:client_util.cc(307)] Could not find exported function RelaunchChromeBrowserWithNewCommandLineIfNeeded
[0222/170557:ERROR:client_util.cc(307)] Could not find exported function RelaunchChromeBrowserWithNewCommandLineIfNeeded
[0222/235014:ERROR:client_util.cc(307)] Could not find exported function RelaunchChromeBrowserWithNewCommandLineIfNeeded
[0222/235240:ERROR:client_util.cc(307)] Could not find exported function RelaunchChromeBrowserWithNewCommandLineIfNeeded
[0223/114603:ERROR:client_util.cc(307)] Could not find exported function RelaunchChromeBrowserWithNewCommandLineIfNeeded
[0223/115253:ERROR:client_util.cc(307)] Could not find exported function RelaunchChromeBrowserWithNewCommandLineIfNeeded
[0223/130344:ERROR:client_util.cc(307)] Could not find exported function RelaunchChromeBrowserWithNewCommandLineIfNeeded
[0223/130348:ERROR:client_util.cc(307)] Could not find exported function RelaunchChromeBrowserWithNewCommandLineIfNeeded
[0223/130348:ERROR:client_util.cc(307)] Could not find exported function RelaunchChromeBrowserWithNewCommandLineIfNeeded
[0223/130644:ERROR:client_util.cc(307)] Could not find exported function RelaunchChromeBrowserWithNewCommandLineIfNeeded
[0223/140306:ERROR:client_util.cc(307)] Could not find exported function RelaunchChromeBrowserWithNewCommandLineIfNeeded
[0223/215907:ERROR:client_util.cc(307)] Could not find exported function RelaunchChromeBrowserWithNewCommandLineIfNeeded
[0224/204524:ERROR:client_util.cc(307)] Could not find exported function RelaunchChromeBrowserWithNewCommandLineIfNeeded
[0224/221600:ERROR:client_util.cc(307)] Could not find exported function RelaunchChromeBrowserWithNewCommandLineIfNeeded
[0224/231226:ERROR:client_util.cc(307)] Could not find exported function RelaunchChromeBrowserWithNewCommandLineIfNeeded
[0225/125333:ERROR:client_util.cc(307)] Could not find exported function RelaunchChromeBrowserWithNewCommandLineIfNeeded
[0225/160958:ERROR:client_util.cc(307)] Could not find exported function RelaunchChromeBrowserWithNewCommandLineIfNeeded
[0225/160958:ERROR:client_util.cc(307)] Could not find exported function RelaunchChromeBrowserWithNewCommandLineIfNeeded
[0225/225932:ERROR:client_util.cc(307)] Could not find exported function RelaunchChromeBrowserWithNewCommandLineIfNeeded
[0225/234206:ERROR:client_util.cc(307)] Could not find exported function RelaunchChromeBrowserWithNewCommandLineIfNeeded
[0225/234317:ERROR:client_util.cc(307)] Could not find exported function RelaunchChromeBrowserWithNewCommandLineIfNeeded
[0225/234317:ERROR:client_util.cc(307)] Could not find exported function RelaunchChromeBrowserWithNewCommandLineIfNeeded
[0226/160927:ERROR:client_util.cc(307)] Could not find exported function RelaunchChromeBrowserWithNewCommandLineIfNeeded
[0226/191335:ERROR:client_util.cc(307)] Could not find exported function RelaunchChromeBrowserWithNewCommandLineIfNeeded
[0226/192804:ERROR:client_util.cc(307)] Could not find exported function RelaunchChromeBrowserWithNewCommandLineIfNeeded
[0227/002555:ERROR:client_util.cc(307)] Could not find exported function RelaunchChromeBrowserWithNewCommandLineIfNeeded
[0227/163329:ERROR:client_util.cc(307)] Could not find exported function RelaunchChromeBrowserWithNewCommandLineIfNeeded
[0227/171517:ERROR:client_util.cc(307)] Could not find exported function RelaunchChromeBrowserWithNewCommandLineIfNeeded
[0228/095651:ERROR:client_util.cc(307)] Could not find exported function RelaunchChromeBrowserWithNewCommandLineIfNeeded
[0228/200541:ERROR:client_util.cc(307)] Could not find exported function RelaunchChromeBrowserWithNewCommandLineIfNeeded
[0301/103804:ERROR:client_util.cc(307)] Could not find exported function RelaunchChromeBrowserWithNewCommandLineIfNeeded
[0301/113127:ERROR:client_util.cc(307)] Could not find exported function RelaunchChromeBrowserWithNewCommandLineIfNeeded
[0301/113454:ERROR:client_util.cc(307)] Could not find exported function RelaunchChromeBrowserWithNewCommandLineIfNeeded
[0301/113800:ERROR:client_util.cc(307)] Could not find exported function RelaunchChromeBrowserWithNewCommandLineIfNeeded
[0301/113800:ERROR:client_util.cc(307)] Could not find exported function RelaunchChromeBrowserWithNewCommandLineIfNeeded
[0301/113800:ERROR:client_util.cc(307)] Could not find exported function RelaunchChromeBrowserWithNewCommandLineIfNeeded
[0302/152140:ERROR:client_util.cc(307)] Could not find exported function RelaunchChromeBrowserWithNewCommandLineIfNeeded
[0302/152612:ERROR:client_util.cc(307)] Could not find exported function RelaunchChromeBrowserWithNewCommandLineIfNeeded
[0302/152754:ERROR:client_util.cc(307)] Could not find exported function RelaunchChromeBrowserWithNewCommandLineIfNeeded
[0302/212857:ERROR:client_util.cc(307)] Could not find exported function RelaunchChromeBrowserWithNewCommandLineIfNeeded
[0302/212906:ERROR:client_util.cc(307)] Could not find exported function RelaunchChromeBrowserWithNewCommandLineIfNeeded
[0302/212906:ERROR:client_util.cc(307)] Could not find exported function RelaunchChromeBrowserWithNewCommandLineIfNeeded
[0302/213906:ERROR:client_util.cc(307)] Could not find exported function RelaunchChromeBrowserWithNewCommandLineIfNeeded
[0302/214005:ERROR:client_util.cc(307)] Could not find exported function RelaunchChromeBrowserWithNewCommandLineIfNeeded
[0302/214413:ERROR:client_util.cc(307)] Could not find exported function RelaunchChromeBrowserWithNewCommandLineIfNeeded
[0302/214413:ERROR:client_util.cc(307)] Could not find exported function RelaunchChromeBrowserWithNewCommandLineIfNeeded
[0302/214413:ERROR:client_util.cc(307)] Could not find exported function RelaunchChromeBrowserWithNewCommandLineIfNeeded
[0303/003612:ERROR:client_util.cc(307)] Could not find exported function RelaunchChromeBrowserWithNewCommandLineIfNeeded
[0303/193825:ERROR:client_util.cc(307)] Could not find exported function RelaunchChromeBrowserWithNewCommandLineIfNeeded
[0303/202424:ERROR:client_util.cc(307)] Could not find exported function RelaunchChromeBrowserWithNewCommandLineIfNeeded
[0303/210906:ERROR:client_util.cc(307)] Could not find exported function RelaunchChromeBrowserWithNewCommandLineIfNeeded
[0303/213342:ERROR:client_util.cc(307)] Could not find exported function RelaunchChromeBrowserWithNewCommandLineIfNeeded
[0303/222912:ERROR:client_util.cc(307)] Could not find exported function RelaunchChromeBrowserWithNewCommandLineIfNeeded
[0303/234839:ERROR:client_util.cc(307)] Could not find exported function RelaunchChromeBrowserWithNewCommandLineIfNeeded
[0304/091307:ERROR:client_util.cc(307)] Could not find exported function RelaunchChromeBrowserWithNewCommandLineIfNeeded
[0304/091309:ERROR:client_util.cc(307)] Could not find exported function RelaunchChromeBrowserWithNewCommandLineIfNeeded
[0304/091309:ERROR:client_util.cc(307)] Could not find exported function RelaunchChromeBrowserWithNewCommandLineIfNeeded
[0304/200957:ERROR:client_util.cc(307)] Could not find exported function RelaunchChromeBrowserWithNewCommandLineIfNeeded
[0304/210617:ERROR:client_util.cc(307)] Could not find exported function RelaunchChromeBrowserWithNewCommandLineIfNeeded
[0305/153511:ERROR:client_util.cc(307)] Could not find exported function RelaunchChromeBrowserWithNewCommandLineIfNeeded
[0306/012348:ERROR:client_util.cc(307)] Could not find exported function RelaunchChromeBrowserWithNewCommandLineIfNeeded
[0306/123249:ERROR:client_util.cc(307)] Could not find exported function RelaunchChromeBrowserWithNewCommandLineIfNeeded
[0306/123545:ERROR:client_util.cc(307)] Could not find exported function RelaunchChromeBrowserWithNewCommandLineIfNeeded
[0306/131301:ERROR:client_util.cc(307)] Could not find exported function RelaunchChromeBrowserWithNewCommandLineIfNeeded
[0306/215226:ERROR:client_util.cc(307)] Could not find exported function RelaunchChromeBrowserWithNewCommandLineIfNeeded
[0308/003046:ERROR:client_util.cc(307)] Could not find exported function RelaunchChromeBrowserWithNewCommandLineIfNeeded
[0308/011545:ERROR:client_util.cc(307)] Could not find exported function RelaunchChromeBrowserWithNewCommandLineIfNeeded
[0308/173405:ERROR:client_util.cc(307)] Could not find exported function RelaunchChromeBrowserWithNewCommandLineIfNeeded
[0308/225609:ERROR:client_util.cc(307)] Could not find exported function RelaunchChromeBrowserWithNewCommandLineIfNeeded
[0309/010124:ERROR:client_util.cc(307)] Could not find exported function RelaunchChromeBrowserWithNewCommandLineIfNeeded
[0309/010347:ERROR:client_util.cc(307)] Could not find exported function RelaunchChromeBrowserWithNewCommandLineIfNeeded
[0310/090308:ERROR:client_util.cc(307)] Could not find exported function RelaunchChromeBrowserWithNewCommandLineIfNeeded
[0310/091443:ERROR:client_util.cc(307)] Could not find exported function RelaunchChromeBrowserWithNewCommandLineIfNeeded
[0310/091445:ERROR:client_util.cc(307)] Could not find exported function RelaunchChromeBrowserWithNewCommandLineIfNeeded
[0310/091445:ERROR:client_util.cc(307)] Could not find exported function RelaunchChromeBrowserWithNewCommandLineIfNeeded
[0310/205626:ERROR:client_util.cc(307)] Could not find exported function RelaunchChromeBrowserWithNewCommandLineIfNeeded
[0310/221933:ERROR:client_util.cc(307)] Could not find exported function RelaunchChromeBrowserWithNewCommandLineIfNeeded
[0310/222005:ERROR:client_util.cc(307)] Could not find exported function RelaunchChromeBrowserWithNewCommandLineIfNeeded
[0310/235537:ERROR:client_util.cc(307)] Could not find exported function RelaunchChromeBrowserWithNewCommandLineIfNeeded
[0311/230935:ERROR:client_util.cc(307)] Could not find exported function RelaunchChromeBrowserWithNewCommandLineIfNeeded
[0311/230935:ERROR:client_util.cc(307)] Could not find exported function RelaunchChromeBrowserWithNewCommandLineIfNeeded
[0312/232704:ERROR:client_util.cc(307)] Could not find exported function RelaunchChromeBrowserWithNewCommandLineIfNeeded
[0313/205203:ERROR:client_util.cc(307)] Could not find exported function RelaunchChromeBrowserWithNewCommandLineIfNeeded
[0314/194723:ERROR:client_util.cc(307)] Could not find exported function RelaunchChromeBrowserWithNewCommandLineIfNeeded
[0314/195102:ERROR:client_util.cc(307)] Could not find exported function RelaunchChromeBrowserWithNewCommandLineIfNeeded
[0314/195236:ERROR:client_util.cc(307)] Could not find exported function RelaunchChromeBrowserWithNewCommandLineIfNeeded
[0314/223454:ERROR:client_util.cc(307)] Could not find exported function RelaunchChromeBrowserWithNewCommandLineIfNeeded
[0315/161301:ERROR:client_util.cc(307)] Could not find exported function RelaunchChromeBrowserWithNewCommandLineIfNeeded
[0315/161442:ERROR:client_util.cc(307)] Could not find exported function RelaunchChromeBrowserWithNewCommandLineIfNeeded
[0315/233942:ERROR:client_util.cc(307)] Could not find exported function RelaunchChromeBrowserWithNewCommandLineIfNeeded
[0316/003657:ERROR:client_util.cc(307)] Could not find exported function RelaunchChromeBrowserWithNewCommandLineIfNeeded
[0316/123139:ERROR:client_util.cc(307)] Could not find exported function RelaunchChromeBrowserWithNewCommandLineIfNeeded
[0316/192126:ERROR:client_util.cc(307)] Could not find exported function RelaunchChromeBrowserWithNewCommandLineIfNeeded
[0316/235455:ERROR:client_util.cc(307)] Could not find exported function RelaunchChromeBrowserWithNewCommandLineIfNeeded
[0317/200759:ERROR:client_util.cc(307)] Could not find exported function RelaunchChromeBrowserWithNewCommandLineIfNeeded
[0317/222403:ERROR:client_util.cc(307)] Could not find exported function RelaunchChromeBrowserWithNewCommandLineIfNeeded
[0317/225335:ERROR:client_util.cc(307)] Could not find exported function RelaunchChromeBrowserWithNewCommandLineIfNeeded
[0317/225611:ERROR:client_util.cc(307)] Could not find exported function RelaunchChromeBrowserWithNewCommandLineIfNeeded
[0318/131113:ERROR:client_util.cc(307)] Could not find exported function RelaunchChromeBrowserWithNewCommandLineIfNeeded
[0318/132020:ERROR:client_util.cc(307)] Could not find exported function RelaunchChromeBrowserWithNewCommandLineIfNeeded
[0318/214655:ERROR:client_util.cc(307)] Could not find exported function RelaunchChromeBrowserWithNewCommandLineIfNeeded
[0318/215116:ERROR:client_util.cc(307)] Could not find exported function RelaunchChromeBrowserWithNewCommandLineIfNeeded
[0318/215119:ERROR:client_util.cc(307)] Could not find exported function RelaunchChromeBrowserWithNewCommandLineIfNeeded
[0318/215119:ERROR:client_util.cc(307)] Could not find exported function RelaunchChromeBrowserWithNewCommandLineIfNeeded
[0318/215901:ERROR:client_util.cc(307)] Could not find exported function RelaunchChromeBrowserWithNewCommandLineIfNeeded
[0319/125110:ERROR:client_util.cc(307)] Could not find exported function RelaunchChromeBrowserWithNewCommandLineIfNeeded
[0319/125342:ERROR:client_util.cc(307)] Could not find exported function RelaunchChromeBrowserWithNewCommandLineIfNeeded
[0319/125736:ERROR:client_util.cc(307)] Could not find exported function RelaunchChromeBrowserWithNewCommandLineIfNeeded
[0319/130109:ERROR:client_util.cc(307)] Could not find exported function RelaunchChromeBrowserWithNewCommandLineIfNeeded
[0319/130109:ERROR:client_util.cc(307)] Could not find exported function RelaunchChromeBrowserWithNewCommandLineIfNeeded
[0319/130122:ERROR:client_util.cc(307)] Could not find exported function RelaunchChromeBrowserWithNewCommandLineIfNeeded
[0319/130526:ERROR:client_util.cc(307)] Could not find exported function RelaunchChromeBrowserWithNewCommandLineIfNeeded
[0319/130526:ERROR:client_util.cc(307)] Could not find exported function RelaunchChromeBrowserWithNewCommandLineIfNeeded
[0319/133426:ERROR:client_util.cc(307)] Could not find exported function RelaunchChromeBrowserWithNewCommandLineIfNeeded
[0319/133507:ERROR:client_util.cc(307)] Could not find exported function RelaunchChromeBrowserWithNewCommandLineIfNeeded
[0320/101420:ERROR:client_util.cc(307)] Could not find exported function RelaunchChromeBrowserWithNewCommandLineIfNeeded
[0320/170901:ERROR:client_util.cc(307)] Could not find exported function RelaunchChromeBrowserWithNewCommandLineIfNeeded
[0320/171634:ERROR:client_util.cc(307)] Could not find exported function RelaunchChromeBrowserWithNewCommandLineIfNeeded
[0320/210432:ERROR:client_util.cc(307)] Could not find exported function RelaunchChromeBrowserWithNewCommandLineIfNeeded
[0321/130907:ERROR:client_util.cc(307)] Could not find exported function RelaunchChromeBrowserWithNewCommandLineIfNeeded
[0322/174213:ERROR:client_util.cc(307)] Could not find exported function RelaunchChromeBrowserWithNewCommandLineIfNeeded
[0323/010930:ERROR:client_util.cc(307)] Could not find exported function RelaunchChromeBrowserWithNewCommandLineIfNeeded
[0323/155312:ERROR:client_util.cc(307)] Could not find exported function RelaunchChromeBrowserWithNewCommandLineIfNeeded
[0323/212057:ERROR:client_util.cc(307)] Could not find exported function RelaunchChromeBrowserWithNewCommandLineIfNeeded
[0323/212715:ERROR:client_util.cc(307)] Could not find exported function RelaunchChromeBrowserWithNewCommandLineIfNeeded
[0323/214316:ERROR:client_util.cc(307)] Could not find exported function RelaunchChromeBrowserWithNewCommandLineIfNeeded
[0323/214316:ERROR:client_util.cc(307)] Could not find exported function RelaunchChromeBrowserWithNewCommandLineIfNeeded
[0323/220902:ERROR:client_util.cc(307)] Could not find exported function RelaunchChromeBrowserWithNewCommandLineIfNeeded
[0323/224823:ERROR:client_util.cc(307)] Could not find exported function RelaunchChromeBrowserWithNewCommandLineIfNeeded
[0323/224826:ERROR:client_util.cc(307)] Could not find exported function RelaunchChromeBrowserWithNewCommandLineIfNeeded
[0323/224826:ERROR:client_util.cc(307)] Could not find exported function RelaunchChromeBrowserWithNewCommandLineIfNeeded
[0323/225748:ERROR:client_util.cc(307)] Could not find exported function RelaunchChromeBrowserWithNewCommandLineIfNeeded
[0324/004131:ERROR:client_util.cc(307)] Could not find exported function RelaunchChromeBrowserWithNewCommandLineIfNeeded
[0324/110743:ERROR:client_util.cc(307)] Could not find exported function RelaunchChromeBrowserWithNewCommandLineIfNeeded
[0324/112317:ERROR:client_util.cc(307)] Could not find exported function RelaunchChromeBrowserWithNewCommandLineIfNeeded
[0324/112317:ERROR:client_util.cc(307)] Could not find exported function RelaunchChromeBrowserWithNewCommandLineIfNeeded
[0324/112317:ERROR:client_util.cc(307)] Could not find exported function RelaunchChromeBrowserWithNewCommandLineIfNeeded
[0324/113022:ERROR:client_util.cc(307)] Could not find exported function RelaunchChromeBrowserWithNewCommandLineIfNeeded
[0324/114856:ERROR:client_util.cc(307)] Could not find exported function RelaunchChromeBrowserWithNewCommandLineIfNeeded
[0324/114856:ERROR:client_util.cc(307)] Could not find exported function RelaunchChromeBrowserWithNewCommandLineIfNeeded
[0324/114858:ERROR:client_util.cc(307)] Could not find exported function RelaunchChromeBrowserWithNewCommandLineIfNeeded
[0324/122936:ERROR:client_util.cc(307)] Could not find exported function RelaunchChromeBrowserWithNewCommandLineIfNeeded
[0324/123840:ERROR:client_util.cc(307)] Could not find exported function RelaunchChromeBrowserWithNewCommandLineIfNeeded
[0324/124636:ERROR:client_util.cc(307)] Could not find exported function RelaunchChromeBrowserWithNewCommandLineIfNeeded
[0324/140812:ERROR:client_util.cc(307)] Could not find exported function RelaunchChromeBrowserWithNewCommandLineIfNeeded
[0324/140812:ERROR:client_util.cc(307)] Could not find exported function RelaunchChromeBrowserWithNewCommandLineIfNeeded
[0324/231418:ERROR:client_util.cc(307)] Could not find exported function RelaunchChromeBrowserWithNewCommandLineIfNeeded
[0324/235128:ERROR:client_util.cc(307)] Could not find exported function RelaunchChromeBrowserWithNewCommandLineIfNeeded
[0325/124421:ERROR:client_util.cc(307)] Could not find exported function RelaunchChromeBrowserWithNewCommandLineIfNeeded
[0325/144438:ERROR:client_util.cc(307)] Could not find exported function RelaunchChromeBrowserWithNewCommandLineIfNeeded
[0325/164001:ERROR:client_util.cc(307)] Could not find exported function RelaunchChromeBrowserWithNewCommandLineIfNeeded
[0325/230722:ERROR:client_util.cc(307)] Could not find exported function RelaunchChromeBrowserWithNewCommandLineIfNeeded
[0326/002642:ERROR:client_util.cc(307)] Could not find exported function RelaunchChromeBrowserWithNewCommandLineIfNeeded
[0326/005235:ERROR:client_util.cc(307)] Could not find exported function RelaunchChromeBrowserWithNewCommandLineIfNeeded
[0326/105620:ERROR:client_util.cc(307)] Could not find exported function RelaunchChromeBrowserWithNewCommandLineIfNeeded
[0326/110005:ERROR:client_util.cc(307)] Could not find exported function RelaunchChromeBrowserWithNewCommandLineIfNeeded
[0326/122043:ERROR:client_util.cc(307)] Could not find exported function RelaunchChromeBrowserWithNewCommandLineIfNeeded
[0326/142942:ERROR:client_util.cc(307)] Could not find exported function RelaunchChromeBrowserWithNewCommandLineIfNeeded
[0326/223140:ERROR:client_util.cc(307)] Could not find exported function RelaunchChromeBrowserWithNewCommandLineIfNeeded
[0326/224138:ERROR:client_util.cc(307)] Could not find exported function RelaunchChromeBrowserWithNewCommandLineIfNeeded
[0326/225100:ERROR:client_util.cc(307)] Could not find exported function RelaunchChromeBrowserWithNewCommandLineIfNeeded
[0326/230947:ERROR:client_util.cc(307)] Could not find exported function RelaunchChromeBrowserWithNewCommandLineIfNeeded
[0326/234050:ERROR:client_util.cc(307)] Could not find exported function RelaunchChromeBrowserWithNewCommandLineIfNeeded
[0327/093248:ERROR:client_util.cc(307)] Could not find exported function RelaunchChromeBrowserWithNewCommandLineIfNeeded
[0327/094330:ERROR:client_util.cc(307)] Could not find exported function RelaunchChromeBrowserWithNewCommandLineIfNeeded
