Section for VMware Workstation, pid=9808, version=9.0.0, build=812388, option=Release

------ In-memory logs start --------
mem> 2014-03-07T17:54:59.243+08:00 [09812 info 'Default'] Process attached
mem> 2014-03-07T17:54:59.834+08:00 [09820 info 'Default'] Thread attached
mem> 2014-03-07T17:54:59.835+08:00 [09824 info 'Default'] Thread attached
mem> 2014-03-07T17:54:59.835+08:00 [09828 info 'Default'] Thread attached
mem> 2014-03-07T17:54:59.957+08:00 [09828 verbose 'Default'] No update forwarding configured

------ In-memory logs end   --------
2014-03-07T17:55:00.011+08:00 [09828 info 'Default'] Handling bora/lib logs with VmaCore facilities
2014-03-07T17:55:00.012+08:00 [09828 info 'Default'] Initialized channel manager
2014-03-07T17:55:00.012+08:00 [09828 info 'Default'] Current working directory: C:\ProgramData\VMware\hostd
2014-03-07T17:55:00.012+08:00 [09828 verbose 'ThreadPool'] TaskMax=12, IoMin=2, IoMax=32
2014-03-07T17:55:00.012+08:00 [09828 info 'Default'] ThreadPool windowsStackImmediateCommit = true
2014-03-07T17:55:00.012+08:00 [09828 info 'ThreadPool'] Thread enlisted
2014-03-07T17:55:00.012+08:00 [09828 verbose 'Default'] Plugin base directory: C:\Program Files\VMware\VMware Workstation\
2014-03-07T17:55:00.013+08:00 [09828 info 'Default'] Trying blklistsvc
2014-03-07T17:55:00.013+08:00 [09828 info 'Default'] Trying cbrcsvc
2014-03-07T17:55:00.013+08:00 [09828 info 'Default'] Trying cimsvc
2014-03-07T17:55:00.013+08:00 [09828 info 'Default'] Trying directorysvc
2014-03-07T17:55:00.013+08:00 [09828 info 'Default'] Trying dynsvc
2014-03-07T17:55:00.013+08:00 [09828 info 'Default'] Trying guestsvc
2014-03-07T17:55:00.013+08:00 [09828 info 'Default'] Trying hostsvc
2014-03-07T17:55:00.013+08:00 [09828 verbose 'Default'] Plugin 6 statically linked
2014-03-07T17:55:00.014+08:00 [09828 info 'Default'] Trying solo
2014-03-07T17:55:00.014+08:00 [09828 verbose 'Default'] Plugin 7 statically linked
2014-03-07T17:55:00.014+08:00 [09828 info 'Default'] Trying vimsvc
2014-03-07T17:55:00.014+08:00 [09828 verbose 'Default'] Plugin 8 statically linked
2014-03-07T17:55:00.015+08:00 [09828 info 'Default'] Trying vmsvc
2014-03-07T17:55:00.015+08:00 [09828 verbose 'Default'] Plugin 9 statically linked
2014-03-07T17:55:00.015+08:00 [09828 info 'Default'] Trying hbrsvc
2014-03-07T17:55:00.015+08:00 [09828 info 'Default'] Trying proxysvc
2014-03-07T17:55:00.015+08:00 [09828 verbose 'Default'] Plugin 11 statically linked
2014-03-07T17:55:00.016+08:00 [09828 info 'Default'] Trying httpnfcsvc
2014-03-07T17:55:00.016+08:00 [09828 info 'Default'] Trying internalsvc
2014-03-07T17:55:00.016+08:00 [09828 verbose 'Default'] Plugin 13 statically linked
2014-03-07T17:55:00.016+08:00 [09828 info 'Default'] Trying nfcsvc
2014-03-07T17:55:00.016+08:00 [09828 verbose 'Default'] Plugin 14 statically linked
2014-03-07T17:55:00.017+08:00 [09828 info 'Default'] Trying ovfmgrsvc
2014-03-07T17:55:00.017+08:00 [09828 verbose 'Default'] Plugin 15 statically linked
2014-03-07T17:55:00.017+08:00 [09828 info 'Default'] Trying partitionsvc
2014-03-07T17:55:00.017+08:00 [09828 info 'Default'] Trying snmpsvc
2014-03-07T17:55:00.017+08:00 [09828 info 'Default'] Trying statssvc
2014-03-07T17:55:00.017+08:00 [09828 verbose 'Default'] Plugin 18 statically linked
2014-03-07T17:55:00.018+08:00 [09828 info 'Default'] Trying supportsvc
2014-03-07T17:55:00.018+08:00 [09828 verbose 'Default'] Plugin 19 statically linked
2014-03-07T17:55:00.018+08:00 [09828 info 'Default'] Trying vcsvc
2014-03-07T17:55:00.018+08:00 [09828 verbose 'Default'] Plugin 20 statically linked
2014-03-07T17:55:00.018+08:00 [09828 info 'Default'] Trying vdisksvc
2014-03-07T17:55:00.019+08:00 [09828 verbose 'HostsvcPlugin'] CreateHostsvcFactory: mockup mode is false
2014-03-07T17:55:00.019+08:00 [09828 verbose 'HostsvcPlugin'] StorageNativeProvider: Inventory filepath is C:\ProgramData\VMware\hostd\datastores.xml
2014-03-07T17:55:00.104+08:00 [09828 info 'NetworkProvider'] Using netmap configuration file C:\ProgramData\VMware\netmap.conf
2014-03-07T17:55:00.106+08:00 [09832 info 'Default'] Thread attached
2014-03-07T17:55:00.106+08:00 [09832 info 'ThreadPool'] Thread enlisted
2014-03-07T17:55:00.260+08:00 [09840 info 'Default'] Thread attached
2014-03-07T17:55:00.262+08:00 [09844 info 'Default'] Thread attached
2014-03-07T17:55:00.266+08:00 [09840 info 'Default'] Thread detached
2014-03-07T17:55:02.555+08:00 [09904 info 'Default'] Thread attached
2014-03-07T17:55:02.559+08:00 [09904 info 'Default'] Thread detached
2014-03-07T17:55:02.723+08:00 [09908 info 'Default'] Thread attached
2014-03-07T17:55:02.742+08:00 [09908 info 'Default'] Thread detached
2014-03-07T17:55:02.854+08:00 [09912 info 'Default'] Thread attached
2014-03-07T17:55:02.857+08:00 [09912 info 'Default'] Thread detached
2014-03-07T17:55:02.956+08:00 [09916 info 'Default'] Thread attached
2014-03-07T17:55:02.959+08:00 [09916 info 'Default'] Thread detached
2014-03-07T17:55:03.059+08:00 [09920 info 'Default'] Thread attached
2014-03-07T17:55:03.063+08:00 [09920 info 'Default'] Thread detached
2014-03-07T17:55:03.198+08:00 [09924 info 'Default'] Thread attached
2014-03-07T17:55:03.203+08:00 [09924 info 'Default'] Thread detached
2014-03-07T17:55:03.318+08:00 [09928 info 'Default'] Thread attached
2014-03-07T17:55:03.322+08:00 [09928 info 'Default'] Thread detached
2014-03-07T17:55:03.438+08:00 [09932 info 'Default'] Thread attached
2014-03-07T17:55:03.442+08:00 [09932 info 'Default'] Thread detached
2014-03-07T17:55:03.574+08:00 [09828 info 'NetworkProvider'] Active ftp is 1
2014-03-07T17:55:03.574+08:00 [09828 info 'NetworkProvider'] Allowanyoui is 1
2014-03-07T17:55:03.574+08:00 [09828 info 'NetworkProvider'] udptimeout is 30
2014-03-07T17:55:03.587+08:00 [09936 info 'Default'] Thread attached
2014-03-07T17:55:03.595+08:00 [09936 info 'Default'] Thread detached
2014-03-07T17:55:03.973+08:00 [09828 verbose 'NetworkProvider'] Refreshed network information. Network info is (vim.host.NetworkInfo) {
-->    dynamicType = <unset>, 
-->    vswitch = (vim.host.VirtualSwitch) [
-->       (vim.host.VirtualSwitch) {
-->          dynamicType = <unset>, 
-->          name = "vmnet0", 
-->          key = "vim.host.VirtualSwitch-vmnet0", 
-->          numPorts = 32, 
-->          numPortsAvailable = 32, 
-->          mtu = <unset>, 
-->          portgroup = (vim.host.PortGroup) [
-->             <vim.host.PortGroup:vim.host.portgroup-Bridged>
-->          ], 
-->          spec = (vim.host.VirtualSwitch.Specification) {
-->             dynamicType = <unset>, 
-->             numPorts = 32, 
-->             bridge = (vim.host.VirtualSwitch.AutoBridge) {
-->                dynamicType = <unset>, 
-->             }, 
-->             policy = (vim.host.NetworkPolicy) null, 
-->             mtu = <unset>, 
-->          }, 
-->       }, 
-->       (vim.host.VirtualSwitch) {
-->          dynamicType = <unset>, 
-->          name = "vmnet1", 
-->          key = "vim.host.VirtualSwitch-vmnet1", 
-->          numPorts = 32, 
-->          numPortsAvailable = 32, 
-->          mtu = <unset>, 
-->          portgroup = (vim.host.PortGroup) [
-->             <vim.host.PortGroup:vim.host.portgroup-HostOnly>
-->          ], 
-->          spec = (vim.host.VirtualSwitch.Specification) {
-->             dynamicType = <unset>, 
-->             numPorts = 32, 
-->             bridge = (vim.host.VirtualSwitch.Bridge) null, 
-->             policy = (vim.host.NetworkPolicy) null, 
-->             mtu = <unset>, 
-->          }, 
-->       }, 
-->       (vim.host.VirtualSwitch) {
-->          dynamicType = <unset>, 
-->          name = "vmnet2", 
-->          key = "vim.host.VirtualSwitch-vmnet2", 
-->          numPorts = 32, 
-->          numPortsAvailable = 32, 
-->          mtu = <unset>, 
-->          spec = (vim.host.VirtualSwitch.Specification) {
-->             dynamicType = <unset>, 
-->             numPorts = 32, 
-->             bridge = (vim.host.VirtualSwitch.Bridge) null, 
-->             policy = (vim.host.NetworkPolicy) null, 
-->             mtu = <unset>, 
-->          }, 
-->       }, 
-->       (vim.host.VirtualSwitch) {
-->          dynamicType = <unset>, 
-->          name = "vmnet3", 
-->          key = "vim.host.VirtualSwitch-vmnet3", 
-->          numPorts = 32, 
-->          numPortsAvailable = 32, 
-->          mtu = <unset>, 
-->          spec = (vim.host.VirtualSwitch.Specification) {
-->             dynamicType = <unset>, 
-->             numPorts = 32, 
-->             bridge = (vim.host.VirtualSwitch.Bridge) null, 
-->             policy = (vim.host.NetworkPolicy) null, 
-->             mtu = <unset>, 
-->          }, 
-->       }, 
-->       (vim.host.VirtualSwitch) {
-->          dynamicType = <unset>, 
-->          name = "vmnet4", 
-->          key = "vim.host.VirtualSwitch-vmnet4", 
-->          numPorts = 32, 
-->          numPortsAvailable = 32, 
-->          mtu = <unset>, 
-->          spec = (vim.host.VirtualSwitch.Specification) {
-->             dynamicType = <unset>, 
-->             numPorts = 32, 
-->             bridge = (vim.host.VirtualSwitch.Bridge) null, 
-->             policy = (vim.host.NetworkPolicy) null, 
-->             mtu = <unset>, 
-->          }, 
-->       }, 
-->       (vim.host.VirtualSwitch) {
-->          dynamicType = <unset>, 
-->          name = "vmnet5", 
-->          key = "vim.host.VirtualSwitch-vmnet5", 
-->          numPorts = 32, 
-->          numPortsAvailable = 32, 
-->          mtu = <unset>, 
-->          spec = (vim.host.VirtualSwitch.Specification) {
-->             dynamicType = <unset>, 
-->             numPorts = 32, 
-->             bridge = (vim.host.VirtualSwitch.Bridge) null, 
-->             policy = (vim.host.NetworkPolicy) null, 
-->             mtu = <unset>, 
-->          }, 
-->       }, 
-->       (vim.host.VirtualSwitch) {
-->          dynamicType = <unset>, 
-->          name = "vmnet6", 
-->          key = "vim.host.VirtualSwitch-vmnet6", 
-->          numPorts = 32, 
-->          numPortsAvailable = 32, 
-->          mtu = <unset>, 
-->          spec = (vim.host.VirtualSwitch.Specification) {
-->             dynamicType = <unset>, 
-->             numPorts = 32, 
-->             bridge = (vim.host.VirtualSwitch.Bridge) null, 
-->             policy = (vim.host.NetworkPolicy) null, 
-->             mtu = <unset>, 
-->          }, 
-->       }, 
-->       (vim.host.VirtualSwitch) {
-->          dynamicType = <unset>, 
-->          name = "vmnet7", 
-->          key = "vim.host.VirtualSwitch-vmnet7", 
-->          numPorts = 32, 
-->          numPortsAvailable = 32, 
-->          mtu = <unset>, 
-->          spec = (vim.host.VirtualSwitch.Specification) {
-->             dynamicType = <unset>, 
-->             numPorts = 32, 
-->             bridge = (vim.host.VirtualSwitch.Bridge) null, 
-->             policy = (vim.host.NetworkPolicy) null, 
-->             mtu = <unset>, 
-->          }, 
-->       }, 
-->       (vim.host.VirtualSwitch) {
-->          dynamicType = <unset>, 
-->          name = "vmnet8", 
-->          key = "vim.host.VirtualSwitch-vmnet8", 
-->          numPorts = 32, 
-->          numPortsAvailable = 32, 
-->          mtu = <unset>, 
-->          portgroup = (vim.host.PortGroup) [
-->             <vim.host.PortGroup:vim.host.portgroup-NAT>
-->          ], 
-->          spec = (vim.host.VirtualSwitch.Specification) {
-->             dynamicType = <unset>, 
-->             numPorts = 32, 
-->             bridge = (vim.host.VirtualSwitch.Bridge) null, 
-->             policy = (vim.host.NetworkPolicy) null, 
-->             mtu = <unset>, 
-->          }, 
-->       }, 
-->       (vim.host.VirtualSwitch) {
-->          dynamicType = <unset>, 
-->          name = "vmnet9", 
-->          key = "vim.host.VirtualSwitch-vmnet9", 
-->          numPorts = 32, 
-->          numPortsAvailable = 32, 
-->          mtu = <unset>, 
-->          spec = (vim.host.VirtualSwitch.Specification) {
-->             dynamicType = <unset>, 
-->             numPorts = 32, 
-->             bridge = (vim.host.VirtualSwitch.Bridge) null, 
-->             policy = (vim.host.NetworkPolicy) null, 
-->             mtu = <unset>, 
-->          }, 
-->       }
-->    ], 
-->    portgroup = (vim.host.PortGroup) [
-->       (vim.host.PortGroup) {
-->          dynamicType = <unset>, 
-->          key = "vim.host.portgroup-Bridged", 
-->          vswitch = <vim.host.VirtualSwitch:vim.host.VirtualSwitch-vmnet0>, 
-->          computedPolicy = (vim.host.NetworkPolicy) {
-->             dynamicType = <unset>, 
-->             security = (vim.host.NetworkPolicy.SecurityPolicy) null, 
-->             nicTeaming = (vim.host.NetworkPolicy.NicTeamingPolicy) null, 
-->             offloadPolicy = (vim.host.NetOffloadCapabilities) null, 
-->             shapingPolicy = (vim.host.NetworkPolicy.TrafficShapingPolicy) null, 
-->          }, 
-->          spec = (vim.host.PortGroup.Specification) {
-->             dynamicType = <unset>, 
-->             name = "Bridged", 
-->             vlanId = 0, 
-->             vswitchName = "vmnet0", 
-->             policy = (vim.host.NetworkPolicy) {
-->                dynamicType = <unset>, 
-->                security = (vim.host.NetworkPolicy.SecurityPolicy) null, 
-->                nicTeaming = (vim.host.NetworkPolicy.NicTeamingPolicy) null, 
-->                offloadPolicy = (vim.host.NetOffloadCapabilities) null, 
-->                shapingPolicy = (vim.host.NetworkPolicy.TrafficShapingPolicy) null, 
-->             }, 
-->          }, 
-->       }, 
-->       (vim.host.PortGroup) {
-->          dynamicType = <unset>, 
-->          key = "vim.host.portgroup-HostOnly", 
-->          vswitch = <vim.host.VirtualSwitch:vim.host.VirtualSwitch-vmnet1>, 
-->          computedPolicy = (vim.host.NetworkPolicy) {
-->             dynamicType = <unset>, 
-->             security = (vim.host.NetworkPolicy.SecurityPolicy) null, 
-->             nicTeaming = (vim.host.NetworkPolicy.NicTeamingPolicy) null, 
-->             offloadPolicy = (vim.host.NetOffloadCapabilities) null, 
-->             shapingPolicy = (vim.host.NetworkPolicy.TrafficShapingPolicy) null, 
-->          }, 
-->          spec = (vim.host.PortGroup.Specification) {
-->             dynamicType = <unset>, 
-->             name = "HostOnly", 
-->             vlanId = 0, 
-->             vswitchName = "vmnet1", 
-->             policy = (vim.host.NetworkPolicy) {
-->                dynamicType = <unset>, 
-->                security = (vim.host.NetworkPolicy.SecurityPolicy) null, 
-->                nicTeaming = (vim.host.NetworkPolicy.NicTeamingPolicy) null, 
-->                offloadPolicy = (vim.host.NetOffloadCapabilities) null, 
-->                shapingPolicy = (vim.host.NetworkPolicy.TrafficShapingPolicy) null, 
-->             }, 
-->          }, 
-->       }, 
-->       (vim.host.PortGroup) {
-->          dynamicType = <unset>, 
-->          key = "vim.host.portgroup-NAT", 
-->          vswitch = <vim.host.VirtualSwitch:vim.host.VirtualSwitch-vmnet8>, 
-->          computedPolicy = (vim.host.NetworkPolicy) {
-->             dynamicType = <unset>, 
-->             security = (vim.host.NetworkPolicy.SecurityPolicy) null, 
-->             nicTeaming = (vim.host.NetworkPolicy.NicTeamingPolicy) null, 
-->             offloadPolicy = (vim.host.NetOffloadCapabilities) null, 
-->             shapingPolicy = (vim.host.NetworkPolicy.TrafficShapingPolicy) null, 
-->          }, 
-->          spec = (vim.host.PortGroup.Specification) {
-->             dynamicType = <unset>, 
-->             name = "NAT", 
-->             vlanId = 0, 
-->             vswitchName = "vmnet8", 
-->             policy = (vim.host.NetworkPolicy) {
-->                dynamicType = <unset>, 
-->                security = (vim.host.NetworkPolicy.SecurityPolicy) null, 
-->                nicTeaming = (vim.host.NetworkPolicy.NicTeamingPolicy) null, 
-->                offloadPolicy = (vim.host.NetOffloadCapabilities) null, 
-->                shapingPolicy = (vim.host.NetworkPolicy.TrafficShapingPolicy) null, 
-->             }, 
-->          }, 
-->       }
-->    ], 
-->    pnic = (vim.host.PhysicalNic) [
-->       (vim.host.PhysicalNic) {
-->          dynamicType = <unset>, 
-->          key = "\DEVICE\{E8F97822-CCDA-4E0B-A0AD-305C8F1B5F98}", 
-->          device = "Intel(R) Centrino(R) Wireless-N 1000", 
-->          pci = "", 
-->          driver = "", 
-->          linkSpeed = (vim.host.PhysicalNic.LinkSpeedDuplex) null, 
-->          spec = (vim.host.PhysicalNic.Specification) {
-->             dynamicType = <unset>, 
-->             ip = (vim.host.IpConfig) {
-->                dynamicType = <unset>, 
-->                dhcp = true, 
-->                ipAddress = "0.0.0.0", 
-->                subnetMask = "0.0.0.0", 
-->                ipV6Config = (vim.host.IpConfig.IpV6AddressConfiguration) null, 
-->             }, 
-->             linkSpeed = (vim.host.PhysicalNic.LinkSpeedDuplex) null, 
-->          }, 
-->          wakeOnLanSupported = false, 
-->          mac = "00:26:c7:26:d7:92", 
-->          fcoeConfiguration = (vim.host.FcoeConfig) null, 
-->          vmDirectPathGen2Supported = <unset>, 
-->          vmDirectPathGen2SupportedMode = <unset>, 
-->          resourcePoolSchedulerAllowed = <unset>, 
-->          autoNegotiateSupported = <unset>, 
-->       }, 
-->       (vim.host.PhysicalNic) {
-->          dynamicType = <unset>, 
-->          key = "\DEVICE\{73E70FE2-FA03-479E-B6F7-25808B4CDB25}", 
-->          device = "Broadcom NetLink (TM) Gigabit Ethernet", 
-->          pci = "", 
-->          driver = "", 
-->          linkSpeed = (vim.host.PhysicalNic.LinkSpeedDuplex) null, 
-->          spec = (vim.host.PhysicalNic.Specification) {
-->             dynamicType = <unset>, 
-->             ip = (vim.host.IpConfig) {
-->                dynamicType = <unset>, 
-->                dhcp = true, 
-->                ipAddress = "10.1.1.109", 
-->                subnetMask = "255.255.255.0", 
-->                ipV6Config = (vim.host.IpConfig.IpV6AddressConfiguration) null, 
-->             }, 
-->             linkSpeed = (vim.host.PhysicalNic.LinkSpeedDuplex) null, 
-->          }, 
-->          wakeOnLanSupported = false, 
-->          mac = "c8:0a:a9:72:78:a1", 
-->          fcoeConfiguration = (vim.host.FcoeConfig) null, 
-->          vmDirectPathGen2Supported = <unset>, 
-->          vmDirectPathGen2SupportedMode = <unset>, 
-->          resourcePoolSchedulerAllowed = <unset>, 
-->          autoNegotiateSupported = <unset>, 
-->       }
-->    ], 
-->    vnic = (vim.host.VirtualNic) [
-->       (vim.host.VirtualNic) {
-->          dynamicType = <unset>, 
-->          device = "vmnet1", 
-->          key = "key-vim.host.VirtualNic.vmnet1", 
-->          portgroup = "HostOnly", 
-->          spec = (vim.host.VirtualNic.Specification) {
-->             dynamicType = <unset>, 
-->             ip = (vim.host.IpConfig) {
-->                dynamicType = <unset>, 
-->                dhcp = false, 
-->                ipAddress = "192.168.79.1", 
-->                subnetMask = "255.255.255.0", 
-->                ipV6Config = (vim.host.IpConfig.IpV6AddressConfiguration) null, 
-->             }, 
-->             mac = <unset>, 
-->             distributedVirtualPort = (vim.dvs.PortConnection) null, 
-->             portgroup = <unset>, 
-->             mtu = <unset>, 
-->             tsoEnabled = <unset>, 
-->          }, 
-->       }, 
-->       (vim.host.VirtualNic) {
-->          dynamicType = <unset>, 
-->          device = "vmnet8", 
-->          key = "key-vim.host.VirtualNic.vmnet8", 
-->          portgroup = "NAT", 
-->          spec = (vim.host.VirtualNic.Specification) {
-->             dynamicType = <unset>, 
-->             ip = (vim.host.IpConfig) {
-->                dynamicType = <unset>, 
-->                dhcp = false, 
-->                ipAddress = "192.168.205.1", 
-->                subnetMask = "255.255.255.0", 
-->                ipV6Config = (vim.host.IpConfig.IpV6AddressConfiguration) null, 
-->             }, 
-->             mac = <unset>, 
-->             distributedVirtualPort = (vim.dvs.PortConnection) null, 
-->             portgroup = <unset>, 
-->             mtu = <unset>, 
-->             tsoEnabled = <unset>, 
-->          }, 
-->       }
-->    ], 
-->    dnsConfig = (vim.host.DnsConfig) {
-->       dynamicType = <unset>, 
-->       dhcp = false, 
-->       virtualNicDevice = <unset>, 
-->       hostName = "raoliang", 
-->       domainName = "", 
-->    }, 
-->    ipRouteConfig = (vim.host.IpRouteConfig) null, 
-->    consoleIpRouteConfig = (vim.host.IpRouteConfig) null, 
-->    routeTableInfo = (vim.host.IpRouteTableInfo) null, 
-->    dhcp = (vim.host.DhcpService) [
-->       (vim.host.DhcpService) {
-->          dynamicType = <unset>, 
-->          key = "key-vim.host.DhcpService-vmnet1", 
-->          spec = (vim.host.DhcpService.Specification) {
-->             dynamicType = <unset>, 
-->             virtualSwitch = "vmnet1", 
-->             defaultLeaseDuration = 1800, 
-->             leaseBeginIp = "192.168.79.128", 
-->             leaseEndIp = "192.168.79.254", 
-->             maxLeaseDuration = 7200, 
-->             unlimitedLease = true, 
-->             ipSubnetAddr = "", 
-->             ipSubnetMask = "", 
-->          }, 
-->       }, 
-->       (vim.host.DhcpService) {
-->          dynamicType = <unset>, 
-->          key = "key-vim.host.DhcpService-vmnet8", 
-->          spec = (vim.host.DhcpService.Specification) {
-->             dynamicType = <unset>, 
-->             virtualSwitch = "vmnet8", 
-->             defaultLeaseDuration = 1800, 
-->             leaseBeginIp = "192.168.205.128", 
-->             leaseEndIp = "192.168.205.254", 
-->             maxLeaseDuration = 7200, 
-->             unlimitedLease = true, 
-->             ipSubnetAddr = "", 
-->             ipSubnetMask = "", 
-->          }, 
-->       }
-->    ], 
-->    nat = (vim.host.NatService) [
-->       (vim.host.NatService) {
-->          dynamicType = <unset>, 
-->          key = "key-vim.host.NatService-8", 
-->          spec = (vim.host.NatService.Specification) {
-->             dynamicType = <unset>, 
-->             virtualSwitch = "vmnet8", 
-->             activeFtp = true, 
-->             allowAnyOui = true, 
-->             configPort = false, 
-->             ipGatewayAddress = "192.168.205.2", 
-->             udpTimeout = 30, 
-->             nameService = (vim.host.NatService.NameServiceSpec) {
-->                dynamicType = <unset>, 
-->                dnsAutoDetect = true, 
-->                dnsPolicy = "order", 
-->                dnsRetries = 3, 
-->                dnsTimeout = 2, 
-->                nbdsTimeout = 3, 
-->                nbnsRetries = 3, 
-->                nbnsTimeout = 2, 
-->             }, 
-->          }, 
-->       }
-->    ], 
-->    ipV6Enabled = <unset>, 
-->    atBootIpV6Enabled = <unset>, 
-->    ipSecConfig = (vim.host.IpSecConfig) null, 
-->    consoleIpSecConfig = (vim.host.IpSecConfig) null, 
--> }
2014-03-07T17:55:03.974+08:00 [09828 verbose 'HostsvcPlugin'] No advanced options found
2014-03-07T17:55:04.001+08:00 [09828 verbose 'DatastoreSystem'] Start called
2014-03-07T17:55:04.060+08:00 [09828 info 'Libs'] VThreadBase detected multiple threads.
2014-03-07T17:55:04.074+08:00 [09828 error 'Default'] An error occurred while loading configuration "C:\ProgramData\VMware\VMware Workstation\ft-vmk-version.ini",not all entries are being read. It is strongly encouraged that you manually inspect the file and fix any corruptions.
2014-03-07T17:55:04.076+08:00 [09828 error 'Default'] An error occurred while loading configuration "C:\ProgramData\VMware\VMware Workstation\ft-vmx-version.ini",not all entries are being read. It is strongly encouraged that you manually inspect the file and fix any corruptions.
2014-03-07T17:55:04.077+08:00 [09828 error 'Default'] An error occurred while loading configuration "C:\ProgramData\VMware\VMware Workstation\hostd/ft-hostd-version.ini",not all entries are being read. It is strongly encouraged that you manually inspect the file and fix any corruptions.
2014-03-07T17:55:04.078+08:00 [09828 warning 'ha-host'] Failed to read FT version information.
2014-03-07T17:55:04.086+08:00 [09828 info 'Hostsvc::AutoStartManager'] VM autostart configuration: C:\ProgramData\VMware\hostd\vmAutoStart.xml
2014-03-07T17:55:04.099+08:00 [09828 verbose 'StorageSystem'] Start called
2014-03-07T17:55:04.155+08:00 [09828 info 'Locale'] Added locale path C:\Program Files\VMware\VMware Workstation\hostd/coreLocale/ to locale map
2014-03-07T17:55:04.556+08:00 [09828 info 'Locale'] Added locale path C:\Program Files\VMware\VMware Workstation\hostd/vimLocale/ to locale map
2014-03-07T17:55:04.620+08:00 [09828 warning 'Locale'] 'C:\Program Files\VMware\VMware Workstation\hostd/extensions//hostdiag/locale/en/eventaux.vmsg', line 176: Invalid message '      </description>      <cause>        <description>          vSphere HA did not receive application heartbeats from the application-monitoring agent within           a 30-second interval.         </description>        <action>          Investigate why the application-monitoring agent stopped heartbeating. Missing heartbeats may be a           result of the application failing or a problem with the application-monitoring agent.        </action>      </cause>   </EventLongDescription>   "'
2014-03-07T17:55:04.621+08:00 [09828 info 'Locale'] Added locale path C:\Program Files\VMware\VMware Workstation\hostd/extensions//hostdiag/locale/ to locale map
2014-03-07T17:55:04.756+08:00 [09980 info 'Default'] Thread attached
2014-03-07T17:55:04.756+08:00 [09980 info 'ThreadPool'] Thread enlisted
2014-03-07T17:55:04.757+08:00 [09984 info 'Default'] Thread attached
2014-03-07T17:55:04.757+08:00 [09984 info 'ThreadPool'] Thread enlisted
2014-03-07T17:55:04.810+08:00 [09828 info 'Locale'] Locale subsystem initialized from C:\Program Files\VMware\VMware Workstation\hostd/coreLocale/ with default locale en.
2014-03-07T17:55:04.817+08:00 [09828 info 'ResourcePool ha-root-pool'] Resource pool instantiated
2014-03-07T17:55:04.817+08:00 [09828 info 'ResourcePool ha-root-pool'] Refresh interval: 60 seconds
2014-03-07T17:55:04.818+08:00 [09992 info 'Default'] Thread attached
2014-03-07T17:55:04.825+08:00 [09828 verbose 'DictionaryOptionsProvider(Config.Defaults.)'] Registered 0 options.
2014-03-07T17:55:04.825+08:00 [09828 verbose 'DictionaryOptionsProvider(Config.GlobalSettings.)'] Registered 0 options.
2014-03-07T17:55:04.826+08:00 [09828 verbose 'AppConfigOptionsProvider(Config.HostAgent.)'] Registered 0 options.
2014-03-07T17:55:04.826+08:00 [09828 info 'HostsvcPlugin'] Plugin initialized
2014-03-07T17:55:04.878+08:00 [09828 info 'Default'] Vmacore::InitSSL: handshakeTimeoutUs = 20000000
2014-03-07T17:55:04.917+08:00 [09828 info 'Solo'] Initialized SSL context with version all
2014-03-07T17:55:04.917+08:00 [09828 verbose 'HaWebServerExtensionImpl'] Solo::HaWebServerExtensionImpl::HaWebServerExtensionImpl Object initialized
2014-03-07T17:55:04.918+08:00 [09828 info 'Fixed Datacenter'] Host name: raoliang
2014-03-07T17:55:04.918+08:00 [09828 info 'ComputeResource'] Compute resource instantiated
2014-03-07T17:55:04.918+08:00 [09828 info 'EnvironmentManager'] Environments file: C:\Program Files\VMware\VMware Workstation\environments.xml
2014-03-07T17:55:05.116+08:00 [09828 info 'Libs'] HostDeviceInfo: Failed to enumerate host parallel ports via the registry. Could not open device map parallel port registry key.
2014-03-07T17:55:05.116+08:00 [09828 warning 'EnvironmentManager'] Failed to enumerate parallel devices
2014-03-07T17:55:05.247+08:00 [09828 info 'EnvironmentManager'] Descriptor loaded: vmx-03
2014-03-07T17:55:06.094+08:00 [09828 info 'EnvironmentManager'] Options loaded
2014-03-07T17:55:06.105+08:00 [09828 info 'EnvironmentManager'] Descriptor loaded: vmx-04
2014-03-07T17:55:06.569+08:00 [09828 info 'EnvironmentManager'] Options loaded
2014-03-07T17:55:06.588+08:00 [09828 info 'EnvironmentManager'] Descriptor loaded: vmx-06
2014-03-07T17:55:07.014+08:00 [09828 info 'EnvironmentManager'] Options loaded
2014-03-07T17:55:07.032+08:00 [09828 info 'EnvironmentManager'] Descriptor loaded: vmx-07
2014-03-07T17:55:07.462+08:00 [09828 info 'EnvironmentManager'] Options loaded
2014-03-07T17:55:07.480+08:00 [09828 info 'EnvironmentManager'] Descriptor loaded: vmx-08
2014-03-07T17:55:07.881+08:00 [09828 info 'EnvironmentManager'] Options loaded
2014-03-07T17:55:07.908+08:00 [09828 info 'EnvironmentManager'] Descriptor loaded: vmx-09
2014-03-07T17:55:08.329+08:00 [09828 info 'EnvironmentManager'] Options loaded
2014-03-07T17:55:08.355+08:00 [09828 info 'ManagedMethodExecuter_ha-managed-method-executer'] ManagedMethodExecuter initialized
2014-03-07T17:55:08.355+08:00 [09828 info 'Solo'] Plugin initialized
2014-03-07T17:55:08.355+08:00 [09828 info 'Vimsvc'] Initializing vimsvc plugin
2014-03-07T17:55:08.574+08:00 [09828 info 'Libs'] [ADS] Local Domain : WORKGROUP
2014-03-07T17:55:08.574+08:00 [09828 info 'Libs'] [ADS] IsWorkgroup: Yes
2014-03-07T17:55:08.574+08:00 [09828 info 'Libs'] [ADS] Local Machine: RAOLIANG
2014-03-07T17:55:08.574+08:00 [09828 info 'Vimsvc'] Task retention time: 10
2014-03-07T17:55:08.574+08:00 [09828 info 'Vimsvc'] Cleanup time: 1
2014-03-07T17:55:08.575+08:00 [09828 verbose 'Vimsvc'] Creating AuthMgr channel writer
2014-03-07T17:55:08.575+08:00 [09828 info 'Vimsvc'] Maximum number of events: 1000
2014-03-07T17:55:08.640+08:00 [09828 verbose 'Locale'] Default resource used for '.category' expected in module 'event'.
2014-03-07T17:55:08.640+08:00 [09828 verbose 'Locale'] Default resource used for '.description' expected in module 'event'.
2014-03-07T17:55:08.640+08:00 [09828 verbose 'Locale'] Default resource used for '.fullFormat' expected in module 'event'.
2014-03-07T17:55:08.640+08:00 [09828 verbose 'Locale'] Default resource used for '.formatOnDatacenter' expected in module 'event'.
2014-03-07T17:55:08.641+08:00 [09828 verbose 'Locale'] Default resource used for '.formatOnComputeResource' expected in module 'event'.
2014-03-07T17:55:08.641+08:00 [09828 verbose 'Locale'] Default resource used for '.formatOnHost' expected in module 'event'.
2014-03-07T17:55:08.641+08:00 [09828 verbose 'Locale'] Default resource used for '.formatOnVm' expected in module 'event'.
2014-03-07T17:55:08.663+08:00 [09828 verbose 'Locale'] Default resource used for '.category' expected in module 'event'.
2014-03-07T17:55:08.663+08:00 [09828 verbose 'Locale'] Default resource used for '.description' expected in module 'event'.
2014-03-07T17:55:08.663+08:00 [09828 verbose 'Locale'] Default resource used for '.fullFormat' expected in module 'event'.
2014-03-07T17:55:08.663+08:00 [09828 verbose 'Locale'] Default resource used for '.formatOnDatacenter' expected in module 'event'.
2014-03-07T17:55:08.663+08:00 [09828 verbose 'Locale'] Default resource used for '.formatOnComputeResource' expected in module 'event'.
2014-03-07T17:55:08.663+08:00 [09828 verbose 'Locale'] Default resource used for '.formatOnHost' expected in module 'event'.
2014-03-07T17:55:08.663+08:00 [09828 verbose 'Locale'] Default resource used for '.formatOnVm' expected in module 'event'.
2014-03-07T17:55:08.683+08:00 [09828 info 'DynamicMethodValidator'] Dynamic method privilege configuration : C:\ProgramData\VMware\hostd\dynMethodPriv.xml
2014-03-07T17:55:08.683+08:00 [09828 info 'DynMethodInvalidationBroker'] Dynamic method invalidation broker configuration : C:\ProgramData\VMware\hostd\dynMethodInvalidationBroker.xml
2014-03-07T17:55:08.683+08:00 [09828 verbose 'Default'] Vimsvc::GetLicenseManager: called
2014-03-07T17:55:08.684+08:00 [09828 info 'ha-license-manager'] Instance created
2014-03-07T17:55:08.684+08:00 [09828 verbose 'Default'] Vimsvc::GetLicenseManager: returning HaLicense @00D54B28 = { DUMMY }, how: construct
2014-03-07T17:55:09.116+08:00 [09828 verbose 'Vimsvc'] Enabling VC API lockdown mode
2014-03-07T17:55:09.117+08:00 [09828 verbose 'Vmsvc'] VMServices Plugin initializing
2014-03-07T17:55:09.120+08:00 [09828 verbose 'Vmsvc'] Updating datastore principal to 
2014-03-07T17:55:09.121+08:00 [10068 info 'Default'] Thread attached
2014-03-07T17:55:09.121+08:00 [10068 info 'ThreadPool'] Thread enlisted
2014-03-07T17:55:09.121+08:00 [09828 verbose 'Vmsvc'] Mockup mode enabled: false
2014-03-07T17:55:09.124+08:00 [09828 info 'Libs'] POLL Using the WSAPoll API Implementation for PollDefault
2014-03-07T17:55:09.124+08:00 [09828 info 'Libs'] OBJLIB-LIB : Objlib initialized.
2014-03-07T17:55:09.124+08:00 [09828 info 'Libs'] Foundry Init: setting up global state (1 poll threads, 0 worker threads).
2014-03-07T17:55:09.124+08:00 [09828 info 'Libs'] Vix_InitializeGlobalState: vixLogLevel = 0
2014-03-07T17:55:09.124+08:00 [09828 info 'Libs'] Vix_InitializeGlobalState: vixApiTraceLevel = 0
2014-03-07T17:55:09.124+08:00 [09828 info 'Libs'] Vix_InitializeGlobalState: vixDebugPanicOnVixAssert = 0
2014-03-07T17:55:09.124+08:00 [09828 info 'Libs'] Vix_InitializeGlobalState: vixLogRefcountOnFinalRelease = 0
2014-03-07T17:55:09.124+08:00 [09828 info 'Libs'] Vix_InitializeGlobalState: asyncOpWarningThreshold = 1000000
2014-03-07T17:55:09.124+08:00 [09828 info 'Libs'] Vix_InitializeGlobalState: enableSyncOpSelection = FALSE
2014-03-07T17:55:09.124+08:00 [09828 info 'Libs'] Vix_InitializeGlobalState: enableExternalThreadInterface = TRUE
2014-03-07T17:55:09.125+08:00 [09828 info 'Libs'] Vix_InitializeGlobalState: enableVigor = TRUE
2014-03-07T17:55:09.125+08:00 [09828 info 'Libs'] LOCALE GBK -> NULL User=804 System=804
2014-03-07T17:55:09.125+08:00 [09828 info 'Libs'] VixHost_ConnectEx: version -1, hostType 3, hostName (null), hostPort 0, options 77636
2014-03-07T17:55:09.125+08:00 [10072 info 'Default'] Thread attached
2014-03-07T17:55:09.126+08:00 [10072 info 'ThreadPool'] Thread enlisted
2014-03-07T17:55:09.126+08:00 [10072 info 'Libs'] VThreadBase detected multiple threads.
2014-03-07T17:55:09.126+08:00 [10072 info 'Libs'] Vix: [10072 foundryAsyncOps.c:1916]: FoundryAsyncOp_ThreadMainLoop: Vix poll thread started.
2014-03-07T17:55:09.126+08:00 [10072 info 'Libs'] HOSTINFO 67454104878 @ 2078154Hz -> 0 @ 1000000000Hz
2014-03-07T17:55:09.126+08:00 [10072 info 'Libs'] HOSTINFO ((x * 4036567068) >> 23) + -32458665174478
2014-03-07T17:55:09.245+08:00 [09828 info 'Libs'] vmxFilePath="C:\Program Files\VMware\VMware Workstation\vmware-vmx.exe"
2014-03-07T17:55:09.246+08:00 [09828 info 'Libs'] vmxFilePathDebug="C:\Program Files\VMware\VMware Workstation\vmware-vmx-debug.exe"
2014-03-07T17:55:09.246+08:00 [09828 info 'Libs'] vmxFilePathStats="C:\Program Files\VMware\VMware Workstation\vmware-vmx-stats.exe"
2014-03-07T17:55:09.262+08:00 [09828 info 'Vmsvc'] Setup 1 VMDB update queues.
2014-03-07T17:55:09.262+08:00 [09828 verbose 'Vmsvc'] Vmsvc Object registered
2014-03-07T17:55:09.262+08:00 [09828 info 'Libs'] REM-USB: Protocol version min:15 current:16. hostId:c9 f6 0a 39 29 1e 8b 7c-6a 2b 20 30 40 50 60 99
2014-03-07T17:55:09.262+08:00 [09828 info 'Libs'] REM-USB: Initializing 'Generic' backend
2014-03-07T17:55:09.262+08:00 [09828 info 'Libs'] USBGW: Write arbitrator op:15 len:4
2014-03-07T17:55:09.262+08:00 [09828 info 'Libs'] USBGW: Write arbitrator op:0 len:4
2014-03-07T17:55:09.284+08:00 [09828 info 'USBDeviceManager'] USBLibGlueDeviceChange
2014-03-07T17:55:09.284+08:00 [09828 info 'Libs'] USBGW: Write arbitrator op:13 len:11
2014-03-07T17:55:09.284+08:00 [09828 info 'Vmsvc'] VMServices Plugin initialized
2014-03-07T17:55:09.284+08:00 [09828 info 'Proxysvc'] Proxy config filepath is C:\ProgramData\VMware\hostd\proxy.xml
2014-03-07T17:55:09.338+08:00 [09828 info 'Proxysvc'] Plugin initialized
2014-03-07T17:55:09.339+08:00 [09828 info 'Nfc'] Startup breakpoint disabled
2014-03-07T17:55:09.339+08:00 [09828 info 'Nfc'] Mockup false
2014-03-07T17:55:09.339+08:00 [09828 info 'Nfc'] File Services initialized fmgr([class NfcSvc::NfcFileManager:02C5C688])
2014-03-07T17:55:09.339+08:00 [09828 info 'NfcManager'] [NfcManagerImpl] NfcManagerImpl created
2014-03-07T17:55:09.382+08:00 [09828 info 'Ovfmgrsvc'] Plugin initialized
2014-03-07T17:55:09.383+08:00 [09828 info 'Statssvc'] Initializing statssvc plugin
2014-03-07T17:55:09.383+08:00 [09828 info 'vim.PerformanceManager'] Collection interval is 20 sec
2014-03-07T17:55:09.440+08:00 [09828 info 'SupportsvcPlugin'] Plugin initialized
2014-03-07T17:55:09.440+08:00 [09828 info 'VcsvcPlugin'] Plugin initialized
2014-03-07T17:55:09.441+08:00 [09828 info 'ha-host'] About:(vim.AboutInfo) {
-->    dynamicType = <unset>, 
-->    name = "VMware Workstation", 
-->    fullName = "VMware Workstation build-812388", 
-->    vendor = "VMware, Inc.", 
-->    version = "9.0.0", 
-->    build = "812388", 
-->    localeVersion = <unset>, 
-->    localeBuild = <unset>, 
-->    osType = "win32-x86", 
-->    productLineId = "ws", 
-->    apiType = "HostAgent", 
-->    apiVersion = "5.1", 
-->    instanceUuid = <unset>, 
-->    licenseProductName = "VMware Workstation", 
-->    licenseProductVersion = "9.0", 
--> }
2014-03-07T17:55:09.441+08:00 [09828 verbose 'Vmsvc'] Adding interceptor: 3-ha-vmsvc(5268df09-5ad4-2503-7d37-f76e545e1514)
2014-03-07T17:55:09.442+08:00 [09828 info 'ha-host'] Initialized StoragerRM/Vmsvc powering-on interceptor
2014-03-07T17:55:09.462+08:00 [09828 info 'HostsvcPlugin'] Plugin started
2014-03-07T17:55:09.462+08:00 [09828 info 'HttpSvc.HTTPService'] Using default for nonChunkingAgents: 'VMware VI Client|VMware-client|VMware-client/3.*'
2014-03-07T17:55:09.462+08:00 [09828 info 'HttpSvc.HTTPService'] Using default for agentsNeedingContentLength: 'VMware-client'
2014-03-07T17:55:09.462+08:00 [09828 info 'HttpSvc.HTTPService'] Max buffered response size is 104857600 bytes
2014-03-07T17:55:09.463+08:00 [09828 warning 'WelcomePageCustomizer'] Error loading OEM link information. 系统找不到指定的路径。 
2014-03-07T17:55:09.463+08:00 [09828 verbose 'WelcomePageCustomizer'] Created customizer with oem file '/etc/vmware/oem.xml' and dynDataUrl '/dyndata.js'.
2014-03-07T17:55:09.463+08:00 [09828 info 'HTTP server'] HTTP server created with docroots C:\Program Files\VMware\VMware Workstation\hostd/extensions/;C:\Program Files\VMware\VMware Workstation\hostd/vimLocale/;C:\Program Files\VMware\VMware Workstation\hostd/coreLocale/;C:\Program Files\VMware\VMware Workstation\hostd/docroot/, chunked responses enabled: true
2014-03-07T17:55:09.463+08:00 [09828 info 'Solo'] soapPort: 8307
2014-03-07T17:55:09.500+08:00 [09828 info 'SoapAdapter.HTTPService'] Using default for nonChunkingAgents: 'VMware VI Client|VMware-client|VMware-client/3.*'
2014-03-07T17:55:09.500+08:00 [09828 info 'SoapAdapter.HTTPService'] Using default for agentsNeedingContentLength: 'VMware-client'
2014-03-07T17:55:09.500+08:00 [09828 info 'SoapAdapter.HTTPService'] Max buffered response size is 104857600 bytes
2014-03-07T17:55:09.515+08:00 [09828 info 'SoapAdapter'] enableChunkedResponses: true
2014-03-07T17:55:09.515+08:00 [09828 verbose 'Solo'] Registering AuthMgr listener
2014-03-07T17:55:09.516+08:00 [09828 verbose 'Solo'] Registering application config listener
2014-03-07T17:55:09.548+08:00 [09828 verbose 'Default'] Registered network Bridged
2014-03-07T17:55:09.548+08:00 [09828 verbose 'Default'] Registered network HostOnly
2014-03-07T17:55:09.548+08:00 [09828 verbose 'Default'] Registered network NAT
2014-03-07T17:55:09.548+08:00 [09828 info 'Solo'] VM inventory configuration: C:\ProgramData\VMware\hostd\vmInventory.xml
2014-03-07T17:55:09.560+08:00 [09828 verbose 'ha-host'] Unable to lookup dvPortMgr
2014-03-07T17:55:09.566+08:00 [09828 info 'ha-folder-vm'] Virtual machines loaded: 0
2014-03-07T17:55:09.576+08:00 [09828 warning 'Libs'] Implement HostDeviceInfo_FindHostPciDevices
2014-03-07T17:55:09.581+08:00 [10076 info 'Default'] Thread attached
2014-03-07T17:55:09.586+08:00 [10076 info 'Default'] Thread detached
2014-03-07T17:55:09.694+08:00 [09828 error 'HostsvcPlugin'] Could not parse host UUID 'b8abc385-9e16-49a4-95f1-e6fea727e244'
2014-03-07T17:55:09.709+08:00 [09828 info 'Libs'] HOSTINFO: This machine has 1 physical CPUS, 2 total cores, and 4 logical CPUs.
2014-03-07T17:55:09.763+08:00 [09828 verbose 'Hostsvc::AutoStartManager'] Retrieved System Defaults.
2014-03-07T17:55:09.776+08:00 [09828 verbose 'Hostsvc::AutoStartManager'] Retrieved AutoStart order.
2014-03-07T17:55:09.803+08:00 [09828 verbose 'ha-host'] Unable to lookup dvPortMgr
2014-03-07T17:55:09.805+08:00 [09828 info 'Host agent service'] _servContent [class Vim::ServiceInstanceContent:02C29470] fileManager returned [class NfcSvc::NfcFileManager:02C5C688], ref vim.FileManager:ha-nfc-file-manager
2014-03-07T17:55:09.805+08:00 [09828 warning 'Host agent service'] internal stats collector not found
2014-03-07T17:55:09.805+08:00 [09828 warning 'Host agent service'] dvs manager not found
2014-03-07T17:55:09.805+08:00 [09828 warning 'Host agent service'] VMCI access manager not found
2014-03-07T17:55:09.805+08:00 [09828 warning 'Host agent service'] Datastore namespace manager not found
2014-03-07T17:55:09.807+08:00 [09828 info 'SoapAdapter.HTTPService'] Http Service started: TCPServerSocket(ASYNC_ACCEPT, ipv4=TCP(fd=1052), ipv6=TCP(fd=1040))
2014-03-07T17:55:09.807+08:00 [09828 info 'Solo'] Enablng management restriction checks
2014-03-07T17:55:09.817+08:00 [09828 info 'VersionValidator'] ha-license-manager: Management restriction checks enabled
2014-03-07T17:55:09.817+08:00 [09828 info 'Solo'] Plugin started
2014-03-07T17:55:09.818+08:00 [09828 info 'HttpSvc.HTTPService'] Http Service started: [class Vmacore::System::NamedPipeServerWin32:05312060]
2014-03-07T17:55:09.818+08:00 [09828 info 'Vimsvc'] Loading authorization data from C:\ProgramData\VMware\hostd\authorization.xml
2014-03-07T17:55:09.855+08:00 [09828 verbose 'Vimsvc'] I18n cloning disabled
2014-03-07T17:55:09.865+08:00 [09828 info 'Vimsvc'] Started vimsvc plugin
2014-03-07T17:55:09.865+08:00 [09828 info 'Vmsvc'] VMServices Plugin started
2014-03-07T17:55:09.865+08:00 [09828 info 'Proxysvc'] Max proxy connections currently set to 128 , buffer size: 16344 bytes
2014-03-07T17:55:09.865+08:00 [09828 info 'Proxysvc'] vmacore/ssl/useSSLCtxPool: true
2014-03-07T17:55:09.868+08:00 [09828 info 'Proxysvc'] vmacore/ssl/serializeServerHandshake: false
2014-03-07T17:55:09.868+08:00 [09828 info 'Proxysvc'] Proxy: Starting new Proxy service
2014-03-07T17:55:09.869+08:00 [09828 info 'Proxysvc'] Proxy Https service started
2014-03-07T17:55:09.870+08:00 [09828 warning 'Proxysvc'] One or both proxy instances are not running.           Endpoint information may not be configured correctly.
2014-03-07T17:55:09.870+08:00 [09828 warning 'Proxysvc'] One or both proxy instances are not running.           Endpoint information may not be configured correctly.
2014-03-07T17:55:09.870+08:00 [09828 warning 'Proxysvc'] One or both proxy instances are not running.           Endpoint information may not be configured correctly.
2014-03-07T17:55:09.870+08:00 [09828 warning 'Proxysvc'] One or both proxy instances are not running.           Endpoint information may not be configured correctly.
2014-03-07T17:55:09.870+08:00 [09828 warning 'Proxysvc'] One or both proxy instances are not running.           Endpoint information may not be configured correctly.
2014-03-07T17:55:09.870+08:00 [09828 warning 'Proxysvc'] One or both proxy instances are not running.           Endpoint information may not be configured correctly.
2014-03-07T17:55:09.871+08:00 [09828 warning 'Proxysvc'] One or both proxy instances are not running.           Endpoint information may not be configured correctly.
2014-03-07T17:55:09.871+08:00 [09828 info 'Proxysvc'] Plugin started
2014-03-07T17:55:09.871+08:00 [09828 info 'InternalsvcPlugin'] Plugin started
2014-03-07T17:55:09.871+08:00 [09828 info 'Nfc'] maxAsyncThreads = 4
2014-03-07T17:55:09.871+08:00 [09828 info 'Libs'] WORKER: Creating new group with numThreads=4 (4)
2014-03-07T17:55:09.871+08:00 [09828 info 'Nfc'] Successfully initialized generic AIOManager
2014-03-07T17:55:09.872+08:00 [09828 info 'Nfc'] Plugin started
2014-03-07T17:55:09.872+08:00 [09828 info 'Ovfmgrsvc'] Plugin started
2014-03-07T17:55:09.872+08:00 [09828 info 'Statssvc'] Starting statssvc plugin
2014-03-07T17:55:09.872+08:00 [10084 info 'Default'] Thread attached
2014-03-07T17:55:09.874+08:00 [10084 info 'Default'] Thread detached
2014-03-07T17:55:10.307+08:00 [10100 info 'Default'] Thread attached
2014-03-07T17:55:10.307+08:00 [10100 info 'ThreadPool'] Thread enlisted
2014-03-07T17:55:27.565+08:00 [10100 verbose 'Proxy Req 00000'] New proxy client SSL(TCPStreamWin32(socket=TCP(fd=1184) local=127.0.0.1:443,  peer=127.0.0.1:53208))
2014-03-07T17:55:27.949+08:00 [04016 info 'Default'] Thread attached
2014-03-07T17:55:30.178+08:00 [04356 info 'Default'] Thread attached
2014-03-07T17:55:49.890+08:00 [09828 info 'SupportsvcPlugin'] PlmCollector initialized
2014-03-07T17:55:49.928+08:00 [09828 info 'SupportsvcPlugin'] Starting regular Collector
2014-03-07T17:55:49.928+08:00 [09828 info 'SupportsvcPlugin'] Plugin started
2014-03-07T17:55:49.929+08:00 [09828 info 'VcsvcPlugin'] Plugin started
2014-03-07T17:55:49.929+08:00 [09828 info 'Default'] Product state has been set: ws, VMware Workstation
2014-03-07T17:55:49.929+08:00 [09828 info 'Dispatcher'] Tag dispatcher configuration : C:\Program Files\VMware\VMware Workstation\dispatcher.xml
2014-03-07T17:55:49.985+08:00 [09828 info 'TagExtractor'] Tag extractor configuration : C:\Program Files\VMware\VMware Workstation\tagExtractor.xml
2014-03-07T17:55:50.007+08:00 [09828 info 'TagExtractor'] Extraction Rules:
2014-03-07T17:55:50.007+08:00 [09828 info 'TagExtractor'] 1: Rule type=[class Hostd::Common::MethodNameBasedTagExtractorRule:0444D7D0], id=rule[NetworkConfigMethodRule], tag=IsNetworkConfig, regex=vim\.dvs\..*|vim\.host\.NetworkSystem\..* - Identifies configuration methods that pertain to networking
2014-03-07T17:55:50.007+08:00 [09828 info 'TagExtractor'] 2: Rule type=[class Hostd::Common::MethodNameBasedTagExtractorRule:0444D868], id=rule[VMFoundryOpRule], tag=IsVMFoundryOp, regex=vim\.VirtualMachine\.(acquireMksTicket|clone|createSecondary|createSnapshot|customize|destroy|disableSecondary|enableSecondary|makePrimary|migrate|mountToolsInstaller|powerOff|powerOn|rebootGuest|reconfigure|reload|reloadFromPath|relocate|removeAllSnapshots|turnOffFaultTolerance|recommendHostsForSecondaryVm|rename|reset|resetGuestInformation|retrieveScreenshot|revertToCurrentSnapshot|revertToSnapshot|screenshot|setScreenResolution|shutdownGuest|standbyGuest|startRecording|startReplaying|stopRecording|stopReplaying|suspend|terminate|terminateFaultTolerantVM|unmountToolsInstaller|unregister|upgradeTools|upgradeVirtualHardware) - Identifies Virtual Machine operations involving foundry
2014-03-07T17:55:50.008+08:00 [09828 info 'TagExtractor'] 3: Rule type=[class Hostd::Common::MethodNameBasedTagExtractorRule:0444D900], id=rule[VMThrottledOpRule], tag=IsVMThrottledOp, regex=vim\.VirtualMachine\.(reconfigure|removeAllShapshots)|vim.folder.createVM|vim.host.LowLevelProvisioningManager.(createVM|reconfigVM|consolidateDisks)|vim.vm.Snapshot.remove - Identifies Virtual Machine operations that needs additional throttling
2014-03-07T17:55:50.008+08:00 [09828 verbose 'Default'] Scheduling pre-initialization queue - 1 items
2014-03-07T17:55:50.008+08:00 [09828 info 'Default'] Win32 service running
2014-03-07T17:55:50.008+08:00 [09828 info 'Default'] ServiceControlCodes handling enabled
2014-03-07T17:55:50.009+08:00 [09828 verbose 'Default'] No upgrade required.
2014-03-07T17:55:50.011+08:00 [09828 verbose 'Default'] Running AutoPowerOn task...
2014-03-07T17:55:50.025+08:00 [09708 info 'Default'] Thread attached
2014-03-07T17:55:50.025+08:00 [09708 info 'ThreadPool'] Thread enlisted
2014-03-07T17:55:50.026+08:00 [10040 info 'Default'] Thread attached
2014-03-07T17:55:50.026+08:00 [10040 info 'ThreadPool'] Thread enlisted
2014-03-07T17:55:50.031+08:00 [09828 info 'Default'] BEGIN SERVICES
2014-03-07T17:55:50.039+08:00 [10100 verbose 'Locale'] Default resource used for 'AboutInfo.ws.localeBuild' expected in module 'default'.
2014-03-07T17:55:50.067+08:00 [10100 error 'SoapAdapter.HTTPService.HttpConnection'] Connection lost while waiting for the next request on stream TCPStreamWin32(socket=TCP(fd=1120) local=[::1]:8307,  peer=[::1]:53214): class Vmacore::SystemException(您的主机中的软件中止了一个已建立的连接。 )
2014-03-07T17:55:50.162+08:00 [09828 info 'ha-eventmgr'] Event 1 : VMware Host Agent started on host raoliang.
2014-03-07T17:55:50.162+08:00 [09828 verbose 'PropertyProvider'] RecordOp ASSIGN: latestEvent, ha-eventmgr
2014-03-07T17:55:50.162+08:00 [09828 info 'ThreadPool'] Thread enlisted
2014-03-07T17:56:01.104+08:00 [02428 info 'Default'] Thread attached
2014-03-07T17:56:16.875+08:00 [09820 info 'Default'] Thread detached
2014-03-07T17:56:30.177+08:00 [08024 info 'Default'] Thread attached
2014-03-07T17:57:37.178+08:00 [04356 info 'Default'] Thread detached
2014-03-07T17:57:37.179+08:00 [08024 info 'Default'] Thread detached
2014-03-07T17:58:30.265+08:00 [09844 info 'Default'] Thread detached
2014-03-07T18:00:27.950+08:00 [04016 info 'Default'] Thread detached
2014-03-07T18:01:10.582+08:00 [04648 info 'Default'] Thread attached
2014-03-07T18:02:17.582+08:00 [09824 info 'Default'] Thread detached
2014-03-07T18:05:09.855+08:00 [10040 verbose 'Default'] Validating permission users and groups
2014-03-07T18:05:39.883+08:00 [06840 info 'Default'] Thread attached
2014-03-07T18:05:39.884+08:00 [06868 info 'Default'] Thread attached
2014-03-07T18:06:46.885+08:00 [06840 info 'Default'] Thread detached
2014-03-07T18:06:46.885+08:00 [04648 info 'Default'] Thread detached
2014-03-07T18:18:21.271+08:00 [10072 info 'USBDeviceManager'] USBLibGlueDeviceChange
2014-03-07T18:18:21.611+08:00 [10072 info 'USBDeviceManager'] USBLibGlueDeviceChange
2014-03-07T18:18:22.212+08:00 [10072 info 'USBDeviceManager'] USBLibGlueDeviceChange
2014-03-07T18:18:25.245+08:00 [10072 info 'USBDeviceManager'] USBLibGlueDeviceChange
2014-03-07T18:19:15.282+08:00 [10072 info 'USBDeviceManager'] USBLibGlueDeviceChange
2014-03-07T18:19:15.883+08:00 [10072 info 'USBDeviceManager'] USBLibGlueDeviceChange
2014-03-07T18:19:17.384+08:00 [10072 info 'USBDeviceManager'] USBLibGlueDeviceChange
2014-03-07T18:25:50.068+08:00 [09828 verbose 'Default'] CloseSession called for session id=e610da86-ae72-43a4-2004-5c384aa4a8c2
2014-03-07T18:30:00.453+08:00 [10072 info 'USBDeviceManager'] USBLibGlueDeviceChange
2014-03-07T18:30:01.065+08:00 [10072 info 'USBDeviceManager'] USBLibGlueDeviceChange
2014-03-07T18:30:02.550+08:00 [10072 info 'USBDeviceManager'] USBLibGlueDeviceChange
2014-03-07T18:33:39.102+08:00 [10072 info 'USBDeviceManager'] USBLibGlueDeviceChange
2014-03-07T18:33:39.704+08:00 [10072 info 'USBDeviceManager'] USBLibGlueDeviceChange
2014-03-07T18:33:40.596+08:00 [10072 info 'USBDeviceManager'] USBLibGlueDeviceChange
2014-03-07T18:34:52.525+08:00 [10072 info 'USBDeviceManager'] USBLibGlueDeviceChange
2014-03-07T18:34:53.126+08:00 [10072 info 'USBDeviceManager'] USBLibGlueDeviceChange
2014-03-07T18:34:54.605+08:00 [10072 info 'USBDeviceManager'] USBLibGlueDeviceChange
2014-03-07T18:43:37.772+08:00 [10072 info 'USBDeviceManager'] USBLibGlueDeviceChange
2014-03-07T18:43:38.373+08:00 [10072 info 'USBDeviceManager'] USBLibGlueDeviceChange
2014-03-07T18:43:39.957+08:00 [10072 info 'USBDeviceManager'] USBLibGlueDeviceChange
2014-03-07T19:13:40.703+08:00 [10072 info 'USBDeviceManager'] USBLibGlueDeviceChange
2014-03-07T19:13:41.304+08:00 [10072 info 'USBDeviceManager'] USBLibGlueDeviceChange
2014-03-07T19:13:42.452+08:00 [10072 info 'USBDeviceManager'] USBLibGlueDeviceChange
2014-03-07T19:19:15.859+08:00 [10072 info 'USBDeviceManager'] USBLibGlueDeviceChange
2014-03-07T19:19:16.460+08:00 [10072 info 'USBDeviceManager'] USBLibGlueDeviceChange
2014-03-07T19:19:17.528+08:00 [10072 info 'USBDeviceManager'] USBLibGlueDeviceChange
2014-03-07T19:19:30.779+08:00 [10072 info 'USBDeviceManager'] USBLibGlueDeviceChange
2014-03-07T19:19:31.380+08:00 [10072 info 'USBDeviceManager'] USBLibGlueDeviceChange
2014-03-07T19:19:32.533+08:00 [10072 info 'USBDeviceManager'] USBLibGlueDeviceChange
2014-03-07T19:19:43.389+08:00 [10072 info 'USBDeviceManager'] USBLibGlueDeviceChange
2014-03-07T19:19:43.992+08:00 [10072 info 'USBDeviceManager'] USBLibGlueDeviceChange
2014-03-07T19:19:45.534+08:00 [10072 info 'USBDeviceManager'] USBLibGlueDeviceChange
2014-03-07T19:22:49.501+08:00 [10072 info 'USBDeviceManager'] USBLibGlueDeviceChange
2014-03-07T19:22:50.102+08:00 [10072 info 'USBDeviceManager'] USBLibGlueDeviceChange
2014-03-07T19:22:51.584+08:00 [10072 info 'USBDeviceManager'] USBLibGlueDeviceChange
2014-03-07T19:35:20.321+08:00 [10072 info 'USBDeviceManager'] USBLibGlueDeviceChange
2014-03-07T19:35:20.922+08:00 [10072 info 'USBDeviceManager'] USBLibGlueDeviceChange
2014-03-07T19:35:21.893+08:00 [10072 info 'USBDeviceManager'] USBLibGlueDeviceChange
2014-03-07T19:39:44.463+08:00 [06828 info 'Default'] Thread attached
2014-03-07T19:39:44.463+08:00 [09812 verbose 'Default'] Win32 service control: SERVICE_CONTROL_PRESHUTDOWN
2014-03-07T19:39:44.463+08:00 [09812 info 'Default'] Win32 service stopping
2014-03-07T19:39:44.463+08:00 [09980 info 'ThreadPool'] Thread enlisted
2014-03-07T19:39:44.463+08:00 [09980 verbose 'Default'] Running AutoPowerOff task...
2014-03-07T19:39:44.463+08:00 [09980 info 'ThreadPool'] Thread delisted
2014-03-07T19:39:44.463+08:00 [09980 info 'ThreadPool'] Thread delisted
2014-03-07T19:39:44.463+08:00 [09832 info 'ThreadPool'] Thread delisted
2014-03-07T19:39:44.463+08:00 [09980 info 'Default'] Thread detached
2014-03-07T19:39:44.463+08:00 [09832 info 'Default'] Thread detached
2014-03-07T19:39:44.463+08:00 [09992 info 'Default'] Thread detached
2014-03-07T19:39:44.463+08:00 [09828 info 'ThreadPool'] Thread delisted
2014-03-07T19:39:44.463+08:00 [09828 info 'ha-eventmgr'] Event 2 : VMware Host Agent stopped on host raoliang.
2014-03-07T19:39:44.463+08:00 [09828 verbose 'PropertyProvider'] RecordOp ASSIGN: latestEvent, ha-eventmgr
2014-03-07T19:39:44.463+08:00 [09828 info 'Default'] END SERVICES
2014-03-07T19:39:44.463+08:00 [09708 info 'ThreadPool'] Thread delisted
2014-03-07T19:39:44.463+08:00 [09708 info 'Default'] Thread detached
2014-03-07T19:39:44.463+08:00 [10040 info 'ThreadPool'] Thread delisted
2014-03-07T19:39:44.463+08:00 [10040 info 'Default'] Thread detached
2014-03-07T19:39:44.463+08:00 [10100 info 'ThreadPool'] Thread delisted
2014-03-07T19:39:44.463+08:00 [10100 info 'Default'] Thread detached
2014-03-07T19:39:44.463+08:00 [10068 info 'ThreadPool'] Thread delisted
2014-03-07T19:39:44.463+08:00 [10068 info 'Default'] Thread detached
2014-03-07T19:39:44.509+08:00 [09828 verbose 'DatastoreSystem'] Stop called
2014-03-07T19:39:44.556+08:00 [09828 info 'HostsvcPlugin'] Plugin stopped
2014-03-07T19:39:44.556+08:00 [09828 info 'InternalServiceInstance'] Shutting down service
2014-03-07T19:39:44.556+08:00 [09828 info 'InternalsvcPlugin'] Plugin stopped
2014-03-07T19:39:44.556+08:00 [09828 info 'Nfc'] Plugin stopped
2014-03-07T19:39:44.556+08:00 [09828 info 'Ovfmgrsvc'] Plugin stopping
2014-03-07T19:39:44.556+08:00 [09828 info 'Ovfmgrsvc'] Plugin stopped
2014-03-07T19:39:44.556+08:00 [09828 info 'Proxysvc'] Stopped Proxy service
2014-03-07T19:39:44.556+08:00 [09828 info 'Proxysvc'] Proxy service stopped.
2014-03-07T19:39:44.556+08:00 [09828 info 'Proxysvc'] Plugin stopped
2014-03-07T19:39:44.556+08:00 [09828 verbose 'HttpSvc.HTTPService'] Stopped HTTP service
2014-03-07T19:39:44.556+08:00 [09828 info 'Solo'] Plugin stopped
2014-03-07T19:39:44.556+08:00 [09828 info 'Statssvc'] Stopping stassvc plugin
2014-03-07T19:39:44.556+08:00 [08268 info 'Default'] Thread attached
2014-03-07T19:39:44.572+08:00 [09828 info 'SupportsvcPlugin'] Plugin stopped
2014-03-07T19:39:44.572+08:00 [09828 info 'Vmsvc'] VM Services Plugin stopping
2014-03-07T19:39:44.572+08:00 [09828 info 'Vmsvc'] VM Services Plugin stopped
2014-03-07T19:39:44.572+08:00 [09828 verbose 'VcsvcPlugin'] Plugin stopped
2014-03-07T19:39:44.572+08:00 [09828 info 'Vimsvc'] Stopping vimsvc plugin
2014-03-07T19:39:44.572+08:00 [09828 info 'ThreadPool'] Thread delisted
2014-03-07T19:39:44.572+08:00 [09828 info 'Default'] Win32 service stopped
2014-03-07T19:39:44.572+08:00 [09828 info 'Default'] Thread detached
