import  : 13-11-29 22:08:51 |3208| Auto Upload Sample
import  : 13-11-29 22:09:49 |4708| LocDetTime, CalcSignTime:15, ScanLocTime:0
import  : 13-11-29 22:09:49 |5012| Asyn Net Detect TimeCost:124, FileCount:1
import  : 13-11-29 22:09:50 |4712| LocDetTime, CalcSignTime:16, ScanLocTime:0
import  : 13-11-29 22:09:50 |5012| Asyn Net Detect TimeCost:93, FileCount:1
import  : 13-11-29 22:10:32 |4716| LocDetTime, CalcSignTime:0, ScanLocTime:0
import  : 13-11-29 22:10:32 |5012| Asyn Net Detect TimeCost:390, FileCount:1
import  : 13-11-29 22:10:44 |4720| LocDetTime, CalcSignTime:0, ScanLocTime:0
import  : 13-11-29 22:10:45 |5012| Asyn Net Detect TimeCost:390, FileCount:1
import  : 13-11-29 22:10:49 |4736| LocDetTime, CalcSignTime:0, ScanLocTime:0
import  : 13-11-29 22:10:50 |5012| Asyn Net Detect TimeCost:390, FileCount:1
import  : 13-11-29 22:10:53 |4732| LocDetTime, CalcSignTime:0, ScanLocTime:0
import  : 13-11-29 22:10:54 |5012| Asyn Net Detect TimeCost:406, FileCount:1
import  : 13-11-29 22:11:37 |4744| LocDetTime, CalcSignTime:15, ScanLocTime:0
import  : 13-11-29 22:11:37 |5012| Asyn Net Detect TimeCost:406, FileCount:1
import  : 13-11-29 22:11:43 |4740| LocDetTime, CalcSignTime:0, ScanLocTime:0
import  : 13-11-29 22:11:44 |5012| Asyn Net Detect TimeCost:405, FileCount:1
error   : 13-11-29 22:11:52 |4788| [TIMEOUT] httpclient: result:0, timecost:1.29s, name-lookup-time:0.00s, conn-time:0.03s, url:http://cu004.www.duba.net/kcs/kfsg/fsgs/kswfsign3, total size:0, send size:0, receive size:1706871
import  : 13-11-29 22:11:52 |4788| download top white, Result:0
import  : 13-11-29 22:11:52 |4788| unzip top white data, Result:0
import  : 13-11-29 22:11:52 |4788| download top white succeed
error   : 13-11-29 22:11:54 |4788| [TIMEOUT] httpclient: result:0, timecost:1.34s, name-lookup-time:1.29s, conn-time:1.33s, url:http://fsigns.duba.net/df/fm, total size:0, send size:0, receive size:662
import  : 13-11-29 22:11:54 |4788| start false fsg
error   : 13-11-29 22:11:55 |4788| [TIMEOUT] httpclient: result:0, timecost:1.03s, name-lookup-time:0.00s, conn-time:0.02s, url:http://fsigns.duba.net/df/libs/180, total size:0, send size:0, receive size:1072904
import  : 13-11-29 22:11:56 |4788| false succeed, OldVersion:130721017, NewVersion:131129021
import  : 13-11-29 22:11:56 |4788| start Update Apptype fsg
import  : 13-11-29 22:11:57 |4788| update apptype succeed, OldVersion:130715016, NewVersion:131125017
import  : 13-11-29 22:11:57 |4788| Delay 30min Upload Loc White Sign
import  : 13-11-29 22:12:40 |4748| LocDetTime, CalcSignTime:16, ScanLocTime:0
import  : 13-11-29 22:12:40 |5012| Asyn Net Detect TimeCost:390, FileCount:1
import  : 13-11-29 22:12:40 |4752| LocDetTime, CalcSignTime:0, ScanLocTime:0
import  : 13-11-29 22:12:41 |5012| Asyn Net Detect TimeCost:405, FileCount:1
import  : 13-11-29 22:12:41 |4712| LocDetTime, CalcSignTime:31, ScanLocTime:0
import  : 13-11-29 22:12:41 |5012| Asyn Net Detect TimeCost:390, FileCount:1
import  : 13-11-29 22:12:41 |4720| LocDetTime, CalcSignTime:16, ScanLocTime:0
import  : 13-11-29 22:12:42 |5012| Asyn Net Detect TimeCost:390, FileCount:1
import  : 13-11-29 22:12:42 |4728| LocDetTime, CalcSignTime:16, ScanLocTime:0
import  : 13-11-29 22:12:43 |5012| Asyn Net Detect TimeCost:390, FileCount:1
import  : 13-11-29 22:13:17 |4708| LocDetTime, CalcSignTime:31, ScanLocTime:0
import  : 13-11-29 22:13:17 |5012| Asyn Net Detect TimeCost:406, FileCount:1
import  : 13-11-29 22:13:19 |4720| LocDetTime, CalcSignTime:0, ScanLocTime:0
import  : 13-11-29 22:13:19 |5012| Asyn Net Detect TimeCost:93, FileCount:1
import  : 13-11-29 22:14:28 |4732| LocDetTime, CalcSignTime:0, ScanLocTime:15
import  : 13-11-29 22:14:57 |4788| Delay 30min Upload Loc White Sign
import  : 13-11-29 22:17:29 |4748| LocDetTime, CalcSignTime:0, ScanLocTime:16
import  : 13-11-29 22:17:29 |5012| Asyn Net Detect TimeCost:202, FileCount:1
import  : 13-11-29 22:17:40 |4712| LocDetTime, CalcSignTime:0, ScanLocTime:0
import  : 13-11-29 22:17:48 |4716| LocDetTime, CalcSignTime:0, ScanLocTime:0
import  : 13-11-29 22:17:48 |5012| Asyn Net Detect TimeCost:93, FileCount:1
import  : 13-11-29 22:17:58 |4788| Delay 30min Upload Loc White Sign
import  : 13-11-29 22:29:28 | 732| Auto Upload Sample
import  : 13-11-29 22:29:28 |2100| Delay 30min Upload Loc White Sign
import  : 13-11-29 22:29:30 |2696| LocDetTime, CalcSignTime:0, ScanLocTime:0
import  : 13-11-29 22:29:46 |2472| LocDetTime, CalcSignTime:0, ScanLocTime:0
import  : 13-11-29 22:29:48 |3140| LocDetTime, CalcSignTime:0, ScanLocTime:0
import  : 13-11-29 22:29:57 |1704| LocDetTime, CalcSignTime:0, ScanLocTime:0
import  : 13-11-29 22:30:10 |1892| LocDetTime, CalcSignTime:0, ScanLocTime:0
import  : 13-11-29 22:30:20 |3700| LocDetTime, CalcSignTime:0, ScanLocTime:0
import  : 13-11-29 22:30:40 |3604| LocDetTime, CalcSignTime:0, ScanLocTime:0
import  : 13-11-29 22:30:40 |1936| Asyn Net Detect TimeCost:281, FileCount:1
import  : 13-11-29 22:30:46 |1408| LocDetTime, CalcSignTime:0, ScanLocTime:0
import  : 13-11-29 22:31:03 |2696| LocDetTime, CalcSignTime:0, ScanLocTime:0
import  : 13-11-29 22:31:12 |2472| LocDetTime, CalcSignTime:0, ScanLocTime:0
error   : 13-11-29 22:31:12 |1936| Sample Upload: File is Too Big
import  : 13-11-29 22:31:12 |1936| Asyn Net Detect TimeCost:265, FileCount:1
import  : 13-11-29 22:31:28 |3140| LocDetTime, CalcSignTime:16, ScanLocTime:0
import  : 13-11-29 22:31:57 |3264| LocDetTime, CalcSignTime:15, ScanLocTime:0
import  : 13-11-29 22:31:57 |1704| LocDetTime, CalcSignTime:0, ScanLocTime:0
import  : 13-11-29 22:31:57 |3308| LocDetTime, CalcSignTime:0, ScanLocTime:0
import  : 13-11-29 22:31:57 | 652| LocDetTime, CalcSignTime:0, ScanLocTime:0
import  : 13-11-29 22:31:58 |2696| LocDetTime, CalcSignTime:0, ScanLocTime:0
import  : 13-11-29 22:31:59 |2472| LocDetTime, CalcSignTime:0, ScanLocTime:0
import  : 13-11-29 22:31:59 |1936| Asyn Net Detect TimeCost:266, FileCount:1
import  : 13-11-29 22:32:24 |2608| LocDetTime, CalcSignTime:15, ScanLocTime:0
import  : 13-11-29 22:32:24 |1936| Asyn Net Detect TimeCost:266, FileCount:1
import  : 13-11-29 22:32:26 |1892| LocDetTime, CalcSignTime:124, ScanLocTime:0
error   : 13-11-29 22:32:37 |2100| [TIMEOUT] httpclient: result:0, timecost:2.42s, name-lookup-time:2.11s, conn-time:2.22s, url:http://cr.file.cloud.duba.net/r, total size:125, send size:125, receive size:2
import  : 13-11-29 22:32:37 |2100| Delay 30min Upload Loc White Sign
import  : 13-11-29 22:33:03 |1704| LocDetTime, CalcSignTime:47, ScanLocTime:0
import  : 13-11-29 22:33:03 |1936| Asyn Net Detect TimeCost:94, FileCount:1
import  : 13-11-29 22:33:21 |3308| LocDetTime, CalcSignTime:15, ScanLocTime:0
import  : 13-11-29 22:33:21 |1936| Asyn Net Detect TimeCost:94, FileCount:1
import  : 13-11-29 22:33:35 |3604| LocDetTime, CalcSignTime:47, ScanLocTime:0
import  : 13-11-29 22:33:35 |1936| Asyn Net Detect TimeCost:93, FileCount:1
import  : 13-11-29 22:34:21 |2472| LocDetTime, CalcSignTime:0, ScanLocTime:31
import  : 13-11-29 22:34:22 |3140| LocDetTime, CalcSignTime:32, ScanLocTime:31
import  : 13-11-29 22:34:22 |1936| Asyn Net Detect TimeCost:93, FileCount:1
import  : 13-11-29 22:35:38 |2100| Delay 30min Upload Loc White Sign
import  : 13-11-29 22:36:13 |2472| LocDetTime, CalcSignTime:16, ScanLocTime:0
import  : 13-11-29 22:36:34 |1704| LocDetTime, CalcSignTime:0, ScanLocTime:15
import  : 13-11-29 22:36:34 |1936| Asyn Net Detect TimeCost:78, FileCount:1
import  : 13-11-29 22:37:01 |3308| LocDetTime, CalcSignTime:16, ScanLocTime:46
import  : 13-11-29 22:37:01 |1936| Asyn Net Detect TimeCost:110, FileCount:1
import  : 13-11-29 22:37:02 |3700| LocDetTime, CalcSignTime:16, ScanLocTime:15
import  : 13-11-29 22:37:02 |1936| Asyn Net Detect TimeCost:234, FileCount:1
import  : 13-11-29 22:38:38 |2100| Delay 30min Upload Loc White Sign
import  : 13-11-29 22:39:32 |4224| Auto Upload Sample
import  : 13-11-29 22:39:33 |4020| Delay 30min Upload Loc White Sign
import  : 13-11-29 22:39:40 | 192| LocDetTime, CalcSignTime:15, ScanLocTime:0
import  : 13-11-29 22:41:21 |3536| LocDetTime, CalcSignTime:0, ScanLocTime:0
import  : 13-11-29 22:42:33 |4020| Delay 30min Upload Loc White Sign
import  : 13-11-29 22:44:05 |3240| LocDetTime, CalcSignTime:0, ScanLocTime:0
import  : 13-11-29 22:44:21 |3536| LocDetTime, CalcSignTime:16, ScanLocTime:0
import  : 13-11-29 22:44:22 |6052| Asyn Net Detect TimeCost:140, FileCount:1
import  : 13-11-29 22:44:49 |5384| LocDetTime, CalcSignTime:31, ScanLocTime:0
import  : 13-11-29 22:44:49 |6052| Asyn Net Detect TimeCost:78, FileCount:1
import  : 13-11-29 22:44:52 | 192| LocDetTime, CalcSignTime:0, ScanLocTime:0
import  : 13-11-29 22:44:52 |6052| Asyn Net Detect TimeCost:94, FileCount:1
import  : 13-11-29 22:44:55 |5796| LocDetTime, CalcSignTime:47, ScanLocTime:0
import  : 13-11-29 22:45:33 |4020| Delay 30min Upload Loc White Sign
import  : 13-11-29 22:45:59 |3536| LocDetTime, CalcSignTime:16, ScanLocTime:0
import  : 13-11-29 22:45:59 |6052| Asyn Net Detect TimeCost:78, FileCount:1
import  : 13-11-29 22:45:59 |3940| LocDetTime, CalcSignTime:0, ScanLocTime:0
import  : 13-11-29 22:46:00 |5792| LocDetTime, CalcSignTime:0, ScanLocTime:0
import  : 13-11-29 22:46:00 |6052| Asyn Net Detect TimeCost:78, FileCount:1
import  : 13-11-29 22:46:00 |4284| LocDetTime, CalcSignTime:15, ScanLocTime:0
import  : 13-11-29 22:46:01 |5596| LocDetTime, CalcSignTime:15, ScanLocTime:0
import  : 13-11-29 22:46:01 | 192| LocDetTime, CalcSignTime:0, ScanLocTime:0
import  : 13-11-29 22:46:02 |5796| LocDetTime, CalcSignTime:0, ScanLocTime:0
import  : 13-11-29 22:46:54 |5796| LocDetTime, CalcSignTime:15, ScanLocTime:0
import  : 13-11-29 22:46:54 |6052| Asyn Net Detect TimeCost:78, FileCount:1
import  : 13-11-29 22:47:24 |5808| LocDetTime, CalcSignTime:0, ScanLocTime:0
import  : 13-11-29 22:47:24 |6052| Asyn Net Detect TimeCost:202, FileCount:1
import  : 13-11-29 22:47:24 |1100| LocDetTime, CalcSignTime:31, ScanLocTime:0
import  : 13-11-29 22:47:24 |6052| Asyn Net Detect TimeCost:188, FileCount:1
import  : 13-11-29 22:48:04 |6108| LocDetTime, CalcSignTime:0, ScanLocTime:0
import  : 13-11-29 22:48:04 |6052| Asyn Net Detect TimeCost:187, FileCount:1
import  : 13-11-29 22:48:06 |3536| LocDetTime, CalcSignTime:0, ScanLocTime:0
import  : 13-11-29 22:48:06 |6052| Asyn Net Detect TimeCost:203, FileCount:1
import  : 13-11-29 22:48:12 |4284| LocDetTime, CalcSignTime:0, ScanLocTime:0
import  : 13-11-29 22:48:12 |6052| Asyn Net Detect TimeCost:203, FileCount:1
import  : 13-11-29 22:48:14 |5384| LocDetTime, CalcSignTime:0, ScanLocTime:0
import  : 13-11-29 22:48:37 |4020| Delay 30min Upload Loc White Sign
import  : 13-11-29 22:48:38 |3240| LocDetTime, CalcSignTime:16, ScanLocTime:0
import  : 13-11-29 22:49:39 |4284| LocDetTime, CalcSignTime:0, ScanLocTime:0
import  : 13-11-29 22:50:54 |1100| LocDetTime, CalcSignTime:62, ScanLocTime:0
import  : 13-11-29 22:51:07 |3240| LocDetTime, CalcSignTime:31, ScanLocTime:0
import  : 13-11-29 22:51:07 |6052| Asyn Net Detect TimeCost:94, FileCount:1
import  : 13-11-29 22:51:37 |4020| Delay 30min Upload Loc White Sign
import  : 13-11-29 22:53:20 | 192| LocDetTime, CalcSignTime:16, ScanLocTime:15
import  : 13-11-29 22:53:20 |6052| Asyn Net Detect TimeCost:203, FileCount:1
import  : 13-11-29 22:54:38 |4020| Delay 30min Upload Loc White Sign
import  : 13-11-29 22:56:51 |3240| LocDetTime, CalcSignTime:0, ScanLocTime:15
import  : 13-11-29 22:56:51 |6052| Asyn Net Detect TimeCost:203, FileCount:1
import  : 13-11-29 22:56:52 |6108| LocDetTime, CalcSignTime:0, ScanLocTime:0
import  : 13-11-29 22:56:59 |3940| LocDetTime, CalcSignTime:0, ScanLocTime:0
import  : 13-11-29 22:57:04 |5792| LocDetTime, CalcSignTime:0, ScanLocTime:46
error   : 13-11-29 22:57:38 |4020| Upload Loc White Sign Succeed
import  : 13-11-29 22:58:05 |5796| LocDetTime, CalcSignTime:31, ScanLocTime:0
import  : 13-11-29 22:58:06 |1100| LocDetTime, CalcSignTime:16, ScanLocTime:0
import  : 13-11-29 22:58:37 |3240| LocDetTime, CalcSignTime:15, ScanLocTime:0
import  : 13-11-29 22:58:47 |3536| LocDetTime, CalcSignTime:0, ScanLocTime:63
import  : 13-11-29 22:58:48 |3940| LocDetTime, CalcSignTime:0, ScanLocTime:47
import  : 13-11-29 22:58:56 |5792| LocDetTime, CalcSignTime:0, ScanLocTime:0
import  : 13-11-29 22:59:09 |5384| LocDetTime, CalcSignTime:16, ScanLocTime:0
import  : 13-11-29 22:59:12 | 192| LocDetTime, CalcSignTime:16, ScanLocTime:15
import  : 13-11-29 22:59:24 |1100| LocDetTime, CalcSignTime:16, ScanLocTime:0
import  : 13-11-29 22:59:35 |1100| LocDetTime, CalcSignTime:109, ScanLocTime:47
import  : 13-11-29 22:59:40 |4284| LocDetTime, CalcSignTime:141, ScanLocTime:0
import  : 13-11-29 22:59:57 |1100| LocDetTime, CalcSignTime:0, ScanLocTime:16
import  : 13-11-29 23:00:04 |3536| LocDetTime, CalcSignTime:0, ScanLocTime:32
import  : 13-11-29 23:00:38 |5596| LocDetTime, CalcSignTime:16, ScanLocTime:0
import  : 13-11-29 23:00:45 | 192| LocDetTime, CalcSignTime:0, ScanLocTime:16
import  : 13-11-29 23:01:00 |3536| LocDetTime, CalcSignTime:16, ScanLocTime:0
import  : 13-11-29 23:01:00 |3940| LocDetTime, CalcSignTime:0, ScanLocTime:0
import  : 13-11-29 23:03:59 |3376| Auto Upload Sample
import  : 13-11-29 23:04:20 |5288| LocDetTime, CalcSignTime:0, ScanLocTime:31
import  : 13-11-29 23:04:29 |5292| LocDetTime, CalcSignTime:0, ScanLocTime:0
import  : 13-11-29 23:04:34 |5296| LocDetTime, CalcSignTime:78, ScanLocTime:47
import  : 13-11-29 23:04:34 |5760| Asyn Net Detect TimeCost:281, FileCount:1
import  : 13-11-29 23:04:56 |5308| LocDetTime, CalcSignTime:0, ScanLocTime:0
import  : 13-11-29 23:04:56 |5760| Asyn Net Detect TimeCost:234, FileCount:1
import  : 13-11-29 23:04:59 |5300| LocDetTime, CalcSignTime:16, ScanLocTime:0
import  : 13-11-29 23:05:01 |5312| LocDetTime, CalcSignTime:0, ScanLocTime:0
import  : 13-11-29 23:05:09 |5280| LocDetTime, CalcSignTime:16, ScanLocTime:0
import  : 13-11-29 23:05:18 |5276| LocDetTime, CalcSignTime:16, ScanLocTime:0
import  : 13-11-29 23:05:46 |5296| LocDetTime, CalcSignTime:0, ScanLocTime:0
import  : 13-11-29 23:06:08 |5300| LocDetTime, CalcSignTime:0, ScanLocTime:0
import  : 13-11-29 23:06:47 |5312| LocDetTime, CalcSignTime:0, ScanLocTime:0
import  : 13-11-29 23:07:00 |5348| Delay 30min Upload Loc White Sign
import  : 13-11-29 23:07:02 |5268| LocDetTime, CalcSignTime:0, ScanLocTime:0
import  : 13-11-29 23:07:35 |5284| LocDetTime, CalcSignTime:47, ScanLocTime:0
import  : 13-11-29 23:07:35 |5276| LocDetTime, CalcSignTime:0, ScanLocTime:0
import  : 13-11-29 23:07:35 |5292| LocDetTime, CalcSignTime:47, ScanLocTime:0
import  : 13-11-29 23:07:35 |5304| LocDetTime, CalcSignTime:0, ScanLocTime:0
import  : 13-11-29 23:08:31 |5272| LocDetTime, CalcSignTime:31, ScanLocTime:0
import  : 13-11-29 23:08:33 |5284| LocDetTime, CalcSignTime:31, ScanLocTime:0
import  : 13-11-29 23:08:39 |5292| LocDetTime, CalcSignTime:31, ScanLocTime:0
import  : 13-11-29 23:10:00 |5348| Delay 30min Upload Loc White Sign
import  : 13-11-29 23:10:47 |5280| LocDetTime, CalcSignTime:0, ScanLocTime:0
import  : 13-11-29 23:11:01 |5292| LocDetTime, CalcSignTime:0, ScanLocTime:0
import  : 13-11-29 23:11:02 |5760| Asyn Net Detect TimeCost:218, FileCount:1
import  : 13-11-29 23:11:03 |5296| LocDetTime, CalcSignTime:0, ScanLocTime:0
import  : 13-11-29 23:11:18 |5304| LocDetTime, CalcSignTime:0, ScanLocTime:0
import  : 13-11-29 23:11:18 |5760| Asyn Net Detect TimeCost:219, FileCount:1
import  : 13-11-29 23:12:08 |5268| LocDetTime, CalcSignTime:0, ScanLocTime:0
import  : 13-11-29 23:12:39 |5280| LocDetTime, CalcSignTime:0, ScanLocTime:0
import  : 13-11-29 23:12:42 |5276| LocDetTime, CalcSignTime:15, ScanLocTime:0
import  : 13-11-29 23:12:48 |5292| LocDetTime, CalcSignTime:0, ScanLocTime:0
import  : 13-11-29 23:13:00 |5348| Delay 30min Upload Loc White Sign
import  : 13-11-29 23:13:11 |5296| LocDetTime, CalcSignTime:0, ScanLocTime:0
import  : 13-11-29 23:13:11 |5760| Asyn Net Detect TimeCost:281, FileCount:1
import  : 13-11-29 23:13:15 |5308| LocDetTime, CalcSignTime:15, ScanLocTime:0
import  : 13-11-29 23:13:21 |5312| LocDetTime, CalcSignTime:0, ScanLocTime:0
import  : 13-11-29 23:13:27 |5272| LocDetTime, CalcSignTime:0, ScanLocTime:0
import  : 13-11-29 23:13:27 |5760| Asyn Net Detect TimeCost:93, FileCount:1
import  : 13-11-29 23:13:56 |5288| LocDetTime, CalcSignTime:15, ScanLocTime:0
import  : 13-11-29 23:13:56 |5292| LocDetTime, CalcSignTime:0, ScanLocTime:0
import  : 13-11-29 23:14:20 |5296| LocDetTime, CalcSignTime:0, ScanLocTime:78
import  : 13-11-29 23:14:23 |5300| LocDetTime, CalcSignTime:0, ScanLocTime:15
import  : 13-11-29 23:14:26 |5288| LocDetTime, CalcSignTime:0, ScanLocTime:125
import  : 13-11-29 23:15:24 |5296| LocDetTime, CalcSignTime:0, ScanLocTime:31
import  : 13-11-29 23:16:00 |5348| Delay 30min Upload Loc White Sign
import  : 13-11-29 23:16:36 |5276| LocDetTime, CalcSignTime:62, ScanLocTime:31
import  : 13-11-29 23:16:36 |5760| Asyn Net Detect TimeCost:156, FileCount:1
import  : 13-11-29 23:16:54 |5296| LocDetTime, CalcSignTime:62, ScanLocTime:16
import  : 13-11-29 23:17:02 |5292| LocDetTime, CalcSignTime:0, ScanLocTime:16
import  : 13-11-29 23:17:02 |5760| Asyn Net Detect TimeCost:78, FileCount:1
import  : 13-11-29 23:17:04 |5304| LocDetTime, CalcSignTime:0, ScanLocTime:63
import  : 13-11-29 23:17:05 |5308| LocDetTime, CalcSignTime:0, ScanLocTime:63
import  : 13-11-29 23:17:07 |5300| LocDetTime, CalcSignTime:0, ScanLocTime:78
error   : 13-11-29 23:17:07 |5760| NetDetect Result: Result:0, ServerCode:0, Status:3, AppType:0, VirusName:Win32.Troj.Generic_a.a.(kcloud), RealFileName:F:\myapp\cgminer-3.2.2-windows\cgminer.exe
import  : 13-11-29 23:17:07 |5760| Asyn Net Detect TimeCost:125, FileCount:1
import  : 13-11-29 23:17:10 |5312| LocDetTime, CalcSignTime:0, ScanLocTime:0
import  : 13-11-29 23:19:02 |5348| Delay 30min Upload Loc White Sign
import  : 13-11-29 23:19:55 |5280| LocDetTime, CalcSignTime:0, ScanLocTime:15
import  : 13-11-29 23:19:55 |5760| Asyn Net Detect TimeCost:172, FileCount:1
import  : 13-11-29 23:19:58 |5296| LocDetTime, CalcSignTime:0, ScanLocTime:16
import  : 13-11-29 23:20:40 |5280| LocDetTime, CalcSignTime:0, ScanLocTime:47
import  : 13-11-29 23:20:49 |5288| LocDetTime, CalcSignTime:16, ScanLocTime:62
import  : 13-11-29 23:20:50 |5292| LocDetTime, CalcSignTime:0, ScanLocTime:16
import  : 13-11-29 23:22:02 |5348| Delay 30min Upload Loc White Sign
import  : 13-11-29 23:22:33 |5312| LocDetTime, CalcSignTime:63, ScanLocTime:0
import  : 13-11-29 23:23:12 |5288| LocDetTime, CalcSignTime:93, ScanLocTime:16
import  : 13-11-29 23:23:14 |5292| LocDetTime, CalcSignTime:0, ScanLocTime:16
import  : 13-11-29 23:24:52 |5288| LocDetTime, CalcSignTime:31, ScanLocTime:47
import  : 13-11-29 23:24:52 |5760| Asyn Net Detect TimeCost:218, FileCount:1
import  : 13-11-29 23:24:55 |5292| LocDetTime, CalcSignTime:0, ScanLocTime:63
import  : 13-11-29 23:24:55 |5760| Asyn Net Detect TimeCost:125, FileCount:1
import  : 13-11-29 23:25:04 |5348| Delay 30min Upload Loc White Sign
import  : 13-11-29 23:25:30 |5268| LocDetTime, CalcSignTime:0, ScanLocTime:0
import  : 13-11-29 23:25:42 |5280| LocDetTime, CalcSignTime:0, ScanLocTime:0
import  : 13-11-29 23:25:58 |5284| LocDetTime, CalcSignTime:0, ScanLocTime:0
import  : 13-11-29 23:26:09 |5312| LocDetTime, CalcSignTime:0, ScanLocTime:0
import  : 13-11-29 23:26:20 |5268| LocDetTime, CalcSignTime:0, ScanLocTime:78
import  : 13-11-29 23:26:20 |5760| Asyn Net Detect TimeCost:141, FileCount:1
import  : 13-11-29 23:27:15 |5288| LocDetTime, CalcSignTime:0, ScanLocTime:202
import  : 13-11-29 23:27:15 |5760| Asyn Net Detect TimeCost:94, FileCount:1
import  : 13-11-29 23:27:52 |5300| LocDetTime, CalcSignTime:0, ScanLocTime:187
import  : 13-11-29 23:27:52 |5760| Asyn Net Detect TimeCost:94, FileCount:1
import  : 13-11-29 23:28:11 |5348| Delay 30min Upload Loc White Sign
import  : 13-11-29 23:28:45 |5288| LocDetTime, CalcSignTime:1092, ScanLocTime:546
import  : 13-11-29 23:28:48 |5292| LocDetTime, CalcSignTime:1295, ScanLocTime:31
error   : 13-11-29 23:28:48 |5760| [TIMEOUT] httpclient: result:0, timecost:1.06s, name-lookup-time:0.08s, conn-time:0.98s, url:http://cf.duba.net/query3, total size:43, send size:43, receive size:88
error   : 13-11-29 23:28:48 |5760| [NOTICE] NetDet http, bSucceed:1, SerErr:0, Timecost:1450ms, OutSetTimeOut:30000ms, URL:http://cf.duba.net/query3
error   : 13-11-29 23:28:48 |5760| [NOTICE] NetDet, bSucceed:1, TimeCost:1513ms, bHttp:1, bUdp:0
error   : 13-11-29 23:28:48 |5760| Asyn NetDetect Result: TimeCost:3042, IsTimeOut:1, KSFile:0, FileName:F:\myapp\Bitcoin\bitcoin-qt.exe
import  : 13-11-29 23:28:48 |5760| Asyn Net Detect TimeCost:2979, FileCount:1
import  : 13-11-29 23:30:23 |5312| LocDetTime, CalcSignTime:15, ScanLocTime:265
import  : 13-11-29 23:30:24 |5760| Asyn Net Detect TimeCost:359, FileCount:1
import  : 13-11-29 23:30:32 |5292| LocDetTime, CalcSignTime:16, ScanLocTime:93
import  : 13-11-29 23:30:32 |5760| Asyn Net Detect TimeCost:110, FileCount:1
import  : 13-11-29 23:30:51 |5296| LocDetTime, CalcSignTime:0, ScanLocTime:140
import  : 13-11-29 23:30:53 |5272| LocDetTime, CalcSignTime:203, ScanLocTime:171
import  : 13-11-29 23:30:59 |5292| LocDetTime, CalcSignTime:16, ScanLocTime:484
import  : 13-11-29 23:31:18 |5348| Delay 30min Upload Loc White Sign
import  : 13-11-29 23:31:33 |5288| LocDetTime, CalcSignTime:1295, ScanLocTime:0
import  : 13-11-29 23:32:09 |5288| LocDetTime, CalcSignTime:0, ScanLocTime:78
import  : 13-11-29 23:32:09 |5760| Asyn Net Detect TimeCost:109, FileCount:1
import  : 13-11-29 23:32:30 |5300| LocDetTime, CalcSignTime:0, ScanLocTime:0
import  : 13-11-29 23:32:51 |5268| LocDetTime, CalcSignTime:109, ScanLocTime:78
import  : 13-11-29 23:32:52 |5760| Asyn Net Detect TimeCost:359, FileCount:1
import  : 13-11-29 23:32:52 |5312| LocDetTime, CalcSignTime:15, ScanLocTime:312
import  : 13-11-29 23:32:52 |5760| Asyn Net Detect TimeCost:94, FileCount:1
import  : 13-11-29 23:32:58 |5272| LocDetTime, CalcSignTime:0, ScanLocTime:31
import  : 13-11-29 23:32:58 |5760| Asyn Net Detect TimeCost:93, FileCount:1
import  : 13-11-29 23:33:01 |5280| LocDetTime, CalcSignTime:0, ScanLocTime:15
import  : 13-11-29 23:37:29 |5280| LocDetTime, CalcSignTime:203, ScanLocTime:16
import  : 13-11-29 23:37:29 |5760| Asyn Net Detect TimeCost:156, FileCount:1
import  : 13-11-29 23:37:32 |5284| LocDetTime, CalcSignTime:0, ScanLocTime:16
import  : 13-11-29 23:37:32 |5760| Asyn Net Detect TimeCost:93, FileCount:1
import  : 13-11-29 23:44:58 |5280| LocDetTime, CalcSignTime:156, ScanLocTime:16
import  : 13-11-29 23:44:58 |5760| Asyn Net Detect TimeCost:219, FileCount:1
import  : 13-11-29 23:49:22 |5284| LocDetTime, CalcSignTime:921, ScanLocTime:0
import  : 13-11-29 23:53:14 |5288| LocDetTime, CalcSignTime:31, ScanLocTime:0
import  : 13-11-29 23:53:20 |5308| LocDetTime, CalcSignTime:15, ScanLocTime:78
import  : 13-11-29 23:53:21 |5760| Asyn Net Detect TimeCost:718, FileCount:1
import  : 13-11-29 23:53:35 |5312| LocDetTime, CalcSignTime:0, ScanLocTime:78
import  : 13-11-29 23:56:38 |2448| Auto Upload Sample
import  : 13-11-29 23:56:40 |3824| LocDetTime, CalcSignTime:0, ScanLocTime:78
import  : 13-11-29 23:57:00 |3840| LocDetTime, CalcSignTime:0, ScanLocTime:0
import  : 13-11-29 23:57:01 |3820| LocDetTime, CalcSignTime:15, ScanLocTime:0
import  : 13-11-29 23:57:01 |3912| LocDetTime, CalcSignTime:0, ScanLocTime:0
error   : 13-11-29 23:57:01 |1444| NetDetect Result: Result:0, ServerCode:0, Status:3, AppType:0, VirusName:Win32.Troj.Generic_a.a.(kcloud), RealFileName:F:\myapp\cgminer-3.2.2-windows\cgminer.exe
import  : 13-11-29 23:57:01 |1444| Asyn Net Detect TimeCost:109, FileCount:1
import  : 13-11-29 23:57:11 |3808| LocDetTime, CalcSignTime:0, ScanLocTime:0
import  : 13-11-29 23:57:11 |1444| Asyn Net Detect TimeCost:93, FileCount:1
import  : 13-11-29 23:57:31 |3816| LocDetTime, CalcSignTime:0, ScanLocTime:0
import  : 13-11-29 23:57:37 |3804| LocDetTime, CalcSignTime:15, ScanLocTime:0
error   : 13-11-29 23:57:37 |1444| NetDetect Result: Result:0, ServerCode:0, Status:3, AppType:0, VirusName:Win32.Troj.Generic_a.a.(kcloud), RealFileName:F:\myapp\cgminer-3.2.2-windows\cgminer-nogpu.exe
import  : 13-11-29 23:57:37 |1444| Asyn Net Detect TimeCost:94, FileCount:1
import  : 13-11-29 23:58:32 |3808| LocDetTime, CalcSignTime:0, ScanLocTime:0
import  : 13-11-29 23:58:48 |3816| LocDetTime, CalcSignTime:0, ScanLocTime:0
import  : 13-11-29 23:58:53 |3836| LocDetTime, CalcSignTime:0, ScanLocTime:0
import  : 13-11-29 23:59:09 |3812| LocDetTime, CalcSignTime:0, ScanLocTime:0
import  : 13-11-29 23:59:36 |3804| LocDetTime, CalcSignTime:0, ScanLocTime:0
import  : 13-11-29 23:59:39 |1220| Delay 30min Upload Loc White Sign
import  : 13-11-29 23:59:44 |3808| LocDetTime, CalcSignTime:16, ScanLocTime:0
import  : 13-11-30 00:00:00 |3836| LocDetTime, CalcSignTime:0, ScanLocTime:0
import  : 13-11-30 00:00:10 |3812| LocDetTime, CalcSignTime:31, ScanLocTime:0
import  : 13-11-30 00:00:11 |1444| Asyn Net Detect TimeCost:359, FileCount:1
import  : 13-11-30 00:00:12 |3916| LocDetTime, CalcSignTime:0, ScanLocTime:0
import  : 13-11-30 00:00:12 |1444| Asyn Net Detect TimeCost:109, FileCount:1
import  : 13-11-30 00:00:18 |3752| LocDetTime, CalcSignTime:0, ScanLocTime:0
import  : 13-11-30 00:00:19 |1444| Asyn Net Detect TimeCost:94, FileCount:1
import  : 13-11-30 00:00:30 |3824| LocDetTime, CalcSignTime:16, ScanLocTime:0
import  : 13-11-30 00:00:30 |1444| Asyn Net Detect TimeCost:93, FileCount:1
import  : 13-11-30 00:00:32 |3840| LocDetTime, CalcSignTime:0, ScanLocTime:0
import  : 13-11-30 00:00:32 |1444| Asyn Net Detect TimeCost:78, FileCount:1
import  : 13-11-30 00:00:55 |3804| LocDetTime, CalcSignTime:15, ScanLocTime:0
import  : 13-11-30 00:00:55 |3912| LocDetTime, CalcSignTime:0, ScanLocTime:0
import  : 13-11-30 00:00:55 |3816| LocDetTime, CalcSignTime:0, ScanLocTime:0
import  : 13-11-30 00:00:55 |3812| LocDetTime, CalcSignTime:0, ScanLocTime:0
import  : 13-11-30 00:01:00 |3752| LocDetTime, CalcSignTime:15, ScanLocTime:0
import  : 13-11-30 00:01:00 |1444| Asyn Net Detect TimeCost:78, FileCount:1
import  : 13-11-30 00:01:22 |3824| LocDetTime, CalcSignTime:16, ScanLocTime:0
import  : 13-11-30 00:01:25 |3820| LocDetTime, CalcSignTime:0, ScanLocTime:0
import  : 13-11-30 00:01:25 |3804| LocDetTime, CalcSignTime:15, ScanLocTime:0
import  : 13-11-30 00:01:26 |3912| LocDetTime, CalcSignTime:0, ScanLocTime:0
import  : 13-11-30 00:02:07 |3816| LocDetTime, CalcSignTime:0, ScanLocTime:78
import  : 13-11-30 00:02:40 |1220| Delay 30min Upload Loc White Sign
import  : 13-11-30 00:02:51 |3836| LocDetTime, CalcSignTime:15, ScanLocTime:0
import  : 13-11-30 00:03:51 |3800| LocDetTime, CalcSignTime:31, ScanLocTime:0
import  : 13-11-30 00:05:40 |1220| Delay 30min Upload Loc White Sign
import  : 13-11-30 00:05:59 |3752| LocDetTime, CalcSignTime:0, ScanLocTime:0
import  : 13-11-30 00:06:03 |3824| LocDetTime, CalcSignTime:0, ScanLocTime:0
import  : 13-11-30 00:08:40 |1220| Delay 30min Upload Loc White Sign
import  : 13-11-30 00:11:40 |1220| Delay 30min Upload Loc White Sign
import  : 13-11-30 00:14:40 |1220| Delay 30min Upload Loc White Sign
import  : 13-11-30 00:17:40 |1220| Delay 30min Upload Loc White Sign
import  : 13-11-30 00:20:40 |1220| Delay 30min Upload Loc White Sign
import  : 13-11-30 00:22:16 |3840| LocDetTime, CalcSignTime:0, ScanLocTime:0
import  : 13-11-30 00:23:40 |1220| Delay 30min Upload Loc White Sign
import  : 13-11-30 00:25:50 |3912| LocDetTime, CalcSignTime:15, ScanLocTime:0
import  : 13-11-30 00:25:51 |3808| LocDetTime, CalcSignTime:0, ScanLocTime:0
import  : 13-11-30 00:26:03 |3816| LocDetTime, CalcSignTime:15, ScanLocTime:0
import  : 13-11-30 00:48:25 |3808| LocDetTime, CalcSignTime:16, ScanLocTime:31
import  : 13-11-30 00:48:25 |1444| Asyn Net Detect TimeCost:140, FileCount:1
import  : 13-11-30 01:58:37 |3808| LocDetTime, CalcSignTime:46, ScanLocTime:16
import  : 13-11-30 01:58:46 |3812| LocDetTime, CalcSignTime:0, ScanLocTime:31
import  : 13-11-30 01:58:46 |3800| LocDetTime, CalcSignTime:16, ScanLocTime:0
import  : 13-11-30 01:58:50 |3824| LocDetTime, CalcSignTime:0, ScanLocTime:32
import  : 13-11-30 01:58:53 |3820| LocDetTime, CalcSignTime:0, ScanLocTime:15
import  : 13-11-30 01:58:58 |3804| LocDetTime, CalcSignTime:0, ScanLocTime:0
import  : 13-11-30 01:58:59 |1444| Asyn Net Detect TimeCost:187, FileCount:1
import  : 13-11-30 01:59:01 |3912| LocDetTime, CalcSignTime:0, ScanLocTime:62
import  : 13-11-30 01:59:30 |3840| LocDetTime, CalcSignTime:0, ScanLocTime:15
import  : 13-11-30 01:59:42 |3912| LocDetTime, CalcSignTime:0, ScanLocTime:16
import  : 13-11-30 01:59:43 |3916| LocDetTime, CalcSignTime:0, ScanLocTime:0
import  : 13-11-30 02:00:44 |3816| LocDetTime, CalcSignTime:0, ScanLocTime:0
import  : 13-11-30 02:00:58 |3752| LocDetTime, CalcSignTime:0, ScanLocTime:0
import  : 13-11-30 02:00:58 |1444| Asyn Net Detect TimeCost:93, FileCount:1
import  : 13-11-30 02:01:06 |3820| LocDetTime, CalcSignTime:0, ScanLocTime:0
import  : 13-11-30 02:02:52 |3836| LocDetTime, CalcSignTime:0, ScanLocTime:16
import  : 13-11-30 02:02:52 |3816| LocDetTime, CalcSignTime:0, ScanLocTime:0
import  : 13-11-30 02:02:53 |1444| Asyn Net Detect TimeCost:94, FileCount:1
import  : 13-11-30 02:02:54 |3812| LocDetTime, CalcSignTime:0, ScanLocTime:0
import  : 13-11-30 02:04:00 |3804| LocDetTime, CalcSignTime:0, ScanLocTime:93
import  : 13-11-30 02:04:01 |1444| Asyn Net Detect TimeCost:78, FileCount:1
import  : 13-11-30 02:04:02 |3912| LocDetTime, CalcSignTime:0, ScanLocTime:0
import  : 13-11-30 02:06:59 |3916| Auto Upload Sample
import  : 13-11-30 02:07:04 |2072| LocDetTime, CalcSignTime:93, ScanLocTime:156
import  : 13-11-30 02:07:04 |2984| Asyn Net Detect TimeCost:94, FileCount:1
import  : 13-11-30 02:07:14 |2064| LocDetTime, CalcSignTime:0, ScanLocTime:0
import  : 13-11-30 02:07:14 |2984| Asyn Net Detect TimeCost:94, FileCount:1
import  : 13-11-30 02:07:37 |2068| LocDetTime, CalcSignTime:0, ScanLocTime:0
import  : 13-11-30 02:07:47 |2056| LocDetTime, CalcSignTime:15, ScanLocTime:0
import  : 13-11-30 02:07:48 | 328| LocDetTime, CalcSignTime:0, ScanLocTime:0
import  : 13-11-30 02:08:27 |2092| LocDetTime, CalcSignTime:0, ScanLocTime:0
import  : 13-11-30 02:08:33 | 460| LocDetTime, CalcSignTime:0, ScanLocTime:0
import  : 13-11-30 02:08:33 |2320| LocDetTime, CalcSignTime:31, ScanLocTime:0
import  : 13-11-30 02:08:34 | 456| LocDetTime, CalcSignTime:16, ScanLocTime:0
import  : 13-11-30 02:08:35 |2280| LocDetTime, CalcSignTime:0, ScanLocTime:0
import  : 13-11-30 02:09:20 |2072| LocDetTime, CalcSignTime:0, ScanLocTime:0
import  : 13-11-30 02:09:32 |2068| LocDetTime, CalcSignTime:0, ScanLocTime:0
import  : 13-11-30 02:10:00 | 980| Delay 30min Upload Loc White Sign
import  : 13-11-30 02:10:16 |2056| LocDetTime, CalcSignTime:0, ScanLocTime:0
import  : 13-11-30 02:11:08 | 328| LocDetTime, CalcSignTime:47, ScanLocTime:0
import  : 13-11-30 02:11:08 |2052| LocDetTime, CalcSignTime:0, ScanLocTime:0
import  : 13-11-30 02:11:08 | 460| LocDetTime, CalcSignTime:0, ScanLocTime:0
import  : 13-11-30 02:11:08 | 456| LocDetTime, CalcSignTime:0, ScanLocTime:0
import  : 13-11-30 02:13:00 | 980| Delay 30min Upload Loc White Sign
import  : 13-11-30 02:14:32 |2064| LocDetTime, CalcSignTime:0, ScanLocTime:0
import  : 13-11-30 02:15:06 |2056| LocDetTime, CalcSignTime:0, ScanLocTime:0
import  : 13-11-30 02:16:00 | 980| Delay 30min Upload Loc White Sign
import  : 13-11-30 02:16:12 | 328| LocDetTime, CalcSignTime:15, ScanLocTime:0
import  : 13-11-30 02:19:00 | 980| Delay 30min Upload Loc White Sign
import  : 13-11-30 02:22:00 | 980| Delay 30min Upload Loc White Sign
import  : 13-11-30 02:25:00 | 980| Delay 30min Upload Loc White Sign
import  : 13-11-30 02:26:07 |2060| LocDetTime, CalcSignTime:63, ScanLocTime:0
import  : 13-11-30 02:26:11 |2052| LocDetTime, CalcSignTime:15, ScanLocTime:0
import  : 13-11-30 02:28:00 | 980| Delay 30min Upload Loc White Sign
import  : 13-11-30 02:31:00 | 980| Delay 30min Upload Loc White Sign
import  : 13-11-30 02:34:00 | 980| Delay 30min Upload Loc White Sign
import  : 13-11-30 02:36:03 |2052| LocDetTime, CalcSignTime:0, ScanLocTime:0
import  : 13-11-30 02:36:04 |2092| LocDetTime, CalcSignTime:15, ScanLocTime:0
import  : 13-11-30 02:36:16 | 460| LocDetTime, CalcSignTime:16, ScanLocTime:0
import  : 13-11-30 02:49:28 |2320| LocDetTime, CalcSignTime:0, ScanLocTime:16
import  : 13-11-30 02:50:36 |2280| LocDetTime, CalcSignTime:0, ScanLocTime:31
import  : 13-11-30 02:57:38 |2060| LocDetTime, CalcSignTime:16, ScanLocTime:0
import  : 13-11-30 04:15:16 |2092| LocDetTime, CalcSignTime:16, ScanLocTime:93
import  : 13-11-30 04:15:18 | 460| LocDetTime, CalcSignTime:0, ScanLocTime:16
import  : 13-11-30 04:16:50 |2072| LocDetTime, CalcSignTime:0, ScanLocTime:47
import  : 13-11-30 04:16:50 |2984| Asyn Net Detect TimeCost:140, FileCount:1
import  : 13-11-30 04:16:52 |2064| LocDetTime, CalcSignTime:0, ScanLocTime:46
import  : 13-11-30 04:16:52 |2068| LocDetTime, CalcSignTime:0, ScanLocTime:0
import  : 13-11-30 04:16:52 |2984| Asyn Net Detect TimeCost:94, FileCount:1
import  : 13-11-30 04:16:52 |2984| Asyn Net Detect TimeCost:94, FileCount:1
import  : 13-11-30 04:36:04 |2072| LocDetTime, CalcSignTime:0, ScanLocTime:47
import  : 13-11-30 10:06:44 | 328| LocDetTime, CalcSignTime:78, ScanLocTime:0
import  : 13-11-30 10:06:49 |2052| LocDetTime, CalcSignTime:0, ScanLocTime:0
import  : 13-11-30 10:06:50 |2092| LocDetTime, CalcSignTime:16, ScanLocTime:0
import  : 13-11-30 10:07:03 | 456| LocDetTime, CalcSignTime:0, ScanLocTime:0
import  : 13-11-30 10:07:20 |2092| LocDetTime, CalcSignTime:16, ScanLocTime:0
import  : 13-11-30 10:07:32 |2320| LocDetTime, CalcSignTime:0, ScanLocTime:94
import  : 13-11-30 10:09:17 | 460| LocDetTime, CalcSignTime:281, ScanLocTime:47
import  : 13-11-30 10:10:01 |2280| LocDetTime, CalcSignTime:187, ScanLocTime:0
import  : 13-11-30 10:11:17 |2060| LocDetTime, CalcSignTime:0, ScanLocTime:47
import  : 13-11-30 10:11:25 |2056| LocDetTime, CalcSignTime:31, ScanLocTime:31
import  : 13-11-30 10:12:55 |2320| LocDetTime, CalcSignTime:31, ScanLocTime:0
import  : 13-11-30 10:26:06 |2064| LocDetTime, CalcSignTime:0, ScanLocTime:125
import  : 13-11-30 10:47:44 |2068| LocDetTime, CalcSignTime:499, ScanLocTime:78
import  : 13-11-30 10:47:44 |2984| Asyn Net Detect TimeCost:468, FileCount:1
import  : 13-11-30 10:48:16 | 460| LocDetTime, CalcSignTime:406, ScanLocTime:78
import  : 13-11-30 10:48:16 |2984| Asyn Net Detect TimeCost:93, FileCount:1
import  : 13-11-30 10:52:14 |2072| LocDetTime, CalcSignTime:0, ScanLocTime:0
import  : 13-11-30 10:52:54 |2064| LocDetTime, CalcSignTime:0, ScanLocTime:171
import  : 13-11-30 10:52:54 |2984| Asyn Net Detect TimeCost:156, FileCount:1
import  : 13-11-30 10:53:24 |2052| LocDetTime, CalcSignTime:94, ScanLocTime:31
import  : 13-11-30 10:53:26 | 456| LocDetTime, CalcSignTime:0, ScanLocTime:31
import  : 13-11-30 10:53:27 |2280| LocDetTime, CalcSignTime:0, ScanLocTime:31
import  : 13-11-30 10:53:28 |2068| LocDetTime, CalcSignTime:15, ScanLocTime:0
import  : 13-11-30 10:53:32 |2092| LocDetTime, CalcSignTime:31, ScanLocTime:31
import  : 13-11-30 11:08:17 |2092| LocDetTime, CalcSignTime:312, ScanLocTime:31
import  : 13-11-30 11:08:17 |2984| Asyn Net Detect TimeCost:140, FileCount:1
import  : 13-11-30 11:08:17 | 460| LocDetTime, CalcSignTime:15, ScanLocTime:16
import  : 13-11-30 11:08:17 |2984| Asyn Net Detect TimeCost:94, FileCount:1
import  : 13-11-30 11:42:32 |2068| LocDetTime, CalcSignTime:343, ScanLocTime:0
import  : 13-11-30 11:42:35 | 328| LocDetTime, CalcSignTime:0, ScanLocTime:0
import  : 13-11-30 11:43:15 |2092| LocDetTime, CalcSignTime:0, ScanLocTime:0
import  : 13-11-30 11:43:28 | 460| LocDetTime, CalcSignTime:0, ScanLocTime:16
import  : 13-11-30 11:43:30 |2320| LocDetTime, CalcSignTime:16, ScanLocTime:15
import  : 13-11-30 11:43:51 |2064| LocDetTime, CalcSignTime:16, ScanLocTime:0
import  : 13-11-30 11:53:55 | 456| LocDetTime, CalcSignTime:15, ScanLocTime:156
import  : 13-11-30 16:12:18 |2056| LocDetTime, CalcSignTime:374, ScanLocTime:16
import  : 13-11-30 16:12:21 |2052| LocDetTime, CalcSignTime:0, ScanLocTime:31
error   : 13-11-30 22:58:19 | 980| Upload Loc White Sign Succeed
import  : 13-11-30 23:42:26 |2068| LocDetTime, CalcSignTime:140, ScanLocTime:62
import  : 13-11-30 23:42:26 |2984| Asyn Net Detect TimeCost:187, FileCount:1
import  : 13-11-30 23:43:24 |2056| LocDetTime, CalcSignTime:0, ScanLocTime:32
import  : 13-11-30 23:55:24 |2056| LocDetTime, CalcSignTime:94, ScanLocTime:47
import  : 13-11-30 23:55:24 |2092| LocDetTime, CalcSignTime:31, ScanLocTime:16
import  : 13-11-30 23:55:25 | 460| LocDetTime, CalcSignTime:16, ScanLocTime:15
import  : 13-11-30 23:55:26 |2320| LocDetTime, CalcSignTime:234, ScanLocTime:16
import  : 13-11-30 23:55:50 |2280| LocDetTime, CalcSignTime:0, ScanLocTime:31
import  : 13-12-01 12:19:02 |2496| Auto Upload Sample
import  : 13-12-01 12:19:12 |1064| LocDetTime, CalcSignTime:0, ScanLocTime:62
import  : 13-12-01 12:19:12 |2040| Asyn Net Detect TimeCost:109, FileCount:1
import  : 13-12-01 12:19:54 |1032| LocDetTime, CalcSignTime:15, ScanLocTime:0
import  : 13-12-01 12:20:11 |1908| LocDetTime, CalcSignTime:0, ScanLocTime:0
import  : 13-12-01 12:20:22 |2772| LocDetTime, CalcSignTime:0, ScanLocTime:0
import  : 13-12-01 12:20:54 |2064| LocDetTime, CalcSignTime:0, ScanLocTime:0
import  : 13-12-01 12:21:15 |1184| LocDetTime, CalcSignTime:0, ScanLocTime:0
import  : 13-12-01 12:21:30 |4020| LocDetTime, CalcSignTime:0, ScanLocTime:0
import  : 13-12-01 12:21:35 | 280| LocDetTime, CalcSignTime:0, ScanLocTime:0
import  : 13-12-01 12:21:47 |1064| LocDetTime, CalcSignTime:0, ScanLocTime:0
import  : 13-12-01 12:21:55 |1032| LocDetTime, CalcSignTime:16, ScanLocTime:0
error   : 13-12-01 12:22:03 |3164| [TIMEOUT] httpclient: result:0, timecost:1.06s, name-lookup-time:1.01s, conn-time:1.05s, url:http://fsigns.duba.net/df/fm, total size:0, send size:0, receive size:662
import  : 13-12-01 12:22:04 |3164| Delay 30min Upload Loc White Sign
import  : 13-12-01 12:23:19 |1184| LocDetTime, CalcSignTime:16, ScanLocTime:0
import  : 13-12-01 12:23:19 |4048| LocDetTime, CalcSignTime:0, ScanLocTime:0
import  : 13-12-01 12:23:19 | 280| LocDetTime, CalcSignTime:15, ScanLocTime:0
import  : 13-12-01 12:23:19 |1064| LocDetTime, CalcSignTime:0, ScanLocTime:0
import  : 13-12-01 12:24:54 |2772| LocDetTime, CalcSignTime:0, ScanLocTime:0
import  : 13-12-01 12:24:55 |2064| LocDetTime, CalcSignTime:32, ScanLocTime:0
import  : 13-12-01 12:25:04 |3164| Delay 30min Upload Loc White Sign
import  : 13-12-01 12:25:31 |2064| LocDetTime, CalcSignTime:0, ScanLocTime:0
import  : 13-12-01 12:26:45 |2772| LocDetTime, CalcSignTime:15, ScanLocTime:0
import  : 13-12-01 12:26:45 |2040| Asyn Net Detect TimeCost:94, FileCount:1
import  : 13-12-01 12:26:47 |1912| LocDetTime, CalcSignTime:16, ScanLocTime:0
import  : 13-12-01 12:26:48 |1184| LocDetTime, CalcSignTime:0, ScanLocTime:0
import  : 13-12-01 12:27:11 |4020| LocDetTime, CalcSignTime:0, ScanLocTime:0
import  : 13-12-01 12:27:13 | 280| LocDetTime, CalcSignTime:0, ScanLocTime:0
import  : 13-12-01 12:27:21 |1664| LocDetTime, CalcSignTime:31, ScanLocTime:0
import  : 13-12-01 12:28:04 |3164| Delay 30min Upload Loc White Sign
import  : 13-12-01 12:28:23 |1908| LocDetTime, CalcSignTime:16, ScanLocTime:0
import  : 13-12-01 12:28:24 |1912| LocDetTime, CalcSignTime:15, ScanLocTime:0
import  : 13-12-01 12:31:04 |3164| Delay 30min Upload Loc White Sign
import  : 13-12-01 12:31:27 |2064| LocDetTime, CalcSignTime:0, ScanLocTime:0
import  : 13-12-01 12:34:04 |3164| Delay 30min Upload Loc White Sign
import  : 13-12-01 12:37:04 |3164| Delay 30min Upload Loc White Sign
import  : 13-12-01 12:38:17 |2064| LocDetTime, CalcSignTime:15, ScanLocTime:0
import  : 13-12-01 12:40:04 |3164| Delay 30min Upload Loc White Sign
import  : 13-12-01 12:43:04 |3164| Delay 30min Upload Loc White Sign
import  : 13-12-01 12:46:04 |3164| Delay 30min Upload Loc White Sign
import  : 13-12-01 12:47:14 |1912| LocDetTime, CalcSignTime:16, ScanLocTime:0
import  : 13-12-01 12:47:14 |2040| Asyn Net Detect TimeCost:78, FileCount:1
import  : 13-12-01 12:47:16 |1184| LocDetTime, CalcSignTime:0, ScanLocTime:0
import  : 13-12-01 12:47:16 |2040| Asyn Net Detect TimeCost:93, FileCount:1
import  : 13-12-01 12:48:19 | 280| LocDetTime, CalcSignTime:0, ScanLocTime:0
import  : 13-12-01 12:48:28 |1064| LocDetTime, CalcSignTime:0, ScanLocTime:0
import  : 13-12-01 13:16:12 |2772| LocDetTime, CalcSignTime:203, ScanLocTime:47
import  : 13-12-01 13:16:13 |1908| LocDetTime, CalcSignTime:281, ScanLocTime:47
import  : 13-12-01 13:16:13 |2064| LocDetTime, CalcSignTime:0, ScanLocTime:47
import  : 13-12-01 13:16:13 |1912| LocDetTime, CalcSignTime:31, ScanLocTime:0
import  : 13-12-01 13:16:13 |1184| LocDetTime, CalcSignTime:0, ScanLocTime:0
import  : 13-12-01 13:16:13 |4020| LocDetTime, CalcSignTime:0, ScanLocTime:0
import  : 13-12-01 13:16:13 | 280| LocDetTime, CalcSignTime:0, ScanLocTime:0
import  : 13-12-01 13:16:13 |2040| Asyn Net Detect TimeCost:390, FileCount:4
import  : 13-12-01 13:16:13 |2040| Asyn Net Detect TimeCost:266, FileCount:2
import  : 13-12-01 13:16:17 |1064| LocDetTime, CalcSignTime:0, ScanLocTime:15
import  : 13-12-01 13:16:17 |2064| LocDetTime, CalcSignTime:0, ScanLocTime:0
import  : 13-12-01 13:16:17 |2772| LocDetTime, CalcSignTime:0, ScanLocTime:15
import  : 13-12-01 13:16:17 |1912| LocDetTime, CalcSignTime:63, ScanLocTime:0
import  : 13-12-01 13:16:17 |1908| LocDetTime, CalcSignTime:63, ScanLocTime:0
import  : 13-12-01 13:16:17 |2040| Asyn Net Detect TimeCost:219, FileCount:2
import  : 13-12-01 13:16:17 |2040| Asyn Net Detect TimeCost:218, FileCount:2
import  : 13-12-01 13:16:19 |1184| LocDetTime, CalcSignTime:0, ScanLocTime:0
import  : 13-12-01 13:16:37 |1664| LocDetTime, CalcSignTime:843, ScanLocTime:31
import  : 13-12-01 13:16:38 |1064| LocDetTime, CalcSignTime:0, ScanLocTime:0
import  : 13-12-01 13:18:22 |1064| LocDetTime, CalcSignTime:0, ScanLocTime:0
import  : 13-12-01 13:34:01 |1032| LocDetTime, CalcSignTime:0, ScanLocTime:0
import  : 13-12-01 13:34:15 |2064| LocDetTime, CalcSignTime:15, ScanLocTime:0
import  : 13-12-01 13:34:20 |1912| LocDetTime, CalcSignTime:0, ScanLocTime:0
import  : 13-12-01 13:34:34 |3908| LocDetTime, CalcSignTime:15, ScanLocTime:32
import  : 13-12-01 13:34:35 |2040| Asyn Net Detect TimeCost:296, FileCount:1
import  : 13-12-01 13:37:09 |1912| LocDetTime, CalcSignTime:16, ScanLocTime:31
import  : 13-12-01 13:37:09 |2040| Asyn Net Detect TimeCost:187, FileCount:1
import  : 13-12-01 14:13:24 | 280| LocDetTime, CalcSignTime:156, ScanLocTime:125
import  : 13-12-01 14:13:35 |1064| LocDetTime, CalcSignTime:359, ScanLocTime:0
import  : 13-12-01 14:13:45 |2772| LocDetTime, CalcSignTime:249, ScanLocTime:0
import  : 13-12-01 14:13:47 |1908| LocDetTime, CalcSignTime:94, ScanLocTime:31
import  : 13-12-01 14:13:51 |1912| LocDetTime, CalcSignTime:125, ScanLocTime:47
import  : 13-12-01 14:13:52 |2040| Asyn Net Detect TimeCost:172, FileCount:1
import  : 13-12-01 14:14:39 |1064| LocDetTime, CalcSignTime:94, ScanLocTime:0
