2012-7-10 19:34:00 org.apache.catalina.core.StandardContext listenerStart
严重: Error configuring application listener of class com.ecc.emp.util.StartupListener
java.lang.ClassNotFoundException: com.ecc.emp.util.StartupListener
	at org.apache.catalina.loader.WebappClassLoader.loadClass(WebappClassLoader.java:1332)
	at org.apache.catalina.loader.WebappClassLoader.loadClass(WebappClassLoader.java:1181)
	at org.apache.catalina.core.StandardContext.listenerStart(StandardContext.java:3617)
	at org.apache.catalina.core.StandardContext.start(StandardContext.java:4104)
	at org.apache.catalina.core.ContainerBase.addChildInternal(ContainerBase.java:759)
	at org.apache.catalina.core.ContainerBase.addChild(ContainerBase.java:739)
	at org.apache.catalina.core.StandardHost.addChild(StandardHost.java:524)
	at org.apache.catalina.startup.HostConfig.deployDescriptor(HostConfig.java:589)
	at org.apache.catalina.startup.HostConfig.deployDescriptors(HostConfig.java:536)
	at org.apache.catalina.startup.HostConfig.deployApps(HostConfig.java:471)
	at org.apache.catalina.startup.HostConfig.start(HostConfig.java:1102)
	at org.apache.catalina.startup.HostConfig.lifecycleEvent(HostConfig.java:311)
	at org.apache.catalina.util.LifecycleSupport.fireLifecycleEvent(LifecycleSupport.java:119)
	at org.apache.catalina.core.ContainerBase.start(ContainerBase.java:1020)
	at org.apache.catalina.core.StandardHost.start(StandardHost.java:718)
	at org.apache.catalina.core.ContainerBase.start(ContainerBase.java:1012)
	at org.apache.catalina.core.StandardEngine.start(StandardEngine.java:442)
	at org.apache.catalina.core.StandardService.start(StandardService.java:450)
	at org.apache.catalina.core.StandardServer.start(StandardServer.java:683)
	at org.apache.catalina.startup.Catalina.start(Catalina.java:537)
	at sun.reflect.NativeMethodAccessorImpl.invoke0(Native Method)
	at sun.reflect.NativeMethodAccessorImpl.invoke(NativeMethodAccessorImpl.java:39)
	at sun.reflect.DelegatingMethodAccessorImpl.invoke(DelegatingMethodAccessorImpl.java:25)
	at java.lang.reflect.Method.invoke(Method.java:585)
	at org.apache.catalina.startup.Bootstrap.start(Bootstrap.java:271)
	at org.apache.catalina.startup.Bootstrap.main(Bootstrap.java:409)
2012-7-10 19:34:00 org.apache.catalina.core.StandardContext listenerStart
严重: Skipped installing application listeners due to previous error(s)
2012-7-10 19:34:00 org.apache.catalina.core.ApplicationContext log
信息: ContextListener: contextInitialized()
2012-7-10 19:34:00 org.apache.catalina.core.ApplicationContext log
信息: SessionListener: contextInitialized()
2012-7-10 19:34:00 org.apache.catalina.core.ApplicationContext log
信息: ContextListener: contextInitialized()
2012-7-10 19:34:00 org.apache.catalina.core.ApplicationContext log
信息: SessionListener: contextInitialized()
2012-7-10 19:34:02 org.apache.catalina.core.ApplicationContext log
信息: ContextListener: attributeReplaced('org.apache.catalina.WELCOME_FILES', '[Ljava.lang.String;@104faf8')
2012-7-10 19:34:02 org.apache.catalina.core.ApplicationContext log
信息: ContextListener: attributeReplaced('org.apache.catalina.WELCOME_FILES', '[Ljava.lang.String;@1f8c6df')
2012-7-10 19:34:02 org.apache.catalina.core.ApplicationContext log
信息: ContextListener: attributeReplaced('org.apache.catalina.WELCOME_FILES', '[Ljava.lang.String;@1c86be5')
2012-7-10 19:34:02 org.apache.catalina.core.ApplicationContext log
信息: SessionListener: contextDestroyed()
2012-7-10 19:34:02 org.apache.catalina.core.ApplicationContext log
信息: ContextListener: contextDestroyed()
2012-7-10 19:34:02 org.apache.catalina.core.ApplicationContext log
信息: ContextListener: attributeReplaced('org.apache.catalina.WELCOME_FILES', '[Ljava.lang.String;@92bbba')
2012-7-10 19:34:02 org.apache.catalina.core.ApplicationContext log
信息: ContextListener: attributeReplaced('org.apache.catalina.WELCOME_FILES', '[Ljava.lang.String;@162dbb6')
2012-7-10 19:34:02 org.apache.catalina.core.ApplicationContext log
信息: ContextListener: attributeReplaced('org.apache.catalina.WELCOME_FILES', '[Ljava.lang.String;@146c1d4')
2012-7-10 19:34:02 org.apache.catalina.core.ApplicationContext log
信息: SessionListener: contextDestroyed()
2012-7-10 19:34:02 org.apache.catalina.core.ApplicationContext log
信息: ContextListener: contextDestroyed()
2012-7-10 19:38:35 org.apache.catalina.core.StandardContext listenerStart
严重: Error configuring application listener of class com.ecc.emp.util.StartupListener
java.lang.ClassNotFoundException: com.ecc.emp.util.StartupListener
	at org.apache.catalina.loader.WebappClassLoader.loadClass(WebappClassLoader.java:1332)
	at org.apache.catalina.loader.WebappClassLoader.loadClass(WebappClassLoader.java:1181)
	at org.apache.catalina.core.StandardContext.listenerStart(StandardContext.java:3617)
	at org.apache.catalina.core.StandardContext.start(StandardContext.java:4104)
	at org.apache.catalina.core.ContainerBase.addChildInternal(ContainerBase.java:759)
	at org.apache.catalina.core.ContainerBase.addChild(ContainerBase.java:739)
	at org.apache.catalina.core.StandardHost.addChild(StandardHost.java:524)
	at org.apache.catalina.startup.HostConfig.deployDescriptor(HostConfig.java:589)
	at org.apache.catalina.startup.HostConfig.deployDescriptors(HostConfig.java:536)
	at org.apache.catalina.startup.HostConfig.deployApps(HostConfig.java:471)
	at org.apache.catalina.startup.HostConfig.start(HostConfig.java:1102)
	at org.apache.catalina.startup.HostConfig.lifecycleEvent(HostConfig.java:311)
	at org.apache.catalina.util.LifecycleSupport.fireLifecycleEvent(LifecycleSupport.java:119)
	at org.apache.catalina.core.ContainerBase.start(ContainerBase.java:1020)
	at org.apache.catalina.core.StandardHost.start(StandardHost.java:718)
	at org.apache.catalina.core.ContainerBase.start(ContainerBase.java:1012)
	at org.apache.catalina.core.StandardEngine.start(StandardEngine.java:442)
	at org.apache.catalina.core.StandardService.start(StandardService.java:450)
	at org.apache.catalina.core.StandardServer.start(StandardServer.java:683)
	at org.apache.catalina.startup.Catalina.start(Catalina.java:537)
	at sun.reflect.NativeMethodAccessorImpl.invoke0(Native Method)
	at sun.reflect.NativeMethodAccessorImpl.invoke(NativeMethodAccessorImpl.java:39)
	at sun.reflect.DelegatingMethodAccessorImpl.invoke(DelegatingMethodAccessorImpl.java:25)
	at java.lang.reflect.Method.invoke(Method.java:585)
	at org.apache.catalina.startup.Bootstrap.start(Bootstrap.java:271)
	at org.apache.catalina.startup.Bootstrap.main(Bootstrap.java:409)
2012-7-10 19:38:35 org.apache.catalina.core.StandardContext listenerStart
严重: Skipped installing application listeners due to previous error(s)
2012-7-10 19:38:35 org.apache.catalina.core.ApplicationContext log
信息: ContextListener: contextInitialized()
2012-7-10 19:38:35 org.apache.catalina.core.ApplicationContext log
信息: SessionListener: contextInitialized()
2012-7-10 19:38:36 org.apache.catalina.core.ApplicationContext log
信息: ContextListener: contextInitialized()
2012-7-10 19:38:36 org.apache.catalina.core.ApplicationContext log
信息: SessionListener: contextInitialized()
2012-7-10 19:38:37 org.apache.catalina.core.ApplicationContext log
信息: ContextListener: attributeReplaced('org.apache.catalina.WELCOME_FILES', '[Ljava.lang.String;@73a7ab')
2012-7-10 19:38:37 org.apache.catalina.core.ApplicationContext log
信息: ContextListener: attributeReplaced('org.apache.catalina.WELCOME_FILES', '[Ljava.lang.String;@104faf8')
2012-7-10 19:38:37 org.apache.catalina.core.ApplicationContext log
信息: ContextListener: attributeReplaced('org.apache.catalina.WELCOME_FILES', '[Ljava.lang.String;@1f8c6df')
2012-7-10 19:38:37 org.apache.catalina.core.ApplicationContext log
信息: SessionListener: contextDestroyed()
2012-7-10 19:38:37 org.apache.catalina.core.ApplicationContext log
信息: ContextListener: contextDestroyed()
2012-7-10 19:38:37 org.apache.catalina.core.ApplicationContext log
信息: ContextListener: attributeReplaced('org.apache.catalina.WELCOME_FILES', '[Ljava.lang.String;@123b25c')
2012-7-10 19:38:37 org.apache.catalina.core.ApplicationContext log
信息: ContextListener: attributeReplaced('org.apache.catalina.WELCOME_FILES', '[Ljava.lang.String;@162dbb6')
2012-7-10 19:38:37 org.apache.catalina.core.ApplicationContext log
信息: ContextListener: attributeReplaced('org.apache.catalina.WELCOME_FILES', '[Ljava.lang.String;@146c1d4')
2012-7-10 19:38:37 org.apache.catalina.core.ApplicationContext log
信息: SessionListener: contextDestroyed()
2012-7-10 19:38:37 org.apache.catalina.core.ApplicationContext log
信息: ContextListener: contextDestroyed()
2012-7-10 19:39:08 org.apache.catalina.core.StandardContext listenerStart
严重: Error configuring application listener of class com.ecc.emp.util.StartupListener
java.lang.ClassNotFoundException: com.ecc.emp.util.StartupListener
	at org.apache.catalina.loader.WebappClassLoader.loadClass(WebappClassLoader.java:1332)
	at org.apache.catalina.loader.WebappClassLoader.loadClass(WebappClassLoader.java:1181)
	at org.apache.catalina.core.StandardContext.listenerStart(StandardContext.java:3617)
	at org.apache.catalina.core.StandardContext.start(StandardContext.java:4104)
	at org.apache.catalina.core.ContainerBase.addChildInternal(ContainerBase.java:759)
	at org.apache.catalina.core.ContainerBase.addChild(ContainerBase.java:739)
	at org.apache.catalina.core.StandardHost.addChild(StandardHost.java:524)
	at org.apache.catalina.startup.HostConfig.deployDescriptor(HostConfig.java:589)
	at org.apache.catalina.startup.HostConfig.deployDescriptors(HostConfig.java:536)
	at org.apache.catalina.startup.HostConfig.deployApps(HostConfig.java:471)
	at org.apache.catalina.startup.HostConfig.start(HostConfig.java:1102)
	at org.apache.catalina.startup.HostConfig.lifecycleEvent(HostConfig.java:311)
	at org.apache.catalina.util.LifecycleSupport.fireLifecycleEvent(LifecycleSupport.java:119)
	at org.apache.catalina.core.ContainerBase.start(ContainerBase.java:1020)
	at org.apache.catalina.core.StandardHost.start(StandardHost.java:718)
	at org.apache.catalina.core.ContainerBase.start(ContainerBase.java:1012)
	at org.apache.catalina.core.StandardEngine.start(StandardEngine.java:442)
	at org.apache.catalina.core.StandardService.start(StandardService.java:450)
	at org.apache.catalina.core.StandardServer.start(StandardServer.java:683)
	at org.apache.catalina.startup.Catalina.start(Catalina.java:537)
	at sun.reflect.NativeMethodAccessorImpl.invoke0(Native Method)
	at sun.reflect.NativeMethodAccessorImpl.invoke(NativeMethodAccessorImpl.java:39)
	at sun.reflect.DelegatingMethodAccessorImpl.invoke(DelegatingMethodAccessorImpl.java:25)
	at java.lang.reflect.Method.invoke(Method.java:585)
	at org.apache.catalina.startup.Bootstrap.start(Bootstrap.java:271)
	at org.apache.catalina.startup.Bootstrap.main(Bootstrap.java:409)
2012-7-10 19:39:08 org.apache.catalina.core.StandardContext listenerStart
严重: Skipped installing application listeners due to previous error(s)
2012-7-10 19:39:08 org.apache.catalina.core.ApplicationContext log
信息: ContextListener: contextInitialized()
2012-7-10 19:39:08 org.apache.catalina.core.ApplicationContext log
信息: SessionListener: contextInitialized()
2012-7-10 19:39:09 org.apache.catalina.core.ApplicationContext log
信息: ContextListener: contextInitialized()
2012-7-10 19:39:09 org.apache.catalina.core.ApplicationContext log
信息: SessionListener: contextInitialized()
2012-7-10 19:39:10 org.apache.catalina.core.ApplicationContext log
信息: ContextListener: attributeReplaced('org.apache.catalina.WELCOME_FILES', '[Ljava.lang.String;@73a7ab')
2012-7-10 19:39:10 org.apache.catalina.core.ApplicationContext log
信息: ContextListener: attributeReplaced('org.apache.catalina.WELCOME_FILES', '[Ljava.lang.String;@104faf8')
2012-7-10 19:39:10 org.apache.catalina.core.ApplicationContext log
信息: ContextListener: attributeReplaced('org.apache.catalina.WELCOME_FILES', '[Ljava.lang.String;@1f8c6df')
2012-7-10 19:39:10 org.apache.catalina.core.ApplicationContext log
信息: SessionListener: contextDestroyed()
2012-7-10 19:39:10 org.apache.catalina.core.ApplicationContext log
信息: ContextListener: contextDestroyed()
2012-7-10 19:39:10 org.apache.catalina.core.ApplicationContext log
信息: ContextListener: attributeReplaced('org.apache.catalina.WELCOME_FILES', '[Ljava.lang.String;@123b25c')
2012-7-10 19:39:10 org.apache.catalina.core.ApplicationContext log
信息: ContextListener: attributeReplaced('org.apache.catalina.WELCOME_FILES', '[Ljava.lang.String;@162dbb6')
2012-7-10 19:39:10 org.apache.catalina.core.ApplicationContext log
信息: ContextListener: attributeReplaced('org.apache.catalina.WELCOME_FILES', '[Ljava.lang.String;@146c1d4')
2012-7-10 19:39:10 org.apache.catalina.core.ApplicationContext log
信息: SessionListener: contextDestroyed()
2012-7-10 19:39:10 org.apache.catalina.core.ApplicationContext log
信息: ContextListener: contextDestroyed()
2012-7-10 19:40:00 org.apache.catalina.core.StandardContext listenerStart
严重: Error configuring application listener of class com.ecc.emp.util.StartupListener
java.lang.ClassNotFoundException: com.ecc.emp.util.StartupListener
	at org.apache.catalina.loader.WebappClassLoader.loadClass(WebappClassLoader.java:1332)
	at org.apache.catalina.loader.WebappClassLoader.loadClass(WebappClassLoader.java:1181)
	at org.apache.catalina.core.StandardContext.listenerStart(StandardContext.java:3617)
	at org.apache.catalina.core.StandardContext.start(StandardContext.java:4104)
	at org.apache.catalina.core.ContainerBase.addChildInternal(ContainerBase.java:759)
	at org.apache.catalina.core.ContainerBase.addChild(ContainerBase.java:739)
	at org.apache.catalina.core.StandardHost.addChild(StandardHost.java:524)
	at org.apache.catalina.startup.HostConfig.deployDescriptor(HostConfig.java:589)
	at org.apache.catalina.startup.HostConfig.deployDescriptors(HostConfig.java:536)
	at org.apache.catalina.startup.HostConfig.deployApps(HostConfig.java:471)
	at org.apache.catalina.startup.HostConfig.start(HostConfig.java:1102)
	at org.apache.catalina.startup.HostConfig.lifecycleEvent(HostConfig.java:311)
	at org.apache.catalina.util.LifecycleSupport.fireLifecycleEvent(LifecycleSupport.java:119)
	at org.apache.catalina.core.ContainerBase.start(ContainerBase.java:1020)
	at org.apache.catalina.core.StandardHost.start(StandardHost.java:718)
	at org.apache.catalina.core.ContainerBase.start(ContainerBase.java:1012)
	at org.apache.catalina.core.StandardEngine.start(StandardEngine.java:442)
	at org.apache.catalina.core.StandardService.start(StandardService.java:450)
	at org.apache.catalina.core.StandardServer.start(StandardServer.java:683)
	at org.apache.catalina.startup.Catalina.start(Catalina.java:537)
	at sun.reflect.NativeMethodAccessorImpl.invoke0(Native Method)
	at sun.reflect.NativeMethodAccessorImpl.invoke(NativeMethodAccessorImpl.java:39)
	at sun.reflect.DelegatingMethodAccessorImpl.invoke(DelegatingMethodAccessorImpl.java:25)
	at java.lang.reflect.Method.invoke(Method.java:585)
	at org.apache.catalina.startup.Bootstrap.start(Bootstrap.java:271)
	at org.apache.catalina.startup.Bootstrap.main(Bootstrap.java:409)
2012-7-10 19:40:00 org.apache.catalina.core.StandardContext listenerStart
严重: Skipped installing application listeners due to previous error(s)
2012-7-10 19:40:01 org.apache.catalina.core.ApplicationContext log
信息: ContextListener: contextInitialized()
2012-7-10 19:40:01 org.apache.catalina.core.ApplicationContext log
信息: SessionListener: contextInitialized()
2012-7-10 19:40:01 org.apache.catalina.core.ApplicationContext log
信息: ContextListener: contextInitialized()
2012-7-10 19:40:01 org.apache.catalina.core.ApplicationContext log
信息: SessionListener: contextInitialized()
2012-7-10 19:40:02 org.apache.catalina.core.ApplicationContext log
信息: ContextListener: attributeReplaced('org.apache.catalina.WELCOME_FILES', '[Ljava.lang.String;@73a7ab')
2012-7-10 19:40:02 org.apache.catalina.core.ApplicationContext log
信息: ContextListener: attributeReplaced('org.apache.catalina.WELCOME_FILES', '[Ljava.lang.String;@104faf8')
2012-7-10 19:40:02 org.apache.catalina.core.ApplicationContext log
信息: ContextListener: attributeReplaced('org.apache.catalina.WELCOME_FILES', '[Ljava.lang.String;@1f8c6df')
2012-7-10 19:40:02 org.apache.catalina.core.ApplicationContext log
信息: SessionListener: contextDestroyed()
2012-7-10 19:40:02 org.apache.catalina.core.ApplicationContext log
信息: ContextListener: contextDestroyed()
2012-7-10 19:40:02 org.apache.catalina.core.ApplicationContext log
信息: ContextListener: attributeReplaced('org.apache.catalina.WELCOME_FILES', '[Ljava.lang.String;@123b25c')
2012-7-10 19:40:02 org.apache.catalina.core.ApplicationContext log
信息: ContextListener: attributeReplaced('org.apache.catalina.WELCOME_FILES', '[Ljava.lang.String;@162dbb6')
2012-7-10 19:40:02 org.apache.catalina.core.ApplicationContext log
信息: ContextListener: attributeReplaced('org.apache.catalina.WELCOME_FILES', '[Ljava.lang.String;@146c1d4')
2012-7-10 19:40:02 org.apache.catalina.core.ApplicationContext log
信息: SessionListener: contextDestroyed()
2012-7-10 19:40:02 org.apache.catalina.core.ApplicationContext log
信息: ContextListener: contextDestroyed()
2012-7-10 19:40:10 org.apache.catalina.core.StandardContext listenerStart
严重: Error configuring application listener of class com.ecc.emp.util.StartupListener
java.lang.ClassNotFoundException: com.ecc.emp.util.StartupListener
	at org.apache.catalina.loader.WebappClassLoader.loadClass(WebappClassLoader.java:1332)
	at org.apache.catalina.loader.WebappClassLoader.loadClass(WebappClassLoader.java:1181)
	at org.apache.catalina.core.StandardContext.listenerStart(StandardContext.java:3617)
	at org.apache.catalina.core.StandardContext.start(StandardContext.java:4104)
	at org.apache.catalina.core.ContainerBase.addChildInternal(ContainerBase.java:759)
	at org.apache.catalina.core.ContainerBase.addChild(ContainerBase.java:739)
	at org.apache.catalina.core.StandardHost.addChild(StandardHost.java:524)
	at org.apache.catalina.startup.HostConfig.deployDescriptor(HostConfig.java:589)
	at org.apache.catalina.startup.HostConfig.deployDescriptors(HostConfig.java:536)
	at org.apache.catalina.startup.HostConfig.deployApps(HostConfig.java:471)
	at org.apache.catalina.startup.HostConfig.start(HostConfig.java:1102)
	at org.apache.catalina.startup.HostConfig.lifecycleEvent(HostConfig.java:311)
	at org.apache.catalina.util.LifecycleSupport.fireLifecycleEvent(LifecycleSupport.java:119)
	at org.apache.catalina.core.ContainerBase.start(ContainerBase.java:1020)
	at org.apache.catalina.core.StandardHost.start(StandardHost.java:718)
	at org.apache.catalina.core.ContainerBase.start(ContainerBase.java:1012)
	at org.apache.catalina.core.StandardEngine.start(StandardEngine.java:442)
	at org.apache.catalina.core.StandardService.start(StandardService.java:450)
	at org.apache.catalina.core.StandardServer.start(StandardServer.java:683)
	at org.apache.catalina.startup.Catalina.start(Catalina.java:537)
	at sun.reflect.NativeMethodAccessorImpl.invoke0(Native Method)
	at sun.reflect.NativeMethodAccessorImpl.invoke(NativeMethodAccessorImpl.java:39)
	at sun.reflect.DelegatingMethodAccessorImpl.invoke(DelegatingMethodAccessorImpl.java:25)
	at java.lang.reflect.Method.invoke(Method.java:585)
	at org.apache.catalina.startup.Bootstrap.start(Bootstrap.java:271)
	at org.apache.catalina.startup.Bootstrap.main(Bootstrap.java:409)
2012-7-10 19:40:10 org.apache.catalina.core.StandardContext listenerStart
严重: Skipped installing application listeners due to previous error(s)
2012-7-10 19:40:10 org.apache.catalina.core.ApplicationContext log
信息: ContextListener: contextInitialized()
2012-7-10 19:40:10 org.apache.catalina.core.ApplicationContext log
信息: SessionListener: contextInitialized()
2012-7-10 19:40:11 org.apache.catalina.core.ApplicationContext log
信息: ContextListener: contextInitialized()
2012-7-10 19:40:11 org.apache.catalina.core.ApplicationContext log
信息: SessionListener: contextInitialized()
2012-7-10 19:40:12 org.apache.catalina.core.ApplicationContext log
信息: ContextListener: attributeReplaced('org.apache.catalina.WELCOME_FILES', '[Ljava.lang.String;@73a7ab')
2012-7-10 19:40:12 org.apache.catalina.core.ApplicationContext log
信息: ContextListener: attributeReplaced('org.apache.catalina.WELCOME_FILES', '[Ljava.lang.String;@104faf8')
2012-7-10 19:40:12 org.apache.catalina.core.ApplicationContext log
信息: ContextListener: attributeReplaced('org.apache.catalina.WELCOME_FILES', '[Ljava.lang.String;@1f8c6df')
2012-7-10 19:40:12 org.apache.catalina.core.ApplicationContext log
信息: SessionListener: contextDestroyed()
2012-7-10 19:40:12 org.apache.catalina.core.ApplicationContext log
信息: ContextListener: contextDestroyed()
2012-7-10 19:40:12 org.apache.catalina.core.ApplicationContext log
信息: ContextListener: attributeReplaced('org.apache.catalina.WELCOME_FILES', '[Ljava.lang.String;@5e179a')
2012-7-10 19:40:12 org.apache.catalina.core.ApplicationContext log
信息: ContextListener: attributeReplaced('org.apache.catalina.WELCOME_FILES', '[Ljava.lang.String;@8c1dd9')
2012-7-10 19:40:12 org.apache.catalina.core.ApplicationContext log
信息: ContextListener: attributeReplaced('org.apache.catalina.WELCOME_FILES', '[Ljava.lang.String;@fbb7cb')
2012-7-10 19:40:12 org.apache.catalina.core.ApplicationContext log
信息: SessionListener: contextDestroyed()
2012-7-10 19:40:12 org.apache.catalina.core.ApplicationContext log
信息: ContextListener: contextDestroyed()
2012-7-10 19:42:50 org.apache.catalina.core.StandardContext listenerStart
严重: Error configuring application listener of class com.ecc.emp.util.StartupListener
java.lang.ClassNotFoundException: com.ecc.emp.util.StartupListener
	at org.apache.catalina.loader.WebappClassLoader.loadClass(WebappClassLoader.java:1332)
	at org.apache.catalina.loader.WebappClassLoader.loadClass(WebappClassLoader.java:1181)
	at org.apache.catalina.core.StandardContext.listenerStart(StandardContext.java:3617)
	at org.apache.catalina.core.StandardContext.start(StandardContext.java:4104)
	at org.apache.catalina.core.ContainerBase.addChildInternal(ContainerBase.java:759)
	at org.apache.catalina.core.ContainerBase.addChild(ContainerBase.java:739)
	at org.apache.catalina.core.StandardHost.addChild(StandardHost.java:524)
	at org.apache.catalina.startup.HostConfig.deployDescriptor(HostConfig.java:589)
	at org.apache.catalina.startup.HostConfig.deployDescriptors(HostConfig.java:536)
	at org.apache.catalina.startup.HostConfig.deployApps(HostConfig.java:471)
	at org.apache.catalina.startup.HostConfig.start(HostConfig.java:1102)
	at org.apache.catalina.startup.HostConfig.lifecycleEvent(HostConfig.java:311)
	at org.apache.catalina.util.LifecycleSupport.fireLifecycleEvent(LifecycleSupport.java:119)
	at org.apache.catalina.core.ContainerBase.start(ContainerBase.java:1020)
	at org.apache.catalina.core.StandardHost.start(StandardHost.java:718)
	at org.apache.catalina.core.ContainerBase.start(ContainerBase.java:1012)
	at org.apache.catalina.core.StandardEngine.start(StandardEngine.java:442)
	at org.apache.catalina.core.StandardService.start(StandardService.java:450)
	at org.apache.catalina.core.StandardServer.start(StandardServer.java:683)
	at org.apache.catalina.startup.Catalina.start(Catalina.java:537)
	at sun.reflect.NativeMethodAccessorImpl.invoke0(Native Method)
	at sun.reflect.NativeMethodAccessorImpl.invoke(NativeMethodAccessorImpl.java:39)
	at sun.reflect.DelegatingMethodAccessorImpl.invoke(DelegatingMethodAccessorImpl.java:25)
	at java.lang.reflect.Method.invoke(Method.java:585)
	at org.apache.catalina.startup.Bootstrap.start(Bootstrap.java:271)
	at org.apache.catalina.startup.Bootstrap.main(Bootstrap.java:409)
2012-7-10 19:42:50 org.apache.catalina.core.StandardContext listenerStart
严重: Skipped installing application listeners due to previous error(s)
2012-7-10 19:42:50 org.apache.catalina.core.ApplicationContext log
信息: ContextListener: contextInitialized()
2012-7-10 19:42:50 org.apache.catalina.core.ApplicationContext log
信息: SessionListener: contextInitialized()
2012-7-10 19:42:51 org.apache.catalina.core.ApplicationContext log
信息: ContextListener: contextInitialized()
2012-7-10 19:42:51 org.apache.catalina.core.ApplicationContext log
信息: SessionListener: contextInitialized()
2012-7-10 19:42:52 org.apache.catalina.core.ApplicationContext log
信息: ContextListener: attributeReplaced('org.apache.catalina.WELCOME_FILES', '[Ljava.lang.String;@73a7ab')
2012-7-10 19:42:52 org.apache.catalina.core.ApplicationContext log
信息: ContextListener: attributeReplaced('org.apache.catalina.WELCOME_FILES', '[Ljava.lang.String;@104faf8')
2012-7-10 19:42:52 org.apache.catalina.core.ApplicationContext log
信息: ContextListener: attributeReplaced('org.apache.catalina.WELCOME_FILES', '[Ljava.lang.String;@1f8c6df')
2012-7-10 19:42:52 org.apache.catalina.core.ApplicationContext log
信息: SessionListener: contextDestroyed()
2012-7-10 19:42:52 org.apache.catalina.core.ApplicationContext log
信息: ContextListener: contextDestroyed()
2012-7-10 19:42:52 org.apache.catalina.core.ApplicationContext log
信息: ContextListener: attributeReplaced('org.apache.catalina.WELCOME_FILES', '[Ljava.lang.String;@123b25c')
2012-7-10 19:42:52 org.apache.catalina.core.ApplicationContext log
信息: ContextListener: attributeReplaced('org.apache.catalina.WELCOME_FILES', '[Ljava.lang.String;@92bbba')
2012-7-10 19:42:52 org.apache.catalina.core.ApplicationContext log
信息: ContextListener: attributeReplaced('org.apache.catalina.WELCOME_FILES', '[Ljava.lang.String;@162dbb6')
2012-7-10 19:42:52 org.apache.catalina.core.ApplicationContext log
信息: SessionListener: contextDestroyed()
2012-7-10 19:42:52 org.apache.catalina.core.ApplicationContext log
信息: ContextListener: contextDestroyed()
2012-7-10 19:44:57 org.apache.catalina.core.StandardContext listenerStart
严重: Error configuring application listener of class com.ecc.emp.util.StartupListener
java.lang.ClassNotFoundException: com.ecc.emp.util.StartupListener
	at org.apache.catalina.loader.WebappClassLoader.loadClass(WebappClassLoader.java:1332)
	at org.apache.catalina.loader.WebappClassLoader.loadClass(WebappClassLoader.java:1181)
	at org.apache.catalina.core.StandardContext.listenerStart(StandardContext.java:3617)
	at org.apache.catalina.core.StandardContext.start(StandardContext.java:4104)
	at org.apache.catalina.core.ContainerBase.addChildInternal(ContainerBase.java:759)
	at org.apache.catalina.core.ContainerBase.addChild(ContainerBase.java:739)
	at org.apache.catalina.core.StandardHost.addChild(StandardHost.java:524)
	at org.apache.catalina.startup.HostConfig.deployDescriptor(HostConfig.java:589)
	at org.apache.catalina.startup.HostConfig.deployDescriptors(HostConfig.java:536)
	at org.apache.catalina.startup.HostConfig.deployApps(HostConfig.java:471)
	at org.apache.catalina.startup.HostConfig.start(HostConfig.java:1102)
	at org.apache.catalina.startup.HostConfig.lifecycleEvent(HostConfig.java:311)
	at org.apache.catalina.util.LifecycleSupport.fireLifecycleEvent(LifecycleSupport.java:119)
	at org.apache.catalina.core.ContainerBase.start(ContainerBase.java:1020)
	at org.apache.catalina.core.StandardHost.start(StandardHost.java:718)
	at org.apache.catalina.core.ContainerBase.start(ContainerBase.java:1012)
	at org.apache.catalina.core.StandardEngine.start(StandardEngine.java:442)
	at org.apache.catalina.core.StandardService.start(StandardService.java:450)
	at org.apache.catalina.core.StandardServer.start(StandardServer.java:683)
	at org.apache.catalina.startup.Catalina.start(Catalina.java:537)
	at sun.reflect.NativeMethodAccessorImpl.invoke0(Native Method)
	at sun.reflect.NativeMethodAccessorImpl.invoke(NativeMethodAccessorImpl.java:39)
	at sun.reflect.DelegatingMethodAccessorImpl.invoke(DelegatingMethodAccessorImpl.java:25)
	at java.lang.reflect.Method.invoke(Method.java:585)
	at org.apache.catalina.startup.Bootstrap.start(Bootstrap.java:271)
	at org.apache.catalina.startup.Bootstrap.main(Bootstrap.java:409)
2012-7-10 19:44:57 org.apache.catalina.core.StandardContext listenerStart
严重: Skipped installing application listeners due to previous error(s)
2012-7-10 19:44:57 org.apache.catalina.core.ApplicationContext log
信息: ContextListener: contextInitialized()
2012-7-10 19:44:57 org.apache.catalina.core.ApplicationContext log
信息: SessionListener: contextInitialized()
2012-7-10 19:44:57 org.apache.catalina.core.ApplicationContext log
信息: ContextListener: contextInitialized()
2012-7-10 19:44:57 org.apache.catalina.core.ApplicationContext log
信息: SessionListener: contextInitialized()
2012-7-10 19:44:59 org.apache.catalina.core.ApplicationContext log
信息: ContextListener: attributeReplaced('org.apache.catalina.WELCOME_FILES', '[Ljava.lang.String;@73a7ab')
2012-7-10 19:44:59 org.apache.catalina.core.ApplicationContext log
信息: ContextListener: attributeReplaced('org.apache.catalina.WELCOME_FILES', '[Ljava.lang.String;@104faf8')
2012-7-10 19:44:59 org.apache.catalina.core.ApplicationContext log
信息: ContextListener: attributeReplaced('org.apache.catalina.WELCOME_FILES', '[Ljava.lang.String;@1f8c6df')
2012-7-10 19:44:59 org.apache.catalina.core.ApplicationContext log
信息: SessionListener: contextDestroyed()
2012-7-10 19:44:59 org.apache.catalina.core.ApplicationContext log
信息: ContextListener: contextDestroyed()
2012-7-10 19:44:59 org.apache.catalina.core.ApplicationContext log
信息: ContextListener: attributeReplaced('org.apache.catalina.WELCOME_FILES', '[Ljava.lang.String;@5e179a')
2012-7-10 19:44:59 org.apache.catalina.core.ApplicationContext log
信息: ContextListener: attributeReplaced('org.apache.catalina.WELCOME_FILES', '[Ljava.lang.String;@8c1dd9')
2012-7-10 19:44:59 org.apache.catalina.core.ApplicationContext log
信息: ContextListener: attributeReplaced('org.apache.catalina.WELCOME_FILES', '[Ljava.lang.String;@fbb7cb')
2012-7-10 19:44:59 org.apache.catalina.core.ApplicationContext log
信息: SessionListener: contextDestroyed()
2012-7-10 19:44:59 org.apache.catalina.core.ApplicationContext log
信息: ContextListener: contextDestroyed()
2012-7-10 19:48:06 org.apache.catalina.core.StandardContext listenerStart
严重: Error configuring application listener of class com.ecc.emp.util.StartupListener
java.lang.ClassNotFoundException: com.ecc.emp.util.StartupListener
	at org.apache.catalina.loader.WebappClassLoader.loadClass(WebappClassLoader.java:1332)
	at org.apache.catalina.loader.WebappClassLoader.loadClass(WebappClassLoader.java:1181)
	at org.apache.catalina.core.StandardContext.listenerStart(StandardContext.java:3617)
	at org.apache.catalina.core.StandardContext.start(StandardContext.java:4104)
	at org.apache.catalina.core.ContainerBase.addChildInternal(ContainerBase.java:759)
	at org.apache.catalina.core.ContainerBase.addChild(ContainerBase.java:739)
	at org.apache.catalina.core.StandardHost.addChild(StandardHost.java:524)
	at org.apache.catalina.startup.HostConfig.deployDescriptor(HostConfig.java:589)
	at org.apache.catalina.startup.HostConfig.deployDescriptors(HostConfig.java:536)
	at org.apache.catalina.startup.HostConfig.deployApps(HostConfig.java:471)
	at org.apache.catalina.startup.HostConfig.start(HostConfig.java:1102)
	at org.apache.catalina.startup.HostConfig.lifecycleEvent(HostConfig.java:311)
	at org.apache.catalina.util.LifecycleSupport.fireLifecycleEvent(LifecycleSupport.java:119)
	at org.apache.catalina.core.ContainerBase.start(ContainerBase.java:1020)
	at org.apache.catalina.core.StandardHost.start(StandardHost.java:718)
	at org.apache.catalina.core.ContainerBase.start(ContainerBase.java:1012)
	at org.apache.catalina.core.StandardEngine.start(StandardEngine.java:442)
	at org.apache.catalina.core.StandardService.start(StandardService.java:450)
	at org.apache.catalina.core.StandardServer.start(StandardServer.java:683)
	at org.apache.catalina.startup.Catalina.start(Catalina.java:537)
	at sun.reflect.NativeMethodAccessorImpl.invoke0(Native Method)
	at sun.reflect.NativeMethodAccessorImpl.invoke(NativeMethodAccessorImpl.java:39)
	at sun.reflect.DelegatingMethodAccessorImpl.invoke(DelegatingMethodAccessorImpl.java:25)
	at java.lang.reflect.Method.invoke(Method.java:585)
	at org.apache.catalina.startup.Bootstrap.start(Bootstrap.java:271)
	at org.apache.catalina.startup.Bootstrap.main(Bootstrap.java:409)
2012-7-10 19:48:06 org.apache.catalina.core.StandardContext listenerStart
严重: Skipped installing application listeners due to previous error(s)
2012-7-10 19:48:07 org.apache.catalina.core.ApplicationContext log
信息: ContextListener: contextInitialized()
2012-7-10 19:48:07 org.apache.catalina.core.ApplicationContext log
信息: SessionListener: contextInitialized()
2012-7-10 19:48:07 org.apache.catalina.core.ApplicationContext log
信息: ContextListener: contextInitialized()
2012-7-10 19:48:07 org.apache.catalina.core.ApplicationContext log
信息: SessionListener: contextInitialized()
2012-7-10 19:48:08 org.apache.catalina.core.ApplicationContext log
信息: ContextListener: attributeReplaced('org.apache.catalina.WELCOME_FILES', '[Ljava.lang.String;@73a7ab')
2012-7-10 19:48:08 org.apache.catalina.core.ApplicationContext log
信息: ContextListener: attributeReplaced('org.apache.catalina.WELCOME_FILES', '[Ljava.lang.String;@104faf8')
2012-7-10 19:48:08 org.apache.catalina.core.ApplicationContext log
信息: ContextListener: attributeReplaced('org.apache.catalina.WELCOME_FILES', '[Ljava.lang.String;@1f8c6df')
2012-7-10 19:48:08 org.apache.catalina.core.ApplicationContext log
信息: SessionListener: contextDestroyed()
2012-7-10 19:48:08 org.apache.catalina.core.ApplicationContext log
信息: ContextListener: contextDestroyed()
2012-7-10 19:48:08 org.apache.catalina.core.ApplicationContext log
信息: ContextListener: attributeReplaced('org.apache.catalina.WELCOME_FILES', '[Ljava.lang.String;@123b25c')
2012-7-10 19:48:08 org.apache.catalina.core.ApplicationContext log
信息: ContextListener: attributeReplaced('org.apache.catalina.WELCOME_FILES', '[Ljava.lang.String;@162dbb6')
2012-7-10 19:48:08 org.apache.catalina.core.ApplicationContext log
信息: ContextListener: attributeReplaced('org.apache.catalina.WELCOME_FILES', '[Ljava.lang.String;@146c1d4')
2012-7-10 19:48:08 org.apache.catalina.core.ApplicationContext log
信息: SessionListener: contextDestroyed()
2012-7-10 19:48:08 org.apache.catalina.core.ApplicationContext log
信息: ContextListener: contextDestroyed()
2012-7-10 19:48:14 org.apache.catalina.core.StandardContext listenerStart
严重: Error configuring application listener of class com.ecc.emp.util.StartupListener
java.lang.ClassNotFoundException: com.ecc.emp.util.StartupListener
	at org.apache.catalina.loader.WebappClassLoader.loadClass(WebappClassLoader.java:1332)
	at org.apache.catalina.loader.WebappClassLoader.loadClass(WebappClassLoader.java:1181)
	at org.apache.catalina.core.StandardContext.listenerStart(StandardContext.java:3617)
	at org.apache.catalina.core.StandardContext.start(StandardContext.java:4104)
	at org.apache.catalina.core.ContainerBase.addChildInternal(ContainerBase.java:759)
	at org.apache.catalina.core.ContainerBase.addChild(ContainerBase.java:739)
	at org.apache.catalina.core.StandardHost.addChild(StandardHost.java:524)
	at org.apache.catalina.startup.HostConfig.deployDescriptor(HostConfig.java:589)
	at org.apache.catalina.startup.HostConfig.deployDescriptors(HostConfig.java:536)
	at org.apache.catalina.startup.HostConfig.deployApps(HostConfig.java:471)
	at org.apache.catalina.startup.HostConfig.start(HostConfig.java:1102)
	at org.apache.catalina.startup.HostConfig.lifecycleEvent(HostConfig.java:311)
	at org.apache.catalina.util.LifecycleSupport.fireLifecycleEvent(LifecycleSupport.java:119)
	at org.apache.catalina.core.ContainerBase.start(ContainerBase.java:1020)
	at org.apache.catalina.core.StandardHost.start(StandardHost.java:718)
	at org.apache.catalina.core.ContainerBase.start(ContainerBase.java:1012)
	at org.apache.catalina.core.StandardEngine.start(StandardEngine.java:442)
	at org.apache.catalina.core.StandardService.start(StandardService.java:450)
	at org.apache.catalina.core.StandardServer.start(StandardServer.java:683)
	at org.apache.catalina.startup.Catalina.start(Catalina.java:537)
	at sun.reflect.NativeMethodAccessorImpl.invoke0(Native Method)
	at sun.reflect.NativeMethodAccessorImpl.invoke(NativeMethodAccessorImpl.java:39)
	at sun.reflect.DelegatingMethodAccessorImpl.invoke(DelegatingMethodAccessorImpl.java:25)
	at java.lang.reflect.Method.invoke(Method.java:585)
	at org.apache.catalina.startup.Bootstrap.start(Bootstrap.java:271)
	at org.apache.catalina.startup.Bootstrap.main(Bootstrap.java:409)
2012-7-10 19:48:14 org.apache.catalina.core.StandardContext listenerStart
严重: Skipped installing application listeners due to previous error(s)
2012-7-10 19:48:15 org.apache.catalina.core.ApplicationContext log
信息: ContextListener: contextInitialized()
2012-7-10 19:48:15 org.apache.catalina.core.ApplicationContext log
信息: SessionListener: contextInitialized()
2012-7-10 19:48:15 org.apache.catalina.core.ApplicationContext log
信息: ContextListener: contextInitialized()
2012-7-10 19:48:15 org.apache.catalina.core.ApplicationContext log
信息: SessionListener: contextInitialized()
2012-7-10 19:48:16 org.apache.catalina.core.ApplicationContext log
信息: ContextListener: attributeReplaced('org.apache.catalina.WELCOME_FILES', '[Ljava.lang.String;@73a7ab')
2012-7-10 19:48:16 org.apache.catalina.core.ApplicationContext log
信息: ContextListener: attributeReplaced('org.apache.catalina.WELCOME_FILES', '[Ljava.lang.String;@104faf8')
2012-7-10 19:48:16 org.apache.catalina.core.ApplicationContext log
信息: ContextListener: attributeReplaced('org.apache.catalina.WELCOME_FILES', '[Ljava.lang.String;@1f8c6df')
2012-7-10 19:48:16 org.apache.catalina.core.ApplicationContext log
信息: SessionListener: contextDestroyed()
2012-7-10 19:48:16 org.apache.catalina.core.ApplicationContext log
信息: ContextListener: contextDestroyed()
2012-7-10 19:48:16 org.apache.catalina.core.ApplicationContext log
信息: ContextListener: attributeReplaced('org.apache.catalina.WELCOME_FILES', '[Ljava.lang.String;@123b25c')
2012-7-10 19:48:16 org.apache.catalina.core.ApplicationContext log
信息: ContextListener: attributeReplaced('org.apache.catalina.WELCOME_FILES', '[Ljava.lang.String;@162dbb6')
2012-7-10 19:48:16 org.apache.catalina.core.ApplicationContext log
信息: ContextListener: attributeReplaced('org.apache.catalina.WELCOME_FILES', '[Ljava.lang.String;@146c1d4')
2012-7-10 19:48:16 org.apache.catalina.core.ApplicationContext log
信息: SessionListener: contextDestroyed()
2012-7-10 19:48:16 org.apache.catalina.core.ApplicationContext log
信息: ContextListener: contextDestroyed()
2012-7-10 19:48:33 org.apache.catalina.core.StandardContext listenerStart
严重: Error configuring application listener of class com.ecc.emp.util.StartupListener
java.lang.ClassNotFoundException: com.ecc.emp.util.StartupListener
	at org.apache.catalina.loader.WebappClassLoader.loadClass(WebappClassLoader.java:1332)
	at org.apache.catalina.loader.WebappClassLoader.loadClass(WebappClassLoader.java:1181)
	at org.apache.catalina.core.StandardContext.listenerStart(StandardContext.java:3617)
	at org.apache.catalina.core.StandardContext.start(StandardContext.java:4104)
	at org.apache.catalina.core.ContainerBase.addChildInternal(ContainerBase.java:759)
	at org.apache.catalina.core.ContainerBase.addChild(ContainerBase.java:739)
	at org.apache.catalina.core.StandardHost.addChild(StandardHost.java:524)
	at org.apache.catalina.startup.HostConfig.deployDescriptor(HostConfig.java:589)
	at org.apache.catalina.startup.HostConfig.deployDescriptors(HostConfig.java:536)
	at org.apache.catalina.startup.HostConfig.deployApps(HostConfig.java:471)
	at org.apache.catalina.startup.HostConfig.start(HostConfig.java:1102)
	at org.apache.catalina.startup.HostConfig.lifecycleEvent(HostConfig.java:311)
	at org.apache.catalina.util.LifecycleSupport.fireLifecycleEvent(LifecycleSupport.java:119)
	at org.apache.catalina.core.ContainerBase.start(ContainerBase.java:1020)
	at org.apache.catalina.core.StandardHost.start(StandardHost.java:718)
	at org.apache.catalina.core.ContainerBase.start(ContainerBase.java:1012)
	at org.apache.catalina.core.StandardEngine.start(StandardEngine.java:442)
	at org.apache.catalina.core.StandardService.start(StandardService.java:450)
	at org.apache.catalina.core.StandardServer.start(StandardServer.java:683)
	at org.apache.catalina.startup.Catalina.start(Catalina.java:537)
	at sun.reflect.NativeMethodAccessorImpl.invoke0(Native Method)
	at sun.reflect.NativeMethodAccessorImpl.invoke(NativeMethodAccessorImpl.java:39)
	at sun.reflect.DelegatingMethodAccessorImpl.invoke(DelegatingMethodAccessorImpl.java:25)
	at java.lang.reflect.Method.invoke(Method.java:585)
	at org.apache.catalina.startup.Bootstrap.start(Bootstrap.java:271)
	at org.apache.catalina.startup.Bootstrap.main(Bootstrap.java:409)
2012-7-10 19:48:33 org.apache.catalina.core.StandardContext listenerStart
严重: Skipped installing application listeners due to previous error(s)
2012-7-10 19:48:33 org.apache.catalina.core.ApplicationContext log
信息: ContextListener: contextInitialized()
2012-7-10 19:48:33 org.apache.catalina.core.ApplicationContext log
信息: SessionListener: contextInitialized()
2012-7-10 19:48:33 org.apache.catalina.core.ApplicationContext log
信息: ContextListener: contextInitialized()
2012-7-10 19:48:33 org.apache.catalina.core.ApplicationContext log
信息: SessionListener: contextInitialized()
2012-7-10 19:56:42 org.apache.catalina.core.StandardContext listenerStart
严重: Error configuring application listener of class com.ecc.emp.util.StartupListener
java.lang.ClassNotFoundException: com.ecc.emp.util.StartupListener
	at org.apache.catalina.loader.WebappClassLoader.loadClass(WebappClassLoader.java:1332)
	at org.apache.catalina.loader.WebappClassLoader.loadClass(WebappClassLoader.java:1181)
	at org.apache.catalina.core.StandardContext.listenerStart(StandardContext.java:3617)
	at org.apache.catalina.core.StandardContext.start(StandardContext.java:4104)
	at org.apache.catalina.core.ContainerBase.addChildInternal(ContainerBase.java:759)
	at org.apache.catalina.core.ContainerBase.addChild(ContainerBase.java:739)
	at org.apache.catalina.core.StandardHost.addChild(StandardHost.java:524)
	at org.apache.catalina.startup.HostConfig.deployDescriptor(HostConfig.java:589)
	at org.apache.catalina.startup.HostConfig.deployDescriptors(HostConfig.java:536)
	at org.apache.catalina.startup.HostConfig.deployApps(HostConfig.java:471)
	at org.apache.catalina.startup.HostConfig.start(HostConfig.java:1102)
	at org.apache.catalina.startup.HostConfig.lifecycleEvent(HostConfig.java:311)
	at org.apache.catalina.util.LifecycleSupport.fireLifecycleEvent(LifecycleSupport.java:119)
	at org.apache.catalina.core.ContainerBase.start(ContainerBase.java:1020)
	at org.apache.catalina.core.StandardHost.start(StandardHost.java:718)
	at org.apache.catalina.core.ContainerBase.start(ContainerBase.java:1012)
	at org.apache.catalina.core.StandardEngine.start(StandardEngine.java:442)
	at org.apache.catalina.core.StandardService.start(StandardService.java:450)
	at org.apache.catalina.core.StandardServer.start(StandardServer.java:683)
	at org.apache.catalina.startup.Catalina.start(Catalina.java:537)
	at sun.reflect.NativeMethodAccessorImpl.invoke0(Native Method)
	at sun.reflect.NativeMethodAccessorImpl.invoke(NativeMethodAccessorImpl.java:39)
	at sun.reflect.DelegatingMethodAccessorImpl.invoke(DelegatingMethodAccessorImpl.java:25)
	at java.lang.reflect.Method.invoke(Method.java:585)
	at org.apache.catalina.startup.Bootstrap.start(Bootstrap.java:271)
	at org.apache.catalina.startup.Bootstrap.main(Bootstrap.java:409)
2012-7-10 19:56:42 org.apache.catalina.core.StandardContext listenerStart
严重: Skipped installing application listeners due to previous error(s)
2012-7-10 19:56:42 org.apache.catalina.core.ApplicationContext log
信息: ContextListener: contextInitialized()
2012-7-10 19:56:42 org.apache.catalina.core.ApplicationContext log
信息: SessionListener: contextInitialized()
2012-7-10 19:56:42 org.apache.catalina.core.ApplicationContext log
信息: ContextListener: contextInitialized()
2012-7-10 19:56:42 org.apache.catalina.core.ApplicationContext log
信息: SessionListener: contextInitialized()
2012-7-10 20:06:43 org.apache.catalina.core.StandardContext listenerStart
严重: Error configuring application listener of class com.ecc.emp.util.StartupListener
java.lang.ClassNotFoundException: com.ecc.emp.util.StartupListener
	at org.apache.catalina.loader.WebappClassLoader.loadClass(WebappClassLoader.java:1332)
	at org.apache.catalina.loader.WebappClassLoader.loadClass(WebappClassLoader.java:1181)
	at org.apache.catalina.core.StandardContext.listenerStart(StandardContext.java:3617)
	at org.apache.catalina.core.StandardContext.start(StandardContext.java:4104)
	at org.apache.catalina.core.ContainerBase.addChildInternal(ContainerBase.java:759)
	at org.apache.catalina.core.ContainerBase.addChild(ContainerBase.java:739)
	at org.apache.catalina.core.StandardHost.addChild(StandardHost.java:524)
	at org.apache.catalina.startup.HostConfig.deployDescriptor(HostConfig.java:589)
	at org.apache.catalina.startup.HostConfig.deployDescriptors(HostConfig.java:536)
	at org.apache.catalina.startup.HostConfig.deployApps(HostConfig.java:471)
	at org.apache.catalina.startup.HostConfig.start(HostConfig.java:1102)
	at org.apache.catalina.startup.HostConfig.lifecycleEvent(HostConfig.java:311)
	at org.apache.catalina.util.LifecycleSupport.fireLifecycleEvent(LifecycleSupport.java:119)
	at org.apache.catalina.core.ContainerBase.start(ContainerBase.java:1020)
	at org.apache.catalina.core.StandardHost.start(StandardHost.java:718)
	at org.apache.catalina.core.ContainerBase.start(ContainerBase.java:1012)
	at org.apache.catalina.core.StandardEngine.start(StandardEngine.java:442)
	at org.apache.catalina.core.StandardService.start(StandardService.java:450)
	at org.apache.catalina.core.StandardServer.start(StandardServer.java:683)
	at org.apache.catalina.startup.Catalina.start(Catalina.java:537)
	at sun.reflect.NativeMethodAccessorImpl.invoke0(Native Method)
	at sun.reflect.NativeMethodAccessorImpl.invoke(NativeMethodAccessorImpl.java:39)
	at sun.reflect.DelegatingMethodAccessorImpl.invoke(DelegatingMethodAccessorImpl.java:25)
	at java.lang.reflect.Method.invoke(Method.java:585)
	at org.apache.catalina.startup.Bootstrap.start(Bootstrap.java:271)
	at org.apache.catalina.startup.Bootstrap.main(Bootstrap.java:409)
2012-7-10 20:06:43 org.apache.catalina.core.StandardContext listenerStart
严重: Skipped installing application listeners due to previous error(s)
2012-7-10 20:06:44 org.apache.catalina.core.ApplicationContext log
信息: ContextListener: contextInitialized()
2012-7-10 20:06:44 org.apache.catalina.core.ApplicationContext log
信息: SessionListener: contextInitialized()
2012-7-10 20:06:44 org.apache.catalina.core.ApplicationContext log
信息: ContextListener: contextInitialized()
2012-7-10 20:06:44 org.apache.catalina.core.ApplicationContext log
信息: SessionListener: contextInitialized()
2012-7-10 20:08:37 org.apache.catalina.core.StandardContext listenerStart
严重: Error configuring application listener of class com.ecc.emp.util.StartupListener
java.lang.ClassNotFoundException: com.ecc.emp.util.StartupListener
	at org.apache.catalina.loader.WebappClassLoader.loadClass(WebappClassLoader.java:1332)
	at org.apache.catalina.loader.WebappClassLoader.loadClass(WebappClassLoader.java:1181)
	at org.apache.catalina.core.StandardContext.listenerStart(StandardContext.java:3617)
	at org.apache.catalina.core.StandardContext.start(StandardContext.java:4104)
	at org.apache.catalina.core.ContainerBase.addChildInternal(ContainerBase.java:759)
	at org.apache.catalina.core.ContainerBase.addChild(ContainerBase.java:739)
	at org.apache.catalina.core.StandardHost.addChild(StandardHost.java:524)
	at org.apache.catalina.startup.HostConfig.deployDescriptor(HostConfig.java:589)
	at org.apache.catalina.startup.HostConfig.deployDescriptors(HostConfig.java:536)
	at org.apache.catalina.startup.HostConfig.deployApps(HostConfig.java:471)
	at org.apache.catalina.startup.HostConfig.start(HostConfig.java:1102)
	at org.apache.catalina.startup.HostConfig.lifecycleEvent(HostConfig.java:311)
	at org.apache.catalina.util.LifecycleSupport.fireLifecycleEvent(LifecycleSupport.java:119)
	at org.apache.catalina.core.ContainerBase.start(ContainerBase.java:1020)
	at org.apache.catalina.core.StandardHost.start(StandardHost.java:718)
	at org.apache.catalina.core.ContainerBase.start(ContainerBase.java:1012)
	at org.apache.catalina.core.StandardEngine.start(StandardEngine.java:442)
	at org.apache.catalina.core.StandardService.start(StandardService.java:450)
	at org.apache.catalina.core.StandardServer.start(StandardServer.java:683)
	at org.apache.catalina.startup.Catalina.start(Catalina.java:537)
	at sun.reflect.NativeMethodAccessorImpl.invoke0(Native Method)
	at sun.reflect.NativeMethodAccessorImpl.invoke(NativeMethodAccessorImpl.java:39)
	at sun.reflect.DelegatingMethodAccessorImpl.invoke(DelegatingMethodAccessorImpl.java:25)
	at java.lang.reflect.Method.invoke(Method.java:585)
	at org.apache.catalina.startup.Bootstrap.start(Bootstrap.java:271)
	at org.apache.catalina.startup.Bootstrap.main(Bootstrap.java:409)
2012-7-10 20:08:37 org.apache.catalina.core.StandardContext listenerStart
严重: Skipped installing application listeners due to previous error(s)
2012-7-10 20:08:37 org.apache.catalina.core.ApplicationContext log
信息: ContextListener: contextInitialized()
2012-7-10 20:08:37 org.apache.catalina.core.ApplicationContext log
信息: SessionListener: contextInitialized()
2012-7-10 20:08:38 org.apache.catalina.core.ApplicationContext log
信息: ContextListener: contextInitialized()
2012-7-10 20:08:38 org.apache.catalina.core.ApplicationContext log
信息: SessionListener: contextInitialized()
2012-7-10 20:10:42 org.apache.catalina.core.StandardContext listenerStart
严重: Error configuring application listener of class com.ecc.emp.util.StartupListener
java.lang.ClassNotFoundException: com.ecc.emp.util.StartupListener
	at org.apache.catalina.loader.WebappClassLoader.loadClass(WebappClassLoader.java:1332)
	at org.apache.catalina.loader.WebappClassLoader.loadClass(WebappClassLoader.java:1181)
	at org.apache.catalina.core.StandardContext.listenerStart(StandardContext.java:3617)
	at org.apache.catalina.core.StandardContext.start(StandardContext.java:4104)
	at org.apache.catalina.core.ContainerBase.addChildInternal(ContainerBase.java:759)
	at org.apache.catalina.core.ContainerBase.addChild(ContainerBase.java:739)
	at org.apache.catalina.core.StandardHost.addChild(StandardHost.java:524)
	at org.apache.catalina.startup.HostConfig.deployDescriptor(HostConfig.java:589)
	at org.apache.catalina.startup.HostConfig.deployDescriptors(HostConfig.java:536)
	at org.apache.catalina.startup.HostConfig.deployApps(HostConfig.java:471)
	at org.apache.catalina.startup.HostConfig.start(HostConfig.java:1102)
	at org.apache.catalina.startup.HostConfig.lifecycleEvent(HostConfig.java:311)
	at org.apache.catalina.util.LifecycleSupport.fireLifecycleEvent(LifecycleSupport.java:119)
	at org.apache.catalina.core.ContainerBase.start(ContainerBase.java:1020)
	at org.apache.catalina.core.StandardHost.start(StandardHost.java:718)
	at org.apache.catalina.core.ContainerBase.start(ContainerBase.java:1012)
	at org.apache.catalina.core.StandardEngine.start(StandardEngine.java:442)
	at org.apache.catalina.core.StandardService.start(StandardService.java:450)
	at org.apache.catalina.core.StandardServer.start(StandardServer.java:683)
	at org.apache.catalina.startup.Catalina.start(Catalina.java:537)
	at sun.reflect.NativeMethodAccessorImpl.invoke0(Native Method)
	at sun.reflect.NativeMethodAccessorImpl.invoke(NativeMethodAccessorImpl.java:39)
	at sun.reflect.DelegatingMethodAccessorImpl.invoke(DelegatingMethodAccessorImpl.java:25)
	at java.lang.reflect.Method.invoke(Method.java:585)
	at org.apache.catalina.startup.Bootstrap.start(Bootstrap.java:271)
	at org.apache.catalina.startup.Bootstrap.main(Bootstrap.java:409)
2012-7-10 20:10:42 org.apache.catalina.core.StandardContext listenerStart
严重: Skipped installing application listeners due to previous error(s)
2012-7-10 20:10:42 org.apache.catalina.core.ApplicationContext log
信息: ContextListener: contextInitialized()
2012-7-10 20:10:42 org.apache.catalina.core.ApplicationContext log
信息: SessionListener: contextInitialized()
2012-7-10 20:10:43 org.apache.catalina.core.ApplicationContext log
信息: ContextListener: contextInitialized()
2012-7-10 20:10:43 org.apache.catalina.core.ApplicationContext log
信息: SessionListener: contextInitialized()
