__________________________________________________________________________

Sat Jul 20 13:10:01 CST 2013

可用内存： 18201 kB
内存总量： 40867 kB

java.class.path:
    C:\Users\Administrator\AppData\Local\Temp\I1374296832\InstallerData\IAClasses.zip
    C:\Users\Administrator\AppData\Local\Temp\I1374296832\InstallerData\Execute.zip
    C:\Users\Administrator\AppData\Local\Temp\I1374296832\Windows\InstallerData\Execute.zip
    C:\Users\Administrator\AppData\Local\Temp\I1374296832\InstallerData\Resource1.zip
    C:\Users\Administrator\AppData\Local\Temp\I1374296832\Windows\InstallerData\Resource1.zip
    C:\Users\Administrator\AppData\Local\Temp\I1374296832\InstallerData
    C:\Users\Administrator\AppData\Local\Temp\I1374296832\Windows\InstallerData

ZGUtil.CLASS_PATH:
    C:\Users\Administrator\AppData\Local\Temp\I1374296832\InstallerData\IAClasses.zip
    C:\Users\Administrator\AppData\Local\Temp\I1374296832\InstallerData\Execute.zip
    C:\Users\Administrator\AppData\Local\Temp\I1374296832\InstallerData

sun.boot.class.path:
    C:\Users\Administrator\AppData\Local\Temp\I1374296832\Windows\resource\jre\lib\vm.jar
    C:\Users\Administrator\AppData\Local\Temp\I1374296832\Windows\resource\jre\lib\annotation.jar
    C:\Users\Administrator\AppData\Local\Temp\I1374296832\Windows\resource\jre\lib\beans.jar
    C:\Users\Administrator\AppData\Local\Temp\I1374296832\Windows\resource\jre\lib\java.util.jar
    C:\Users\Administrator\AppData\Local\Temp\I1374296832\Windows\resource\jre\lib\jndi.jar
    C:\Users\Administrator\AppData\Local\Temp\I1374296832\Windows\resource\jre\lib\logging.jar
    C:\Users\Administrator\AppData\Local\Temp\I1374296832\Windows\resource\jre\lib\security.jar
    C:\Users\Administrator\AppData\Local\Temp\I1374296832\Windows\resource\jre\lib\sql.jar
    C:\Users\Administrator\AppData\Local\Temp\I1374296832\Windows\resource\jre\lib\ibmorb.jar
    C:\Users\Administrator\AppData\Local\Temp\I1374296832\Windows\resource\jre\lib\ibmorbapi.jar
    C:\Users\Administrator\AppData\Local\Temp\I1374296832\Windows\resource\jre\lib\ibmcfw.jar
    C:\Users\Administrator\AppData\Local\Temp\I1374296832\Windows\resource\jre\lib\rt.jar
    C:\Users\Administrator\AppData\Local\Temp\I1374296832\Windows\resource\jre\lib\charsets.jar
    C:\Users\Administrator\AppData\Local\Temp\I1374296832\Windows\resource\jre\lib\resources.jar
    C:\Users\Administrator\AppData\Local\Temp\I1374296832\Windows\resource\jre\lib\ibmpkcs.jar
    C:\Users\Administrator\AppData\Local\Temp\I1374296832\Windows\resource\jre\lib\ibmcertpathfw.jar
    C:\Users\Administrator\AppData\Local\Temp\I1374296832\Windows\resource\jre\lib\ibmjgssfw.jar
    C:\Users\Administrator\AppData\Local\Temp\I1374296832\Windows\resource\jre\lib\ibmjssefw.jar
    C:\Users\Administrator\AppData\Local\Temp\I1374296832\Windows\resource\jre\lib\ibmsaslfw.jar
    C:\Users\Administrator\AppData\Local\Temp\I1374296832\Windows\resource\jre\lib\ibmjcefw.jar
    C:\Users\Administrator\AppData\Local\Temp\I1374296832\Windows\resource\jre\lib\ibmjgssprovider.jar
    C:\Users\Administrator\AppData\Local\Temp\I1374296832\Windows\resource\jre\lib\ibmjsseprovider2.jar
    C:\Users\Administrator\AppData\Local\Temp\I1374296832\Windows\resource\jre\lib\ibmcertpathprovider.jar
    C:\Users\Administrator\AppData\Local\Temp\I1374296832\Windows\resource\jre\lib\ibmxmlcrypto.jar
    C:\Users\Administrator\AppData\Local\Temp\I1374296832\Windows\resource\jre\lib\management-agent.jar
    C:\Users\Administrator\AppData\Local\Temp\I1374296832\Windows\resource\jre\lib\xml.jar
    C:\Users\Administrator\AppData\Local\Temp\I1374296832\Windows\resource\jre\lib\jlm.jar
    C:\Users\Administrator\AppData\Local\Temp\I1374296832\Windows\resource\jre\lib\javascript.jar

java.ext.dirs:
    C:\Users\Administrator\AppData\Local\Temp\I1374296832\Windows\resource\jre\lib\ext

java.version                  == 1.6.0 (Java 1)
java.vm.name                  == IBM J9 VM
java.vm.vendor                == IBM Corporation
java.vm.version               == 2.4
java.vm.specification.name    == Java Virtual Machine Specification
java.vm.specification.vendor  == Sun Microsystems Inc.
java.vm.specification.version == 1.0
java.specification.name       == Java Platform API Specification
java.specification.vendor     == Sun Microsystems Inc.
java.specification.version    == 1.6
java.vendor                   == IBM Corporation
java.vendor.url               == http://www.ibm.com/
java.class.version            == 50.0
java.compiler                 == j9jit24
java.home                     == C:\Users\Administrator\AppData\Local\Temp\I1374296832\Windows\resource\jre
java.io.tmpdir                == C:\Users\ADMINI~1\AppData\Local\Temp\
os.name                       == Windows 7
os.arch                       == x86
os.version                    == 6.1 build 7601 Service Pack 1
path.separator                == ;
file.separator                == \
file.encoding                 == GB18030
user.name                     == Administrator
user.home                     == C:\Users\Administrator
user.dir                      == C:\Users\Administrator\AppData\Local\Temp\I1374296832\Windows
user.language                 == zh
user.region                   == null
__________________________________________________________________________

安装开始： Sat Jul 20 13:07:41 CST 2013
安装结束： Sat Jul 20 13:09:29 CST 2013

由 Acresso 提供的 InstallAnywhere 11.5 Enterprise Build 3972 安装


用户交互项
-----


#表明许可协议是否已被接受
#------------
LICENSE_ACCEPTED=TRUE

#选择安装文件夹
#-------
USER_INSTALL_DIR=F:\\myapp\\IBM\\DSAC3.1.1

#Install
#-------
-fileOverwrite_F\:\\myapp\\IBM\\DSAC3.1.1\\Uninstall\\卸载.lax=Yes
-fileOverwrite_F\:\\myapp\\IBM\\DSAC3.1.1\\Uninstall\\resource\\iawin32.dll=Yes
-fileOverwrite_F\:\\myapp\\IBM\\DSAC3.1.1\\Uninstall\\resource\\remove.exe=Yes
-fileOverwrite_F\:\\myapp\\IBM\\DSAC3.1.1\\datastudio.exe=Yes
-fileOverwrite_F\:\\myapp\\IBM\\DSAC3.1.1\\dsmini\\bin\\db2dbgm.jar=Yes
-fileOverwrite_F\:\\myapp\\IBM\\DSAC3.1.1\\dsmini\\bin\\db2dbgm.bat=Yes
-fileOverwrite_F\:\\myapp\\IBM\\DSAC3.1.1\\license\\Turkish.txt=Yes
-fileOverwrite_F\:\\myapp\\IBM\\DSAC3.1.1\\license\\Spanish.txt=Yes
-fileOverwrite_F\:\\myapp\\IBM\\DSAC3.1.1\\license\\Slovenia.txt=Yes
-fileOverwrite_F\:\\myapp\\IBM\\DSAC3.1.1\\license\\Russian.txt=Yes
-fileOverwrite_F\:\\myapp\\IBM\\DSAC3.1.1\\license\\Portuguese.txt=Yes
-fileOverwrite_F\:\\myapp\\IBM\\DSAC3.1.1\\license\\Polish.txt=Yes
-fileOverwrite_F\:\\myapp\\IBM\\DSAC3.1.1\\license\\Lithuania.txt=Yes
-fileOverwrite_F\:\\myapp\\IBM\\DSAC3.1.1\\license\\Korean.txt=Yes
-fileOverwrite_F\:\\myapp\\IBM\\DSAC3.1.1\\license\\Japanese.txt=Yes
-fileOverwrite_F\:\\myapp\\IBM\\DSAC3.1.1\\license\\Italian.txt=Yes
-fileOverwrite_F\:\\myapp\\IBM\\DSAC3.1.1\\license\\Indonesian.txt=Yes
-fileOverwrite_F\:\\myapp\\IBM\\DSAC3.1.1\\license\\Greek.txt=Yes
-fileOverwrite_F\:\\myapp\\IBM\\DSAC3.1.1\\license\\German.txt=Yes
-fileOverwrite_F\:\\myapp\\IBM\\DSAC3.1.1\\license\\French.txt=Yes
-fileOverwrite_F\:\\myapp\\IBM\\DSAC3.1.1\\license\\English.txt=Yes
-fileOverwrite_F\:\\myapp\\IBM\\DSAC3.1.1\\license\\Czech.txt=Yes
-fileOverwrite_F\:\\myapp\\IBM\\DSAC3.1.1\\license\\Chinese_TW.txt=Yes
-fileOverwrite_F\:\\myapp\\IBM\\DSAC3.1.1\\license\\Chinese.txt=Yes

#安装完成
#----
USER_INPUT_RESULTS=\"\"
USER_INPUT_RESULTS_1=
USER_INPUT_RESULTS_BOOLEAN_1=0

摘要
--

安装：成功.

109 成功
0 警告
0 无致命错误
0 致命错误

操作注释：

无

安装程序日志详细信息：

定制操作：                     com.ibm.ds.ia.install.wizard.action.AddDependencyAction
                          状态：成功

定制操作：                     com.ibm.ds.ia.install.wizard.plugin.initEnvAction.InitEnvAction
                          状态：成功

定制操作：                     com.ibm.ds.ia.install.util.prereq.CheckInstallSrcDirPathLength
                          状态：成功


定制操作：                     com.ibm.ds.ia.install.wizard.action.ValidateInstallDirectory
                          状态：成功



安装操作：                     在注册表中查找组件: Search for previous copies
                          状态：成功




检查磁盘空间：                   F:\myapp\IBM\DSAC3.1.1
                          状态：成功
                          其他注释：注释 - Required Disk Space: 443,500,683; Free Disk Space: 104,696,012,800

安装目录：                     F:\myapp\IBM\DSAC3.1.1\jre
                          状态：成功

安装 JRE：                   F:\myapp\IBM\DSAC3.1.1\jre
                          状态：成功

安装目录：                     F:\myapp\IBM\DSAC3.1.1\
                          状态：成功
                          其他注释：注释 - 该目录已存在。

定制操作：                     com.ibm.lex.lap.ia.LAFiles_IA
                          状态：成功

安装目录：                     F:\myapp\IBM\DSAC3.1.1\Uninstall\
                          状态：成功

安装卸载程序：                   IBM Data Studio 管理客户机 (Install All Uninstaller Components)
                          状态：成功

创建 LaunchAnywhere：        resource jar is empty
                          状态：成功

安装文件：                     F:\myapp\IBM\DSAC3.1.1\Uninstall\卸载.exe
                          状态：成功


安装文件：                     F:\myapp\IBM\DSAC3.1.1\Uninstall\卸载.lax
                          状态：成功

安装目录：                     F:\myapp\IBM\DSAC3.1.1\Uninstall\resource\
                          状态：成功

安装文件：                     F:\myapp\IBM\DSAC3.1.1\Uninstall\resource\iawin32.dll
                          状态：成功

安装文件：                     F:\myapp\IBM\DSAC3.1.1\Uninstall\resource\remove.exe
                          状态：成功

安装卸载程序：                   IBM Data Studio 管理客户机 (Install All Uninstaller Components)
                          状态：成功

安装目录：                     F:\myapp\IBM\DSAC3.1.1\logs\
                          状态：成功

安装目录：                     F:\myapp\IBM\DSAC3.1.1\configuration\
                          状态：成功

安装文件：                     F:\myapp\IBM\DSAC3.1.1\datastudio.exe
                          状态：成功

复制文件夹：                    目标：F:\myapp\IBM\DSAC3.1.1\
                          状态：成功

安装目录：                     F:\myapp\IBM\DSAC3.1.1\dsmini\
                          状态：成功

安装目录：                     F:\myapp\IBM\DSAC3.1.1\dsmini\bin\
                          状态：成功

安装文件：                     F:\myapp\IBM\DSAC3.1.1\dsmini\bin\db2dbgm.jar
                          状态：成功

安装文件：                     F:\myapp\IBM\DSAC3.1.1\dsmini\bin\db2dbgm.bat
                          状态：成功

安装目录：                     F:\myapp\IBM\DSAC3.1.1\dsdev\
                          状态：成功

安装目录：                     F:\myapp\IBM\DSAC3.1.1\dsdev\bin\
                          状态：成功

安装目录：                     F:\myapp\IBM\DSAC3.1.1\dsdev\bin\sample_generator_scripts\
                          状态：成功

Install File:             F:\myapp\IBM\DSAC3.1.1\dsdev\bin\sample_generator_scripts\gen.bat
                          状态：成功

Install File:             F:\myapp\IBM\DSAC3.1.1\dsdev\bin\sample_generator_scripts\gen_help.bat
                          状态：成功

Install File:             F:\myapp\IBM\DSAC3.1.1\dsdev\bin\sample_generator_scripts\gen_many.bat
                          状态：成功

Install File:             F:\myapp\IBM\DSAC3.1.1\dsdev\bin\sample_generator_scripts\gen_setenv.bat
                          状态：成功

Install File:             F:\myapp\IBM\DSAC3.1.1\dsdev\bin\sample_generator_scripts\readme.txt
                          状态：成功

展开归档文件：                   F:\myapp\IBM\DSAC3.1.1\dsdev\bin\sample_generator_scripts\null
                          状态：成功

安装目录：                     F:\myapp\IBM\DSAC3.1.1\dsdev\bin\sample_repository_scripts\
                          状态：成功

Install File:             F:\myapp\IBM\DSAC3.1.1\dsdev\bin\sample_repository_scripts\activateRunGroupRep.bat
                          状态：成功

Install File:             F:\myapp\IBM\DSAC3.1.1\dsdev\bin\sample_repository_scripts\bind.bat
                          状态：成功

Install File:             F:\myapp\IBM\DSAC3.1.1\dsdev\bin\sample_repository_scripts\bindCapturedRep.bat
                          状态：成功

Install File:             F:\myapp\IBM\DSAC3.1.1\dsdev\bin\sample_repository_scripts\bindCapturedRepRunStatic.bat
                          状态：成功

Install File:             F:\myapp\IBM\DSAC3.1.1\dsdev\bin\sample_repository_scripts\bindRep.bat
                          状态：成功

Install File:             F:\myapp\IBM\DSAC3.1.1\dsdev\bin\sample_repository_scripts\configure.bat
                          状态：成功

Install File:             F:\myapp\IBM\DSAC3.1.1\dsdev\bin\sample_repository_scripts\createRep.bat
                          状态：成功

Install File:             F:\myapp\IBM\DSAC3.1.1\dsdev\bin\sample_repository_scripts\createRepScript.bat
                          状态：成功

Install File:             F:\myapp\IBM\DSAC3.1.1\dsdev\bin\sample_repository_scripts\createRunGroupRep.bat
                          状态：成功

Install File:             F:\myapp\IBM\DSAC3.1.1\dsdev\bin\sample_repository_scripts\deactivateRunGroupRep.bat
                          状态：成功

Install File:             F:\myapp\IBM\DSAC3.1.1\dsdev\bin\sample_repository_scripts\deleteRep.bat
                          状态：成功

Install File:             F:\myapp\IBM\DSAC3.1.1\dsdev\bin\sample_repository_scripts\extractRunGroupRep.bat
                          状态：成功

Install File:             F:\myapp\IBM\DSAC3.1.1\dsdev\bin\sample_repository_scripts\helpRep.bat
                          状态：成功

Install File:             F:\myapp\IBM\DSAC3.1.1\dsdev\bin\sample_repository_scripts\merge.bat
                          状态：成功

Install File:             F:\myapp\IBM\DSAC3.1.1\dsdev\bin\sample_repository_scripts\pdqrep_capture.properties
                          状态：成功

Install File:             F:\myapp\IBM\DSAC3.1.1\dsdev\bin\sample_repository_scripts\pdqrep_static.properties
                          状态：成功

Install File:             F:\myapp\IBM\DSAC3.1.1\dsdev\bin\sample_repository_scripts\readme.txt
                          状态：成功

Install File:             F:\myapp\IBM\DSAC3.1.1\dsdev\bin\sample_repository_scripts\setup_env.bat
                          状态：成功

Install File:             F:\myapp\IBM\DSAC3.1.1\dsdev\bin\sample_repository_scripts\simple1\TestSQL.java
                          状态：成功

Install File:             F:\myapp\IBM\DSAC3.1.1\dsdev\bin\sample_repository_scripts\simple1\pdq.properties
                          状态：成功

Install File:             F:\myapp\IBM\DSAC3.1.1\dsdev\bin\sample_repository_scripts\simple1\readme.txt
                          状态：成功

Install File:             F:\myapp\IBM\DSAC3.1.1\dsdev\bin\sample_repository_scripts\simple1\run.bat
                          状态：成功

Install File:             F:\myapp\IBM\DSAC3.1.1\dsdev\bin\sample_repository_scripts\simple1\simple1.jar
                          状态：成功

Install File:             F:\myapp\IBM\DSAC3.1.1\dsdev\bin\sample_repository_scripts\simple3\TestSQL3.java
                          状态：成功

Install File:             F:\myapp\IBM\DSAC3.1.1\dsdev\bin\sample_repository_scripts\simple3\pdq.properties
                          状态：成功

Install File:             F:\myapp\IBM\DSAC3.1.1\dsdev\bin\sample_repository_scripts\simple3\readme.txt
                          状态：成功

Install File:             F:\myapp\IBM\DSAC3.1.1\dsdev\bin\sample_repository_scripts\simple3\run.bat
                          状态：成功

Install File:             F:\myapp\IBM\DSAC3.1.1\dsdev\bin\sample_repository_scripts\simple3\simple3.jar
                          状态：成功

Install File:             F:\myapp\IBM\DSAC3.1.1\dsdev\bin\sample_repository_scripts\upgradeRep.bat
                          状态：成功

Install File:             F:\myapp\IBM\DSAC3.1.1\dsdev\bin\sample_repository_scripts\upgradeRepScript.bat
                          状态：成功

Install File:             F:\myapp\IBM\DSAC3.1.1\dsdev\bin\sample_repository_scripts\uploadCaptureONPropsAndActivateRep.bat
                          状态：成功

Install File:             F:\myapp\IBM\DSAC3.1.1\dsdev\bin\sample_repository_scripts\uploadCaptureONPropsRep.bat
                          状态：成功

Install File:             F:\myapp\IBM\DSAC3.1.1\dsdev\bin\sample_repository_scripts\uploadPropsRep.bat
                          状态：成功

Install File:             F:\myapp\IBM\DSAC3.1.1\dsdev\bin\sample_repository_scripts\uploadRunStaticPropsAndActivateRep.bat
                          状态：成功

Install File:             F:\myapp\IBM\DSAC3.1.1\dsdev\bin\sample_repository_scripts\uploadRunStaticPropsRep.bat
                          状态：成功

Install File:             F:\myapp\IBM\DSAC3.1.1\dsdev\bin\sample_repository_scripts\uploadRunStaticPropsXmlAndActivateRep.bat
                          状态：成功

Install File:             F:\myapp\IBM\DSAC3.1.1\dsdev\bin\sample_repository_scripts\uploadXmlRep.bat
                          状态：成功

展开归档文件：                   F:\myapp\IBM\DSAC3.1.1\dsdev\bin\sample_repository_scripts\null
                          状态：成功

安装目录：                     F:\myapp\IBM\DSAC3.1.1\updates\
                          状态：成功

安装目录：                     F:\myapp\IBM\DSAC3.1.1\license\
                          状态：成功
                          其他注释：注释 - 该目录已存在。

安装文件：                     F:\myapp\IBM\DSAC3.1.1\license\Turkish.txt
                          状态：成功

安装文件：                     F:\myapp\IBM\DSAC3.1.1\license\Spanish.txt
                          状态：成功

安装文件：                     F:\myapp\IBM\DSAC3.1.1\license\Slovenia.txt
                          状态：成功

安装文件：                     F:\myapp\IBM\DSAC3.1.1\license\Russian.txt
                          状态：成功

安装文件：                     F:\myapp\IBM\DSAC3.1.1\license\Portuguese.txt
                          状态：成功

安装文件：                     F:\myapp\IBM\DSAC3.1.1\license\Polish.txt
                          状态：成功

安装文件：                     F:\myapp\IBM\DSAC3.1.1\license\Lithuania.txt
                          状态：成功

安装文件：                     F:\myapp\IBM\DSAC3.1.1\license\Korean.txt
                          状态：成功

安装文件：                     F:\myapp\IBM\DSAC3.1.1\license\Japanese.txt
                          状态：成功

安装文件：                     F:\myapp\IBM\DSAC3.1.1\license\Italian.txt
                          状态：成功

安装文件：                     F:\myapp\IBM\DSAC3.1.1\license\Indonesian.txt
                          状态：成功

安装文件：                     F:\myapp\IBM\DSAC3.1.1\license\Greek.txt
                          状态：成功

安装文件：                     F:\myapp\IBM\DSAC3.1.1\license\German.txt
                          状态：成功

安装文件：                     F:\myapp\IBM\DSAC3.1.1\license\French.txt
                          状态：成功

安装文件：                     F:\myapp\IBM\DSAC3.1.1\license\English.txt
                          状态：成功

安装文件：                     F:\myapp\IBM\DSAC3.1.1\license\Czech.txt
                          状态：成功

安装文件：                     F:\myapp\IBM\DSAC3.1.1\license\Chinese_TW.txt
                          状态：成功

安装文件：                     F:\myapp\IBM\DSAC3.1.1\license\Chinese.txt
                          状态：成功

创建注册表条目：                  关键字： HKEY_CURRENT_USER\SOFTWARE\IBM\OQT\IBM Data Studio 管理客户机
                          值名称： F:\myapp\IBM\DSAC3.1.1
                          值数据： 安装路径
                          状态：成功

修改文本文件 － 在单个文件中:   新建文件F:\myapp\IBM\DSAC3.1.1\upgradeOptim.url
                          状态：成功

注册表条目：                    Create Add/Remove entry
                          状态：成功

安装目录：                     C:\Users\Administrator\AppData\Roaming\Microsoft\Windows\Start Menu\Programs\IBM Data Studio\
                          状态：成功

创建快捷方式：                   C:\Users\Administrator\AppData\Roaming\Microsoft\Windows\Start Menu\Programs\IBM Data Studio\Data Studio 3.1.1 Administration Client.lnk
                          状态：成功



