[7, 1, 3, 48] [ThreadId: 3212]  2013-09-10 16:02:43:011
AppendStyles Exception: 参数无效。
---Style data---div.FoxDIV_20130910160241995 { font-size: 10.5pt }div.FoxDIV_20130910160241995 html ,div.FoxDIV_20130910160241995 {padding:0;margin:0;}
div.FoxDIV_20130910160241995 img {border:0;}
div.FoxDIV_20130910160241995 .graytext {color:#888888;}
div.FoxDIV_20130910160241995 .switch_show ,div.FoxDIV_20130910160241995 .switch_show_block {display:none;}
div.FoxDIV_20130910160241995 .dymail {max-width:900px;margin:0 auto;border-bottom:1px solid #FFFFFF;line-height:1.7;-webkit-text-size-adjust:none;}
div.FoxDIV_20130910160241995 .dymail_item {position:relative;padding:12px 8px;border-bottom:1px solid #E6E6E6;}
div.FoxDIV_20130910160241995 .dymail_title {margin:0 0 4px;font-size:18px;font-weight:normal;line-height:1.5;}
div.FoxDIV_20130910160241995 .dymail_digest {}
div.FoxDIV_20130910160241995 .dymail_digest p {overflow:hidden;zoom:1;margin:2px 0;font-size:16px;color:#888888;}
div.FoxDIV_20130910160241995 .dymail_digest p a {text-decoration:none;color:#888888;}
div.FoxDIV_20130910160241995 .dymail_digest img {float:left;max-width:12%;min-width:82px;max-height:72px;_height:72px;margin:4px 10px 0 0;}
div.FoxDIV_20130910160241995 .go2original {display:inline-block;}
div.FoxDIV_20130910160241995 .dymail_digest .go2original {white-space:nowrap;color:#0066CC;text-decoration:underline;}
div.FoxDIV_20130910160241995 .dymail_detail {display:none;position:relative;font-size:18px;}
div.FoxDIV_20130910160241995 .dymail_detail .dymail_title {font-weight:bold;font-size:20px;}
div.FoxDIV_20130910160241995 .dymail_detail .dymail_item_info {margin-bottom:12px;font-size:16px;}
div.FoxDIV_20130910160241995 .dymail_detail .dymail_content {position:relative;overflow:hidden;color:#222222;}
div.FoxDIV_20130910160241995 .dymail_detail .dymail_content a {color:#000000;border-bottom:1px dotted #999999;padding-bottom:1px;text-decoration:none;}
div.FoxDIV_20130910160241995 .dymail_detail .dymail_content img {max-width:100%;width:auto !important;height:auto !important;}
div.FoxDIV_20130910160241995 .btn_fold {position:relative;cursor:pointer;}
div.FoxDIV_20130910160241995 .btn_fold_top {float:right;margin:-8px -8px 0 0;padding:8px 10px;}
div.FoxDIV_20130910160241995 .btn_fold_text {display:inline-block;width:14px;height:14px;overflow:hidden;border:1px solid #AAAAAA;color:#AAAAAA;font:16px/10px tahoma;text-align:center;vertical-align:middle;border-radius:8px;}
div.FoxDIV_20130910160241995 .dymail_item_bottom {height:24px;}
div.FoxDIV_20130910160241995 .dymail_item_bottom a {float:right;margin-left:-1px;padding: 0 1em;border:1px solid #BEBEBE;text-decoration:none;color:#555555;font-size:14px;line-height:24px;text-shadow:1px 1px 0 white;background: #FAFAFA;background: linear-gradient(top, #FFFFFF, #F2F2F2);background: -webkit-linear-gradient(top, #FFFFFF, #F2F2F2);background: -moz-linear-gradient(top, #FFFFFF, #F2F2F2);}
div.FoxDIV_20130910160241995 .btn_fold_bottom {border-radius:3px;}
div.FoxDIV_20130910160241995 input[type="radio"] {-webkit-tap-highlight-color:rgba(0,0,0,0.1);}
div.FoxDIV_20130910160241995 .dymail_item .label_unfold ,div.FoxDIV_20130910160241995 .dymail_item .dymail_radio {position:absolute;left:0;top:0;width:100%;height:100%;margin:0;opacity:0;cursor:pointer;}
@media only screen and (device-width:320px) and (device-height:480px),only screen and (device-width:768px) and (device-height:1024px){div.FoxDIV_20130910160241995 .switch_show {display:inline;}
div.FoxDIV_20130910160241995 .switch_show_block {display:block;}
div.FoxDIV_20130910160241995 .switch_hide {display:none;}
div.FoxDIV_20130910160241995 .dymail_detail {display:block;height:0;overflow:hidden;}
div.FoxDIV_20130910160241995 .dymail_radio:checked + article .dymail_digest {display:none;}
div.FoxDIV_20130910160241995 .dymail_radio:checked + article .dymail_detail {display:block;height:auto;overflow:visible;opacity:1;}
div.FoxDIV_20130910160241995 only screen and {.dymail{max-width:300px;padding:10px;}
div.FoxDIV_20130910160241995 only screen and {.dymail{max-width:724px;padding:6px 22px;}
div.FoxDIV_20130910160241995 .dymail_detail {opacity:0.2;transition:opacity 0.3s ease-in;-webkit-transition:opacity 0.3s ease-in;}}
---Style data end---
[7, 1, 3, 48] [ThreadId: 7240]  2013-09-17 13:36:48:470
AppendStyles Exception: 参数无效。
---Style data---div.FoxDIV_20130917133648123 { font-size: 10.5pt }div.FoxDIV_20130917133648123 h1 a:hover {background-color:#888;color:#fff ! important;}
div.FoxDIV_20130917133648123 div#emailbody table#itemcontentlist tr td div ul {
                                        list-style-type:square;
                                        padding-left:1em;
                        }
div.FoxDIV_20130917133648123 div#emailbody table#itemcontentlist tr td div blockquote {
                                padding-left:6px;
                                border-left: 6px solid #dadada;
                                margin-left:1em;
                        }
div.FoxDIV_20130917133648123 div#emailbody table#itemcontentlist tr td div li {
                                margin-bottom:1em;
                                margin-left:1em;
                        }
div.FoxDIV_20130917133648123 table#itemcontentlist tr td a:link ,div.FoxDIV_20130917133648123 table#itemcontentlist tr td a:visited ,div.FoxDIV_20130917133648123 table#itemcontentlist tr td a:active ,div.FoxDIV_20130917133648123 ul#summarylist li a {
                                color:#000099;
                                font-weight:bold;
                                text-decoration:none;
                        }
div.FoxDIV_20130917133648123 img {border:none;}
---Style data end---
[7, 1, 3, 48] [ThreadId: 7848]  2013-09-17 13:36:49:427
AppendStyles Exception: 参数无效。
---Style data---div.FoxDIV_20130917133649297 { font-size: 10.5pt }@media only screen and (max-width: 600px){div.FoxDIV_20130917133649297 table {
			font-size:14px !important;
		}
div.FoxDIV_20130917133649297 @media only screen and 600px {
		h1{
			font-size:24px !important;
		}
div.FoxDIV_20130917133649297 @media only screen and 600px {
		h2{
			font-size:20px !important;
		}
div.FoxDIV_20130917133649297 @media only screen and 600px {
		h3{
			font-size:18px !important;
		}
div.FoxDIV_20130917133649297 @media only screen and 600px {
		h4{
			font-size:14px !important;
		}
div.FoxDIV_20130917133649297 @media only screen and 600px {
		h5{
			font-size:14px !important;
		}
div.FoxDIV_20130917133649297 @media only screen and 600px {
		.header{
			margin:0 auto;
			width:92% !important;
		}
div.FoxDIV_20130917133649297 @media only screen and 600px {
		.logo{
			max-width:70%;
		}
div.FoxDIV_20130917133649297 @media only screen and 600px {
		.logo-small{
			width:120px !important;
		}
div.FoxDIV_20130917133649297 @media only screen and 600px {
		.content--wrapper{
			margin:0 auto;
			padding:0 !important;
			width:92% !important;
		}
div.FoxDIV_20130917133649297 @media only screen and 600px {
		.content--wrapper img,.flex--size img{
			height:auto !important;
			max-width:100% !important;
		}
div.FoxDIV_20130917133649297 @media only screen and 600px {
		.content--wrapper img.bordered{
			height:auto !important;
			max-width:98% !important;
		}
div.FoxDIV_20130917133649297 @media only screen and 600px {
		.content--footer{
			text-align:left !important;
		}
div.FoxDIV_20130917133649297 @media only screen and 600px {
		.content--footer a{
			color:#fff !important;
		}
div.FoxDIV_20130917133649297 @media only screen and 600px {
		.flex--size{
			width:100% !important;
		}
div.FoxDIV_20130917133649297 @media only screen and 600px {
		.flex--content{
			margin:0 auto !important;
			width:92% !important;
		}
div.FoxDIV_20130917133649297 @media only screen and 600px {
		.flex--content img{
			height:auto !important;
			max-width:100% !important;
		}
div.FoxDIV_20130917133649297 @media only screen and 600px {
		.flex--stack{
			display:block !important;
		}
div.FoxDIV_20130917133649297 @media only screen and 600px {
		.flex--title{
			width:190px !important;
		}
div.FoxDIV_20130917133649297 @media only screen and 600px {
		.hide-small{
			display:none;
		}
div.FoxDIV_20130917133649297 @media only screen and 600px {
		.right-to-left{
			text-align:left !important;
		}
div.FoxDIV_20130917133649297 @media only screen and 600px {
		.reduce--size{
			font-size:13px;
			padding-bottom:10px;
		}
div.FoxDIV_20130917133649297 @media only screen and 600px {
		.small--type{
			font-size:10px !important;
		}
div.FoxDIV_20130917133649297 @media only screen and 600px {
		.btn--full{
			text-align:center;
			width:100% !important;
		}
div.FoxDIV_20130917133649297 @media only screen and 600px {
		.space--bottom{
			padding-bottom:10px;
		}
div.FoxDIV_20130917133649297 @media only screen and 600px {
		.slantIndent{
			padding-left:0 !important;
		}
div.FoxDIV_20130917133649297 @media only screen and 600px {
		.stacked-space{
			padding-bottom:15px;
		}
div.FoxDIV_20130917133649297 @media only screen and 600px {
		.footer{
			font-size:12px !important;
			margin:0 auto;
			width:92% !important;
		}
div.FoxDIV_20130917133649297 @media only screen and 600px {
		.footer a{
			color:#ffffff !important;
		}
div.FoxDIV_20130917133649297 @media only screen and 600px {
		h1{
			font-size:18px !important;
		}}
---Style data end---
[7, 1, 3, 48] [MainThread: 4908]  2013-09-25 21:10:54:382
GetMailBody msgDecodeList.Count = 0
[7, 1, 3, 48] [ThreadId: 3460]  2013-09-25 21:11:00:667
NetOperation.GetMailContent: mailid = 4294968658
[7, 1, 3, 48] [ThreadId: 5372]  2013-09-25 21:11:47:497
AppendStyles Exception: 参数无效。
---Style data---div.FoxDIV_20130925211146569 { font-size: 10.5pt }div.FoxDIV_20130925211146569 h1 a:hover {background-color:#888;color:#fff ! important;}
div.FoxDIV_20130925211146569 div#emailbody table#itemcontentlist tr td div ul {
                                        list-style-type:square;
                                        padding-left:1em;
                        }
div.FoxDIV_20130925211146569 div#emailbody table#itemcontentlist tr td div blockquote {
                                padding-left:6px;
                                border-left: 6px solid #dadada;
                                margin-left:1em;
                        }
div.FoxDIV_20130925211146569 div#emailbody table#itemcontentlist tr td div li {
                                margin-bottom:1em;
                                margin-left:1em;
                        }
div.FoxDIV_20130925211146569 table#itemcontentlist tr td a:link ,div.FoxDIV_20130925211146569 table#itemcontentlist tr td a:visited ,div.FoxDIV_20130925211146569 table#itemcontentlist tr td a:active ,div.FoxDIV_20130925211146569 ul#summarylist li a {
                                color:#000099;
                                font-weight:bold;
                                text-decoration:none;
                        }
div.FoxDIV_20130925211146569 img {border:none;}
---Style data end---
[7, 1, 3, 48] [ThreadId: 6200]  2013-09-25 21:12:03:747
AppendStyles Exception: 参数无效。
---Style data---div.FoxDIV_20130925211203006 { font-size: 10.5pt }div.FoxDIV_20130925211203006 h1 a:hover {background-color:#888;color:#fff ! important;}
div.FoxDIV_20130925211203006 div#emailbody table#itemcontentlist tr td div ul {
                                        list-style-type:square;
                                        padding-left:1em;
                        }
div.FoxDIV_20130925211203006 div#emailbody table#itemcontentlist tr td div blockquote {
                                padding-left:6px;
                                border-left: 6px solid #dadada;
                                margin-left:1em;
                        }
div.FoxDIV_20130925211203006 div#emailbody table#itemcontentlist tr td div li {
                                margin-bottom:1em;
                                margin-left:1em;
                        }
div.FoxDIV_20130925211203006 table#itemcontentlist tr td a:link ,div.FoxDIV_20130925211203006 table#itemcontentlist tr td a:visited ,div.FoxDIV_20130925211203006 table#itemcontentlist tr td a:active ,div.FoxDIV_20130925211203006 ul#summarylist li a {
                                color:#000099;
                                font-weight:bold;
                                text-decoration:none;
                        }
div.FoxDIV_20130925211203006 img {border:none;}
---Style data end---
[7, 1, 3, 48] [ThreadId: 6960]  2013-09-25 21:12:53:539
NetOperation.GetMailContent: mailid = 4294968661
[7, 1, 3, 52] [MainThread: 5144]  2013-10-11 20:28:57:494
GetMailBody msgDecodeList.Count = 0
[7, 1, 3, 52] [ThreadId: 2180]  2013-10-31 10:44:27:678
NetOperation.GetMailContent: mailid = 4294968765
[7, 1, 3, 52] [ThreadId: 2180]  2013-10-31 10:44:28:166
NetOperation.GetMailContent: mailid = 4294968764
[7, 1, 3, 52] [ThreadId: 2180]  2013-10-31 10:44:36:601
NetOperation.GetMailContent: mailid = 4294968769
[7, 1, 3, 52] [MainThread: 3952]  2013-10-31 10:45:11:077
GetMailBody msgDecodeList.Count = 0
[7, 1, 3, 52] [MainThread: 3952]  2013-10-31 10:45:13:939
GetMailBody msgDecodeList.Count = 0
[7, 1, 3, 52] [MainThread: 3952]  2013-10-31 10:45:15:496
GetMailBody msgDecodeList.Count = 0
[7, 1, 3, 52] [MainThread: 3952]  2013-10-31 10:45:17:447
GetMailBody msgDecodeList.Count = 0
[7, 1, 3, 52] [MainThread: 3952]  2013-10-31 10:45:29:920
GetMailBody msgDecodeList.Count = 0
[7, 1, 3, 52] [MainThread: 3952]  2013-10-31 10:45:36:723
GetMailBody msgDecodeList.Count = 0
[7, 1, 3, 52] [MainThread: 3952]  2013-10-31 10:45:41:261
GetMailBody msgDecodeList.Count = 0
[7, 1, 3, 52] [ThreadId: 7852]  2013-11-27 11:00:59:720
NetOperation.GetMailContent: mailid = 21474837785
[7, 1, 3, 52] [ThreadId: 7852]  2013-11-27 11:01:32:320
NetOperation.GetMailContent: mailid = 21474837785
[7, 1, 3, 52] [ThreadId: 7976]  2013-11-27 11:01:34:632
NetOperation.GetMailContent: mailid = 21474837785
[7, 1, 3, 52] [ThreadId: 4052]  2013-12-03 10:21:03:780
NetOperation.GetMailContent: mailid = 21474837809
[7, 1, 3, 52] [MainThread: 1076]  2013-12-06 16:53:18:947
GetMailBody msgDecodeList.Count = 0
[7, 1, 3, 52] [MainThread: 1076]  2013-12-06 16:53:22:516
GetMailBody msgDecodeList.Count = 0
[7, 1, 3, 52] [MainThread: 4320]  2013-12-18 17:00:18:052
GetMailBody msgDecodeList.Count = 0
[7, 1, 3, 52] [ThreadId: 1320]  2013-12-25 15:51:58:429
LoadConversationInThread: msgDecode = nil, mailid = 4294968884
[7, 1, 3, 52] [ThreadId: 5036]  2013-12-25 15:58:20:437
AppendStyles Exception: 参数无效。
---Style data---div.FoxDIV_20131225155819969 { font-size: 10.5pt }
div.FoxDIV_20131225155819969 {background:#e0e1e5;font-family:'Helvetica Neue',Helvetica,'Lucida Grande',tahoma,verdana,arial,sans-serif;font-weight:300}
div.FoxDIV_20131225155819969 a {color:#333;text-decoration:none;white-space:nowrap !important}
div.FoxDIV_20131225155819969 #email_table {width:100% !important}
div.FoxDIV_20131225155819969 #email_content {padding:0 !important}
div.FoxDIV_20131225155819969 #profile_pic img {border:0}
div.FoxDIV_20131225155819969 *[class].usercard {background:#fff}
@media all and (max-device-width: 720px){div.FoxDIV_20131225155819969 a {white-space:pre-wrap !important}
div.FoxDIV_20131225155819969 table[bgcolor="#e9eaed"] {background:transparent !important}
div.FoxDIV_20131225155819969 *[id]#body_container {border-bottom:1px solid #e5e5e5 !important}
div.FoxDIV_20131225155819969 table[width="610"] ,div.FoxDIV_20131225155819969 *[id]#body_container ,div.FoxDIV_20131225155819969 *[id]#cta_container {table-layout:fixed}
div.FoxDIV_20131225155819969 *[id]#cta_outer {border:none !important}
div.FoxDIV_20131225155819969 *[id]#header_profile > table > tbody > tr > td:not {display:none !important}
div.FoxDIV_20131225155819969 *[id]#profile_name {display:none}
div.FoxDIV_20131225155819969 *[id]#profile_pic {-moz-border-radius:3px !important;-webkit-border-radius:3px !important;border-radius:3px !important;border-width:0 !important;overflow:hidden}
div.FoxDIV_20131225155819969 *[id]#header_title {width:auto !important}
div.FoxDIV_20131225155819969 *[id]#header_profile {width:24px}
div.FoxDIV_20131225155819969 *[class].bio {display:none !important}
div.FoxDIV_20131225155819969 *[id]#main_content {width:100%}
div.FoxDIV_20131225155819969 *[class].content > div a {display:block;overflow:hidden;text-overflow:ellipsis;white-space:nowrap !important;width:160px}
div.FoxDIV_20131225155819969 *[class].ext {padding-right:20px}
div.FoxDIV_20131225155819969 *[class].image a {display:block;margin-left:20px}
div.FoxDIV_20131225155819969 *[class].cta_btn ,div.FoxDIV_20131225155819969 *[class].scnd_btn {display:block}
div.FoxDIV_20131225155819969 *[id]#email_cta > tbody > tr > td[width="100%"] {display:none}
div.FoxDIV_20131225155819969 @media all and 720px {table[width="610"],
*[id]#body_container,
*[id]#footer_container{width:340px}
div.FoxDIV_20131225155819969 *[id]#email_filler td {height:12px !important}
div.FoxDIV_20131225155819969 *[class].usercard {width:300px !important}
div.FoxDIV_20131225155819969 @media all and 480px {*[id]#cta_container > table > tbody > tr > td[height="15"]{display:none !important}
div.FoxDIV_20131225155819969 @media all and 320px {table[width="610"],
*[id]#body_container,
*[id]#cta_container{min-width:400px;width:auto}
div.FoxDIV_20131225155819969 center {padding:0 10px}
div.FoxDIV_20131225155819969 *[class].content > div a {width:182px}}

---Style data end---
[7, 1, 3, 52] [ThreadId: 5816]  2013-12-25 15:58:26:365
LoadConversationInThread: msgDecode = nil, mailid = 8589934762
[7, 1, 3, 52] [ThreadId: 5796]  2013-12-25 15:58:27:270
AppendStyles Exception: 参数无效。
---Style data---div.FoxDIV_20131225155826630 { font-size: 10.5pt }
div.FoxDIV_20131225155826630 {background:#e0e1e5;font-family:'Helvetica Neue',Helvetica,'Lucida Grande',tahoma,verdana,arial,sans-serif;font-weight:300}
div.FoxDIV_20131225155826630 a {color:#333;text-decoration:none;white-space:nowrap !important}
div.FoxDIV_20131225155826630 #email_table {width:100% !important}
div.FoxDIV_20131225155826630 #email_content {padding:0 !important}
div.FoxDIV_20131225155826630 #profile_pic img {border:0}
div.FoxDIV_20131225155826630 *[class].usercard {background:#fff}
@media all and (max-device-width: 720px){div.FoxDIV_20131225155826630 a {white-space:pre-wrap !important}
div.FoxDIV_20131225155826630 table[bgcolor="#e9eaed"] {background:transparent !important}
div.FoxDIV_20131225155826630 *[id]#body_container {border-bottom:1px solid #e5e5e5 !important}
div.FoxDIV_20131225155826630 table[width="610"] ,div.FoxDIV_20131225155826630 *[id]#body_container ,div.FoxDIV_20131225155826630 *[id]#cta_container {table-layout:fixed}
div.FoxDIV_20131225155826630 *[id]#cta_outer {border:none !important}
div.FoxDIV_20131225155826630 *[id]#header_profile > table > tbody > tr > td:not {display:none !important}
div.FoxDIV_20131225155826630 *[id]#profile_name {display:none}
div.FoxDIV_20131225155826630 *[id]#profile_pic {-moz-border-radius:3px !important;-webkit-border-radius:3px !important;border-radius:3px !important;border-width:0 !important;overflow:hidden}
div.FoxDIV_20131225155826630 *[id]#header_title {width:auto !important}
div.FoxDIV_20131225155826630 *[id]#header_profile {width:24px}
div.FoxDIV_20131225155826630 *[class].bio {display:none !important}
div.FoxDIV_20131225155826630 *[id]#main_content {width:100%}
div.FoxDIV_20131225155826630 *[class].content > div a {display:block;overflow:hidden;text-overflow:ellipsis;white-space:nowrap !important;width:160px}
div.FoxDIV_20131225155826630 *[class].ext {padding-right:20px}
div.FoxDIV_20131225155826630 *[class].image a {display:block;margin-left:20px}
div.FoxDIV_20131225155826630 *[class].cta_btn ,div.FoxDIV_20131225155826630 *[class].scnd_btn {display:block}
div.FoxDIV_20131225155826630 *[id]#email_cta > tbody > tr > td[width="100%"] {display:none}
div.FoxDIV_20131225155826630 @media all and 720px {table[width="610"],
*[id]#body_container,
*[id]#footer_container{width:340px}
div.FoxDIV_20131225155826630 *[id]#email_filler td {height:12px !important}
div.FoxDIV_20131225155826630 *[class].usercard {width:300px !important}
div.FoxDIV_20131225155826630 @media all and 480px {*[id]#cta_container > table > tbody > tr > td[height="15"]{display:none !important}
div.FoxDIV_20131225155826630 @media all and 320px {table[width="610"],
*[id]#body_container,
*[id]#cta_container{min-width:400px;width:auto}
div.FoxDIV_20131225155826630 center {padding:0 10px}
div.FoxDIV_20131225155826630 *[class].content > div a {width:182px}}

---Style data end---
[7, 1, 3, 52] [ThreadId: 4548]  2013-12-25 15:58:29:766
LoadConversationInThread: msgDecode = nil, mailid = 8589934798
[7, 1, 3, 52] [ThreadId: 7488]  2013-12-25 16:25:14:356
AppendStyles Exception: 参数无效。
---Style data---div.FoxDIV_20131225162514169 { font-size: 10.5pt }
div.FoxDIV_20131225162514169 .netease-attDown { width:430px;height:auto;background-color:#F6F9FC;border:#C5D2DA 1px solid;padding:12px;line-height:160%;font-size:12px;white-space:nowrap;font-family:Verdana}
div.FoxDIV_20131225162514169 .netease-attDown-tit { color:#A0A0A0 }
div.FoxDIV_20131225162514169 .netease-attDown-tit strong { color:#008000 }
div.FoxDIV_20131225162514169 .netease-attDown a { color:#0669B2}
div.FoxDIV_20131225162514169 .netease-attDown dl ,div.FoxDIV_20131225162514169 .netease-attDown dt ,div.FoxDIV_20131225162514169 .netease-attDown dd { margin:0;padding:0;width:100%;white-space:nowrap;overflow:hidden;text-overflow:ellipsis}
div.FoxDIV_20131225162514169 .netease-attDown dt { font-weight:bold;color:#333;margin-top:8px}
div.FoxDIV_20131225162514169 .netease-attDown dt .info { color:#999;font-weight:normal}
div.FoxDIV_20131225162514169 .netease-notice {padding-bottom:5px; white-space:normal}

---Style data end---
[7, 1, 3, 52] [ThreadId: 6572]  2013-12-25 16:27:41:161
AppendStyles Exception: 参数无效。
---Style data---div.FoxDIV_20131225162740288 { font-size: 10.5pt }

---Style data end---
[7, 1, 3, 52] [ThreadId: 4148]  2013-12-31 11:26:58:168
AppendStyles Exception: 参数无效。
---Style data---div.FoxDIV_20131231112657947 { font-size: 10.5pt }
div.FoxDIV_20131231112657947 h1 a:hover {background-color:#888;color:#fff ! important;}
div.FoxDIV_20131231112657947 div#emailbody table#itemcontentlist tr td div ul {
                                        list-style-type:square;
                                        padding-left:1em;
                        }
div.FoxDIV_20131231112657947 div#emailbody table#itemcontentlist tr td div blockquote {
                                padding-left:6px;
                                border-left: 6px solid #dadada;
                                margin-left:1em;
                        }
div.FoxDIV_20131231112657947 div#emailbody table#itemcontentlist tr td div li {
                                margin-bottom:1em;
                                margin-left:1em;
                        }
div.FoxDIV_20131231112657947 table#itemcontentlist tr td a:link ,div.FoxDIV_20131231112657947 table#itemcontentlist tr td a:visited ,div.FoxDIV_20131231112657947 table#itemcontentlist tr td a:active ,div.FoxDIV_20131231112657947 ul#summarylist li a {
                                color:#000099;
                                font-weight:bold;
                                text-decoration:none;
                        }
div.FoxDIV_20131231112657947 img {border:none;}

---Style data end---
[7, 1, 3, 52] [ThreadId: 7732]  2014-01-08 12:09:19:380
AppendStyles Exception: 参数无效。
---Style data---div.FoxDIV_20140108120919153 { font-size: 10.5pt }
div.FoxDIV_20140108120919153 html ,div.FoxDIV_20140108120919153 {padding:0;margin:0;}
div.FoxDIV_20140108120919153 img {border:0;}
div.FoxDIV_20140108120919153 .graytext {color:#888888;}
div.FoxDIV_20140108120919153 .switch_show ,div.FoxDIV_20140108120919153 .switch_show_block {display:none;}
div.FoxDIV_20140108120919153 .dymail {max-width:900px;margin:0 auto;border-bottom:1px solid #FFFFFF;line-height:1.7;-webkit-text-size-adjust:none;}
div.FoxDIV_20140108120919153 .dymail_item {position:relative;padding:12px 8px;border-bottom:1px solid #E6E6E6;}
div.FoxDIV_20140108120919153 .dymail_title {margin:0 0 4px;font-size:18px;font-weight:normal;line-height:1.5;}
div.FoxDIV_20140108120919153 .dymail_digest {}
div.FoxDIV_20140108120919153 .dymail_digest p {overflow:hidden;zoom:1;margin:2px 0;font-size:16px;color:#888888;}
div.FoxDIV_20140108120919153 .dymail_digest p a {text-decoration:none;color:#888888;}
div.FoxDIV_20140108120919153 .dymail_digest img {float:left;max-width:12%;min-width:82px;max-height:72px;_height:72px;margin:4px 10px 0 0;}
div.FoxDIV_20140108120919153 .go2original {display:inline-block;}
div.FoxDIV_20140108120919153 .dymail_digest .go2original {white-space:nowrap;color:#0066CC;text-decoration:underline;}
div.FoxDIV_20140108120919153 .dymail_detail {display:none;position:relative;font-size:18px;}
div.FoxDIV_20140108120919153 .dymail_detail .dymail_title {font-weight:bold;font-size:20px;}
div.FoxDIV_20140108120919153 .dymail_detail .dymail_item_info {margin-bottom:12px;font-size:16px;}
div.FoxDIV_20140108120919153 .dymail_detail .dymail_content {position:relative;overflow:hidden;color:#222222;}
div.FoxDIV_20140108120919153 .dymail_detail .dymail_content a {color:#000000;border-bottom:1px dotted #999999;padding-bottom:1px;text-decoration:none;}
div.FoxDIV_20140108120919153 .dymail_detail .dymail_content img {max-width:100%;width:auto !important;height:auto !important;}
div.FoxDIV_20140108120919153 .btn_fold {position:relative;cursor:pointer;}
div.FoxDIV_20140108120919153 .btn_fold_top {float:right;margin:-8px -8px 0 0;padding:8px 10px;}
div.FoxDIV_20140108120919153 .btn_fold_text {display:inline-block;width:14px;height:14px;overflow:hidden;border:1px solid #AAAAAA;color:#AAAAAA;font:16px/10px tahoma;text-align:center;vertical-align:middle;border-radius:8px;}
div.FoxDIV_20140108120919153 .dymail_item_bottom {height:24px;}
div.FoxDIV_20140108120919153 .dymail_item_bottom a {float:right;margin-left:-1px;padding: 0 1em;border:1px solid #BEBEBE;text-decoration:none;color:#555555;font-size:14px;line-height:24px;text-shadow:1px 1px 0 white;background: #FAFAFA;background: linear-gradient(top, #FFFFFF, #F2F2F2);background: -webkit-linear-gradient(top, #FFFFFF, #F2F2F2);background: -moz-linear-gradient(top, #FFFFFF, #F2F2F2);}
div.FoxDIV_20140108120919153 .btn_fold_bottom {border-radius:3px;}
div.FoxDIV_20140108120919153 input[type="radio"] {-webkit-tap-highlight-color:rgba(0,0,0,0.1);}
div.FoxDIV_20140108120919153 .dymail_item .label_unfold ,div.FoxDIV_20140108120919153 .dymail_item .dymail_radio {position:absolute;left:0;top:0;width:100%;height:100%;margin:0;opacity:0;cursor:pointer;}
@media only screen and (device-width:320px) and (device-height:480px),only screen and (device-width:768px) and (device-height:1024px){div.FoxDIV_20140108120919153 .switch_show {display:inline;}
div.FoxDIV_20140108120919153 .switch_show_block {display:block;}
div.FoxDIV_20140108120919153 .switch_hide {display:none;}
div.FoxDIV_20140108120919153 .dymail_detail {display:block;height:0;overflow:hidden;}
div.FoxDIV_20140108120919153 .dymail_radio:checked + article .dymail_digest {display:none;}
div.FoxDIV_20140108120919153 .dymail_radio:checked + article .dymail_detail {display:block;height:auto;overflow:visible;opacity:1;}
div.FoxDIV_20140108120919153 only screen and {.dymail{max-width:300px;padding:10px;}
div.FoxDIV_20140108120919153 only screen and {.dymail{max-width:724px;padding:6px 22px;}
div.FoxDIV_20140108120919153 .dymail_detail {opacity:0.2;transition:opacity 0.3s ease-in;-webkit-transition:opacity 0.3s ease-in;}}

---Style data end---
[7, 1, 3, 52] [MainThread: 6032]  2014-01-08 17:43:20:053
GetMailBody msgDecodeList.Count = 0
[7, 1, 3, 52] [MainThread: 6032]  2014-01-08 17:43:33:792
GetMailBody msgDecodeList.Count = 0
[7, 1, 3, 52] [ThreadId: 776]  2014-01-09 15:59:48:412
NetOperation.GetMailContent: mailid = 4294969032
[7, 1, 3, 52] [ThreadId: 776]  2014-01-09 15:59:48:875
NetOperation.GetMailContent: mailid = 4294969031
[7, 1, 3, 52] [ThreadId: 3032]  2014-01-13 22:11:42:616
NetOperation.GetMailContent: mailid = 21474838034
[7, 1, 3, 52] [ThreadId: 3032]  2014-01-13 22:11:45:552
NetOperation.GetMailContent: mailid = 21474838038
[7, 1, 3, 52] [ThreadId: 3032]  2014-01-13 22:11:50:558
NetOperation.GetMailContent: mailid = 21474838036
[7, 1, 3, 52] [ThreadId: 3032]  2014-01-13 22:11:54:046
NetOperation.GetMailContent: mailid = 21474838035
[7, 1, 3, 52] [ThreadId: 3032]  2014-01-13 22:12:06:158
NetOperation.GetMailContent: mailid = 21474838039
[7, 1, 3, 52] [ThreadId: 2688]  2014-01-16 13:59:31:503
NetOperation.GetMailContent: mailid = 4294969083
[7, 1, 3, 52] [ThreadId: 7024]  2014-01-16 14:29:06:422
NetOperation.GetMailContent: mailid = 4294969085
[7, 1, 3, 52] [ThreadId: 2604]  2014-01-16 14:29:58:019
NetOperation.GetMailContent: mailid = 4294969086
[7, 1, 3, 52] [ThreadId: 5044]  2014-01-17 19:01:54:240
NetOperation.GetMailContent: mailid = 4294969113
[7, 1, 3, 52] [ThreadId: 5848]  2014-01-17 19:18:12:389
AppendStyles Exception: 参数无效。
---Style data---div.FoxDIV_20140117191812181 { font-size: 10.5pt }
div.FoxDIV_20140117191812181 a {
	color: #0b3d92; 
	text-decoration: none;
}
div.FoxDIV_20140117191812181 a:hover {
	text-decoration: underline;
	color: #fe280e;
}
div.FoxDIV_20140117191812181 .lm a {
	color: #999;
	text-decoration: none;
}
div.FoxDIV_20140117191812181 .lm a:hover {
	text-decoration: underline;
	color: #fe280e;
}
div.FoxDIV_20140117191812181 .lm2 ,div.FoxDIV_20140117191812181 .lm2 a {
	color: #fff;
	text-decoration: none;
}
div.FoxDIV_20140117191812181 .lm2 a:hover {
	text-decoration: underline;
	color: #fff;
}

---Style data end---
[7, 1, 3, 52] [ThreadId: 4336]  2014-01-18 16:42:23:933
NetOperation.GetMailContent: mailid = 4294969126
[7, 1, 3, 52] [ThreadId: 4336]  2014-01-18 16:42:39:673
NetOperation.GetMailContent: mailid = 4294969127
[7, 1, 3, 52] [ThreadId: 4336]  2014-01-18 16:42:51:591
NetOperation.GetMailContent: mailid = 8589935207
[7, 1, 3, 52] [ThreadId: 4336]  2014-01-18 16:42:52:683
NetOperation.GetMailContent: mailid = 8589935206
[7, 1, 3, 52] [ThreadId: 7568]  2014-01-31 23:53:49:677
AppendStyles Exception: 参数无效。
---Style data---div.FoxDIV_20140131235348483 { font-size: 10.5pt }

---Style data end---
[7, 1, 3, 52] [ThreadId: 5516]  2014-01-31 23:53:51:231
AppendStyles Exception: 参数无效。
---Style data---div.FoxDIV_20140131235349810 { font-size: 10.5pt }
div.FoxDIV_20140131235349810 a:link ,div.FoxDIV_20140131235349810 a:visited {
        color: #3E7CBB;
        text-decoration: underline
    }

---Style data end---
[7, 1, 3, 52] [ThreadId: 3052]  2014-02-03 13:49:59:465
AppendStyles Exception: 参数无效。
---Style data---div.FoxDIV_20140203134959185 { font-size: 10.5pt }
div.FoxDIV_20140203134959185 #outlook a {padding:0;}
div.FoxDIV_20140203134959185 {width:100% !important;}
div.FoxDIV_20140203134959185 .ReadMsgBody {width:100%;}
div.FoxDIV_20140203134959185 .ExternalClass {width:100%;}
div.FoxDIV_20140203134959185 {-webkit-text-size-adjust:none;}
div.FoxDIV_20140203134959185 {margin:0; padding:0;}
div.FoxDIV_20140203134959185 img {border:0; line-height:100%; outline:none; text-decoration:none;}
div.FoxDIV_20140203134959185 table td {border-collapse:collapse;}
div.FoxDIV_20140203134959185 a:link ,div.FoxDIV_20140203134959185 a:visited {
      color: #336699;
    }
div.FoxDIV_20140203134959185 {
      font-family: Arial,Helvetica,Sans-Serif;
      font-size: 12px;
      color: #333333;
    }

---Style data end---
[7, 1, 3, 52] [ThreadId: 5828]  2014-02-08 08:37:35:503
NetOperation.GetMailContent: mailid = 4294969209
[7, 1, 3, 52] [ThreadId: 336]  2014-02-22 16:51:33:368
NetOperation.GetMailContent: mailid = 4294969266
[7, 1, 3, 52] [ThreadId: 336]  2014-02-22 16:51:40:331
NetOperation.GetMailContent: mailid = 4294969268
[7, 1, 3, 52] [MainThread: 5944]  2014-02-22 16:55:54:241
GetMailBody msgDecodeList.Count = 0
