AudMig: No audio endpoint migration settings found 0x2
AudMig: No audio endpoint migration settings found 0x2
AudMig: No audio endpoint migration settings found 0x2
AudMig: No audio endpoint migration settings found 0x2
AudMig: No audio endpoint migration settings found 0x2
AudMig: No audio endpoint migration settings found 0x2
AudMig: No audio endpoint migration settings found 0x2
AudMig: No audio endpoint migration settings found 0x2
AudMig: No audio endpoint migration settings found 0x2
AudMig: No audio endpoint migration settings found 0x2
AudMig: No audio endpoint migration settings found 0x2
AudMig: No audio endpoint migration settings found 0x2
AudMig: No audio endpoint migration settings found 0x2
AudMig: No audio endpoint migration settings found 0x2
AudMig: No audio endpoint migration settings found 0x2
AudMig: No audio endpoint migration settings found 0x2
AudMig: No audio endpoint migration settings found 0x2
AudMig: No audio endpoint migration settings found 0x2
AudMig: No audio endpoint migration settings found 0x2
AudMig: No audio endpoint migration settings found 0x2
AudMig: No audio endpoint migration settings found 0x2
AudMig: No audio endpoint migration settings found 0x2
AudMig: No audio endpoint migration settings found 0x2
AudMig: No audio endpoint migration settings found 0x2
AudMig: No audio endpoint migration settings found 0x2
AudMig: No audio endpoint migration settings found 0x2
AudMig: No audio endpoint migration settings found 0x2
AudMig: No audio endpoint migration settings found 0x2
AudMig: No audio endpoint migration settings found 0x2
AudMig: No audio endpoint migration settings found 0x2
AudMig: No audio endpoint migration settings found 0x2
AudMig: No audio endpoint migration settings found 0x2
AudMig: No audio endpoint migration settings found 0x2
AudMig: No audio endpoint migration settings found 0x2
AudMig: No audio endpoint migration settings found 0x2
AudMig: No audio endpoint migration settings found 0x2
AudMig: No audio endpoint migration settings found 0x2
AudMig: No audio endpoint migration settings found 0x2
AudMig: No audio endpoint migration settings found 0x2
AudMig: No audio endpoint migration settings found 0x2
AudMig: No audio endpoint migration settings found 0x2
AudMig: No audio endpoint migration settings found 0x2
AudMig: No audio endpoint migration settings found 0x2
AudMig: No audio endpoint migration settings found 0x2
AudMig: No audio endpoint migration settings found 0x2
[09/04/2013 17:34.25.691] WudfCoInstaller: ReadWdfSection: Checking WdfSection [Basic_Install.Wdf]

[09/04/2013 17:34.25.815] WudfCoInstaller: UMDF Service WpdFs is already installed - removing existing settings in preparation for setting new ones.

[09/04/2013 17:34.25.855] WudfCoInstaller: Configuring UMDF Service WpdFs.

[09/04/2013 17:34.25.890] WudfCoInstaller: ImpersonationLevel set to 2

[09/04/2013 17:34.25.936] WudfCoInstaller: Using "Win7" service configuration

[09/04/2013 17:34.26.303] WudfCoInstaller: Service WudfSvc is already running.

[09/04/2013 17:34.26.336] WudfCoInstaller: Final status: error(0) 操作成功完成。


[09/04/2013 17:34.27.363] WudfCoInstaller: Created marker file C:\Windows\system32\drivers\Msft_User_WpdFs_01_09_00.Wdf.

AudMig: No audio endpoint migration settings found 0x2
AudMig: No audio endpoint migration settings found 0x2
AudMig: No audio endpoint migration settings found 0x2
AudMig: No audio endpoint migration settings found 0x2
AudMig: No audio endpoint migration settings found 0x2
AudMig: No audio endpoint migration settings found 0x2
AudMig: No audio endpoint migration settings found 0x2
AudMig: No audio endpoint migration settings found 0x2
AudMig: No audio endpoint migration settings found 0x2
[09/06/2013 16:11.57.474] WudfCoInstaller: ReadWdfSection: Checking WdfSection [Basic_Install.Wdf]

[09/06/2013 16:11.57.622] WudfCoInstaller: UMDF Service WpdFs is already installed - removing existing settings in preparation for setting new ones.

[09/06/2013 16:11.57.669] WudfCoInstaller: Configuring UMDF Service WpdFs.

[09/06/2013 16:11.57.760] WudfCoInstaller: ImpersonationLevel set to 2

[09/06/2013 16:11.57.794] WudfCoInstaller: Using "Win7" service configuration

[09/06/2013 16:11.59.449] WudfCoInstaller: Service WudfSvc started successfully.

[09/06/2013 16:11.59.488] WudfCoInstaller: Final status: error(0) 操作成功完成。


[09/06/2013 16:12.01.252] WudfCoInstaller: Created marker file C:\Windows\system32\drivers\Msft_User_WpdFs_01_09_00.Wdf.

AudMig: No audio endpoint migration settings found 0x2
AudMig: No audio endpoint migration settings found 0x2
AudMig: No audio endpoint migration settings found 0x2
AudMig: No audio endpoint migration settings found 0x2
AudMig: No audio endpoint migration settings found 0x2
[09/10/2013 16:49.25.851] WudfCoInstaller: ReadWdfSection: Checking WdfSection [Basic_Install.Wdf]

[09/10/2013 16:49.25.938] WudfCoInstaller: UMDF Service WpdFs is already installed - removing existing settings in preparation for setting new ones.

[09/10/2013 16:49.25.980] WudfCoInstaller: Configuring UMDF Service WpdFs.

[09/10/2013 16:49.26.108] WudfCoInstaller: ImpersonationLevel set to 2

[09/10/2013 16:49.26.135] WudfCoInstaller: Using "Win7" service configuration

[09/10/2013 16:49.26.553] WudfCoInstaller: Service WudfSvc is already running.

[09/10/2013 16:49.26.641] WudfCoInstaller: Final status: error(0) 操作成功完成。


[09/10/2013 16:49.28.500] WudfCoInstaller: Created marker file C:\Windows\system32\drivers\Msft_User_WpdFs_01_09_00.Wdf.

AudMig: No audio endpoint migration settings found 0x2
AudMig: No audio endpoint migration settings found 0x2
AudMig: No audio endpoint migration settings found 0x2
AudMig: No audio endpoint migration settings found 0x2
AudMig: No audio endpoint migration settings found 0x2
AudMig: No audio endpoint migration settings found 0x2
AudMig: No audio endpoint migration settings found 0x2
AudMig: No audio endpoint migration settings found 0x2
AudMig: No audio endpoint migration settings found 0x2
AudMig: No audio endpoint migration settings found 0x2
AudMig: No audio endpoint migration settings found 0x2
AudMig: No audio endpoint migration settings found 0x2
AudMig: No audio endpoint migration settings found 0x2
AudMig: No audio endpoint migration settings found 0x2
AudMig: No audio endpoint migration settings found 0x2
AudMig: No audio endpoint migration settings found 0x2
AudMig: No audio endpoint migration settings found 0x2
AudMig: No audio endpoint migration settings found 0x2
AudMig: No audio endpoint migration settings found 0x2
AudMig: No audio endpoint migration settings found 0x2
AudMig: No audio endpoint migration settings found 0x2
AudMig: No audio endpoint migration settings found 0x2
AudMig: No audio endpoint migration settings found 0x2
AudMig: No audio endpoint migration settings found 0x2
AudMig: No audio endpoint migration settings found 0x2
AudMig: No audio endpoint migration settings found 0x2
AudMig: No audio endpoint migration settings found 0x2
AudMig: No audio endpoint migration settings found 0x2
AudMig: No audio endpoint migration settings found 0x2
AudMig: No audio endpoint migration settings found 0x2
AudMig: No audio endpoint migration settings found 0x2
[09/22/2013 14:48.33.817] WudfCoInstaller: ReadWdfSection: Checking WdfSection [Basic_Install.Wdf]

[09/22/2013 14:48.33.870] WudfCoInstaller: UMDF Service WpdFs is already installed - removing existing settings in preparation for setting new ones.

[09/22/2013 14:48.33.896] WudfCoInstaller: Configuring UMDF Service WpdFs.

[09/22/2013 14:48.33.950] WudfCoInstaller: ImpersonationLevel set to 2

[09/22/2013 14:48.33.978] WudfCoInstaller: Using "Win7" service configuration

[09/22/2013 14:48.34.378] WudfCoInstaller: Service WudfSvc is already running.

[09/22/2013 14:48.34.407] WudfCoInstaller: Final status: error(0) 操作成功完成。


[09/22/2013 14:48.35.411] WudfCoInstaller: Created marker file C:\Windows\system32\drivers\Msft_User_WpdFs_01_09_00.Wdf.

AudMig: No audio endpoint migration settings found 0x2
AudMig: No audio endpoint migration settings found 0x2
AudMig: No audio endpoint migration settings found 0x2
AudMig: No audio endpoint migration settings found 0x2
AudMig: No audio endpoint migration settings found 0x2
AudMig: No audio endpoint migration settings found 0x2
AudMig: No audio endpoint migration settings found 0x2
AudMig: No audio endpoint migration settings found 0x2
AudMig: No audio endpoint migration settings found 0x2
AudMig: No audio endpoint migration settings found 0x2
AudMig: No audio endpoint migration settings found 0x2
AudMig: No audio endpoint migration settings found 0x2
AudMig: No audio endpoint migration settings found 0x2
AudMig: No audio endpoint migration settings found 0x2
AudMig: No audio endpoint migration settings found 0x2
AudMig: No audio endpoint migration settings found 0x2
AudMig: No audio endpoint migration settings found 0x2
AudMig: No audio endpoint migration settings found 0x2
AudMig: No audio endpoint migration settings found 0x2
AudMig: No audio endpoint migration settings found 0x2
AudMig: No audio endpoint migration settings found 0x2
AudMig: No audio endpoint migration settings found 0x2
AudMig: No audio endpoint migration settings found 0x2
AudMig: No audio endpoint migration settings found 0x2
AudMig: No audio endpoint migration settings found 0x2
AudMig: No audio endpoint migration settings found 0x2
AudMig: No audio endpoint migration settings found 0x2
AudMig: No audio endpoint migration settings found 0x2
AudMig: No audio endpoint migration settings found 0x2
AudMig: No audio endpoint migration settings found 0x2
AudMig: No audio endpoint migration settings found 0x2
AudMig: No audio endpoint migration settings found 0x2
AudMig: No audio endpoint migration settings found 0x2
AudMig: No audio endpoint migration settings found 0x2
AudMig: No audio endpoint migration settings found 0x2
AudMig: No audio endpoint migration settings found 0x2
AudMig: No audio endpoint migration settings found 0x2
AudMig: No audio endpoint migration settings found 0x2
AudMig: No audio endpoint migration settings found 0x2
AudMig: No audio endpoint migration settings found 0x2
AudMig: No audio endpoint migration settings found 0x2
AudMig: No audio endpoint migration settings found 0x2
AudMig: No audio endpoint migration settings found 0x2
AudMig: No audio endpoint migration settings found 0x2
AudMig: No audio endpoint migration settings found 0x2
AudMig: No audio endpoint migration settings found 0x2
AudMig: No audio endpoint migration settings found 0x2
AudMig: No audio endpoint migration settings found 0x2
AudMig: No audio endpoint migration settings found 0x2
AudMig: No audio endpoint migration settings found 0x2
AudMig: No audio endpoint migration settings found 0x2
AudMig: No audio endpoint migration settings found 0x2
AudMig: No audio endpoint migration settings found 0x2
AudMig: No audio endpoint migration settings found 0x2
AudMig: No audio endpoint migration settings found 0x2
AudMig: No audio endpoint migration settings found 0x2
AudMig: No audio endpoint migration settings found 0x2
AudMig: No audio endpoint migration settings found 0x2
AudMig: No audio endpoint migration settings found 0x2
AudMig: No audio endpoint migration settings found 0x2
AudMig: No audio endpoint migration settings found 0x2
AudMig: No audio endpoint migration settings found 0x2
AudMig: No audio endpoint migration settings found 0x2
AudMig: No audio endpoint migration settings found 0x2
AudMig: No audio endpoint migration settings found 0x2
[10/29/2013 11:11.42.229] WudfCoInstaller: ReadWdfSection: Checking WdfSection [Basic_Install.Wdf]

[10/29/2013 11:11.42.385] WudfCoInstaller: UMDF Service WpdFs is already installed - removing existing settings in preparation for setting new ones.

[10/29/2013 11:11.42.406] WudfCoInstaller: Configuring UMDF Service WpdFs.

[10/29/2013 11:11.42.440] WudfCoInstaller: ImpersonationLevel set to 2

[10/29/2013 11:11.42.464] WudfCoInstaller: Using "Win7" service configuration

[10/29/2013 11:11.43.440] WudfCoInstaller: Service WudfSvc started successfully.

[10/29/2013 11:11.43.488] WudfCoInstaller: Final status: error(0) 操作成功完成。


[10/29/2013 11:11.44.679] WudfCoInstaller: Created marker file C:\Windows\system32\drivers\Msft_User_WpdFs_01_09_00.Wdf.

AudMig: No audio endpoint migration settings found 0x2
AudMig: No audio endpoint migration settings found 0x2
AudMig: No audio endpoint migration settings found 0x2
AudMig: No audio endpoint migration settings found 0x2
AudMig: No audio endpoint migration settings found 0x2
AudMig: No audio endpoint migration settings found 0x2
AudMig: No audio endpoint migration settings found 0x2
AudMig: No audio endpoint migration settings found 0x2
AudMig: No audio endpoint migration settings found 0x2
AudMig: No audio endpoint migration settings found 0x2
AudMig: No audio endpoint migration settings found 0x2
AudMig: No audio endpoint migration settings found 0x2
AudMig: No audio endpoint migration settings found 0x2
AudMig: No audio endpoint migration settings found 0x2
AudMig: No audio endpoint migration settings found 0x2
AudMig: No audio endpoint migration settings found 0x2
AudMig: No audio endpoint migration settings found 0x2
AudMig: No audio endpoint migration settings found 0x2
AudMig: No audio endpoint migration settings found 0x2
AudMig: No audio endpoint migration settings found 0x2
AudMig: No audio endpoint migration settings found 0x2
AudMig: No audio endpoint migration settings found 0x2
AudMig: No audio endpoint migration settings found 0x2
AudMig: No audio endpoint migration settings found 0x2
AudMig: No audio endpoint migration settings found 0x2
AudMig: No audio endpoint migration settings found 0x2
AudMig: No audio endpoint migration settings found 0x2
AudMig: No audio endpoint migration settings found 0x2
AudMig: No audio endpoint migration settings found 0x2
AudMig: No audio endpoint migration settings found 0x2
AudMig: No audio endpoint migration settings found 0x2
AudMig: No audio endpoint migration settings found 0x2
AudMig: No audio endpoint migration settings found 0x2
AudMig: No audio endpoint migration settings found 0x2
AudMig: No audio endpoint migration settings found 0x2
AudMig: No audio endpoint migration settings found 0x2
AudMig: No audio endpoint migration settings found 0x2
AudMig: No audio endpoint migration settings found 0x2
AudMig: No audio endpoint migration settings found 0x2
AudMig: No audio endpoint migration settings found 0x2
AudMig: No audio endpoint migration settings found 0x2
AudMig: No audio endpoint migration settings found 0x2
AudMig: No audio endpoint migration settings found 0x2
AudMig: No audio endpoint migration settings found 0x2
AudMig: No audio endpoint migration settings found 0x2
AudMig: No audio endpoint migration settings found 0x2
AudMig: No audio endpoint migration settings found 0x2
AudMig: No audio endpoint migration settings found 0x2
AudMig: No audio endpoint migration settings found 0x2
AudMig: No audio endpoint migration settings found 0x2
AudMig: No audio endpoint migration settings found 0x2
AudMig: No audio endpoint migration settings found 0x2
AudMig: No audio endpoint migration settings found 0x2
AudMig: No audio endpoint migration settings found 0x2
AudMig: No audio endpoint migration settings found 0x2
AudMig: No audio endpoint migration settings found 0x2
AudMig: No audio endpoint migration settings found 0x2
AudMig: No audio endpoint migration settings found 0x2
AudMig: No audio endpoint migration settings found 0x2
AudMig: No audio endpoint migration settings found 0x2
AudMig: No audio endpoint migration settings found 0x2
AudMig: No audio endpoint migration settings found 0x2
AudMig: No audio endpoint migration settings found 0x2
AudMig: No audio endpoint migration settings found 0x2
AudMig: No audio endpoint migration settings found 0x2
AudMig: No audio endpoint migration settings found 0x2
[11/23/2013 11:59.19.122] WudfCoInstaller: ReadWdfSection: Checking WdfSection [Basic_Install.Wdf]

[11/23/2013 11:59.19.228] WudfCoInstaller: UMDF Service WpdFs is already installed - removing existing settings in preparation for setting new ones.

[11/23/2013 11:59.19.310] WudfCoInstaller: Configuring UMDF Service WpdFs.

[11/23/2013 11:59.19.360] WudfCoInstaller: ImpersonationLevel set to 2

[11/23/2013 11:59.19.415] WudfCoInstaller: Using "Win7" service configuration

[11/23/2013 11:59.20.903] WudfCoInstaller: Service WudfSvc started successfully.

[11/23/2013 11:59.20.944] WudfCoInstaller: Final status: error(0) 操作成功完成。


[11/23/2013 11:59.22.567] WudfCoInstaller: Created marker file C:\Windows\system32\drivers\Msft_User_WpdFs_01_09_00.Wdf.

AudMig: No audio endpoint migration settings found 0x2
AudMig: No audio endpoint migration settings found 0x2
AudMig: No audio endpoint migration settings found 0x2
AudMig: No audio endpoint migration settings found 0x2
AudMig: No audio endpoint migration settings found 0x2
AudMig: No audio endpoint migration settings found 0x2
AudMig: No audio endpoint migration settings found 0x2
AudMig: No audio endpoint migration settings found 0x2
AudMig: No audio endpoint migration settings found 0x2
AudMig: No audio endpoint migration settings found 0x2
AudMig: No audio endpoint migration settings found 0x2
AudMig: No audio endpoint migration settings found 0x2
AudMig: No audio endpoint migration settings found 0x2
AudMig: No audio endpoint migration settings found 0x2
AudMig: No audio endpoint migration settings found 0x2
AudMig: No audio endpoint migration settings found 0x2
AudMig: No audio endpoint migration settings found 0x2
AudMig: No audio endpoint migration settings found 0x2
AudMig: No audio endpoint migration settings found 0x2
AudMig: No audio endpoint migration settings found 0x2
AudMig: No audio endpoint migration settings found 0x2
AudMig: No audio endpoint migration settings found 0x2
AudMig: No audio endpoint migration settings found 0x2
AudMig: No audio endpoint migration settings found 0x2
AudMig: No audio endpoint migration settings found 0x2
AudMig: No audio endpoint migration settings found 0x2
AudMig: No audio endpoint migration settings found 0x2
AudMig: No audio endpoint migration settings found 0x2
AudMig: No audio endpoint migration settings found 0x2
AudMig: No audio endpoint migration settings found 0x2
AudMig: No audio endpoint migration settings found 0x2
AudMig: No audio endpoint migration settings found 0x2
AudMig: No audio endpoint migration settings found 0x2
AudMig: No audio endpoint migration settings found 0x2
AudMig: No audio endpoint migration settings found 0x2
AudMig: No audio endpoint migration settings found 0x2
AudMig: No audio endpoint migration settings found 0x2
AudMig: No audio endpoint migration settings found 0x2
AudMig: No audio endpoint migration settings found 0x2
AudMig: No audio endpoint migration settings found 0x2
AudMig: No audio endpoint migration settings found 0x2
AudMig: No audio endpoint migration settings found 0x2
AudMig: No audio endpoint migration settings found 0x2
AudMig: No audio endpoint migration settings found 0x2
AudMig: No audio endpoint migration settings found 0x2
AudMig: No audio endpoint migration settings found 0x2
AudMig: No audio endpoint migration settings found 0x2
AudMig: No audio endpoint migration settings found 0x2
AudMig: No audio endpoint migration settings found 0x2
[12/05/2013 10:46.50.836] WudfCoInstaller: ReadWdfSection: Checking WdfSection [MTP.NT.Wdf]

[12/05/2013 10:46.51.052] WudfCoInstaller: UMDF Service WpdMtpDriver is already installed - removing existing settings in preparation for setting new ones.

[12/05/2013 10:46.51.152] WudfCoInstaller: Configuring UMDF Service WpdMtpDriver.

[12/05/2013 10:46.51.275] WudfCoInstaller: KernelModeClientPolicy set to 1

[12/05/2013 10:46.51.307] WudfCoInstaller: Using "Win7" service configuration

[12/05/2013 10:46.51.641] WudfCoInstaller: Service WudfSvc is already running.

[12/05/2013 10:46.51.701] WudfCoInstaller: Final status: error(0) 操作成功完成。


[12/05/2013 10:46.55.194] WudfCoInstaller: Created marker file C:\Windows\system32\drivers\Msft_User_WpdMtpDr_01_09_00.Wdf.

AudMig: No audio endpoint migration settings found 0x2
AudMig: No audio endpoint migration settings found 0x2
AudMig: No audio endpoint migration settings found 0x2
AudMig: No audio endpoint migration settings found 0x2
AudMig: No audio endpoint migration settings found 0x2
AudMig: No audio endpoint migration settings found 0x2
AudMig: No audio endpoint migration settings found 0x2
[12/10/2013 14:08.52.805] WudfCoInstaller: ReadWdfSection: Checking WdfSection [MTP.NT.Wdf]

[12/10/2013 14:08.52.945] WudfCoInstaller: UMDF Service WpdMtpDriver is already installed - removing existing settings in preparation for setting new ones.

[12/10/2013 14:08.52.994] WudfCoInstaller: Configuring UMDF Service WpdMtpDriver.

[12/10/2013 14:08.53.071] WudfCoInstaller: KernelModeClientPolicy set to 1

[12/10/2013 14:08.53.094] WudfCoInstaller: Using "Win7" service configuration

[12/10/2013 14:08.53.551] WudfCoInstaller: Service WudfSvc is already running.

[12/10/2013 14:08.53.574] WudfCoInstaller: Final status: error(0) 操作成功完成。


[12/10/2013 14:09.05.872] WudfCoInstaller: Created marker file C:\Windows\system32\drivers\Msft_User_WpdMtpDr_01_09_00.Wdf.

AudMig: No audio endpoint migration settings found 0x2
AudMig: No audio endpoint migration settings found 0x2
AudMig: No audio endpoint migration settings found 0x2
AudMig: No audio endpoint migration settings found 0x2
AudMig: No audio endpoint migration settings found 0x2
AudMig: No audio endpoint migration settings found 0x2
AudMig: No audio endpoint migration settings found 0x2
AudMig: No audio endpoint migration settings found 0x2
AudMig: No audio endpoint migration settings found 0x2
AudMig: No audio endpoint migration settings found 0x2
AudMig: No audio endpoint migration settings found 0x2
AudMig: No audio endpoint migration settings found 0x2
AudMig: No audio endpoint migration settings found 0x2
AudMig: No audio endpoint migration settings found 0x2
AudMig: No audio endpoint migration settings found 0x2
AudMig: No audio endpoint migration settings found 0x2
AudMig: No audio endpoint migration settings found 0x2
AudMig: No audio endpoint migration settings found 0x2
AudMig: No audio endpoint migration settings found 0x2
AudMig: No audio endpoint migration settings found 0x2
Input Install: Not a PS2 device.
AudMig: No audio endpoint migration settings found 0x2
AudMig: No audio endpoint migration settings found 0x2
AudMig: No audio endpoint migration settings found 0x2
AudMig: No audio endpoint migration settings found 0x2
AudMig: No audio endpoint migration settings found 0x2
AudMig: No audio endpoint migration settings found 0x2
AudMig: No audio endpoint migration settings found 0x2
AudMig: No audio endpoint migration settings found 0x2
AudMig: No audio endpoint migration settings found 0x2
AudMig: No audio endpoint migration settings found 0x2
AudMig: No audio endpoint migration settings found 0x2
AudMig: No audio endpoint migration settings found 0x2
AudMig: No audio endpoint migration settings found 0x2
AudMig: No audio endpoint migration settings found 0x2
AudMig: No audio endpoint migration settings found 0x2
AudMig: No audio endpoint migration settings found 0x2
AudMig: No audio endpoint migration settings found 0x2
AudMig: No audio endpoint migration settings found 0x2
AudMig: No audio endpoint migration settings found 0x2
AudMig: No audio endpoint migration settings found 0x2
AudMig: No audio endpoint migration settings found 0x2
AudMig: No audio endpoint migration settings found 0x2
AudMig: No audio endpoint migration settings found 0x2
AudMig: No audio endpoint migration settings found 0x2
AudMig: No audio endpoint migration settings found 0x2
AudMig: No audio endpoint migration settings found 0x2
AudMig: No audio endpoint migration settings found 0x2
AudMig: No audio endpoint migration settings found 0x2
AudMig: No audio endpoint migration settings found 0x2
AudMig: No audio endpoint migration settings found 0x2
AudMig: No audio endpoint migration settings found 0x2
AudMig: No audio endpoint migration settings found 0x2
AudMig: No audio endpoint migration settings found 0x2
AudMig: No audio endpoint migration settings found 0x2
[01/06/2014 19:57.12.241] WudfCoInstaller: ReadWdfSection: Checking WdfSection [Basic_Install.Wdf]

[01/06/2014 19:57.12.442] WudfCoInstaller: UMDF Service WpdFs is already installed - removing existing settings in preparation for setting new ones.

[01/06/2014 19:57.12.576] WudfCoInstaller: Configuring UMDF Service WpdFs.

[01/06/2014 19:57.13.502] WudfCoInstaller: ImpersonationLevel set to 2

[01/06/2014 19:57.13.976] WudfCoInstaller: Using "Win7" service configuration

[01/06/2014 19:57.14.975] WudfCoInstaller: Service WudfSvc is already running.

[01/06/2014 19:57.15.008] WudfCoInstaller: Final status: error(0) 操作成功完成。


[01/06/2014 19:57.17.801] WudfCoInstaller: Created marker file C:\Windows\system32\drivers\Msft_User_WpdFs_01_09_00.Wdf.

[01/06/2014 19:57.20.747] WudfCoInstaller: ReadWdfSection: Checking WdfSection [Basic_Install.Wdf]

[01/06/2014 19:57.20.900] WudfCoInstaller: UMDF Service WpdFs is already installed - removing existing settings in preparation for setting new ones.

[01/06/2014 19:57.20.936] WudfCoInstaller: Configuring UMDF Service WpdFs.

[01/06/2014 19:57.20.968] WudfCoInstaller: ImpersonationLevel set to 2

[01/06/2014 19:57.20.994] WudfCoInstaller: Using "Win7" service configuration

[01/06/2014 19:57.21.286] WudfCoInstaller: Service WudfSvc is already running.

[01/06/2014 19:57.21.318] WudfCoInstaller: Final status: error(0) 操作成功完成。


[01/06/2014 19:57.22.105] WudfCoInstaller: Created marker file C:\Windows\system32\drivers\Msft_User_WpdFs_01_09_00.Wdf.

AudMig: No audio endpoint migration settings found 0x2
AudMig: No audio endpoint migration settings found 0x2
AudMig: No audio endpoint migration settings found 0x2
AudMig: No audio endpoint migration settings found 0x2
AudMig: No audio endpoint migration settings found 0x2
AudMig: No audio endpoint migration settings found 0x2
AudMig: No audio endpoint migration settings found 0x2
AudMig: No audio endpoint migration settings found 0x2
AudMig: No audio endpoint migration settings found 0x2
AudMig: No audio endpoint migration settings found 0x2
AudMig: No audio endpoint migration settings found 0x2
AudMig: No audio endpoint migration settings found 0x2
AudMig: No audio endpoint migration settings found 0x2
AudMig: No audio endpoint migration settings found 0x2
AudMig: No audio endpoint migration settings found 0x2
AudMig: No audio endpoint migration settings found 0x2
[01/15/2014 20:52.01.838] WudfCoInstaller: ReadWdfSection: Checking WdfSection [Basic_Install.Wdf]

[01/15/2014 20:52.01.948] WudfCoInstaller: UMDF Service WpdFs is already installed - removing existing settings in preparation for setting new ones.

[01/15/2014 20:52.02.010] WudfCoInstaller: Configuring UMDF Service WpdFs.

[01/15/2014 20:52.02.088] WudfCoInstaller: ImpersonationLevel set to 2

[01/15/2014 20:52.02.119] WudfCoInstaller: Using "Win7" service configuration

[01/15/2014 20:52.02.525] WudfCoInstaller: Service WudfSvc is already running.

[01/15/2014 20:52.02.556] WudfCoInstaller: Final status: error(0) 操作成功完成。


[01/15/2014 20:52.04.319] WudfCoInstaller: Created marker file C:\Windows\system32\drivers\Msft_User_WpdFs_01_09_00.Wdf.

[01/15/2014 20:52.05.645] WudfCoInstaller: ReadWdfSection: Checking WdfSection [Basic_Install.Wdf]

[01/15/2014 20:52.05.707] WudfCoInstaller: UMDF Service WpdFs is already installed - removing existing settings in preparation for setting new ones.

[01/15/2014 20:52.05.723] WudfCoInstaller: Configuring UMDF Service WpdFs.

[01/15/2014 20:52.05.754] WudfCoInstaller: ImpersonationLevel set to 2

[01/15/2014 20:52.05.785] WudfCoInstaller: Using "Win7" service configuration

[01/15/2014 20:52.06.113] WudfCoInstaller: Service WudfSvc is already running.

[01/15/2014 20:52.06.160] WudfCoInstaller: Final status: error(0) 操作成功完成。


[01/15/2014 20:52.06.815] WudfCoInstaller: Created marker file C:\Windows\system32\drivers\Msft_User_WpdFs_01_09_00.Wdf.

AudMig: No audio endpoint migration settings found 0x2
AudMig: No audio endpoint migration settings found 0x2
AudMig: No audio endpoint migration settings found 0x2
AudMig: No audio endpoint migration settings found 0x2
AudMig: No audio endpoint migration settings found 0x2
AudMig: No audio endpoint migration settings found 0x2
AudMig: No audio endpoint migration settings found 0x2
AudMig: No audio endpoint migration settings found 0x2
AudMig: No audio endpoint migration settings found 0x2
AudMig: No audio endpoint migration settings found 0x2
AudMig: No audio endpoint migration settings found 0x2
AudMig: No audio endpoint migration settings found 0x2
AudMig: No audio endpoint migration settings found 0x2
AudMig: No audio endpoint migration settings found 0x2
AudMig: No audio endpoint migration settings found 0x2
AudMig: No audio endpoint migration settings found 0x2
AudMig: No audio endpoint migration settings found 0x2
AudMig: No audio endpoint migration settings found 0x2
AudMig: No audio endpoint migration settings found 0x2
AudMig: No audio endpoint migration settings found 0x2
AudMig: No audio endpoint migration settings found 0x2
AudMig: No audio endpoint migration settings found 0x2
AudMig: No audio endpoint migration settings found 0x2
AudMig: No audio endpoint migration settings found 0x2
AudMig: No audio endpoint migration settings found 0x2
AudMig: No audio endpoint migration settings found 0x2
AudMig: No audio endpoint migration settings found 0x2
AudMig: No audio endpoint migration settings found 0x2
AudMig: No audio endpoint migration settings found 0x2
AudMig: No audio endpoint migration settings found 0x2
AudMig: No audio endpoint migration settings found 0x2
AudMig: No audio endpoint migration settings found 0x2
AudMig: No audio endpoint migration settings found 0x2
AudMig: No audio endpoint migration settings found 0x2
AudMig: No audio endpoint migration settings found 0x2
AudMig: No audio endpoint migration settings found 0x2
AudMig: No audio endpoint migration settings found 0x2
AudMig: No audio endpoint migration settings found 0x2
AudMig: No audio endpoint migration settings found 0x2
AudMig: No audio endpoint migration settings found 0x2
AudMig: No audio endpoint migration settings found 0x2
AudMig: No audio endpoint migration settings found 0x2
AudMig: No audio endpoint migration settings found 0x2
AudMig: No audio endpoint migration settings found 0x2
AudMig: No audio endpoint migration settings found 0x2
AudMig: No audio endpoint migration settings found 0x2
AudMig: No audio endpoint migration settings found 0x2
Input Install: Not a PS2 device.
AudMig: No audio endpoint migration settings found 0x2
AudMig: No audio endpoint migration settings found 0x2
AudMig: No audio endpoint migration settings found 0x2
AudMig: No audio endpoint migration settings found 0x2
AudMig: No audio endpoint migration settings found 0x2
AudMig: No audio endpoint migration settings found 0x2
AudMig: No audio endpoint migration settings found 0x2
AudMig: No audio endpoint migration settings found 0x2
AudMig: No audio endpoint migration settings found 0x2
AudMig: No audio endpoint migration settings found 0x2
AudMig: No audio endpoint migration settings found 0x2
AudMig: No audio endpoint migration settings found 0x2
AudMig: No audio endpoint migration settings found 0x2
AudMig: No audio endpoint migration settings found 0x2
AudMig: No audio endpoint migration settings found 0x2
Input Install: Not a PS2 device.
AudMig: No audio endpoint migration settings found 0x2
AudMig: No audio endpoint migration settings found 0x2
AudMig: No audio endpoint migration settings found 0x2
AudMig: No audio endpoint migration settings found 0x2
AudMig: No audio endpoint migration settings found 0x2
AudMig: No audio endpoint migration settings found 0x2
AudMig: No audio endpoint migration settings found 0x2
AudMig: No audio endpoint migration settings found 0x2
AudMig: No audio endpoint migration settings found 0x2
AudMig: No audio endpoint migration settings found 0x2
AudMig: No audio endpoint migration settings found 0x2
AudMig: No audio endpoint migration settings found 0x2
AudMig: No audio endpoint migration settings found 0x2
AudMig: No audio endpoint migration settings found 0x2
AudMig: No audio endpoint migration settings found 0x2
AudMig: No audio endpoint migration settings found 0x2
AudMig: No audio endpoint migration settings found 0x2
AudMig: No audio endpoint migration settings found 0x2
AudMig: No audio endpoint migration settings found 0x2
AudMig: No audio endpoint migration settings found 0x2
AudMig: No audio endpoint migration settings found 0x2
AudMig: No audio endpoint migration settings found 0x2
AudMig: No audio endpoint migration settings found 0x2
AudMig: No audio endpoint migration settings found 0x2
AudMig: No audio endpoint migration settings found 0x2
AudMig: No audio endpoint migration settings found 0x2
AudMig: No audio endpoint migration settings found 0x2
AudMig: No audio endpoint migration settings found 0x2
AudMig: No audio endpoint migration settings found 0x2
AudMig: No audio endpoint migration settings found 0x2
AudMig: No audio endpoint migration settings found 0x2
AudMig: No audio endpoint migration settings found 0x2
AudMig: No audio endpoint migration settings found 0x2
AudMig: No audio endpoint migration settings found 0x2
AudMig: No audio endpoint migration settings found 0x2
AudMig: No audio endpoint migration settings found 0x2
AudMig: No audio endpoint migration settings found 0x2
AudMig: No audio endpoint migration settings found 0x2
AudMig: No audio endpoint migration settings found 0x2
AudMig: No audio endpoint migration settings found 0x2
AudMig: No audio endpoint migration settings found 0x2
AudMig: No audio endpoint migration settings found 0x2
AudMig: No audio endpoint migration settings found 0x2
AudMig: No audio endpoint migration settings found 0x2
AudMig: No audio endpoint migration settings found 0x2
AudMig: No audio endpoint migration settings found 0x2
AudMig: No audio endpoint migration settings found 0x2
AudMig: No audio endpoint migration settings found 0x2
AudMig: No audio endpoint migration settings found 0x2
AudMig: No audio endpoint migration settings found 0x2
AudMig: No audio endpoint migration settings found 0x2
AudMig: No audio endpoint migration settings found 0x2
AudMig: No audio endpoint migration settings found 0x2
AudMig: No audio endpoint migration settings found 0x2
AudMig: No audio endpoint migration settings found 0x2
AudMig: No audio endpoint migration settings found 0x2
AudMig: No audio endpoint migration settings found 0x2
AudMig: No audio endpoint migration settings found 0x2
AudMig: No audio endpoint migration settings found 0x2
AudMig: No audio endpoint migration settings found 0x2
AudMig: No audio endpoint migration settings found 0x2
AudMig: No audio endpoint migration settings found 0x2
AudMig: No audio endpoint migration settings found 0x2
AudMig: No audio endpoint migration settings found 0x2
AudMig: No audio endpoint migration settings found 0x2
AudMig: No audio endpoint migration settings found 0x2
AudMig: No audio endpoint migration settings found 0x2
AudMig: No audio endpoint migration settings found 0x2
AudMig: No audio endpoint migration settings found 0x2
AudMig: No audio endpoint migration settings found 0x2
AudMig: No audio endpoint migration settings found 0x2
AudMig: No audio endpoint migration settings found 0x2
AudMig: No audio endpoint migration settings found 0x2
AudMig: No audio endpoint migration settings found 0x2
AudMig: No audio endpoint migration settings found 0x2
AudMig: No audio endpoint migration settings found 0x2
AudMig: No audio endpoint migration settings found 0x2
AudMig: No audio endpoint migration settings found 0x2
AudMig: No audio endpoint migration settings found 0x2
AudMig: No audio endpoint migration settings found 0x2
