<html>
<body>
<pre>
libvirt: libvirt-bin: entering pre-stop at Mon Oct 14 16:09:34 CST 2013
libvirt: libvirt-bin: exiting pre-stop at Mon Oct 14 16:09:36 CST 2013
libvirt: libvirt-bin: entering pre-stop at Mon Oct 14 17:40:09 CST 2013
libvirt: libvirt-bin: exiting pre-stop at Mon Oct 14 17:40:09 CST 2013
libvirt: libvirt-bin: entering pre-stop at Tue Oct 15 16:37:42 CST 2013
libvirt: libvirt-bin: exiting pre-stop at Tue Oct 15 16:37:42 CST 2013
libvirt: libvirt-bin: entering pre-stop at Fri Oct 25 17:15:55 CST 2013
libvirt: libvirt-bin: exiting pre-stop at Fri Oct 25 17:15:55 CST 2013
libvirt: libvirt-bin: entering pre-stop at Tue Dec 10 13:55:36 CST 2013
libvirt: libvirt-bin: exiting pre-stop at Tue Dec 10 13:55:36 CST 2013
libvirt: libvirt-bin: entering pre-stop at Wed Dec 11 14:18:37 CST 2013
libvirt: libvirt-bin: exiting pre-stop at Wed Dec 11 14:18:37 CST 2013
libvirt: libvirt-bin: entering pre-stop at Thu Jan 23 09:38:51 CST 2014
libvirt: libvirt-bin: exiting pre-stop at Thu Jan 23 09:38:54 CST 2014
libvirt: libvirt-bin: entering pre-stop at Wed Mar 19 10:31:28 CST 2014
libvirt: libvirt-bin: exiting pre-stop at Wed Mar 19 10:31:30 CST 2014
libvirt: libvirt-bin: entering pre-stop at Wed Mar 19 10:55:16 CST 2014
libvirt: libvirt-bin: exiting pre-stop at Wed Mar 19 10:55:16 CST 2014
libvirt: libvirt-bin: entering pre-stop at Wed Mar 19 10:59:00 CST 2014
libvirt: libvirt-bin: exiting pre-stop at Wed Mar 19 10:59:00 CST 2014
libvirt: libvirt-bin: entering pre-stop at Wed Mar 19 13:36:43 CST 2014
libvirt: libvirt-bin: exiting pre-stop at Wed Mar 19 13:36:43 CST 2014
libvirt: libvirt-bin: entering pre-stop at Wed Mar 19 09:39:16 CST 2014
libvirt: libvirt-bin: exiting pre-stop at Wed Mar 19 09:39:16 CST 2014
libvirt: libvirt-bin: entering pre-stop at Wed Mar 19 09:54:10 CST 2014
libvirt: libvirt-bin: exiting pre-stop at Wed Mar 19 09:54:10 CST 2014
libvirt: libvirt-bin: entering pre-stop at Wed Mar 19 10:23:54 CST 2014
libvirt: libvirt-bin: exiting pre-stop at Wed Mar 19 10:23:55 CST 2014

</pre>
</body>
</html>