Mar 26 06:35:48 monitor227 rsyslogd: [origin software="rsyslogd" swVersion="5.8.6" x-pid="479" x-info="http://www.rsyslog.com"] rsyslogd was HUPed
Mar 26 06:38:46 monitor227 avahi-daemon[721]: server.c: Packet too short or invalid while reading response record. (Maybe a UTF-8 problem?)
Mar 26 06:39:01 monitor227 CRON[5966]: (root) CMD (  [ -x /usr/lib/php5/maxlifetime ] && [ -d /var/lib/php5 ] && find /var/lib/php5/ -depth -mindepth 1 -maxdepth 1 -type f -cmin +$(/usr/lib/php5/maxlifetime) ! -execdir fuser -s {} 2>/dev/null \; -delete)
Mar 26 06:41:19 monitor227 avahi-daemon[721]: server.c: Packet too short or invalid while reading response record. (Maybe a UTF-8 problem?)
Mar 26 06:45:01 monitor227 CRON[5975]: (root) CMD (command -v debian-sa1 > /dev/null && debian-sa1 1 1)
Mar 26 06:55:01 monitor227 CRON[5983]: (root) CMD (command -v debian-sa1 > /dev/null && debian-sa1 1 1)
Mar 26 07:05:01 monitor227 CRON[6090]: (root) CMD (command -v debian-sa1 > /dev/null && debian-sa1 1 1)
Mar 26 07:08:46 monitor227 avahi-daemon[721]: server.c: Packet too short or invalid while reading response record. (Maybe a UTF-8 problem?)
Mar 26 07:09:01 monitor227 CRON[6094]: (root) CMD (  [ -x /usr/lib/php5/maxlifetime ] && [ -d /var/lib/php5 ] && find /var/lib/php5/ -depth -mindepth 1 -maxdepth 1 -type f -cmin +$(/usr/lib/php5/maxlifetime) ! -execdir fuser -s {} 2>/dev/null \; -delete)
Mar 26 07:11:19 monitor227 avahi-daemon[721]: server.c: Packet too short or invalid while reading response record. (Maybe a UTF-8 problem?)
Mar 26 07:15:01 monitor227 CRON[6122]: (root) CMD (command -v debian-sa1 > /dev/null && debian-sa1 1 1)
Mar 26 07:17:01 monitor227 CRON[6125]: (root) CMD (   cd / && run-parts --report /etc/cron.hourly)
Mar 26 07:25:01 monitor227 CRON[6548]: (root) CMD (command -v debian-sa1 > /dev/null && debian-sa1 1 1)
Mar 26 07:35:01 monitor227 CRON[6568]: (root) CMD (command -v debian-sa1 > /dev/null && debian-sa1 1 1)
Mar 26 07:38:45 monitor227 avahi-daemon[721]: server.c: Packet too short or invalid while reading response record. (Maybe a UTF-8 problem?)
Mar 26 07:39:01 monitor227 CRON[6572]: (root) CMD (  [ -x /usr/lib/php5/maxlifetime ] && [ -d /var/lib/php5 ] && find /var/lib/php5/ -depth -mindepth 1 -maxdepth 1 -type f -cmin +$(/usr/lib/php5/maxlifetime) ! -execdir fuser -s {} 2>/dev/null \; -delete)
Mar 26 07:41:19 monitor227 avahi-daemon[721]: server.c: Packet too short or invalid while reading response record. (Maybe a UTF-8 problem?)
Mar 26 07:45:01 monitor227 CRON[6582]: (root) CMD (command -v debian-sa1 > /dev/null && debian-sa1 1 1)
Mar 26 07:55:01 monitor227 CRON[6588]: (root) CMD (command -v debian-sa1 > /dev/null && debian-sa1 1 1)
Mar 26 08:05:01 monitor227 CRON[6594]: (root) CMD (command -v debian-sa1 > /dev/null && debian-sa1 1 1)
Mar 26 08:08:45 monitor227 avahi-daemon[721]: server.c: Packet too short or invalid while reading response record. (Maybe a UTF-8 problem?)
Mar 26 08:09:01 monitor227 CRON[6597]: (root) CMD (  [ -x /usr/lib/php5/maxlifetime ] && [ -d /var/lib/php5 ] && find /var/lib/php5/ -depth -mindepth 1 -maxdepth 1 -type f -cmin +$(/usr/lib/php5/maxlifetime) ! -execdir fuser -s {} 2>/dev/null \; -delete)
Mar 26 08:11:18 monitor227 avahi-daemon[721]: server.c: Packet too short or invalid while reading response record. (Maybe a UTF-8 problem?)
Mar 26 08:15:01 monitor227 CRON[6606]: (root) CMD (command -v debian-sa1 > /dev/null && debian-sa1 1 1)
Mar 26 08:17:01 monitor227 CRON[6610]: (root) CMD (   cd / && run-parts --report /etc/cron.hourly)
Mar 26 08:25:01 monitor227 CRON[6615]: (root) CMD (command -v debian-sa1 > /dev/null && debian-sa1 1 1)
Mar 26 08:35:01 monitor227 CRON[6621]: (root) CMD (command -v debian-sa1 > /dev/null && debian-sa1 1 1)
Mar 26 08:38:45 monitor227 avahi-daemon[721]: server.c: Packet too short or invalid while reading response record. (Maybe a UTF-8 problem?)
Mar 26 08:39:01 monitor227 CRON[6624]: (root) CMD (  [ -x /usr/lib/php5/maxlifetime ] && [ -d /var/lib/php5 ] && find /var/lib/php5/ -depth -mindepth 1 -maxdepth 1 -type f -cmin +$(/usr/lib/php5/maxlifetime) ! -execdir fuser -s {} 2>/dev/null \; -delete)
Mar 26 08:41:18 monitor227 avahi-daemon[721]: server.c: Packet too short or invalid while reading response record. (Maybe a UTF-8 problem?)
Mar 26 08:45:01 monitor227 CRON[6634]: (root) CMD (command -v debian-sa1 > /dev/null && debian-sa1 1 1)
Mar 26 08:55:01 monitor227 CRON[6639]: (root) CMD (command -v debian-sa1 > /dev/null && debian-sa1 1 1)
Mar 26 09:05:01 monitor227 CRON[6645]: (root) CMD (command -v debian-sa1 > /dev/null && debian-sa1 1 1)
Mar 26 09:08:45 monitor227 avahi-daemon[721]: server.c: Packet too short or invalid while reading response record. (Maybe a UTF-8 problem?)
Mar 26 09:09:02 monitor227 CRON[6648]: (root) CMD (  [ -x /usr/lib/php5/maxlifetime ] && [ -d /var/lib/php5 ] && find /var/lib/php5/ -depth -mindepth 1 -maxdepth 1 -type f -cmin +$(/usr/lib/php5/maxlifetime) ! -execdir fuser -s {} 2>/dev/null \; -delete)
Mar 26 09:11:18 monitor227 avahi-daemon[721]: server.c: Packet too short or invalid while reading response record. (Maybe a UTF-8 problem?)
Mar 26 09:15:01 monitor227 CRON[6658]: (root) CMD (command -v debian-sa1 > /dev/null && debian-sa1 1 1)
Mar 26 09:17:01 monitor227 CRON[6661]: (root) CMD (   cd / && run-parts --report /etc/cron.hourly)
Mar 26 09:25:01 monitor227 CRON[6667]: (root) CMD (command -v debian-sa1 > /dev/null && debian-sa1 1 1)
Mar 26 09:35:01 monitor227 CRON[6672]: (root) CMD (command -v debian-sa1 > /dev/null && debian-sa1 1 1)
Mar 26 09:38:45 monitor227 avahi-daemon[721]: server.c: Packet too short or invalid while reading response record. (Maybe a UTF-8 problem?)
Mar 26 09:39:01 monitor227 CRON[6676]: (root) CMD (  [ -x /usr/lib/php5/maxlifetime ] && [ -d /var/lib/php5 ] && find /var/lib/php5/ -depth -mindepth 1 -maxdepth 1 -type f -cmin +$(/usr/lib/php5/maxlifetime) ! -execdir fuser -s {} 2>/dev/null \; -delete)
Mar 26 09:41:18 monitor227 avahi-daemon[721]: server.c: Packet too short or invalid while reading response record. (Maybe a UTF-8 problem?)
Mar 26 09:45:01 monitor227 CRON[6685]: (root) CMD (command -v debian-sa1 > /dev/null && debian-sa1 1 1)
Mar 26 09:55:01 monitor227 CRON[6691]: (root) CMD (command -v debian-sa1 > /dev/null && debian-sa1 1 1)
Mar 26 10:05:01 monitor227 CRON[6697]: (root) CMD (command -v debian-sa1 > /dev/null && debian-sa1 1 1)
Mar 26 10:08:45 monitor227 avahi-daemon[721]: server.c: Packet too short or invalid while reading response record. (Maybe a UTF-8 problem?)
Mar 26 10:09:01 monitor227 CRON[6733]: (root) CMD (  [ -x /usr/lib/php5/maxlifetime ] && [ -d /var/lib/php5 ] && find /var/lib/php5/ -depth -mindepth 1 -maxdepth 1 -type f -cmin +$(/usr/lib/php5/maxlifetime) ! -execdir fuser -s {} 2>/dev/null \; -delete)
Mar 26 10:11:18 monitor227 avahi-daemon[721]: server.c: Packet too short or invalid while reading response record. (Maybe a UTF-8 problem?)
Mar 26 10:15:01 monitor227 CRON[6743]: (root) CMD (command -v debian-sa1 > /dev/null && debian-sa1 1 1)
Mar 26 10:17:01 monitor227 CRON[6746]: (root) CMD (   cd / && run-parts --report /etc/cron.hourly)
Mar 26 10:25:01 monitor227 CRON[6751]: (root) CMD (command -v debian-sa1 > /dev/null && debian-sa1 1 1)
Mar 26 10:35:01 monitor227 CRON[6757]: (root) CMD (command -v debian-sa1 > /dev/null && debian-sa1 1 1)
Mar 26 10:38:45 monitor227 avahi-daemon[721]: server.c: Packet too short or invalid while reading response record. (Maybe a UTF-8 problem?)
Mar 26 10:39:01 monitor227 CRON[6760]: (root) CMD (  [ -x /usr/lib/php5/maxlifetime ] && [ -d /var/lib/php5 ] && find /var/lib/php5/ -depth -mindepth 1 -maxdepth 1 -type f -cmin +$(/usr/lib/php5/maxlifetime) ! -execdir fuser -s {} 2>/dev/null \; -delete)
Mar 26 10:41:18 monitor227 avahi-daemon[721]: server.c: Packet too short or invalid while reading response record. (Maybe a UTF-8 problem?)
Mar 26 10:45:01 monitor227 CRON[6771]: (root) CMD (command -v debian-sa1 > /dev/null && debian-sa1 1 1)
Mar 26 10:55:01 monitor227 CRON[6795]: (root) CMD (command -v debian-sa1 > /dev/null && debian-sa1 1 1)
Mar 26 11:05:01 monitor227 CRON[6799]: (root) CMD (command -v debian-sa1 > /dev/null && debian-sa1 1 1)
Mar 26 11:08:45 monitor227 avahi-daemon[721]: server.c: Packet too short or invalid while reading response record. (Maybe a UTF-8 problem?)
Mar 26 11:09:01 monitor227 CRON[6804]: (root) CMD (  [ -x /usr/lib/php5/maxlifetime ] && [ -d /var/lib/php5 ] && find /var/lib/php5/ -depth -mindepth 1 -maxdepth 1 -type f -cmin +$(/usr/lib/php5/maxlifetime) ! -execdir fuser -s {} 2>/dev/null \; -delete)
Mar 26 11:11:18 monitor227 avahi-daemon[721]: server.c: Packet too short or invalid while reading response record. (Maybe a UTF-8 problem?)
Mar 26 11:15:01 monitor227 CRON[6812]: (root) CMD (command -v debian-sa1 > /dev/null && debian-sa1 1 1)
Mar 26 11:17:01 monitor227 CRON[6816]: (root) CMD (   cd / && run-parts --report /etc/cron.hourly)
Mar 26 11:25:01 monitor227 CRON[6821]: (root) CMD (command -v debian-sa1 > /dev/null && debian-sa1 1 1)
Mar 26 11:35:01 monitor227 CRON[6834]: (root) CMD (command -v debian-sa1 > /dev/null && debian-sa1 1 1)
Mar 26 11:38:45 monitor227 avahi-daemon[721]: server.c: Packet too short or invalid while reading response record. (Maybe a UTF-8 problem?)
Mar 26 11:39:01 monitor227 CRON[6846]: (root) CMD (  [ -x /usr/lib/php5/maxlifetime ] && [ -d /var/lib/php5 ] && find /var/lib/php5/ -depth -mindepth 1 -maxdepth 1 -type f -cmin +$(/usr/lib/php5/maxlifetime) ! -execdir fuser -s {} 2>/dev/null \; -delete)
Mar 26 11:41:18 monitor227 avahi-daemon[721]: server.c: Packet too short or invalid while reading response record. (Maybe a UTF-8 problem?)
Mar 26 11:45:01 monitor227 CRON[6861]: (root) CMD (command -v debian-sa1 > /dev/null && debian-sa1 1 1)
Mar 26 11:55:01 monitor227 CRON[6867]: (root) CMD (command -v debian-sa1 > /dev/null && debian-sa1 1 1)
Mar 26 12:05:01 monitor227 CRON[6873]: (root) CMD (command -v debian-sa1 > /dev/null && debian-sa1 1 1)
Mar 26 12:08:45 monitor227 avahi-daemon[721]: server.c: Packet too short or invalid while reading response record. (Maybe a UTF-8 problem?)
Mar 26 12:09:01 monitor227 CRON[6877]: (root) CMD (  [ -x /usr/lib/php5/maxlifetime ] && [ -d /var/lib/php5 ] && find /var/lib/php5/ -depth -mindepth 1 -maxdepth 1 -type f -cmin +$(/usr/lib/php5/maxlifetime) ! -execdir fuser -s {} 2>/dev/null \; -delete)
Mar 26 12:11:18 monitor227 avahi-daemon[721]: server.c: Packet too short or invalid while reading response record. (Maybe a UTF-8 problem?)
Mar 26 12:15:01 monitor227 CRON[6886]: (root) CMD (command -v debian-sa1 > /dev/null && debian-sa1 1 1)
Mar 26 12:17:01 monitor227 CRON[6890]: (root) CMD (   cd / && run-parts --report /etc/cron.hourly)
Mar 26 12:25:01 monitor227 CRON[6895]: (root) CMD (command -v debian-sa1 > /dev/null && debian-sa1 1 1)
Mar 26 12:35:01 monitor227 CRON[6900]: (root) CMD (command -v debian-sa1 > /dev/null && debian-sa1 1 1)
Mar 26 12:38:45 monitor227 avahi-daemon[721]: server.c: Packet too short or invalid while reading response record. (Maybe a UTF-8 problem?)
Mar 26 12:39:01 monitor227 CRON[6905]: (root) CMD (  [ -x /usr/lib/php5/maxlifetime ] && [ -d /var/lib/php5 ] && find /var/lib/php5/ -depth -mindepth 1 -maxdepth 1 -type f -cmin +$(/usr/lib/php5/maxlifetime) ! -execdir fuser -s {} 2>/dev/null \; -delete)
Mar 26 12:41:18 monitor227 avahi-daemon[721]: server.c: Packet too short or invalid while reading response record. (Maybe a UTF-8 problem?)
Mar 26 12:45:01 monitor227 CRON[6913]: (root) CMD (command -v debian-sa1 > /dev/null && debian-sa1 1 1)
Mar 26 12:55:01 monitor227 CRON[6919]: (root) CMD (command -v debian-sa1 > /dev/null && debian-sa1 1 1)
Mar 26 13:05:01 monitor227 CRON[6925]: (root) CMD (command -v debian-sa1 > /dev/null && debian-sa1 1 1)
Mar 26 13:08:45 monitor227 avahi-daemon[721]: server.c: Packet too short or invalid while reading response record. (Maybe a UTF-8 problem?)
Mar 26 13:09:01 monitor227 CRON[6929]: (root) CMD (  [ -x /usr/lib/php5/maxlifetime ] && [ -d /var/lib/php5 ] && find /var/lib/php5/ -depth -mindepth 1 -maxdepth 1 -type f -cmin +$(/usr/lib/php5/maxlifetime) ! -execdir fuser -s {} 2>/dev/null \; -delete)
Mar 26 13:11:18 monitor227 avahi-daemon[721]: server.c: Packet too short or invalid while reading response record. (Maybe a UTF-8 problem?)
Mar 26 13:15:01 monitor227 CRON[6937]: (root) CMD (command -v debian-sa1 > /dev/null && debian-sa1 1 1)
Mar 26 13:17:02 monitor227 CRON[6942]: (root) CMD (   cd / && run-parts --report /etc/cron.hourly)
Mar 26 13:25:01 monitor227 CRON[6946]: (root) CMD (command -v debian-sa1 > /dev/null && debian-sa1 1 1)
Mar 26 13:35:01 monitor227 CRON[6952]: (root) CMD (command -v debian-sa1 > /dev/null && debian-sa1 1 1)
Mar 26 13:38:45 monitor227 avahi-daemon[721]: server.c: Packet too short or invalid while reading response record. (Maybe a UTF-8 problem?)
Mar 26 13:39:01 monitor227 CRON[6956]: (root) CMD (  [ -x /usr/lib/php5/maxlifetime ] && [ -d /var/lib/php5 ] && find /var/lib/php5/ -depth -mindepth 1 -maxdepth 1 -type f -cmin +$(/usr/lib/php5/maxlifetime) ! -execdir fuser -s {} 2>/dev/null \; -delete)
Mar 26 13:41:18 monitor227 avahi-daemon[721]: server.c: Packet too short or invalid while reading response record. (Maybe a UTF-8 problem?)
Mar 26 13:45:01 monitor227 CRON[6969]: (root) CMD (command -v debian-sa1 > /dev/null && debian-sa1 1 1)
Mar 26 13:55:01 monitor227 CRON[6974]: (root) CMD (command -v debian-sa1 > /dev/null && debian-sa1 1 1)
Mar 26 14:05:01 monitor227 CRON[6980]: (root) CMD (command -v debian-sa1 > /dev/null && debian-sa1 1 1)
Mar 26 14:08:45 monitor227 avahi-daemon[721]: server.c: Packet too short or invalid while reading response record. (Maybe a UTF-8 problem?)
Mar 26 14:09:01 monitor227 CRON[6985]: (root) CMD (  [ -x /usr/lib/php5/maxlifetime ] && [ -d /var/lib/php5 ] && find /var/lib/php5/ -depth -mindepth 1 -maxdepth 1 -type f -cmin +$(/usr/lib/php5/maxlifetime) ! -execdir fuser -s {} 2>/dev/null \; -delete)
Mar 26 14:11:18 monitor227 avahi-daemon[721]: server.c: Packet too short or invalid while reading response record. (Maybe a UTF-8 problem?)
Mar 26 14:15:01 monitor227 CRON[6993]: (root) CMD (command -v debian-sa1 > /dev/null && debian-sa1 1 1)
Mar 26 14:17:01 monitor227 CRON[6997]: (root) CMD (   cd / && run-parts --report /etc/cron.hourly)
Mar 26 14:25:01 monitor227 CRON[7002]: (root) CMD (command -v debian-sa1 > /dev/null && debian-sa1 1 1)
Mar 26 14:35:01 monitor227 CRON[7008]: (root) CMD (command -v debian-sa1 > /dev/null && debian-sa1 1 1)
Mar 26 14:38:45 monitor227 avahi-daemon[721]: server.c: Packet too short or invalid while reading response record. (Maybe a UTF-8 problem?)
Mar 26 14:39:01 monitor227 CRON[7012]: (root) CMD (  [ -x /usr/lib/php5/maxlifetime ] && [ -d /var/lib/php5 ] && find /var/lib/php5/ -depth -mindepth 1 -maxdepth 1 -type f -cmin +$(/usr/lib/php5/maxlifetime) ! -execdir fuser -s {} 2>/dev/null \; -delete)
Mar 26 14:41:17 monitor227 avahi-daemon[721]: server.c: Packet too short or invalid while reading response record. (Maybe a UTF-8 problem?)
Mar 26 14:45:01 monitor227 CRON[7020]: (root) CMD (command -v debian-sa1 > /dev/null && debian-sa1 1 1)
Mar 26 14:55:01 monitor227 CRON[7026]: (root) CMD (command -v debian-sa1 > /dev/null && debian-sa1 1 1)
Mar 26 15:05:01 monitor227 CRON[7032]: (root) CMD (command -v debian-sa1 > /dev/null && debian-sa1 1 1)
Mar 26 15:08:45 monitor227 avahi-daemon[721]: server.c: Packet too short or invalid while reading response record. (Maybe a UTF-8 problem?)
Mar 26 15:09:01 monitor227 CRON[7036]: (root) CMD (  [ -x /usr/lib/php5/maxlifetime ] && [ -d /var/lib/php5 ] && find /var/lib/php5/ -depth -mindepth 1 -maxdepth 1 -type f -cmin +$(/usr/lib/php5/maxlifetime) ! -execdir fuser -s {} 2>/dev/null \; -delete)
Mar 26 15:11:17 monitor227 avahi-daemon[721]: server.c: Packet too short or invalid while reading response record. (Maybe a UTF-8 problem?)
Mar 26 15:15:01 monitor227 CRON[7045]: (root) CMD (command -v debian-sa1 > /dev/null && debian-sa1 1 1)
Mar 26 15:17:01 monitor227 CRON[7049]: (root) CMD (   cd / && run-parts --report /etc/cron.hourly)
Mar 26 15:25:01 monitor227 CRON[7053]: (root) CMD (command -v debian-sa1 > /dev/null && debian-sa1 1 1)
Mar 26 15:35:01 monitor227 CRON[7059]: (root) CMD (command -v debian-sa1 > /dev/null && debian-sa1 1 1)
Mar 26 15:38:45 monitor227 avahi-daemon[721]: server.c: Packet too short or invalid while reading response record. (Maybe a UTF-8 problem?)
Mar 26 15:39:01 monitor227 CRON[7063]: (root) CMD (  [ -x /usr/lib/php5/maxlifetime ] && [ -d /var/lib/php5 ] && find /var/lib/php5/ -depth -mindepth 1 -maxdepth 1 -type f -cmin +$(/usr/lib/php5/maxlifetime) ! -execdir fuser -s {} 2>/dev/null \; -delete)
Mar 26 15:41:17 monitor227 avahi-daemon[721]: server.c: Packet too short or invalid while reading response record. (Maybe a UTF-8 problem?)
Mar 26 15:45:01 monitor227 CRON[7072]: (root) CMD (command -v debian-sa1 > /dev/null && debian-sa1 1 1)
Mar 26 15:55:01 monitor227 CRON[7078]: (root) CMD (command -v debian-sa1 > /dev/null && debian-sa1 1 1)
Mar 26 16:05:01 monitor227 CRON[7083]: (root) CMD (command -v debian-sa1 > /dev/null && debian-sa1 1 1)
Mar 26 16:08:45 monitor227 avahi-daemon[721]: server.c: Packet too short or invalid while reading response record. (Maybe a UTF-8 problem?)
Mar 26 16:09:02 monitor227 CRON[7088]: (root) CMD (  [ -x /usr/lib/php5/maxlifetime ] && [ -d /var/lib/php5 ] && find /var/lib/php5/ -depth -mindepth 1 -maxdepth 1 -type f -cmin +$(/usr/lib/php5/maxlifetime) ! -execdir fuser -s {} 2>/dev/null \; -delete)
Mar 26 16:11:17 monitor227 avahi-daemon[721]: server.c: Packet too short or invalid while reading response record. (Maybe a UTF-8 problem?)
Mar 26 16:15:01 monitor227 CRON[7096]: (root) CMD (command -v debian-sa1 > /dev/null && debian-sa1 1 1)
Mar 26 16:17:01 monitor227 CRON[7100]: (root) CMD (   cd / && run-parts --report /etc/cron.hourly)
Mar 26 16:25:01 monitor227 CRON[7105]: (root) CMD (command -v debian-sa1 > /dev/null && debian-sa1 1 1)
Mar 26 16:35:01 monitor227 CRON[7111]: (root) CMD (command -v debian-sa1 > /dev/null && debian-sa1 1 1)
Mar 26 16:38:44 monitor227 avahi-daemon[721]: server.c: Packet too short or invalid while reading response record. (Maybe a UTF-8 problem?)
Mar 26 16:39:01 monitor227 CRON[7115]: (root) CMD (  [ -x /usr/lib/php5/maxlifetime ] && [ -d /var/lib/php5 ] && find /var/lib/php5/ -depth -mindepth 1 -maxdepth 1 -type f -cmin +$(/usr/lib/php5/maxlifetime) ! -execdir fuser -s {} 2>/dev/null \; -delete)
Mar 26 16:41:17 monitor227 avahi-daemon[721]: server.c: Packet too short or invalid while reading response record. (Maybe a UTF-8 problem?)
Mar 26 16:45:01 monitor227 CRON[7124]: (root) CMD (command -v debian-sa1 > /dev/null && debian-sa1 1 1)
Mar 26 16:55:01 monitor227 CRON[7129]: (root) CMD (command -v debian-sa1 > /dev/null && debian-sa1 1 1)
Mar 26 17:05:01 monitor227 CRON[7135]: (root) CMD (command -v debian-sa1 > /dev/null && debian-sa1 1 1)
Mar 26 17:08:44 monitor227 avahi-daemon[721]: server.c: Packet too short or invalid while reading response record. (Maybe a UTF-8 problem?)
Mar 26 17:09:01 monitor227 CRON[7139]: (root) CMD (  [ -x /usr/lib/php5/maxlifetime ] && [ -d /var/lib/php5 ] && find /var/lib/php5/ -depth -mindepth 1 -maxdepth 1 -type f -cmin +$(/usr/lib/php5/maxlifetime) ! -execdir fuser -s {} 2>/dev/null \; -delete)
Mar 26 17:11:17 monitor227 avahi-daemon[721]: server.c: Packet too short or invalid while reading response record. (Maybe a UTF-8 problem?)
Mar 26 17:15:01 monitor227 CRON[7148]: (root) CMD (command -v debian-sa1 > /dev/null && debian-sa1 1 1)
Mar 26 17:17:01 monitor227 CRON[7152]: (root) CMD (   cd / && run-parts --report /etc/cron.hourly)
Mar 26 17:25:01 monitor227 CRON[7157]: (root) CMD (command -v debian-sa1 > /dev/null && debian-sa1 1 1)
Mar 26 17:35:01 monitor227 CRON[7162]: (root) CMD (command -v debian-sa1 > /dev/null && debian-sa1 1 1)
Mar 26 17:38:44 monitor227 avahi-daemon[721]: server.c: Packet too short or invalid while reading response record. (Maybe a UTF-8 problem?)
Mar 26 17:39:01 monitor227 CRON[7167]: (root) CMD (  [ -x /usr/lib/php5/maxlifetime ] && [ -d /var/lib/php5 ] && find /var/lib/php5/ -depth -mindepth 1 -maxdepth 1 -type f -cmin +$(/usr/lib/php5/maxlifetime) ! -execdir fuser -s {} 2>/dev/null \; -delete)
Mar 26 17:41:17 monitor227 avahi-daemon[721]: server.c: Packet too short or invalid while reading response record. (Maybe a UTF-8 problem?)
Mar 26 17:45:01 monitor227 CRON[7175]: (root) CMD (command -v debian-sa1 > /dev/null && debian-sa1 1 1)
Mar 26 17:55:01 monitor227 CRON[7181]: (root) CMD (command -v debian-sa1 > /dev/null && debian-sa1 1 1)
Mar 26 18:05:01 monitor227 CRON[7187]: (root) CMD (command -v debian-sa1 > /dev/null && debian-sa1 1 1)
Mar 26 18:08:44 monitor227 avahi-daemon[721]: server.c: Packet too short or invalid while reading response record. (Maybe a UTF-8 problem?)
Mar 26 18:09:01 monitor227 CRON[7191]: (root) CMD (  [ -x /usr/lib/php5/maxlifetime ] && [ -d /var/lib/php5 ] && find /var/lib/php5/ -depth -mindepth 1 -maxdepth 1 -type f -cmin +$(/usr/lib/php5/maxlifetime) ! -execdir fuser -s {} 2>/dev/null \; -delete)
Mar 26 18:11:17 monitor227 avahi-daemon[721]: server.c: Packet too short or invalid while reading response record. (Maybe a UTF-8 problem?)
Mar 26 18:15:01 monitor227 CRON[7199]: (root) CMD (command -v debian-sa1 > /dev/null && debian-sa1 1 1)
Mar 26 18:17:01 monitor227 CRON[7204]: (root) CMD (   cd / && run-parts --report /etc/cron.hourly)
Mar 26 18:25:01 monitor227 CRON[7208]: (root) CMD (command -v debian-sa1 > /dev/null && debian-sa1 1 1)
Mar 26 18:35:01 monitor227 CRON[7214]: (root) CMD (command -v debian-sa1 > /dev/null && debian-sa1 1 1)
Mar 26 18:38:44 monitor227 avahi-daemon[721]: server.c: Packet too short or invalid while reading response record. (Maybe a UTF-8 problem?)
Mar 26 18:39:01 monitor227 CRON[7218]: (root) CMD (  [ -x /usr/lib/php5/maxlifetime ] && [ -d /var/lib/php5 ] && find /var/lib/php5/ -depth -mindepth 1 -maxdepth 1 -type f -cmin +$(/usr/lib/php5/maxlifetime) ! -execdir fuser -s {} 2>/dev/null \; -delete)
Mar 26 18:41:17 monitor227 avahi-daemon[721]: server.c: Packet too short or invalid while reading response record. (Maybe a UTF-8 problem?)
Mar 26 18:45:01 monitor227 CRON[7227]: (root) CMD (command -v debian-sa1 > /dev/null && debian-sa1 1 1)
Mar 26 18:55:01 monitor227 CRON[7233]: (root) CMD (command -v debian-sa1 > /dev/null && debian-sa1 1 1)
Mar 26 19:05:01 monitor227 CRON[7238]: (root) CMD (command -v debian-sa1 > /dev/null && debian-sa1 1 1)
Mar 26 19:08:44 monitor227 avahi-daemon[721]: server.c: Packet too short or invalid while reading response record. (Maybe a UTF-8 problem?)
Mar 26 19:09:01 monitor227 CRON[7243]: (root) CMD (  [ -x /usr/lib/php5/maxlifetime ] && [ -d /var/lib/php5 ] && find /var/lib/php5/ -depth -mindepth 1 -maxdepth 1 -type f -cmin +$(/usr/lib/php5/maxlifetime) ! -execdir fuser -s {} 2>/dev/null \; -delete)
Mar 26 19:11:17 monitor227 avahi-daemon[721]: server.c: Packet too short or invalid while reading response record. (Maybe a UTF-8 problem?)
Mar 26 19:15:01 monitor227 CRON[7251]: (root) CMD (command -v debian-sa1 > /dev/null && debian-sa1 1 1)
Mar 26 19:17:01 monitor227 CRON[7255]: (root) CMD (   cd / && run-parts --report /etc/cron.hourly)
Mar 26 19:25:01 monitor227 CRON[7260]: (root) CMD (command -v debian-sa1 > /dev/null && debian-sa1 1 1)
Mar 26 19:35:01 monitor227 CRON[7266]: (root) CMD (command -v debian-sa1 > /dev/null && debian-sa1 1 1)
Mar 26 19:38:44 monitor227 avahi-daemon[721]: server.c: Packet too short or invalid while reading response record. (Maybe a UTF-8 problem?)
Mar 26 19:39:01 monitor227 CRON[7270]: (root) CMD (  [ -x /usr/lib/php5/maxlifetime ] && [ -d /var/lib/php5 ] && find /var/lib/php5/ -depth -mindepth 1 -maxdepth 1 -type f -cmin +$(/usr/lib/php5/maxlifetime) ! -execdir fuser -s {} 2>/dev/null \; -delete)
Mar 26 19:41:17 monitor227 avahi-daemon[721]: server.c: Packet too short or invalid while reading response record. (Maybe a UTF-8 problem?)
Mar 26 19:45:01 monitor227 CRON[7278]: (root) CMD (command -v debian-sa1 > /dev/null && debian-sa1 1 1)
Mar 26 19:55:01 monitor227 CRON[7284]: (root) CMD (command -v debian-sa1 > /dev/null && debian-sa1 1 1)
Mar 26 20:05:01 monitor227 CRON[7290]: (root) CMD (command -v debian-sa1 > /dev/null && debian-sa1 1 1)
Mar 26 20:08:44 monitor227 avahi-daemon[721]: server.c: Packet too short or invalid while reading response record. (Maybe a UTF-8 problem?)
Mar 26 20:09:01 monitor227 CRON[7294]: (root) CMD (  [ -x /usr/lib/php5/maxlifetime ] && [ -d /var/lib/php5 ] && find /var/lib/php5/ -depth -mindepth 1 -maxdepth 1 -type f -cmin +$(/usr/lib/php5/maxlifetime) ! -execdir fuser -s {} 2>/dev/null \; -delete)
Mar 26 20:11:17 monitor227 avahi-daemon[721]: server.c: Packet too short or invalid while reading response record. (Maybe a UTF-8 problem?)
Mar 26 20:15:01 monitor227 CRON[7303]: (root) CMD (command -v debian-sa1 > /dev/null && debian-sa1 1 1)
Mar 26 20:17:01 monitor227 CRON[7307]: (root) CMD (   cd / && run-parts --report /etc/cron.hourly)
Mar 26 20:25:01 monitor227 CRON[7311]: (root) CMD (command -v debian-sa1 > /dev/null && debian-sa1 1 1)
Mar 26 20:35:01 monitor227 CRON[7317]: (root) CMD (command -v debian-sa1 > /dev/null && debian-sa1 1 1)
Mar 26 20:38:44 monitor227 avahi-daemon[721]: server.c: Packet too short or invalid while reading response record. (Maybe a UTF-8 problem?)
Mar 26 20:39:02 monitor227 CRON[7322]: (root) CMD (  [ -x /usr/lib/php5/maxlifetime ] && [ -d /var/lib/php5 ] && find /var/lib/php5/ -depth -mindepth 1 -maxdepth 1 -type f -cmin +$(/usr/lib/php5/maxlifetime) ! -execdir fuser -s {} 2>/dev/null \; -delete)
Mar 26 20:41:17 monitor227 avahi-daemon[721]: server.c: Packet too short or invalid while reading response record. (Maybe a UTF-8 problem?)
Mar 26 20:45:01 monitor227 CRON[7330]: (root) CMD (command -v debian-sa1 > /dev/null && debian-sa1 1 1)
Mar 26 20:55:01 monitor227 CRON[7336]: (root) CMD (command -v debian-sa1 > /dev/null && debian-sa1 1 1)
Mar 26 21:05:01 monitor227 CRON[7342]: (root) CMD (command -v debian-sa1 > /dev/null && debian-sa1 1 1)
Mar 26 21:08:44 monitor227 avahi-daemon[721]: server.c: Packet too short or invalid while reading response record. (Maybe a UTF-8 problem?)
Mar 26 21:09:01 monitor227 CRON[7346]: (root) CMD (  [ -x /usr/lib/php5/maxlifetime ] && [ -d /var/lib/php5 ] && find /var/lib/php5/ -depth -mindepth 1 -maxdepth 1 -type f -cmin +$(/usr/lib/php5/maxlifetime) ! -execdir fuser -s {} 2>/dev/null \; -delete)
Mar 26 21:11:16 monitor227 avahi-daemon[721]: server.c: Packet too short or invalid while reading response record. (Maybe a UTF-8 problem?)
Mar 26 21:15:01 monitor227 CRON[7354]: (root) CMD (command -v debian-sa1 > /dev/null && debian-sa1 1 1)
Mar 26 21:17:01 monitor227 CRON[7357]: (root) CMD (   cd / && run-parts --report /etc/cron.hourly)
Mar 26 21:25:01 monitor227 CRON[7363]: (root) CMD (command -v debian-sa1 > /dev/null && debian-sa1 1 1)
Mar 26 21:35:01 monitor227 CRON[7369]: (root) CMD (command -v debian-sa1 > /dev/null && debian-sa1 1 1)
Mar 26 21:38:44 monitor227 avahi-daemon[721]: server.c: Packet too short or invalid while reading response record. (Maybe a UTF-8 problem?)
Mar 26 21:39:01 monitor227 CRON[7373]: (root) CMD (  [ -x /usr/lib/php5/maxlifetime ] && [ -d /var/lib/php5 ] && find /var/lib/php5/ -depth -mindepth 1 -maxdepth 1 -type f -cmin +$(/usr/lib/php5/maxlifetime) ! -execdir fuser -s {} 2>/dev/null \; -delete)
Mar 26 21:41:16 monitor227 avahi-daemon[721]: server.c: Packet too short or invalid while reading response record. (Maybe a UTF-8 problem?)
Mar 26 21:45:01 monitor227 CRON[7382]: (root) CMD (command -v debian-sa1 > /dev/null && debian-sa1 1 1)
Mar 26 21:55:01 monitor227 CRON[7387]: (root) CMD (command -v debian-sa1 > /dev/null && debian-sa1 1 1)
Mar 26 22:05:01 monitor227 CRON[7393]: (root) CMD (command -v debian-sa1 > /dev/null && debian-sa1 1 1)
Mar 26 22:08:44 monitor227 avahi-daemon[721]: server.c: Packet too short or invalid while reading response record. (Maybe a UTF-8 problem?)
Mar 26 22:09:01 monitor227 CRON[7397]: (root) CMD (  [ -x /usr/lib/php5/maxlifetime ] && [ -d /var/lib/php5 ] && find /var/lib/php5/ -depth -mindepth 1 -maxdepth 1 -type f -cmin +$(/usr/lib/php5/maxlifetime) ! -execdir fuser -s {} 2>/dev/null \; -delete)
Mar 26 22:11:16 monitor227 avahi-daemon[721]: server.c: Packet too short or invalid while reading response record. (Maybe a UTF-8 problem?)
Mar 26 22:15:01 monitor227 CRON[7406]: (root) CMD (command -v debian-sa1 > /dev/null && debian-sa1 1 1)
Mar 26 22:17:01 monitor227 CRON[7409]: (root) CMD (   cd / && run-parts --report /etc/cron.hourly)
Mar 26 22:25:01 monitor227 CRON[7415]: (root) CMD (command -v debian-sa1 > /dev/null && debian-sa1 1 1)
Mar 26 22:35:01 monitor227 CRON[7420]: (root) CMD (command -v debian-sa1 > /dev/null && debian-sa1 1 1)
Mar 26 22:38:44 monitor227 avahi-daemon[721]: server.c: Packet too short or invalid while reading response record. (Maybe a UTF-8 problem?)
Mar 26 22:39:01 monitor227 CRON[7425]: (root) CMD (  [ -x /usr/lib/php5/maxlifetime ] && [ -d /var/lib/php5 ] && find /var/lib/php5/ -depth -mindepth 1 -maxdepth 1 -type f -cmin +$(/usr/lib/php5/maxlifetime) ! -execdir fuser -s {} 2>/dev/null \; -delete)
Mar 26 22:41:16 monitor227 avahi-daemon[721]: server.c: Packet too short or invalid while reading response record. (Maybe a UTF-8 problem?)
Mar 26 22:45:01 monitor227 CRON[7433]: (root) CMD (command -v debian-sa1 > /dev/null && debian-sa1 1 1)
Mar 26 22:55:01 monitor227 CRON[7439]: (root) CMD (command -v debian-sa1 > /dev/null && debian-sa1 1 1)
Mar 26 23:05:01 monitor227 CRON[7445]: (root) CMD (command -v debian-sa1 > /dev/null && debian-sa1 1 1)
Mar 26 23:08:44 monitor227 avahi-daemon[721]: server.c: Packet too short or invalid while reading response record. (Maybe a UTF-8 problem?)
Mar 26 23:09:01 monitor227 CRON[7449]: (root) CMD (  [ -x /usr/lib/php5/maxlifetime ] && [ -d /var/lib/php5 ] && find /var/lib/php5/ -depth -mindepth 1 -maxdepth 1 -type f -cmin +$(/usr/lib/php5/maxlifetime) ! -execdir fuser -s {} 2>/dev/null \; -delete)
Mar 26 23:11:16 monitor227 avahi-daemon[721]: server.c: Packet too short or invalid while reading response record. (Maybe a UTF-8 problem?)
Mar 26 23:15:01 monitor227 CRON[7458]: (root) CMD (command -v debian-sa1 > /dev/null && debian-sa1 1 1)
Mar 26 23:17:01 monitor227 CRON[7461]: (root) CMD (   cd / && run-parts --report /etc/cron.hourly)
Mar 26 23:25:01 monitor227 CRON[7466]: (root) CMD (command -v debian-sa1 > /dev/null && debian-sa1 1 1)
Mar 26 23:35:01 monitor227 CRON[7472]: (root) CMD (command -v debian-sa1 > /dev/null && debian-sa1 1 1)
Mar 26 23:38:44 monitor227 avahi-daemon[721]: server.c: Packet too short or invalid while reading response record. (Maybe a UTF-8 problem?)
Mar 26 23:39:01 monitor227 CRON[7476]: (root) CMD (  [ -x /usr/lib/php5/maxlifetime ] && [ -d /var/lib/php5 ] && find /var/lib/php5/ -depth -mindepth 1 -maxdepth 1 -type f -cmin +$(/usr/lib/php5/maxlifetime) ! -execdir fuser -s {} 2>/dev/null \; -delete)
Mar 26 23:41:16 monitor227 avahi-daemon[721]: server.c: Packet too short or invalid while reading response record. (Maybe a UTF-8 problem?)
Mar 26 23:45:01 monitor227 CRON[7485]: (root) CMD (command -v debian-sa1 > /dev/null && debian-sa1 1 1)
Mar 26 23:55:01 monitor227 CRON[7491]: (root) CMD (command -v debian-sa1 > /dev/null && debian-sa1 1 1)
Mar 26 23:59:01 monitor227 CRON[7495]: (root) CMD (command -v debian-sa1 > /dev/null && debian-sa1 60 2)
Mar 27 00:05:01 monitor227 CRON[7499]: (root) CMD (command -v debian-sa1 > /dev/null && debian-sa1 1 1)
Mar 27 00:08:44 monitor227 avahi-daemon[721]: server.c: Packet too short or invalid while reading response record. (Maybe a UTF-8 problem?)
Mar 27 00:09:01 monitor227 CRON[7504]: (root) CMD (  [ -x /usr/lib/php5/maxlifetime ] && [ -d /var/lib/php5 ] && find /var/lib/php5/ -depth -mindepth 1 -maxdepth 1 -type f -cmin +$(/usr/lib/php5/maxlifetime) ! -execdir fuser -s {} 2>/dev/null \; -delete)
Mar 27 00:11:16 monitor227 avahi-daemon[721]: server.c: Packet too short or invalid while reading response record. (Maybe a UTF-8 problem?)
Mar 27 00:15:01 monitor227 CRON[7512]: (root) CMD (command -v debian-sa1 > /dev/null && debian-sa1 1 1)
Mar 27 00:17:01 monitor227 CRON[7515]: (root) CMD (   cd / && run-parts --report /etc/cron.hourly)
Mar 27 00:25:01 monitor227 CRON[7521]: (root) CMD (command -v debian-sa1 > /dev/null && debian-sa1 1 1)
Mar 27 00:35:01 monitor227 CRON[7527]: (root) CMD (command -v debian-sa1 > /dev/null && debian-sa1 1 1)
Mar 27 00:38:44 monitor227 avahi-daemon[721]: server.c: Packet too short or invalid while reading response record. (Maybe a UTF-8 problem?)
Mar 27 00:39:01 monitor227 CRON[7531]: (root) CMD (  [ -x /usr/lib/php5/maxlifetime ] && [ -d /var/lib/php5 ] && find /var/lib/php5/ -depth -mindepth 1 -maxdepth 1 -type f -cmin +$(/usr/lib/php5/maxlifetime) ! -execdir fuser -s {} 2>/dev/null \; -delete)
Mar 27 00:41:16 monitor227 avahi-daemon[721]: server.c: Packet too short or invalid while reading response record. (Maybe a UTF-8 problem?)
Mar 27 00:45:01 monitor227 CRON[7539]: (root) CMD (command -v debian-sa1 > /dev/null && debian-sa1 1 1)
Mar 27 00:55:01 monitor227 CRON[7545]: (root) CMD (command -v debian-sa1 > /dev/null && debian-sa1 1 1)
Mar 27 01:05:01 monitor227 CRON[7551]: (root) CMD (command -v debian-sa1 > /dev/null && debian-sa1 1 1)
Mar 27 01:08:44 monitor227 avahi-daemon[721]: server.c: Packet too short or invalid while reading response record. (Maybe a UTF-8 problem?)
Mar 27 01:09:01 monitor227 CRON[7555]: (root) CMD (  [ -x /usr/lib/php5/maxlifetime ] && [ -d /var/lib/php5 ] && find /var/lib/php5/ -depth -mindepth 1 -maxdepth 1 -type f -cmin +$(/usr/lib/php5/maxlifetime) ! -execdir fuser -s {} 2>/dev/null \; -delete)
Mar 27 01:11:16 monitor227 avahi-daemon[721]: server.c: Packet too short or invalid while reading response record. (Maybe a UTF-8 problem?)
Mar 27 01:15:01 monitor227 CRON[7564]: (root) CMD (command -v debian-sa1 > /dev/null && debian-sa1 1 1)
Mar 27 01:17:02 monitor227 CRON[7567]: (root) CMD (   cd / && run-parts --report /etc/cron.hourly)
Mar 27 01:25:01 monitor227 CRON[7573]: (root) CMD (command -v debian-sa1 > /dev/null && debian-sa1 1 1)
Mar 27 01:35:01 monitor227 CRON[7578]: (root) CMD (command -v debian-sa1 > /dev/null && debian-sa1 1 1)
Mar 27 01:38:43 monitor227 avahi-daemon[721]: server.c: Packet too short or invalid while reading response record. (Maybe a UTF-8 problem?)
Mar 27 01:39:01 monitor227 CRON[7583]: (root) CMD (  [ -x /usr/lib/php5/maxlifetime ] && [ -d /var/lib/php5 ] && find /var/lib/php5/ -depth -mindepth 1 -maxdepth 1 -type f -cmin +$(/usr/lib/php5/maxlifetime) ! -execdir fuser -s {} 2>/dev/null \; -delete)
Mar 27 01:41:16 monitor227 avahi-daemon[721]: server.c: Packet too short or invalid while reading response record. (Maybe a UTF-8 problem?)
Mar 27 01:45:01 monitor227 CRON[7591]: (root) CMD (command -v debian-sa1 > /dev/null && debian-sa1 1 1)
Mar 27 01:55:01 monitor227 CRON[7597]: (root) CMD (command -v debian-sa1 > /dev/null && debian-sa1 1 1)
Mar 27 02:05:01 monitor227 CRON[7603]: (root) CMD (command -v debian-sa1 > /dev/null && debian-sa1 1 1)
Mar 27 02:08:43 monitor227 avahi-daemon[721]: server.c: Packet too short or invalid while reading response record. (Maybe a UTF-8 problem?)
Mar 27 02:09:01 monitor227 CRON[7607]: (root) CMD (  [ -x /usr/lib/php5/maxlifetime ] && [ -d /var/lib/php5 ] && find /var/lib/php5/ -depth -mindepth 1 -maxdepth 1 -type f -cmin +$(/usr/lib/php5/maxlifetime) ! -execdir fuser -s {} 2>/dev/null \; -delete)
Mar 27 02:11:16 monitor227 avahi-daemon[721]: server.c: Packet too short or invalid while reading response record. (Maybe a UTF-8 problem?)
Mar 27 02:15:01 monitor227 CRON[7615]: (root) CMD (command -v debian-sa1 > /dev/null && debian-sa1 1 1)
Mar 27 02:17:01 monitor227 CRON[7619]: (root) CMD (   cd / && run-parts --report /etc/cron.hourly)
Mar 27 02:25:01 monitor227 CRON[7624]: (root) CMD (command -v debian-sa1 > /dev/null && debian-sa1 1 1)
Mar 27 02:35:01 monitor227 CRON[7630]: (root) CMD (command -v debian-sa1 > /dev/null && debian-sa1 1 1)
Mar 27 02:38:43 monitor227 avahi-daemon[721]: server.c: Packet too short or invalid while reading response record. (Maybe a UTF-8 problem?)
Mar 27 02:39:01 monitor227 CRON[7634]: (root) CMD (  [ -x /usr/lib/php5/maxlifetime ] && [ -d /var/lib/php5 ] && find /var/lib/php5/ -depth -mindepth 1 -maxdepth 1 -type f -cmin +$(/usr/lib/php5/maxlifetime) ! -execdir fuser -s {} 2>/dev/null \; -delete)
Mar 27 02:41:16 monitor227 avahi-daemon[721]: server.c: Packet too short or invalid while reading response record. (Maybe a UTF-8 problem?)
Mar 27 02:45:01 monitor227 CRON[7643]: (root) CMD (command -v debian-sa1 > /dev/null && debian-sa1 1 1)
Mar 27 02:55:01 monitor227 CRON[7648]: (root) CMD (command -v debian-sa1 > /dev/null && debian-sa1 1 1)
Mar 27 03:05:01 monitor227 CRON[7656]: (root) CMD (command -v debian-sa1 > /dev/null && debian-sa1 1 1)
Mar 27 03:08:43 monitor227 avahi-daemon[721]: server.c: Packet too short or invalid while reading response record. (Maybe a UTF-8 problem?)
Mar 27 03:09:01 monitor227 CRON[7661]: (root) CMD (  [ -x /usr/lib/php5/maxlifetime ] && [ -d /var/lib/php5 ] && find /var/lib/php5/ -depth -mindepth 1 -maxdepth 1 -type f -cmin +$(/usr/lib/php5/maxlifetime) ! -execdir fuser -s {} 2>/dev/null \; -delete)
Mar 27 03:11:16 monitor227 avahi-daemon[721]: server.c: Packet too short or invalid while reading response record. (Maybe a UTF-8 problem?)
Mar 27 03:15:01 monitor227 CRON[7730]: (root) CMD (command -v debian-sa1 > /dev/null && debian-sa1 1 1)
Mar 27 03:17:01 monitor227 CRON[7760]: (root) CMD (   cd / && run-parts --report /etc/cron.hourly)
Mar 27 03:25:01 monitor227 CRON[7855]: (root) CMD (command -v debian-sa1 > /dev/null && debian-sa1 1 1)
Mar 27 03:35:01 monitor227 CRON[7930]: (root) CMD (command -v debian-sa1 > /dev/null && debian-sa1 1 1)
Mar 27 03:38:43 monitor227 avahi-daemon[721]: server.c: Packet too short or invalid while reading response record. (Maybe a UTF-8 problem?)
Mar 27 03:39:01 monitor227 CRON[7948]: (root) CMD (  [ -x /usr/lib/php5/maxlifetime ] && [ -d /var/lib/php5 ] && find /var/lib/php5/ -depth -mindepth 1 -maxdepth 1 -type f -cmin +$(/usr/lib/php5/maxlifetime) ! -execdir fuser -s {} 2>/dev/null \; -delete)
Mar 27 03:41:16 monitor227 avahi-daemon[721]: server.c: Packet too short or invalid while reading response record. (Maybe a UTF-8 problem?)
Mar 27 03:45:01 monitor227 CRON[7964]: (root) CMD (command -v debian-sa1 > /dev/null && debian-sa1 1 1)
Mar 27 03:55:01 monitor227 CRON[7972]: (root) CMD (command -v debian-sa1 > /dev/null && debian-sa1 1 1)
Mar 27 04:05:01 monitor227 CRON[7984]: (root) CMD (command -v debian-sa1 > /dev/null && debian-sa1 1 1)
Mar 27 04:08:43 monitor227 avahi-daemon[721]: server.c: Packet too short or invalid while reading response record. (Maybe a UTF-8 problem?)
Mar 27 04:09:01 monitor227 CRON[7988]: (root) CMD (  [ -x /usr/lib/php5/maxlifetime ] && [ -d /var/lib/php5 ] && find /var/lib/php5/ -depth -mindepth 1 -maxdepth 1 -type f -cmin +$(/usr/lib/php5/maxlifetime) ! -execdir fuser -s {} 2>/dev/null \; -delete)
Mar 27 04:11:15 monitor227 avahi-daemon[721]: server.c: Packet too short or invalid while reading response record. (Maybe a UTF-8 problem?)
Mar 27 04:15:01 monitor227 CRON[8002]: (root) CMD (command -v debian-sa1 > /dev/null && debian-sa1 1 1)
Mar 27 04:17:01 monitor227 CRON[8005]: (root) CMD (   cd / && run-parts --report /etc/cron.hourly)
Mar 27 04:25:01 monitor227 CRON[8010]: (root) CMD (command -v debian-sa1 > /dev/null && debian-sa1 1 1)
Mar 27 04:35:01 monitor227 CRON[8033]: (root) CMD (command -v debian-sa1 > /dev/null && debian-sa1 1 1)
Mar 27 04:38:43 monitor227 avahi-daemon[721]: server.c: Packet too short or invalid while reading response record. (Maybe a UTF-8 problem?)
Mar 27 04:39:01 monitor227 CRON[8037]: (root) CMD (  [ -x /usr/lib/php5/maxlifetime ] && [ -d /var/lib/php5 ] && find /var/lib/php5/ -depth -mindepth 1 -maxdepth 1 -type f -cmin +$(/usr/lib/php5/maxlifetime) ! -execdir fuser -s {} 2>/dev/null \; -delete)
Mar 27 04:41:15 monitor227 avahi-daemon[721]: server.c: Packet too short or invalid while reading response record. (Maybe a UTF-8 problem?)
Mar 27 04:45:01 monitor227 CRON[8046]: (root) CMD (command -v debian-sa1 > /dev/null && debian-sa1 1 1)
Mar 27 04:55:01 monitor227 CRON[8053]: (root) CMD (command -v debian-sa1 > /dev/null && debian-sa1 1 1)
Mar 27 05:05:01 monitor227 CRON[8058]: (root) CMD (command -v debian-sa1 > /dev/null && debian-sa1 1 1)
Mar 27 05:08:43 monitor227 avahi-daemon[721]: server.c: Packet too short or invalid while reading response record. (Maybe a UTF-8 problem?)
Mar 27 05:09:01 monitor227 CRON[8065]: (root) CMD (  [ -x /usr/lib/php5/maxlifetime ] && [ -d /var/lib/php5 ] && find /var/lib/php5/ -depth -mindepth 1 -maxdepth 1 -type f -cmin +$(/usr/lib/php5/maxlifetime) ! -execdir fuser -s {} 2>/dev/null \; -delete)
Mar 27 05:11:15 monitor227 avahi-daemon[721]: server.c: Packet too short or invalid while reading response record. (Maybe a UTF-8 problem?)
Mar 27 05:15:01 monitor227 CRON[8136]: (root) CMD (command -v debian-sa1 > /dev/null && debian-sa1 1 1)
Mar 27 05:17:01 monitor227 CRON[8161]: (root) CMD (   cd / && run-parts --report /etc/cron.hourly)
Mar 27 05:25:01 monitor227 CRON[8180]: (root) CMD (command -v debian-sa1 > /dev/null && debian-sa1 1 1)
Mar 27 05:35:01 monitor227 CRON[8187]: (root) CMD (command -v debian-sa1 > /dev/null && debian-sa1 1 1)
Mar 27 05:38:43 monitor227 avahi-daemon[721]: server.c: Packet too short or invalid while reading response record. (Maybe a UTF-8 problem?)
Mar 27 05:39:01 monitor227 CRON[8193]: (root) CMD (  [ -x /usr/lib/php5/maxlifetime ] && [ -d /var/lib/php5 ] && find /var/lib/php5/ -depth -mindepth 1 -maxdepth 1 -type f -cmin +$(/usr/lib/php5/maxlifetime) ! -execdir fuser -s {} 2>/dev/null \; -delete)
Mar 27 05:41:15 monitor227 avahi-daemon[721]: server.c: Packet too short or invalid while reading response record. (Maybe a UTF-8 problem?)
Mar 27 05:45:01 monitor227 CRON[8202]: (root) CMD (command -v debian-sa1 > /dev/null && debian-sa1 1 1)
Mar 27 05:55:01 monitor227 CRON[8207]: (root) CMD (command -v debian-sa1 > /dev/null && debian-sa1 1 1)
Mar 27 06:05:01 monitor227 CRON[8235]: (root) CMD (command -v debian-sa1 > /dev/null && debian-sa1 1 1)
Mar 27 06:08:43 monitor227 avahi-daemon[721]: server.c: Packet too short or invalid while reading response record. (Maybe a UTF-8 problem?)
Mar 27 06:09:01 monitor227 CRON[8238]: (root) CMD (  [ -x /usr/lib/php5/maxlifetime ] && [ -d /var/lib/php5 ] && find /var/lib/php5/ -depth -mindepth 1 -maxdepth 1 -type f -cmin +$(/usr/lib/php5/maxlifetime) ! -execdir fuser -s {} 2>/dev/null \; -delete)
Mar 27 06:11:15 monitor227 avahi-daemon[721]: server.c: Packet too short or invalid while reading response record. (Maybe a UTF-8 problem?)
Mar 27 06:15:01 monitor227 CRON[8351]: (root) CMD (command -v debian-sa1 > /dev/null && debian-sa1 1 1)
Mar 27 06:17:01 monitor227 CRON[8354]: (root) CMD (   cd / && run-parts --report /etc/cron.hourly)
Mar 27 06:25:01 monitor227 CRON[8361]: (root) CMD (test -x /usr/sbin/anacron || ( cd / && run-parts --report /etc/cron.daily ))
Mar 27 06:25:01 monitor227 CRON[8363]: (root) CMD (command -v debian-sa1 > /dev/null && debian-sa1 1 1)
Mar 27 06:35:01 monitor227 CRON[8537]: (root) CMD (command -v debian-sa1 > /dev/null && debian-sa1 1 1)
Mar 27 06:38:43 monitor227 avahi-daemon[721]: server.c: Packet too short or invalid while reading response record. (Maybe a UTF-8 problem?)
Mar 27 06:39:01 monitor227 CRON[8541]: (root) CMD (  [ -x /usr/lib/php5/maxlifetime ] && [ -d /var/lib/php5 ] && find /var/lib/php5/ -depth -mindepth 1 -maxdepth 1 -type f -cmin +$(/usr/lib/php5/maxlifetime) ! -execdir fuser -s {} 2>/dev/null \; -delete)
Mar 27 06:41:15 monitor227 avahi-daemon[721]: server.c: Packet too short or invalid while reading response record. (Maybe a UTF-8 problem?)
