2014-01-26 10:21:11,582 INFO  ContainerBackgroundProcessor[StandardEngine[Catalina]]       Core - Initialize external resource from I:/java/personbank/szmm/WebContent//WEB-INF/commons/resource.xml ...
2014-01-26 10:21:11,627 INFO  ContainerBackgroundProcessor[StandardEngine[Catalina]]       Core - Initialize external resource from I:/java/personbank/szmm/WebContent//WEB-INF/commons/resource.xml OK!
2014-01-26 10:21:11,627 INFO  ContainerBackgroundProcessor[StandardEngine[Catalina]]       Core - Initialize Function define from I:/java/personbank/szmm/WebContent//WEB-INF/commons/function.xml ...
2014-01-26 10:21:11,643 INFO  ContainerBackgroundProcessor[StandardEngine[Catalina]]       Core - Initialize Function define from I:/java/personbank/szmm/WebContent//WEB-INF/commons/function.xml OK!
2014-01-26 10:21:11,657 INFO  ContainerBackgroundProcessor[StandardEngine[Catalina]]       Core - The current GENE Version is null!
2014-01-26 10:21:11,657 INFO  ContainerBackgroundProcessor[StandardEngine[Catalina]]        MVC - Server Info: Apache Tomcat/6.0.37
2014-01-26 10:21:11,657 INFO  ContainerBackgroundProcessor[StandardEngine[Catalina]]        MVC - Start up servlet perbankServlet from rootPath: I:/java/personbank/szmm/WebContent/
2014-01-26 10:21:11,671 INFO  ContainerBackgroundProcessor[StandardEngine[Catalina]]        MVC - Initialize GENE Flow Context from WEB-INF/bizs/perbank/settings.xml
2014-01-26 10:21:11,806 INFO  ContainerBackgroundProcessor[StandardEngine[Catalina]] empSchedule - Start up the GENE QuartzSchedule Manager: autoTransCheckTask
2014-01-26 10:21:11,858 INFO  ContainerBackgroundProcessor[StandardEngine[Catalina]] org.quartz.simpl.SimpleThreadPool - Job execution threads will use class loader of thread: ContainerBackgroundProcessor[StandardEngine[Catalina]]
2014-01-26 10:21:11,881 INFO  ContainerBackgroundProcessor[StandardEngine[Catalina]] org.quartz.core.QuartzScheduler - Quartz Scheduler v.1.5.1 created.
2014-01-26 10:21:11,883 INFO  ContainerBackgroundProcessor[StandardEngine[Catalina]] org.quartz.simpl.RAMJobStore - RAMJobStore initialized.
2014-01-26 10:21:11,883 INFO  ContainerBackgroundProcessor[StandardEngine[Catalina]] org.quartz.impl.StdSchedulerFactory - Quartz scheduler 'DefaultQuartzScheduler' initialized from default resource file in Quartz package: 'quartz.properties'
2014-01-26 10:21:11,883 INFO  ContainerBackgroundProcessor[StandardEngine[Catalina]] org.quartz.impl.StdSchedulerFactory - Quartz scheduler version: 1.5.1
2014-01-26 10:21:11,883 INFO  ContainerBackgroundProcessor[StandardEngine[Catalina]] org.quartz.core.QuartzScheduler - Scheduler DefaultQuartzScheduler_$_NON_CLUSTERED started.
2014-01-26 10:21:11,887 INFO  ContainerBackgroundProcessor[StandardEngine[Catalina]] empSchedule - Add a scheduled Job: <GENECronTimeScheduledJob id="null" name="cronTimer1"">
	<CronTimeSchedule  cronType="0" autoDelay="false" onlyWorkingDay="false" cronExpression="0 0/15 * * * ?"/>
	<GENEFlowExecWork factoryName="hzmm" flowId="ScheduleTask" opId="checkUnsureOrder"/>
</GENESimpleTimeScheduledJob>
2014-01-26 10:21:11,967 INFO  ContainerBackgroundProcessor[StandardEngine[Catalina]] empSchedule - Add a scheduled Job: <GENECronTimeScheduledJob id="null" name="cronTimer2"">
	<CronTimeSchedule  cronType="0" autoDelay="false" onlyWorkingDay="false" cronExpression="0 0/15 * * * ?"/>
	<GENEFlowExecWork factoryName="hzmm" flowId="ScheduleTask" opId="checkUnsureOrderProduct"/>
</GENESimpleTimeScheduledJob>
2014-01-26 10:21:11,968 INFO  ContainerBackgroundProcessor[StandardEngine[Catalina]] empSchedule - Start up the GENE QuartzSchedule Manager: autoTransCheckTask OK!
2014-01-26 10:21:11,989 INFO  ContainerBackgroundProcessor[StandardEngine[Catalina]]        MVC - Initialize GENE Servlet Context from WEB-INF/mvcs/perbank/geneServletContext.xml
2014-01-26 10:21:12,015 INFO  ContainerBackgroundProcessor[StandardEngine[Catalina]] empSessionMgr - Start up session checker for GENESessionManager [BrowserReqSessionMgr] sessionTimeOut=600000 check interval=100000
2014-01-26 10:21:12,016 INFO  ContainerBackgroundProcessor[StandardEngine[Catalina]] empSessionMgr - Start up session checker for GENESessionManager [BrowserReqSessionMgr] ok!
2014-01-26 10:21:12,046 INFO  ContainerBackgroundProcessor[StandardEngine[Catalina]]        MVC - Add new Controller GENESessionRequestController for [manage_enterpriseAccount_authentication]
2014-01-26 10:21:12,067 INFO  ContainerBackgroundProcessor[StandardEngine[Catalina]]        MVC - Add new Controller GENERequestController for [cityLife]
2014-01-26 10:21:12,069 INFO  ContainerBackgroundProcessor[StandardEngine[Catalina]]        MVC - Add new Controller GENERequestController for [cityLife1]
2014-01-26 10:21:12,080 INFO  ContainerBackgroundProcessor[StandardEngine[Catalina]]        MVC - Add new Controller GENERequestController for [upload]
2014-01-26 10:21:12,084 INFO  ContainerBackgroundProcessor[StandardEngine[Catalina]]        MVC - Add new Controller GENERequestController for [uploadUncheck]
2014-01-26 10:21:12,093 INFO  ContainerBackgroundProcessor[StandardEngine[Catalina]]        MVC - Add new Controller GENERequestController for [downloadView]
2014-01-26 10:21:12,094 INFO  ContainerBackgroundProcessor[StandardEngine[Catalina]]        MVC - Add new Controller GENERequestController for [downloadView]
2014-01-26 10:21:12,094 INFO  ContainerBackgroundProcessor[StandardEngine[Catalina]]        MVC - Add new Controller GENERequestController for [quitWarning]
2014-01-26 10:21:12,095 INFO  ContainerBackgroundProcessor[StandardEngine[Catalina]]        MVC - Add new Controller GENERequestController for [userLogon]
2014-01-26 10:21:12,098 INFO  ContainerBackgroundProcessor[StandardEngine[Catalina]]        MVC - Add new Controller GENERequestController for [userSignOff]
2014-01-26 10:21:12,101 INFO  ContainerBackgroundProcessor[StandardEngine[Catalina]]        MVC - Add new Controller GENERequestController for [welcome]
2014-01-26 10:21:12,101 INFO  ContainerBackgroundProcessor[StandardEngine[Catalina]]        MVC - Initialize GENE Servlet Context from WEB-INF/mvcs/perbank/geneServletContext.xml OK!
2014-01-26 10:21:12,101 INFO  ContainerBackgroundProcessor[StandardEngine[Catalina]]        MVC - Invoker the Initializer...
2014-01-26 10:21:12,103 WARN  ContainerBackgroundProcessor[StandardEngine[Catalina]] com.ynet.life.perbank.base.PBInitializer - ==========================mvc初始化开始=======================
2014-01-26 10:21:12,235 WARN  ContainerBackgroundProcessor[StandardEngine[Catalina]] com.ynet.life.perbank.base.PBInitializer - ==========================mvc初始化结束=======================
2014-01-26 10:21:12,235 INFO  ContainerBackgroundProcessor[StandardEngine[Catalina]]        MVC - Initialize GENE Request Servlet from WEB-INF/bizs/perbank/settings.xml OK!
2014-01-26 10:21:12,235 INFO  ContainerBackgroundProcessor[StandardEngine[Catalina]]        MVC - Start up servlet perbankServletOK
2014-01-26 10:21:30,327 INFO  main       Core - Initialize external resource from I:/java/personbank/szmm/WebContent//WEB-INF/commons/resource.xml ...
2014-01-26 10:21:30,373 INFO  main       Core - Initialize external resource from I:/java/personbank/szmm/WebContent//WEB-INF/commons/resource.xml OK!
2014-01-26 10:21:30,373 INFO  main       Core - Initialize Function define from I:/java/personbank/szmm/WebContent//WEB-INF/commons/function.xml ...
2014-01-26 10:21:30,389 INFO  main       Core - Initialize Function define from I:/java/personbank/szmm/WebContent//WEB-INF/commons/function.xml OK!
2014-01-26 10:21:30,405 INFO  main       Core - The current GENE Version is null!
2014-01-26 10:21:30,405 INFO  main        MVC - Server Info: Apache Tomcat/6.0.37
2014-01-26 10:21:30,406 INFO  main        MVC - Start up servlet perbankServlet from rootPath: I:/java/personbank/szmm/WebContent/
2014-01-26 10:21:30,418 INFO  main        MVC - Initialize GENE Flow Context from WEB-INF/bizs/perbank/settings.xml
2014-01-26 10:21:30,527 INFO  main empSchedule - Start up the GENE QuartzSchedule Manager: autoTransCheckTask
2014-01-26 10:21:30,579 INFO  main org.quartz.simpl.SimpleThreadPool - Job execution threads will use class loader of thread: main
2014-01-26 10:21:30,607 INFO  main org.quartz.core.QuartzScheduler - Quartz Scheduler v.1.5.1 created.
2014-01-26 10:21:30,609 INFO  main org.quartz.simpl.RAMJobStore - RAMJobStore initialized.
2014-01-26 10:21:30,609 INFO  main org.quartz.impl.StdSchedulerFactory - Quartz scheduler 'DefaultQuartzScheduler' initialized from default resource file in Quartz package: 'quartz.properties'
2014-01-26 10:21:30,609 INFO  main org.quartz.impl.StdSchedulerFactory - Quartz scheduler version: 1.5.1
2014-01-26 10:21:30,609 INFO  main org.quartz.core.QuartzScheduler - Scheduler DefaultQuartzScheduler_$_NON_CLUSTERED started.
2014-01-26 10:21:30,609 INFO  main empSchedule - Add a scheduled Job: <GENECronTimeScheduledJob id="null" name="cronTimer1"">
	<CronTimeSchedule  cronType="0" autoDelay="false" onlyWorkingDay="false" cronExpression="0 0/15 * * * ?"/>
	<GENEFlowExecWork factoryName="hzmm" flowId="ScheduleTask" opId="checkUnsureOrder"/>
</GENESimpleTimeScheduledJob>
2014-01-26 10:21:30,621 INFO  main empSchedule - Add a scheduled Job: <GENECronTimeScheduledJob id="null" name="cronTimer2"">
	<CronTimeSchedule  cronType="0" autoDelay="false" onlyWorkingDay="false" cronExpression="0 0/15 * * * ?"/>
	<GENEFlowExecWork factoryName="hzmm" flowId="ScheduleTask" opId="checkUnsureOrderProduct"/>
</GENESimpleTimeScheduledJob>
2014-01-26 10:21:30,621 INFO  main empSchedule - Start up the GENE QuartzSchedule Manager: autoTransCheckTask OK!
2014-01-26 10:21:30,641 INFO  main        MVC - Initialize GENE Servlet Context from WEB-INF/mvcs/perbank/geneServletContext.xml
2014-01-26 10:21:30,659 INFO  main empSessionMgr - Start up session checker for GENESessionManager [BrowserReqSessionMgr] sessionTimeOut=600000 check interval=100000
2014-01-26 10:21:30,660 INFO  main empSessionMgr - Start up session checker for GENESessionManager [BrowserReqSessionMgr] ok!
2014-01-26 10:21:30,689 INFO  main        MVC - Add new Controller GENESessionRequestController for [manage_enterpriseAccount_authentication]
2014-01-26 10:21:30,711 INFO  main        MVC - Add new Controller GENERequestController for [cityLife]
2014-01-26 10:21:30,713 INFO  main        MVC - Add new Controller GENERequestController for [cityLife1]
2014-01-26 10:21:30,735 INFO  main        MVC - Add new Controller GENERequestController for [upload]
2014-01-26 10:21:30,739 INFO  main        MVC - Add new Controller GENERequestController for [uploadUncheck]
2014-01-26 10:21:30,746 INFO  main        MVC - Add new Controller GENERequestController for [downloadView]
2014-01-26 10:21:30,746 INFO  main        MVC - Add new Controller GENERequestController for [downloadView]
2014-01-26 10:21:30,747 INFO  main        MVC - Add new Controller GENERequestController for [quitWarning]
2014-01-26 10:21:30,748 INFO  main        MVC - Add new Controller GENERequestController for [userLogon]
2014-01-26 10:21:30,751 INFO  main        MVC - Add new Controller GENERequestController for [userSignOff]
2014-01-26 10:21:30,754 INFO  main        MVC - Add new Controller GENERequestController for [welcome]
2014-01-26 10:21:30,754 INFO  main        MVC - Initialize GENE Servlet Context from WEB-INF/mvcs/perbank/geneServletContext.xml OK!
2014-01-26 10:21:30,754 INFO  main        MVC - Invoker the Initializer...
2014-01-26 10:21:30,755 WARN  main com.ynet.life.perbank.base.PBInitializer - ==========================mvc初始化开始=======================
2014-01-26 10:21:30,842 WARN  main com.ynet.life.perbank.base.PBInitializer - ==========================mvc初始化结束=======================
2014-01-26 10:21:30,842 INFO  main        MVC - Initialize GENE Request Servlet from WEB-INF/bizs/perbank/settings.xml OK!
2014-01-26 10:21:30,842 INFO  main        MVC - Start up servlet perbankServletOK
2014-01-26 10:22:30,484 DEBUG Thread-9   GENEComm - Begin to Check the HTTPResource alive of: httpresource
2014-01-26 10:23:03,662 INFO  ContainerBackgroundProcessor[StandardEngine[Catalina]]        MVC - Destory the servlet: perbankServlet
2014-01-26 10:23:03,662 INFO  ContainerBackgroundProcessor[StandardEngine[Catalina]] empSessionMgr - Terminate the GENESessionManager [BrowserReqSessionMgr]
2014-01-26 10:23:03,662 INFO  ContainerBackgroundProcessor[StandardEngine[Catalina]] empSchedule - Terminate the GENE QuartzSchedule Manager: autoTransCheckTask
2014-01-26 10:23:03,663 INFO  ContainerBackgroundProcessor[StandardEngine[Catalina]] org.quartz.core.QuartzScheduler - Scheduler DefaultQuartzScheduler_$_NON_CLUSTERED shutting down.
2014-01-26 10:23:03,663 INFO  ContainerBackgroundProcessor[StandardEngine[Catalina]] org.quartz.core.QuartzScheduler - Scheduler DefaultQuartzScheduler_$_NON_CLUSTERED paused.
2014-01-26 10:23:03,663 INFO  ContainerBackgroundProcessor[StandardEngine[Catalina]] org.quartz.core.QuartzScheduler - Scheduler DefaultQuartzScheduler_$_NON_CLUSTERED shutdown complete.
2014-01-26 10:23:03,663 INFO  ContainerBackgroundProcessor[StandardEngine[Catalina]]   GENEComm - Required to terminate the HTTPResource: com.ynet.gene.comm.http.HttpResource@10a063d
2014-01-26 10:23:03,663 INFO  ContainerBackgroundProcessor[StandardEngine[Catalina]]   GENEComm - Required to terminate the HTTPCommService: com.ynet.gene.comm.http.HttpCommService@6a48e4
2014-01-26 10:23:03,664 DEBUG Thread-9   GENEComm - Begin to Check the HTTPResource alive of: httpresource
2014-01-26 10:27:01,342 INFO  main       Core - Initialize external resource from I:/java/personbank/szmm/WebContent//WEB-INF/commons/resource.xml ...
2014-01-26 10:27:01,383 INFO  main       Core - Initialize external resource from I:/java/personbank/szmm/WebContent//WEB-INF/commons/resource.xml OK!
2014-01-26 10:27:01,383 INFO  main       Core - Initialize Function define from I:/java/personbank/szmm/WebContent//WEB-INF/commons/function.xml ...
2014-01-26 10:27:01,400 INFO  main       Core - Initialize Function define from I:/java/personbank/szmm/WebContent//WEB-INF/commons/function.xml OK!
2014-01-26 10:27:01,415 INFO  main       Core - The current GENE Version is null!
2014-01-26 10:27:01,415 INFO  main        MVC - Server Info: Apache Tomcat/6.0.37
2014-01-26 10:27:01,415 INFO  main        MVC - Start up servlet perbankServlet from rootPath: I:/java/personbank/szmm/WebContent/
2014-01-26 10:27:01,431 INFO  main        MVC - Initialize GENE Flow Context from WEB-INF/bizs/perbank/settings.xml
2014-01-26 10:27:01,522 INFO  main empSchedule - Start up the GENE QuartzSchedule Manager: autoTransCheckTask
2014-01-26 10:27:01,579 INFO  main org.quartz.simpl.SimpleThreadPool - Job execution threads will use class loader of thread: main
2014-01-26 10:27:01,605 INFO  main org.quartz.core.QuartzScheduler - Quartz Scheduler v.1.5.1 created.
2014-01-26 10:27:01,608 INFO  main org.quartz.simpl.RAMJobStore - RAMJobStore initialized.
2014-01-26 10:27:01,608 INFO  main org.quartz.impl.StdSchedulerFactory - Quartz scheduler 'DefaultQuartzScheduler' initialized from default resource file in Quartz package: 'quartz.properties'
2014-01-26 10:27:01,608 INFO  main org.quartz.impl.StdSchedulerFactory - Quartz scheduler version: 1.5.1
2014-01-26 10:27:01,608 INFO  main org.quartz.core.QuartzScheduler - Scheduler DefaultQuartzScheduler_$_NON_CLUSTERED started.
2014-01-26 10:27:01,608 INFO  main empSchedule - Add a scheduled Job: <GENECronTimeScheduledJob id="null" name="cronTimer1"">
	<CronTimeSchedule  cronType="0" autoDelay="false" onlyWorkingDay="false" cronExpression="0 0/15 * * * ?"/>
	<GENEFlowExecWork factoryName="hzmm" flowId="ScheduleTask" opId="checkUnsureOrder"/>
</GENESimpleTimeScheduledJob>
2014-01-26 10:27:01,620 INFO  main empSchedule - Add a scheduled Job: <GENECronTimeScheduledJob id="null" name="cronTimer2"">
	<CronTimeSchedule  cronType="0" autoDelay="false" onlyWorkingDay="false" cronExpression="0 0/15 * * * ?"/>
	<GENEFlowExecWork factoryName="hzmm" flowId="ScheduleTask" opId="checkUnsureOrderProduct"/>
</GENESimpleTimeScheduledJob>
2014-01-26 10:27:01,621 INFO  main empSchedule - Start up the GENE QuartzSchedule Manager: autoTransCheckTask OK!
2014-01-26 10:27:01,638 INFO  main        MVC - Initialize GENE Servlet Context from WEB-INF/mvcs/perbank/geneServletContext.xml
2014-01-26 10:27:01,655 INFO  main empSessionMgr - Start up session checker for GENESessionManager [BrowserReqSessionMgr] sessionTimeOut=600000 check interval=100000
2014-01-26 10:27:01,656 INFO  main empSessionMgr - Start up session checker for GENESessionManager [BrowserReqSessionMgr] ok!
2014-01-26 10:27:01,691 INFO  main        MVC - Add new Controller GENESessionRequestController for [manage_enterpriseAccount_authentication]
2014-01-26 10:27:01,715 INFO  main        MVC - Add new Controller GENERequestController for [cityLife]
2014-01-26 10:27:01,717 INFO  main        MVC - Add new Controller GENERequestController for [cityLife1]
2014-01-26 10:27:01,728 INFO  main        MVC - Add new Controller GENERequestController for [upload]
2014-01-26 10:27:01,732 INFO  main        MVC - Add new Controller GENERequestController for [uploadUncheck]
2014-01-26 10:27:01,738 INFO  main        MVC - Add new Controller GENERequestController for [downloadView]
2014-01-26 10:27:01,739 INFO  main        MVC - Add new Controller GENERequestController for [downloadView]
2014-01-26 10:27:01,739 INFO  main        MVC - Add new Controller GENERequestController for [quitWarning]
2014-01-26 10:27:01,740 INFO  main        MVC - Add new Controller GENERequestController for [userLogon]
2014-01-26 10:27:01,744 INFO  main        MVC - Add new Controller GENERequestController for [userSignOff]
2014-01-26 10:27:01,747 INFO  main        MVC - Add new Controller GENERequestController for [welcome]
2014-01-26 10:27:01,748 INFO  main        MVC - Initialize GENE Servlet Context from WEB-INF/mvcs/perbank/geneServletContext.xml OK!
2014-01-26 10:27:01,748 INFO  main        MVC - Invoker the Initializer...
2014-01-26 10:27:01,749 WARN  main com.ynet.life.perbank.base.PBInitializer - ==========================mvc初始化开始=======================
2014-01-26 10:27:01,837 WARN  main com.ynet.life.perbank.base.PBInitializer - ==========================mvc初始化结束=======================
2014-01-26 10:27:01,837 INFO  main        MVC - Initialize GENE Request Servlet from WEB-INF/bizs/perbank/settings.xml OK!
2014-01-26 10:27:01,837 INFO  main        MVC - Start up servlet perbankServletOK
2014-01-26 10:28:01,496 DEBUG Thread-6   GENEComm - Begin to Check the HTTPResource alive of: httpresource
2014-01-26 10:28:49,382 INFO  main       Core - Initialize external resource from I:/java/personbank/szmm/WebContent//WEB-INF/commons/resource.xml ...
2014-01-26 10:28:49,425 INFO  main       Core - Initialize external resource from I:/java/personbank/szmm/WebContent//WEB-INF/commons/resource.xml OK!
2014-01-26 10:28:49,425 INFO  main       Core - Initialize Function define from I:/java/personbank/szmm/WebContent//WEB-INF/commons/function.xml ...
2014-01-26 10:28:49,441 INFO  main       Core - Initialize Function define from I:/java/personbank/szmm/WebContent//WEB-INF/commons/function.xml OK!
2014-01-26 10:28:49,457 INFO  main       Core - The current GENE Version is null!
2014-01-26 10:28:49,457 INFO  main        MVC - Server Info: Apache Tomcat/6.0.37
2014-01-26 10:28:49,457 INFO  main        MVC - Start up servlet perbankServlet from rootPath: I:/java/personbank/szmm/WebContent/
2014-01-26 10:28:49,470 INFO  main        MVC - Initialize GENE Flow Context from WEB-INF/bizs/perbank/settings.xml
2014-01-26 10:28:49,567 INFO  main empSchedule - Start up the GENE QuartzSchedule Manager: autoTransCheckTask
2014-01-26 10:28:49,626 INFO  main org.quartz.simpl.SimpleThreadPool - Job execution threads will use class loader of thread: main
2014-01-26 10:28:49,652 INFO  main org.quartz.core.QuartzScheduler - Quartz Scheduler v.1.5.1 created.
2014-01-26 10:28:49,656 INFO  main org.quartz.simpl.RAMJobStore - RAMJobStore initialized.
2014-01-26 10:28:49,656 INFO  main org.quartz.impl.StdSchedulerFactory - Quartz scheduler 'DefaultQuartzScheduler' initialized from default resource file in Quartz package: 'quartz.properties'
2014-01-26 10:28:49,656 INFO  main org.quartz.impl.StdSchedulerFactory - Quartz scheduler version: 1.5.1
2014-01-26 10:28:49,656 INFO  main org.quartz.core.QuartzScheduler - Scheduler DefaultQuartzScheduler_$_NON_CLUSTERED started.
2014-01-26 10:28:49,656 INFO  main empSchedule - Add a scheduled Job: <GENECronTimeScheduledJob id="null" name="cronTimer1"">
	<CronTimeSchedule  cronType="0" autoDelay="false" onlyWorkingDay="false" cronExpression="0 0/15 * * * ?"/>
	<GENEFlowExecWork factoryName="hzmm" flowId="ScheduleTask" opId="checkUnsureOrder"/>
</GENESimpleTimeScheduledJob>
2014-01-26 10:28:49,670 INFO  main empSchedule - Add a scheduled Job: <GENECronTimeScheduledJob id="null" name="cronTimer2"">
	<CronTimeSchedule  cronType="0" autoDelay="false" onlyWorkingDay="false" cronExpression="0 0/15 * * * ?"/>
	<GENEFlowExecWork factoryName="hzmm" flowId="ScheduleTask" opId="checkUnsureOrderProduct"/>
</GENESimpleTimeScheduledJob>
2014-01-26 10:28:49,671 INFO  main empSchedule - Start up the GENE QuartzSchedule Manager: autoTransCheckTask OK!
2014-01-26 10:28:49,691 INFO  main        MVC - Initialize GENE Servlet Context from WEB-INF/mvcs/perbank/geneServletContext.xml
2014-01-26 10:28:49,709 INFO  main empSessionMgr - Start up session checker for GENESessionManager [BrowserReqSessionMgr] sessionTimeOut=600000 check interval=100000
2014-01-26 10:28:49,709 INFO  main empSessionMgr - Start up session checker for GENESessionManager [BrowserReqSessionMgr] ok!
2014-01-26 10:28:49,745 INFO  main        MVC - Add new Controller GENESessionRequestController for [manage_enterpriseAccount_authentication]
2014-01-26 10:28:49,769 INFO  main        MVC - Add new Controller GENERequestController for [cityLife]
2014-01-26 10:28:49,771 INFO  main        MVC - Add new Controller GENERequestController for [cityLife1]
2014-01-26 10:28:49,783 INFO  main        MVC - Add new Controller GENERequestController for [upload]
2014-01-26 10:28:49,786 INFO  main        MVC - Add new Controller GENERequestController for [uploadUncheck]
2014-01-26 10:28:49,793 INFO  main        MVC - Add new Controller GENERequestController for [downloadView]
2014-01-26 10:28:49,794 INFO  main        MVC - Add new Controller GENERequestController for [downloadView]
2014-01-26 10:28:49,795 INFO  main        MVC - Add new Controller GENERequestController for [quitWarning]
2014-01-26 10:28:49,796 INFO  main        MVC - Add new Controller GENERequestController for [userLogon]
2014-01-26 10:28:49,799 INFO  main        MVC - Add new Controller GENERequestController for [userSignOff]
2014-01-26 10:28:49,801 INFO  main        MVC - Add new Controller GENERequestController for [welcome]
2014-01-26 10:28:49,801 INFO  main        MVC - Initialize GENE Servlet Context from WEB-INF/mvcs/perbank/geneServletContext.xml OK!
2014-01-26 10:28:49,802 INFO  main        MVC - Invoker the Initializer...
2014-01-26 10:28:49,803 WARN  main com.ynet.life.perbank.base.PBInitializer - ==========================mvc初始化开始=======================
2014-01-26 10:28:49,894 WARN  main com.ynet.life.perbank.base.PBInitializer - ==========================mvc初始化结束=======================
2014-01-26 10:28:49,894 INFO  main        MVC - Initialize GENE Request Servlet from WEB-INF/bizs/perbank/settings.xml OK!
2014-01-26 10:28:49,894 INFO  main        MVC - Start up servlet perbankServletOK
2014-01-26 10:29:49,541 DEBUG Thread-6   GENEComm - Begin to Check the HTTPResource alive of: httpresource
2014-01-26 10:30:00,055 INFO  DefaultQuartzScheduler_Worker-4 empSchedule - Start Scheduled job<GENEFlowExecWork factoryName="hzmm" flowId="ScheduleTask" opId="checkUnsureOrder"/>
2014-01-26 10:30:00,055 INFO  DefaultQuartzScheduler_Worker-4 empSchedule - Begin to execute the scheduled flow: ScheduleTask...
2014-01-26 10:30:00,056 INFO  DefaultQuartzScheduler_Worker-1 empSchedule - Start Scheduled job<GENEFlowExecWork factoryName="hzmm" flowId="ScheduleTask" opId="checkUnsureOrderProduct"/>
2014-01-26 10:30:00,056 INFO  DefaultQuartzScheduler_Worker-1 empSchedule - Begin to execute the scheduled flow: ScheduleTask...
2014-01-26 10:30:00,102 ERROR DefaultQuartzScheduler_Worker-4    Factory - contextName not set for GENEFlow [CommonReportHead] !
2014-01-26 10:30:00,139 INFO  DefaultQuartzScheduler_Worker-1       FLOW - Begin to execute the GENE Business flow [ScheduleTask].[checkUnsureOrderProduct]...
2014-01-26 10:30:00,139 INFO  DefaultQuartzScheduler_Worker-4       FLOW - Begin to execute the GENE Business flow [ScheduleTask].[checkUnsureOrder]...
2014-01-26 10:30:00,139 DEBUG DefaultQuartzScheduler_Worker-1       FLOW - The flow [checkUnsureOrderProduct] 's context is :
2014-01-26 10:30:00,139 DEBUG DefaultQuartzScheduler_Worker-4       FLOW - The flow [checkUnsureOrder] 's context is :
2014-01-26 10:30:00,139 DEBUG DefaultQuartzScheduler_Worker-1       FLOW - <context id="ScheduleTaskSrvCtx" parent="rootCtx">
	<refKColl refId="ScheduleTaskSrvData"/>
</context>
2014-01-26 10:30:00,139 DEBUG DefaultQuartzScheduler_Worker-4       FLOW - <context id="ScheduleTaskSrvCtx" parent="rootCtx">
	<refKColl refId="ScheduleTaskSrvData"/>
</context>
2014-01-26 10:30:00,139 DEBUG DefaultQuartzScheduler_Worker-1       FLOW - The flow [checkUnsureOrderProduct] 's data is :
2014-01-26 10:30:00,139 DEBUG DefaultQuartzScheduler_Worker-4       FLOW - The flow [checkUnsureOrder] 's data is :
2014-01-26 10:30:00,140 DEBUG DefaultQuartzScheduler_Worker-1       FLOW - <kColl id="ScheduleTaskSrvData" append="false">
	<field id="errorCode" append="false"/>
	<field id="responseText" append="false"/>
	<field id="cityResult" append="false"/>
	<field id="couponCode" append="false"/>
	<field id="checkType" append="false"/>
	<iColl id="batchOrderList" append="false">
	</iColl>
	<field id="orderCode" append="false"/>
	<field id="enterpriseAccount" append="false"/>
	<field id="qdlsh" append="false"/>
	<field id="qdbh" value="01" append="false"/>
	<field id="jydm" append="false"/>
	<field id="jyrq" append="false"/>
	<field id="jysj" append="false"/>
	<field id="ecifid" append="false"/>
	<field id="khbs" append="false"/>
	<field id="czy" value="moop" append="false"/>
	<field id="hostErrorMessage" append="false"/>
	<field id="hostReturnCode" append="false"/>
	<field id="tranResult" append="false"/>
	<iColl id="batchOrderReturn" append="false">
	</iColl>
	<field id="dataList" append="false"/>
	<field id="codeArray" append="false"/>
	<field id="stateArray" append="false"/>
	<field id="responseChannel" value="MB" append="false"/>
	<field id="queryString" append="false"/>
	<field id="reqMethod" append="false"/>
	<field id="isLogin" append="false"/>
</kColl>
2014-01-26 10:30:00,140 INFO  DefaultQuartzScheduler_Worker-1       FLOW - Begin to execute the flow [checkUnsureOrderProduct]...
2014-01-26 10:30:00,140 INFO  DefaultQuartzScheduler_Worker-1       FLOW - Execute the step [StartAction0]...
2014-01-26 10:30:00,140 DEBUG DefaultQuartzScheduler_Worker-4       FLOW - <kColl id="ScheduleTaskSrvData" append="false">
	<field id="errorCode" append="false"/>
	<field id="responseText" append="false"/>
	<field id="cityResult" append="false"/>
	<field id="couponCode" append="false"/>
	<field id="checkType" append="false"/>
	<iColl id="batchOrderList" append="false">
	</iColl>
	<field id="orderCode" append="false"/>
	<field id="enterpriseAccount" append="false"/>
	<field id="qdlsh" append="false"/>
	<field id="qdbh" value="01" append="false"/>
	<field id="jydm" append="false"/>
	<field id="jyrq" append="false"/>
	<field id="jysj" append="false"/>
	<field id="ecifid" append="false"/>
	<field id="khbs" append="false"/>
	<field id="czy" value="moop" append="false"/>
	<field id="hostErrorMessage" append="false"/>
	<field id="hostReturnCode" append="false"/>
	<field id="tranResult" append="false"/>
	<iColl id="batchOrderReturn" append="false">
	</iColl>
	<field id="dataList" append="false"/>
	<field id="codeArray" append="false"/>
	<field id="stateArray" append="false"/>
	<field id="responseChannel" value="MB" append="false"/>
	<field id="queryString" append="false"/>
	<field id="reqMethod" append="false"/>
	<field id="isLogin" append="false"/>
</kColl>
2014-01-26 10:30:00,140 INFO  DefaultQuartzScheduler_Worker-4       FLOW - Begin to execute the flow [checkUnsureOrder]...
2014-01-26 10:30:00,140 INFO  DefaultQuartzScheduler_Worker-1       FLOW - The step [StartAction0] returns value: 0
2014-01-26 10:30:00,140 INFO  DefaultQuartzScheduler_Worker-4       FLOW - Execute the step [StartAction0]...
2014-01-26 10:30:00,140 INFO  DefaultQuartzScheduler_Worker-4       FLOW - The step [StartAction0] returns value: 0
2014-01-26 10:30:00,140 INFO  DefaultQuartzScheduler_Worker-1       FLOW - Execute the step [szmmCityPlatFormTaskAction0]...
2014-01-26 10:30:00,140 INFO  DefaultQuartzScheduler_Worker-4       FLOW - Execute the step [szmmCityPlatFormTaskAction0]...
2014-01-26 10:30:00,161 WARN  DefaultQuartzScheduler_Worker-1 MVC2PlatFormAction - appKey:,httpGet方式BIZ请求地址:http://localhost:8085/szyh-city/manage/orderProductCode/getAllUnsureExpense
2014-01-26 10:30:00,161 WARN  DefaultQuartzScheduler_Worker-4 MVC2PlatFormAction - appKey:,httpGet方式BIZ请求地址:http://localhost:8085/szyh-city/manage/order/findAllUnsureOrder
2014-01-26 10:30:02,368 WARN  DefaultQuartzScheduler_Worker-1 MVC2PlatFormAction - BIZ返回报文:{"ec":"ENLN9003","em":"连接服务平台失败"}
2014-01-26 10:30:02,368 INFO  DefaultQuartzScheduler_Worker-1       FLOW - The step [szmmCityPlatFormTaskAction0] returns value: -1
2014-01-26 10:30:02,371 WARN  DefaultQuartzScheduler_Worker-4 MVC2PlatFormAction - BIZ返回报文:{"ec":"ENLN9003","em":"连接服务平台失败"}
2014-01-26 10:30:02,371 INFO  DefaultQuartzScheduler_Worker-4       FLOW - The step [szmmCityPlatFormTaskAction0] returns value: -1
2014-01-26 10:30:02,405 INFO  DefaultQuartzScheduler_Worker-4       FLOW - Execute the step [EndAction0]...
2014-01-26 10:30:02,405 INFO  DefaultQuartzScheduler_Worker-1       FLOW - Execute the step [EndAction0]...
2014-01-26 10:30:02,406 INFO  DefaultQuartzScheduler_Worker-1       FLOW - The step [EndAction0] returns value: -1
2014-01-26 10:30:02,406 INFO  DefaultQuartzScheduler_Worker-4       FLOW - The step [EndAction0] returns value: -1
2014-01-26 10:30:02,406 INFO  DefaultQuartzScheduler_Worker-1       FLOW - Execute the flow [checkUnsureOrderProduct] end.  retValue=-1
2014-01-26 10:30:02,406 INFO  DefaultQuartzScheduler_Worker-4       FLOW - Execute the flow [checkUnsureOrder] end.  retValue=-1
2014-01-26 10:30:02,406 INFO  DefaultQuartzScheduler_Worker-1       FLOW - Execute the GENE Business flow [ScheduleTask] end.
2014-01-26 10:30:02,406 INFO  DefaultQuartzScheduler_Worker-4       FLOW - Execute the GENE Business flow [ScheduleTask] end.
2014-01-26 10:30:02,408 INFO  DefaultQuartzScheduler_Worker-1 empSchedule - Execute the scheduled flow: ScheduleTask OK!
2014-01-26 10:30:02,408 INFO  DefaultQuartzScheduler_Worker-4 empSchedule - Execute the scheduled flow: ScheduleTask OK!
2014-01-26 10:30:02,409 INFO  DefaultQuartzScheduler_Worker-4 empSchedule - Scheduled job<GENEFlowExecWork factoryName="hzmm" flowId="ScheduleTask" opId="checkUnsureOrder"/> execute finished!
2014-01-26 10:30:02,409 INFO  DefaultQuartzScheduler_Worker-1 empSchedule - Scheduled job<GENEFlowExecWork factoryName="hzmm" flowId="ScheduleTask" opId="checkUnsureOrderProduct"/> execute finished!
2014-01-26 10:30:49,542 DEBUG Thread-6   GENEComm - Begin to Check the HTTPResource alive of: httpresource
2014-01-26 10:31:49,543 DEBUG Thread-6   GENEComm - Begin to Check the HTTPResource alive of: httpresource
2014-01-26 10:32:49,543 DEBUG Thread-6   GENEComm - Begin to Check the HTTPResource alive of: httpresource
2014-01-26 10:33:49,543 DEBUG Thread-6   GENEComm - Begin to Check the HTTPResource alive of: httpresource
2014-01-26 10:34:49,544 DEBUG Thread-6   GENEComm - Begin to Check the HTTPResource alive of: httpresource
2014-01-26 10:35:49,545 DEBUG Thread-6   GENEComm - Begin to Check the HTTPResource alive of: httpresource
2014-01-26 10:36:49,546 DEBUG Thread-6   GENEComm - Begin to Check the HTTPResource alive of: httpresource
2014-01-26 10:37:49,546 DEBUG Thread-6   GENEComm - Begin to Check the HTTPResource alive of: httpresource
2014-01-26 10:38:49,547 DEBUG Thread-6   GENEComm - Begin to Check the HTTPResource alive of: httpresource
2014-01-26 10:39:49,547 DEBUG Thread-6   GENEComm - Begin to Check the HTTPResource alive of: httpresource
2014-01-26 10:40:49,548 DEBUG Thread-6   GENEComm - Begin to Check the HTTPResource alive of: httpresource
2014-01-26 10:41:49,548 DEBUG Thread-6   GENEComm - Begin to Check the HTTPResource alive of: httpresource
2014-01-26 10:42:49,549 DEBUG Thread-6   GENEComm - Begin to Check the HTTPResource alive of: httpresource
2014-01-26 10:43:49,549 DEBUG Thread-6   GENEComm - Begin to Check the HTTPResource alive of: httpresource
2014-01-26 10:44:49,550 DEBUG Thread-6   GENEComm - Begin to Check the HTTPResource alive of: httpresource
2014-01-26 10:45:00,016 INFO  DefaultQuartzScheduler_Worker-0 empSchedule - Start Scheduled job<GENEFlowExecWork factoryName="hzmm" flowId="ScheduleTask" opId="checkUnsureOrder"/>
2014-01-26 10:45:00,016 INFO  DefaultQuartzScheduler_Worker-0 empSchedule - Begin to execute the scheduled flow: ScheduleTask...
2014-01-26 10:45:00,016 INFO  DefaultQuartzScheduler_Worker-0       FLOW - Begin to execute the GENE Business flow [ScheduleTask].[checkUnsureOrder]...
2014-01-26 10:45:00,016 DEBUG DefaultQuartzScheduler_Worker-0       FLOW - The flow [checkUnsureOrder] 's context is :
2014-01-26 10:45:00,016 DEBUG DefaultQuartzScheduler_Worker-0       FLOW - <context id="ScheduleTaskSrvCtx" parent="rootCtx">
	<refKColl refId="ScheduleTaskSrvData"/>
</context>
2014-01-26 10:45:00,016 DEBUG DefaultQuartzScheduler_Worker-0       FLOW - The flow [checkUnsureOrder] 's data is :
2014-01-26 10:45:00,017 DEBUG DefaultQuartzScheduler_Worker-0       FLOW - <kColl id="ScheduleTaskSrvData" append="false">
	<field id="errorCode" append="false"/>
	<field id="responseText" append="false"/>
	<field id="cityResult" append="false"/>
	<field id="couponCode" append="false"/>
	<field id="checkType" append="false"/>
	<iColl id="batchOrderList" append="false">
	</iColl>
	<field id="orderCode" append="false"/>
	<field id="enterpriseAccount" append="false"/>
	<field id="qdlsh" append="false"/>
	<field id="qdbh" value="01" append="false"/>
	<field id="jydm" append="false"/>
	<field id="jyrq" append="false"/>
	<field id="jysj" append="false"/>
	<field id="ecifid" append="false"/>
	<field id="khbs" append="false"/>
	<field id="czy" value="moop" append="false"/>
	<field id="hostErrorMessage" append="false"/>
	<field id="hostReturnCode" append="false"/>
	<field id="tranResult" append="false"/>
	<iColl id="batchOrderReturn" append="false">
	</iColl>
	<field id="dataList" append="false"/>
	<field id="codeArray" append="false"/>
	<field id="stateArray" append="false"/>
	<field id="responseChannel" value="MB" append="false"/>
	<field id="queryString" append="false"/>
	<field id="reqMethod" append="false"/>
	<field id="isLogin" append="false"/>
</kColl>
2014-01-26 10:45:00,017 INFO  DefaultQuartzScheduler_Worker-0       FLOW - Begin to execute the flow [checkUnsureOrder]...
2014-01-26 10:45:00,017 INFO  DefaultQuartzScheduler_Worker-0       FLOW - Execute the step [StartAction0]...
2014-01-26 10:45:00,017 INFO  DefaultQuartzScheduler_Worker-1 empSchedule - Start Scheduled job<GENEFlowExecWork factoryName="hzmm" flowId="ScheduleTask" opId="checkUnsureOrderProduct"/>
2014-01-26 10:45:00,017 INFO  DefaultQuartzScheduler_Worker-1 empSchedule - Begin to execute the scheduled flow: ScheduleTask...
2014-01-26 10:45:00,017 INFO  DefaultQuartzScheduler_Worker-1       FLOW - Begin to execute the GENE Business flow [ScheduleTask].[checkUnsureOrderProduct]...
2014-01-26 10:45:00,017 DEBUG DefaultQuartzScheduler_Worker-1       FLOW - The flow [checkUnsureOrderProduct] 's context is :
2014-01-26 10:45:00,017 DEBUG DefaultQuartzScheduler_Worker-1       FLOW - <context id="ScheduleTaskSrvCtx" parent="rootCtx">
	<refKColl refId="ScheduleTaskSrvData"/>
</context>
2014-01-26 10:45:00,017 DEBUG DefaultQuartzScheduler_Worker-1       FLOW - The flow [checkUnsureOrderProduct] 's data is :
2014-01-26 10:45:00,018 DEBUG DefaultQuartzScheduler_Worker-1       FLOW - <kColl id="ScheduleTaskSrvData" append="false">
	<field id="errorCode" append="false"/>
	<field id="responseText" append="false"/>
	<field id="cityResult" append="false"/>
	<field id="couponCode" append="false"/>
	<field id="checkType" append="false"/>
	<iColl id="batchOrderList" append="false">
	</iColl>
	<field id="orderCode" append="false"/>
	<field id="enterpriseAccount" append="false"/>
	<field id="qdlsh" append="false"/>
	<field id="qdbh" value="01" append="false"/>
	<field id="jydm" append="false"/>
	<field id="jyrq" append="false"/>
	<field id="jysj" append="false"/>
	<field id="ecifid" append="false"/>
	<field id="khbs" append="false"/>
	<field id="czy" value="moop" append="false"/>
	<field id="hostErrorMessage" append="false"/>
	<field id="hostReturnCode" append="false"/>
	<field id="tranResult" append="false"/>
	<iColl id="batchOrderReturn" append="false">
	</iColl>
	<field id="dataList" append="false"/>
	<field id="codeArray" append="false"/>
	<field id="stateArray" append="false"/>
	<field id="responseChannel" value="MB" append="false"/>
	<field id="queryString" append="false"/>
	<field id="reqMethod" append="false"/>
	<field id="isLogin" append="false"/>
</kColl>
2014-01-26 10:45:00,018 INFO  DefaultQuartzScheduler_Worker-1       FLOW - Begin to execute the flow [checkUnsureOrderProduct]...
2014-01-26 10:45:00,018 INFO  DefaultQuartzScheduler_Worker-1       FLOW - Execute the step [StartAction0]...
2014-01-26 10:45:00,026 INFO  DefaultQuartzScheduler_Worker-1       FLOW - The step [StartAction0] returns value: 0
2014-01-26 10:45:00,026 INFO  DefaultQuartzScheduler_Worker-1       FLOW - Execute the step [szmmCityPlatFormTaskAction0]...
2014-01-26 10:45:00,026 WARN  DefaultQuartzScheduler_Worker-1 MVC2PlatFormAction - appKey:,httpGet方式BIZ请求地址:http://localhost:8085/szyh-city/manage/orderProductCode/getAllUnsureExpense
2014-01-26 10:45:00,026 INFO  DefaultQuartzScheduler_Worker-0       FLOW - The step [StartAction0] returns value: 0
2014-01-26 10:45:00,026 INFO  DefaultQuartzScheduler_Worker-0       FLOW - Execute the step [szmmCityPlatFormTaskAction0]...
2014-01-26 10:45:00,027 WARN  DefaultQuartzScheduler_Worker-0 MVC2PlatFormAction - appKey:,httpGet方式BIZ请求地址:http://localhost:8085/szyh-city/manage/order/findAllUnsureOrder
2014-01-26 10:45:02,080 WARN  DefaultQuartzScheduler_Worker-0 MVC2PlatFormAction - BIZ返回报文:{"ec":"ENLN9003","em":"连接服务平台失败"}
2014-01-26 10:45:02,080 INFO  DefaultQuartzScheduler_Worker-0       FLOW - The step [szmmCityPlatFormTaskAction0] returns value: -1
2014-01-26 10:45:02,080 INFO  DefaultQuartzScheduler_Worker-0       FLOW - Execute the step [EndAction0]...
2014-01-26 10:45:02,080 INFO  DefaultQuartzScheduler_Worker-0       FLOW - The step [EndAction0] returns value: -1
2014-01-26 10:45:02,080 INFO  DefaultQuartzScheduler_Worker-0       FLOW - Execute the flow [checkUnsureOrder] end.  retValue=-1
2014-01-26 10:45:02,080 INFO  DefaultQuartzScheduler_Worker-0       FLOW - Execute the GENE Business flow [ScheduleTask] end.
2014-01-26 10:45:02,080 INFO  DefaultQuartzScheduler_Worker-0 empSchedule - Execute the scheduled flow: ScheduleTask OK!
2014-01-26 10:45:02,080 INFO  DefaultQuartzScheduler_Worker-0 empSchedule - Scheduled job<GENEFlowExecWork factoryName="hzmm" flowId="ScheduleTask" opId="checkUnsureOrder"/> execute finished!
2014-01-26 10:45:02,082 WARN  DefaultQuartzScheduler_Worker-1 MVC2PlatFormAction - BIZ返回报文:{"ec":"ENLN9003","em":"连接服务平台失败"}
2014-01-26 10:45:02,082 INFO  DefaultQuartzScheduler_Worker-1       FLOW - The step [szmmCityPlatFormTaskAction0] returns value: -1
2014-01-26 10:45:02,082 INFO  DefaultQuartzScheduler_Worker-1       FLOW - Execute the step [EndAction0]...
2014-01-26 10:45:02,082 INFO  DefaultQuartzScheduler_Worker-1       FLOW - The step [EndAction0] returns value: -1
2014-01-26 10:45:02,082 INFO  DefaultQuartzScheduler_Worker-1       FLOW - Execute the flow [checkUnsureOrderProduct] end.  retValue=-1
2014-01-26 10:45:02,082 INFO  DefaultQuartzScheduler_Worker-1       FLOW - Execute the GENE Business flow [ScheduleTask] end.
2014-01-26 10:45:02,082 INFO  DefaultQuartzScheduler_Worker-1 empSchedule - Execute the scheduled flow: ScheduleTask OK!
2014-01-26 10:45:02,083 INFO  DefaultQuartzScheduler_Worker-1 empSchedule - Scheduled job<GENEFlowExecWork factoryName="hzmm" flowId="ScheduleTask" opId="checkUnsureOrderProduct"/> execute finished!
2014-01-26 10:45:49,551 DEBUG Thread-6   GENEComm - Begin to Check the HTTPResource alive of: httpresource
2014-01-26 10:46:49,552 DEBUG Thread-6   GENEComm - Begin to Check the HTTPResource alive of: httpresource
2014-01-26 10:47:49,553 DEBUG Thread-6   GENEComm - Begin to Check the HTTPResource alive of: httpresource
2014-01-26 10:48:49,553 DEBUG Thread-6   GENEComm - Begin to Check the HTTPResource alive of: httpresource
2014-01-26 10:49:49,553 DEBUG Thread-6   GENEComm - Begin to Check the HTTPResource alive of: httpresource
2014-01-26 10:50:49,554 DEBUG Thread-6   GENEComm - Begin to Check the HTTPResource alive of: httpresource
2014-01-26 10:51:49,555 DEBUG Thread-6   GENEComm - Begin to Check the HTTPResource alive of: httpresource
2014-01-26 10:52:49,556 DEBUG Thread-6   GENEComm - Begin to Check the HTTPResource alive of: httpresource
2014-01-26 10:53:49,556 DEBUG Thread-6   GENEComm - Begin to Check the HTTPResource alive of: httpresource
2014-01-26 10:54:49,556 DEBUG Thread-6   GENEComm - Begin to Check the HTTPResource alive of: httpresource
2014-01-26 10:55:49,557 DEBUG Thread-6   GENEComm - Begin to Check the HTTPResource alive of: httpresource
2014-01-26 10:56:49,557 DEBUG Thread-6   GENEComm - Begin to Check the HTTPResource alive of: httpresource
2014-01-26 10:57:49,558 DEBUG Thread-6   GENEComm - Begin to Check the HTTPResource alive of: httpresource
2014-01-26 10:58:49,558 DEBUG Thread-6   GENEComm - Begin to Check the HTTPResource alive of: httpresource
2014-01-26 10:59:49,558 DEBUG Thread-6   GENEComm - Begin to Check the HTTPResource alive of: httpresource
2014-01-26 11:00:00,017 INFO  DefaultQuartzScheduler_Worker-3 empSchedule - Start Scheduled job<GENEFlowExecWork factoryName="hzmm" flowId="ScheduleTask" opId="checkUnsureOrder"/>
2014-01-26 11:00:00,017 INFO  DefaultQuartzScheduler_Worker-3 empSchedule - Begin to execute the scheduled flow: ScheduleTask...
2014-01-26 11:00:00,017 INFO  DefaultQuartzScheduler_Worker-3       FLOW - Begin to execute the GENE Business flow [ScheduleTask].[checkUnsureOrder]...
2014-01-26 11:00:00,017 DEBUG DefaultQuartzScheduler_Worker-3       FLOW - The flow [checkUnsureOrder] 's context is :
2014-01-26 11:00:00,017 DEBUG DefaultQuartzScheduler_Worker-3       FLOW - <context id="ScheduleTaskSrvCtx" parent="rootCtx">
	<refKColl refId="ScheduleTaskSrvData"/>
</context>
2014-01-26 11:00:00,017 DEBUG DefaultQuartzScheduler_Worker-3       FLOW - The flow [checkUnsureOrder] 's data is :
2014-01-26 11:00:00,018 DEBUG DefaultQuartzScheduler_Worker-3       FLOW - <kColl id="ScheduleTaskSrvData" append="false">
	<field id="errorCode" append="false"/>
	<field id="responseText" append="false"/>
	<field id="cityResult" append="false"/>
	<field id="couponCode" append="false"/>
	<field id="checkType" append="false"/>
	<iColl id="batchOrderList" append="false">
	</iColl>
	<field id="orderCode" append="false"/>
	<field id="enterpriseAccount" append="false"/>
	<field id="qdlsh" append="false"/>
	<field id="qdbh" value="01" append="false"/>
	<field id="jydm" append="false"/>
	<field id="jyrq" append="false"/>
	<field id="jysj" append="false"/>
	<field id="ecifid" append="false"/>
	<field id="khbs" append="false"/>
	<field id="czy" value="moop" append="false"/>
	<field id="hostErrorMessage" append="false"/>
	<field id="hostReturnCode" append="false"/>
	<field id="tranResult" append="false"/>
	<iColl id="batchOrderReturn" append="false">
	</iColl>
	<field id="dataList" append="false"/>
	<field id="codeArray" append="false"/>
	<field id="stateArray" append="false"/>
	<field id="responseChannel" value="MB" append="false"/>
	<field id="queryString" append="false"/>
	<field id="reqMethod" append="false"/>
	<field id="isLogin" append="false"/>
</kColl>
2014-01-26 11:00:00,018 INFO  DefaultQuartzScheduler_Worker-3       FLOW - Begin to execute the flow [checkUnsureOrder]...
2014-01-26 11:00:00,018 INFO  DefaultQuartzScheduler_Worker-3       FLOW - Execute the step [StartAction0]...
2014-01-26 11:00:00,018 INFO  DefaultQuartzScheduler_Worker-5 empSchedule - Start Scheduled job<GENEFlowExecWork factoryName="hzmm" flowId="ScheduleTask" opId="checkUnsureOrderProduct"/>
2014-01-26 11:00:00,018 INFO  DefaultQuartzScheduler_Worker-5 empSchedule - Begin to execute the scheduled flow: ScheduleTask...
2014-01-26 11:00:00,019 INFO  DefaultQuartzScheduler_Worker-5       FLOW - Begin to execute the GENE Business flow [ScheduleTask].[checkUnsureOrderProduct]...
2014-01-26 11:00:00,019 DEBUG DefaultQuartzScheduler_Worker-5       FLOW - The flow [checkUnsureOrderProduct] 's context is :
2014-01-26 11:00:00,019 DEBUG DefaultQuartzScheduler_Worker-5       FLOW - <context id="ScheduleTaskSrvCtx" parent="rootCtx">
	<refKColl refId="ScheduleTaskSrvData"/>
</context>
2014-01-26 11:00:00,019 DEBUG DefaultQuartzScheduler_Worker-5       FLOW - The flow [checkUnsureOrderProduct] 's data is :
2014-01-26 11:00:00,019 DEBUG DefaultQuartzScheduler_Worker-5       FLOW - <kColl id="ScheduleTaskSrvData" append="false">
	<field id="errorCode" append="false"/>
	<field id="responseText" append="false"/>
	<field id="cityResult" append="false"/>
	<field id="couponCode" append="false"/>
	<field id="checkType" append="false"/>
	<iColl id="batchOrderList" append="false">
	</iColl>
	<field id="orderCode" append="false"/>
	<field id="enterpriseAccount" append="false"/>
	<field id="qdlsh" append="false"/>
	<field id="qdbh" value="01" append="false"/>
	<field id="jydm" append="false"/>
	<field id="jyrq" append="false"/>
	<field id="jysj" append="false"/>
	<field id="ecifid" append="false"/>
	<field id="khbs" append="false"/>
	<field id="czy" value="moop" append="false"/>
	<field id="hostErrorMessage" append="false"/>
	<field id="hostReturnCode" append="false"/>
	<field id="tranResult" append="false"/>
	<iColl id="batchOrderReturn" append="false">
	</iColl>
	<field id="dataList" append="false"/>
	<field id="codeArray" append="false"/>
	<field id="stateArray" append="false"/>
	<field id="responseChannel" value="MB" append="false"/>
	<field id="queryString" append="false"/>
	<field id="reqMethod" append="false"/>
	<field id="isLogin" append="false"/>
</kColl>
2014-01-26 11:00:00,019 INFO  DefaultQuartzScheduler_Worker-5       FLOW - Begin to execute the flow [checkUnsureOrderProduct]...
2014-01-26 11:00:00,019 INFO  DefaultQuartzScheduler_Worker-5       FLOW - Execute the step [StartAction0]...
2014-01-26 11:00:00,032 INFO  DefaultQuartzScheduler_Worker-5       FLOW - The step [StartAction0] returns value: 0
2014-01-26 11:00:00,032 INFO  DefaultQuartzScheduler_Worker-5       FLOW - Execute the step [szmmCityPlatFormTaskAction0]...
2014-01-26 11:00:00,032 INFO  DefaultQuartzScheduler_Worker-3       FLOW - The step [StartAction0] returns value: 0
2014-01-26 11:00:00,032 INFO  DefaultQuartzScheduler_Worker-3       FLOW - Execute the step [szmmCityPlatFormTaskAction0]...
2014-01-26 11:00:00,032 WARN  DefaultQuartzScheduler_Worker-5 MVC2PlatFormAction - appKey:,httpGet方式BIZ请求地址:http://localhost:8085/szyh-city/manage/orderProductCode/getAllUnsureExpense
2014-01-26 11:00:00,032 WARN  DefaultQuartzScheduler_Worker-3 MVC2PlatFormAction - appKey:,httpGet方式BIZ请求地址:http://localhost:8085/szyh-city/manage/order/findAllUnsureOrder
2014-01-26 11:00:02,073 WARN  DefaultQuartzScheduler_Worker-5 MVC2PlatFormAction - BIZ返回报文:{"ec":"ENLN9003","em":"连接服务平台失败"}
2014-01-26 11:00:02,073 INFO  DefaultQuartzScheduler_Worker-5       FLOW - The step [szmmCityPlatFormTaskAction0] returns value: -1
2014-01-26 11:00:02,073 INFO  DefaultQuartzScheduler_Worker-5       FLOW - Execute the step [EndAction0]...
2014-01-26 11:00:02,073 INFO  DefaultQuartzScheduler_Worker-5       FLOW - The step [EndAction0] returns value: -1
2014-01-26 11:00:02,073 INFO  DefaultQuartzScheduler_Worker-5       FLOW - Execute the flow [checkUnsureOrderProduct] end.  retValue=-1
2014-01-26 11:00:02,073 INFO  DefaultQuartzScheduler_Worker-5       FLOW - Execute the GENE Business flow [ScheduleTask] end.
2014-01-26 11:00:02,073 INFO  DefaultQuartzScheduler_Worker-5 empSchedule - Execute the scheduled flow: ScheduleTask OK!
2014-01-26 11:00:02,073 INFO  DefaultQuartzScheduler_Worker-5 empSchedule - Scheduled job<GENEFlowExecWork factoryName="hzmm" flowId="ScheduleTask" opId="checkUnsureOrderProduct"/> execute finished!
2014-01-26 11:00:02,082 WARN  DefaultQuartzScheduler_Worker-3 MVC2PlatFormAction - BIZ返回报文:{"ec":"ENLN9003","em":"连接服务平台失败"}
2014-01-26 11:00:02,082 INFO  DefaultQuartzScheduler_Worker-3       FLOW - The step [szmmCityPlatFormTaskAction0] returns value: -1
2014-01-26 11:00:02,082 INFO  DefaultQuartzScheduler_Worker-3       FLOW - Execute the step [EndAction0]...
2014-01-26 11:00:02,082 INFO  DefaultQuartzScheduler_Worker-3       FLOW - The step [EndAction0] returns value: -1
2014-01-26 11:00:02,082 INFO  DefaultQuartzScheduler_Worker-3       FLOW - Execute the flow [checkUnsureOrder] end.  retValue=-1
2014-01-26 11:00:02,082 INFO  DefaultQuartzScheduler_Worker-3       FLOW - Execute the GENE Business flow [ScheduleTask] end.
2014-01-26 11:00:02,082 INFO  DefaultQuartzScheduler_Worker-3 empSchedule - Execute the scheduled flow: ScheduleTask OK!
2014-01-26 11:00:02,082 INFO  DefaultQuartzScheduler_Worker-3 empSchedule - Scheduled job<GENEFlowExecWork factoryName="hzmm" flowId="ScheduleTask" opId="checkUnsureOrder"/> execute finished!
2014-01-26 11:00:49,559 DEBUG Thread-6   GENEComm - Begin to Check the HTTPResource alive of: httpresource
